/home/user/miniconda/lib/python3.8/site-packages/requests/__init__.py:89: RequestsDependencyWarning: urllib3 (1.26.12) or chardet (3.0.4) doesn't match a supported version!
  warnings.warn("urllib3 ({}) or chardet ({}) doesn't match a supported "
/home/user/miniconda/lib/python3.8/site-packages/torchvision/transforms/transforms.py:257: UserWarning: Argument interpolation should be of type InterpolationMode instead of int. Please, use InterpolationMode enum.
  warnings.warn(
Setting up a new session...
wandb: Currently logged in as: ellen. Use `wandb login --relogin` to force relogin
wandb: Tracking run with wandb version 0.13.2
wandb: Run data is saved locally in /home/ellen/RetinaImage_model_MW/wandb/run-20220830_054321-1o4ahusq
wandb: Run `wandb offline` to turn off syncing.
wandb: Syncing run ellen_dwt_uresnet1_3_eyeq512_0830
wandb: â­ï¸ View project at https://wandb.ai/ellen/CycleGAN-and-pix2pix
wandb: ðŸš€ View run at https://wandb.ai/ellen/CycleGAN-and-pix2pix/runs/1o4ahusq
----------------- Options ---------------
               batch_size: 8                             	[default: 2]
                    beta1: 0.5                           
          checkpoints_dir: ./checkpoints                 
           continue_train: False                         
                crop_size: 512                           	[default: 256]
                 dataroot: /home/ellen/data/input_eyeq_20220830_512_n1000	[default: None]
             dataset_mode: unaligned                     
                direction: AtoB                          
              display_env: main                          
             display_freq: 400                           
               display_id: 1                             
            display_ncols: 4                             
             display_port: 8097                          
           display_server: http://localhost              
          display_winsize: 256                           
                    epoch: latest                        
              epoch_count: 1                             
                 gan_mode: lsgan                         
                  gpu_ids: 2                             	[default: 0]
                init_gain: 0.02                          
                init_type: normal                        
                 input_nc: 3                             
                  isTrain: True                          	[default: None]
                 lambda_A: 10.0                          
                 lambda_B: 10.0                          
          lambda_identity: 0.5                           
                load_iter: 0                             	[default: 0]
                load_size: 512                           	[default: 286]
                       lr: 0.0002                        
           lr_decay_iters: 50                            
                lr_policy: linear                        
         max_dataset_size: inf                           
                    model: cycle_gan                     
                 n_epochs: 100                           
           n_epochs_decay: 300                           
               n_layers_D: 3                             
                     name: ellen_dwt_uresnet1_3_eyeq512_0830	[default: experiment_name]
                      ndf: 64                            
                     netD: basic                         
                     netG: ellen_dwt_uresnet1_3          	[default: resnet_9blocks]
                      ngf: 64                            
               no_dropout: True                          
                  no_flip: True                          	[default: False]
                  no_html: False                         
                     norm: instance                      
              num_threads: 2                             
                output_nc: 3                             
                 patience: 10                            	[default: 5]
                    phase: train                         
                pool_size: 50                            
               preprocess: resize_and_crop               
               print_freq: 100                           
             save_by_iter: False                         
          save_epoch_freq: 5                             
         save_latest_freq: 5000                          
           serial_batches: False                         
                   suffix:                               
         update_html_freq: 1000                          
                use_wandb: True                          	[default: False]
                  verbose: False                         
----------------- End -------------------
dataset [UnalignedDataset] was created
The number of training images = 600
dataset [UnalignedDataset] was created
patience: 10
initialize network with normal
initialize network with normal
initialize network with normal
initialize network with normal
model [CycleGANModel] was created
---------- Networks initialized -------------
[Network G_A] Total number of parameters : 2.446 M
[Network G_B] Total number of parameters : 2.446 M
[Network D_A] Total number of parameters : 2.765 M
[Network D_B] Total number of parameters : 2.765 M
-----------------------------------------------
create web directory ./checkpoints/ellen_dwt_uresnet1_3_eyeq512_0830/web...
learning rate 0.0002000 -> 0.0002000
/home/user/miniconda/lib/python3.8/site-packages/torch/optim/lr_scheduler.py:129: UserWarning: Detected call of `lr_scheduler.step()` before `optimizer.step()`. In PyTorch 1.1.0 and later, you should call them in the opposite order: `optimizer.step()` before `lr_scheduler.step()`.  Failure to do this will result in PyTorch skipping the first value of the learning rate schedule. See more details at https://pytorch.org/docs/stable/optim.html#how-to-adjust-learning-rate
  warnings.warn("Detected call of `lr_scheduler.step()` before `optimizer.step()`. "
(epoch: 1, iters: 200, time: 0.068, data: 0.198) D_A: 0.280 G_A: 0.709 cycle_A: 6.452 idt_A: 2.692 D_B: 0.304 G_B: 0.591 cycle_B: 3.243 idt_B: 1.349 
(epoch: 1, iters: 400, time: 0.342, data: 0.010) D_A: 0.240 G_A: 0.404 cycle_A: 6.592 idt_A: 2.343 D_B: 0.207 G_B: 0.627 cycle_B: 2.983 idt_B: 1.430 
(epoch: 1, iters: 600, time: 0.069, data: 0.009) D_A: 0.172 G_A: 0.452 cycle_A: 3.024 idt_A: 1.276 D_B: 0.196 G_B: 0.437 cycle_B: 1.311 idt_B: 0.737 
End of epoch 1 / 400 	 Time Taken: 47 sec
learning rate 0.0002000 -> 0.0002000
(epoch: 2, iters: 200, time: 0.452, data: 0.245) D_A: 0.164 G_A: 0.402 cycle_A: 1.946 idt_A: 0.982 D_B: 0.158 G_B: 0.492 cycle_B: 1.101 idt_B: 0.483 
(epoch: 2, iters: 400, time: 0.069, data: 0.007) D_A: 0.437 G_A: 0.679 cycle_A: 2.184 idt_A: 0.883 D_B: 0.321 G_B: 0.848 cycle_B: 1.232 idt_B: 0.472 
(epoch: 2, iters: 600, time: 0.202, data: 0.008) D_A: 0.166 G_A: 0.460 cycle_A: 2.170 idt_A: 0.855 D_B: 0.383 G_B: 0.559 cycle_B: 1.150 idt_B: 0.464 
End of epoch 2 / 400 	 Time Taken: 48 sec
learning rate 0.0002000 -> 0.0002000
