----------------- Options ---------------
               batch_size: 1                             	[default: 2]
                    beta1: 0.5                           
          checkpoints_dir: ./checkpoints                 
           continue_train: False                         
                crop_size: 512                           	[default: 256]
                 dataroot: /home/guest1/ellen_data/UKB_quality_data2_combined/input_20220623_512_n1000	[default: None]
             dataset_mode: unaligned                     
                direction: AtoB                          
              display_env: main                          
             display_freq: 400                           
               display_id: 1                             
            display_ncols: 4                             
             display_port: 8097                          
           display_server: http://localhost              
          display_winsize: 256                           
                    epoch: latest                        
              epoch_count: 1                             
                 gan_mode: lsgan                         
                  gpu_ids: 0,1,2,3                       	[default: 0]
                init_gain: 0.02                          
                init_type: normal                        
                 input_nc: 3                             
                  isTrain: True                          	[default: None]
                 lambda_A: 10.0                          
                 lambda_B: 10.0                          
          lambda_identity: 0.5                           
                load_iter: 0                             	[default: 0]
                load_size: 512                           	[default: 286]
                       lr: 0.0002                        
           lr_decay_iters: 50                            
                lr_policy: linear                        
         max_dataset_size: inf                           
                    model: cycle_gan                     
                 n_epochs: 100                           
           n_epochs_decay: 300                           
               n_layers_D: 3                             
                     name: ellen_dwt_uresnet2_3_512n1000_1012	[default: experiment_name]
                      ndf: 64                            
                     netD: basic                         
                     netG: ellen_dwt_uresnet2_3          	[default: resnet_9blocks]
                      ngf: 64                            
               no_dropout: True                          
                  no_flip: True                          	[default: False]
                  no_html: False                         
                     norm: instance                      
              num_threads: 2                             
                output_nc: 3                             
                 patience: 10                            	[default: 5]
                    phase: train                         
                pool_size: 50                            
               preprocess: resize_and_crop               
               print_freq: 100                           
             save_by_iter: False                         
          save_epoch_freq: 5                             
         save_latest_freq: 5000                          
           serial_batches: False                         
                   suffix:                               
         update_html_freq: 1000                          
                use_wandb: True                          	[default: False]
                  verbose: False                         
----------------- End -------------------
dataset [UnalignedDataset] was created
The number of training images = 600
dataset [UnalignedDataset] was created
patience: 10
========================================================================
num downs =  2  n_blocks= 9
----e1
-----resnet 0  ë²ˆì§¸
-----resnet 1  ë²ˆì§¸
-----resnet 2  ë²ˆì§¸
-----resnet 3  ë²ˆì§¸
-----resnet 4  ë²ˆì§¸
-----resnet 5  ë²ˆì§¸
-----resnet 6  ë²ˆì§¸
-----resnet 7  ë²ˆì§¸
-----resnet 8  ë²ˆì§¸
>> in, out:  128.0 ,  256
----- e1+unet+resent+uent+
----- e1+unet+resent+uent+d1
[ReflectionPad2d((3, 3, 3, 3)), Conv2d(3, 64, kernel_size=(7, 7), stride=(1, 1)), InstanceNorm2d(64, eps=1e-05, momentum=0.1, affine=False, track_running_stats=False), ReLU(inplace=True), UnetSkipConnectionBlock(
  (model): Sequential(
    (0): Conv2d(64, 128, kernel_size=(4, 4), stride=(2, 2), padding=(1, 1))
    (1): UnetSkipConnectionBlock(
      (model): Sequential(
        (0): LeakyReLU(negative_slope=0.2, inplace=True)
        (1): Conv2d(128, 256, kernel_size=(4, 4), stride=(2, 2), padding=(1, 1))
        (2): InstanceNorm2d(256, eps=1e-05, momentum=0.1, affine=False, track_running_stats=False)
        (3): UnetSkipConnectionBlock(
          (model): Sequential(
            (0): LeakyReLU(negative_slope=0.2, inplace=True)
            (1): Conv2d(256, 256, kernel_size=(4, 4), stride=(2, 2), padding=(1, 1))
            (2): ReLU(inplace=True)
            (3): ConvTranspose2d(256, 256, kernel_size=(4, 4), stride=(2, 2), padding=(1, 1))
            (4): InstanceNorm2d(256, eps=1e-05, momentum=0.1, affine=False, track_running_stats=False)
          )
        )
        (4): ReLU(inplace=True)
        (5): ConvTranspose2d(512, 128, kernel_size=(4, 4), stride=(2, 2), padding=(1, 1))
        (6): InstanceNorm2d(128, eps=1e-05, momentum=0.1, affine=False, track_running_stats=False)
      )
    )
    (2): ReLU(inplace=True)
    (3): ConvTranspose2d(256, 64, kernel_size=(4, 4), stride=(2, 2), padding=(1, 1))
    (4): Tanh()
  )
), ReflectionPad2d((3, 3, 3, 3)), Conv2d(64, 3, kernel_size=(7, 7), stride=(1, 1)), Tanh()]
initialize network with normal
========================================================================
num downs =  2  n_blocks= 9
----e1
-----resnet 0  ë²ˆì§¸
-----resnet 1  ë²ˆì§¸
-----resnet 2  ë²ˆì§¸
-----resnet 3  ë²ˆì§¸
-----resnet 4  ë²ˆì§¸
-----resnet 5  ë²ˆì§¸
-----resnet 6  ë²ˆì§¸
-----resnet 7  ë²ˆì§¸
-----resnet 8  ë²ˆì§¸
>> in, out:  128.0 ,  256
----- e1+unet+resent+uent+
----- e1+unet+resent+uent+d1
[ReflectionPad2d((3, 3, 3, 3)), Conv2d(3, 64, kernel_size=(7, 7), stride=(1, 1)), InstanceNorm2d(64, eps=1e-05, momentum=0.1, affine=False, track_running_stats=False), ReLU(inplace=True), UnetSkipConnectionBlock(
  (model): Sequential(
    (0): Conv2d(64, 128, kernel_size=(4, 4), stride=(2, 2), padding=(1, 1))
    (1): UnetSkipConnectionBlock(
      (model): Sequential(
        (0): LeakyReLU(negative_slope=0.2, inplace=True)
        (1): Conv2d(128, 256, kernel_size=(4, 4), stride=(2, 2), padding=(1, 1))
        (2): InstanceNorm2d(256, eps=1e-05, momentum=0.1, affine=False, track_running_stats=False)
        (3): UnetSkipConnectionBlock(
          (model): Sequential(
            (0): LeakyReLU(negative_slope=0.2, inplace=True)
            (1): Conv2d(256, 256, kernel_size=(4, 4), stride=(2, 2), padding=(1, 1))
            (2): ReLU(inplace=True)
            (3): ConvTranspose2d(256, 256, kernel_size=(4, 4), stride=(2, 2), padding=(1, 1))
            (4): InstanceNorm2d(256, eps=1e-05, momentum=0.1, affine=False, track_running_stats=False)
          )
        )
        (4): ReLU(inplace=True)
        (5): ConvTranspose2d(512, 128, kernel_size=(4, 4), stride=(2, 2), padding=(1, 1))
        (6): InstanceNorm2d(128, eps=1e-05, momentum=0.1, affine=False, track_running_stats=False)
      )
    )
    (2): ReLU(inplace=True)
    (3): ConvTranspose2d(256, 64, kernel_size=(4, 4), stride=(2, 2), padding=(1, 1))
    (4): Tanh()
  )
), ReflectionPad2d((3, 3, 3, 3)), Conv2d(64, 3, kernel_size=(7, 7), stride=(1, 1)), Tanh()]
initialize network with normal
initialize network with normal
initialize network with normal
model [CycleGANModel] was created
---------- Networks initialized -------------
[Network G_A] Total number of parameters : 5.410 M
[Network G_B] Total number of parameters : 5.410 M
[Network D_A] Total number of parameters : 2.765 M
[Network D_B] Total number of parameters : 2.765 M/home/guest1/.conda/envs/ellen/lib/python3.7/site-packages/torchvision/transforms/transforms.py:288: UserWarning: Argument interpolation should be of type InterpolationMode instead of int. Please, use InterpolationMode enum.
  "Argument interpolation should be of type InterpolationMode instead of int. "
Setting up a new session...
wandb: Currently logged in as: z-eun (use `wandb login --relogin` to force relogin)

-----------------------------------------------
wandb: wandb version 0.13.4 is available!  To upgrade, please run:
wandb:  $ pip install wandb --upgrade
wandb: Tracking run with wandb version 0.12.9
wandb: Syncing run ellen_dwt_uresnet2_3_512n1000_1012
wandb: â­ï¸ View project at https://wandb.ai/z-eun/CycleGAN-and-pix2pix
wandb: ðŸš€ View run at https://wandb.ai/z-eun/CycleGAN-and-pix2pix/runs/17rih76v
wandb: Run data is saved locally in /home/guest1/ellen_code/pytorch-CycleGAN-and-pix2pix_ellen/wandb/run-20221012_104357-17rih76v
wandb: Run `wandb offline` to turn off syncing.
/home/guest1/.conda/envs/ellen/lib/python3.7/site-packages/torch/optim/lr_scheduler.py:134: UserWarning: Detected call of `lr_scheduler.step()` before `optimizer.step()`. In PyTorch 1.1.0 and later, you should call them in the opposite order: `optimizer.step()` before `lr_scheduler.step()`.  Failure to do this will result in PyTorch skipping the first value of the learning rate schedule. See more details at https://pytorch.org/docs/stable/optim.html#how-to-adjust-learning-rate
  "https://pytorch.org/docs/stable/optim.html#how-to-adjust-learning-rate", UserWarning)

create web directory ./checkpoints/ellen_dwt_uresnet2_3_512n1000_1012/web...
learning rate 0.0002000 -> 0.0002000
Traceback (most recent call last):
  File "train.py", line 105, in <module>
    model.optimize_parameters()
  File "/home/guest1/ellen_code/pytorch-CycleGAN-and-pix2pix_ellen/models/cycle_gan_model.py", line 184, in optimize_parameters
    self.forward()      # compute fake images and reconstruction images.
  File "/home/guest1/ellen_code/pytorch-CycleGAN-and-pix2pix_ellen/models/cycle_gan_model.py", line 115, in forward
    self.fake_B = self.netG_A(self.real_A)  # G_A(A)
  File "/home/guest1/.conda/envs/ellen/lib/python3.7/site-packages/torch/nn/modules/module.py", line 1102, in _call_impl
    return forward_call(*input, **kwargs)
  File "/home/guest1/.conda/envs/ellen/lib/python3.7/site-packages/torch/nn/parallel/data_parallel.py", line 168, in forward
    outputs = self.parallel_apply(replicas, inputs, kwargs)
  File "/home/guest1/.conda/envs/ellen/lib/python3.7/site-packages/torch/nn/parallel/data_parallel.py", line 178, in parallel_apply
    return parallel_apply(replicas, inputs, kwargs, self.device_ids[:len(replicas)])
  File "/home/guest1/.conda/envs/ellen/lib/python3.7/site-packages/torch/nn/parallel/parallel_apply.py", line 86, in parallel_apply
    output.reraise()
  File "/home/guest1/.conda/envs/ellen/lib/python3.7/site-packages/torch/_utils.py", line 434, in reraise
    raise exception
RuntimeError: Caught RuntimeError in replica 0 on device 0.
Original Traceback (most recent call last):
  File "/home/guest1/.conda/envs/ellen/lib/python3.7/site-packages/torch/nn/parallel/parallel_apply.py", line 61, in _worker
    output = module(*input, **kwargs)
  File "/home/guest1/.conda/envs/ellen/lib/python3.7/site-packages/torch/nn/modules/module.py", line 1102, in _call_impl
    return forward_call(*input, **kwargs)
  File "/home/guest1/ellen_code/pytorch-CycleGAN-and-pix2pix_ellen/models/networks.py", line 1075, in forward
    result_scattering = self.scattering_model(input)
  File "/home/guest1/.conda/envs/ellen/lib/python3.7/site-packages/torch/nn/modules/module.py", line 1102, in _call_impl
    return forward_call(*input, **kwargs)
  File "/home/guest1/ellen_code/pytorch-CycleGAN-and-pix2pix_ellen/models/networks.py", line 1007, in forward
    Tout6_out5 = torch.cat([dout6, out5], 1)
RuntimeError: Sizes of tensors must match except in dimension 1. Expected size 8 but got size 16 for tensor number 1 in the list.

wandb: Waiting for W&B process to finish, PID 13894... (failed 1). Press ctrl-c to abort syncing.
wandb: - 0.00MB of 0.00MB uploaded (0.00MB deduped)wandb: \ 0.00MB of 0.00MB uploaded (0.00MB deduped)wandb: | 0.00MB of 0.00MB uploaded (0.00MB deduped)wandb: / 0.00MB of 0.01MB uploaded (0.00MB deduped)wandb: - 0.00MB of 0.01MB uploaded (0.00MB deduped)wandb: \ 0.00MB of 0.01MB uploaded (0.00MB deduped)wandb: | 0.00MB of 0.01MB uploaded (0.00MB deduped)wandb: / 0.01MB of 0.01MB uploaded (0.00MB deduped)wandb: - 0.01MB of 0.01MB uploaded (0.00MB deduped)wandb: \ 0.01MB of 0.01MB uploaded (0.00MB deduped)wandb: | 0.01MB of 0.01MB uploaded (0.00MB deduped)wandb: / 0.01MB of 0.01MB uploaded (0.00MB deduped)wandb: - 0.01MB of 0.01MB uploaded (0.00MB deduped)wandb: \ 0.01MB of 0.01MB uploaded (0.00MB deduped)wandb: | 0.01MB of 0.01MB uploaded (0.00MB deduped)wandb:                                                                                
wandb: Synced 6 W&B file(s), 0 media file(s), 0 artifact file(s) and 0 other file(s)
wandb: Synced ellen_dwt_uresnet2_3_512n1000_1012: https://wandb.ai/z-eun/CycleGAN-and-pix2pix/runs/17rih76v
wandb: Find logs at: ./wandb/run-20221012_104357-17rih76v/logs/debug.log
wandb: 

