/home/guest1/.conda/envs/ellen/lib/python3.7/site-packages/torchvision/transforms/transforms.py:288: UserWarning: Argument interpolation should be of type InterpolationMode instead of int. Please, use InterpolationMode enum.
  "Argument interpolation should be of type InterpolationMode instead of int. "
Setting up a new session...
wandb: Currently logged in as: ellen (use `wandb login --relogin` to force relogin)
----------------- Options ---------------
               batch_size: 2                             
                    beta1: 0.5                           
          checkpoints_dir: ./checkpoints                 
           continue_train: False                         
                crop_size: 512                           	[default: 256]
                 dataroot: /home/guest1/ellen_data/UKB_quality_data2_combined/input_20220623_512_n1000	[default: None]
             dataset_mode: unaligned                     
                direction: AtoB                          
              display_env: main                          
             display_freq: 400                           
               display_id: 1                             
            display_ncols: 4                             
             display_port: 8097                          
           display_server: http://localhost              
          display_winsize: 256                           
                    epoch: latest                        
              epoch_count: 1                             
                 gan_mode: lsgan                         
                  gpu_ids: 1,2,3                         	[default: 0]
                init_gain: 0.02                          
                init_type: normal                        
                 input_nc: 3                             
                  isTrain: True                          	[default: None]
                 lambda_A: 10.0                          
                 lambda_B: 10.0                          
          lambda_identity: 0.5                           
                load_iter: 0                             	[default: 0]
                load_size: 512                           	[default: 286]
                       lr: 0.0002                        
           lr_decay_iters: 50                            
                lr_policy: linear                        
         max_dataset_size: inf                           
                    model: cycle_gan                     
                 n_epochs: 100                           
           n_epochs_decay: 300                           
               n_layers_D: 3                             
                     name: ellen_dwt_uresnet1_4_512n1000_0905_GPUTEST	[default: experiment_name]
                      ndf: 64                            
                     netD: basic                         
                     netG: ellen_dwt_uresnet1_4          	[default: resnet_9blocks]
                      ngf: 64                            
               no_dropout: True                          
                  no_flip: True                          	[default: False]
                  no_html: False                         
                     norm: instance                      
              num_threads: 2                             
                output_nc: 3                             
                 patience: 5                             
                    phase: train                         
                pool_size: 50                            
               preprocess: resize_and_crop               
               print_freq: 100                           
             save_by_iter: False                         
          save_epoch_freq: 5                             
         save_latest_freq: 5000                          
           serial_batches: False                         
                   suffix:                               
         update_html_freq: 1000                          
                use_wandb: True                          	[default: False]
                  verbose: False                         
----------------- End -------------------
dataset [UnalignedDataset] was created
The number of training images = 600
dataset [UnalignedDataset] was created
patience: 5
initialize network with normal
initialize network with normal
initialize network with normal
initialize network with normal
model [CycleGANModel] was created
---------- Networks initialized -------------
[Network G_A] Total number of parameters : 2.443 M
[Network G_B] Total number of parameters : 2.443 M
[Network D_A] Total number of parameters : 2.765 M
[Network D_B] Total number of parameters : 2.765 M
-----------------------------------------------
wandb: wandb version 0.13.2 is available!  To upgrade, please run:
wandb:  $ pip install wandb --upgrade
wandb: Tracking run with wandb version 0.12.9
wandb: Syncing run ellen_dwt_uresnet1_4_512n1000_0905_GPUTEST
wandb: ⭐️ View project at https://wandb.ai/ellen/CycleGAN-and-pix2pix
wandb: 🚀 View run at https://wandb.ai/ellen/CycleGAN-and-pix2pix/runs/yvkn43j0
wandb: Run data is saved locally in /home/guest1/ellen_code/pytorch-CycleGAN-and-pix2pix_ellen/wandb/run-20220906_183237-yvkn43j0
wandb: Run `wandb offline` to turn off syncing.
/home/guest1/.conda/envs/ellen/lib/python3.7/site-packages/torch/optim/lr_scheduler.py:134: UserWarning: Detected call of `lr_scheduler.step()` before `optimizer.step()`. In PyTorch 1.1.0 and later, you should call them in the opposite order: `optimizer.step()` before `lr_scheduler.step()`.  Failure to do this will result in PyTorch skipping the first value of the learning rate schedule. See more details at https://pytorch.org/docs/stable/optim.html#how-to-adjust-learning-rate
  "https://pytorch.org/docs/stable/optim.html#how-to-adjust-learning-rate", UserWarning)

create web directory ./checkpoints/ellen_dwt_uresnet1_4_512n1000_0905_GPUTEST/web...
learning rate 0.0002000 -> 0.0002000
(epoch: 1, iters: 100, time: 0.127, data: 0.145) D_A: 0.281 G_A: 0.675 cycle_A: 2.801 idt_A: 2.523 D_B: 0.286 G_B: 0.746 cycle_B: 2.141 idt_B: 0.873 
(epoch: 1, iters: 200, time: 0.126, data: 0.002) D_A: 0.191 G_A: 0.320 cycle_A: 3.473 idt_A: 1.911 D_B: 0.162 G_B: 0.393 cycle_B: 1.521 idt_B: 0.670 
(epoch: 1, iters: 300, time: 0.126, data: 0.002) D_A: 0.173 G_A: 0.685 cycle_A: 6.548 idt_A: 1.412 D_B: 0.165 G_B: 0.599 cycle_B: 1.112 idt_B: 1.285 
Traceback (most recent call last):
  File "train.py", line 105, in <module>
    model.optimize_parameters()
  File "/home/guest1/ellen_code/pytorch-CycleGAN-and-pix2pix_ellen/models/cycle_gan_model.py", line 195, in optimize_parameters
    self.optimizer_D.step()  # update D_A and D_B's weights
  File "/home/guest1/.conda/envs/ellen/lib/python3.7/site-packages/torch/optim/lr_scheduler.py", line 65, in wrapper
    return wrapped(*args, **kwargs)
  File "/home/guest1/.conda/envs/ellen/lib/python3.7/site-packages/torch/optim/optimizer.py", line 87, in wrapper
    with torch.autograd.profiler.record_function(profile_name):
  File "/home/guest1/.conda/envs/ellen/lib/python3.7/site-packages/torch/autograd/profiler.py", line 435, in __enter__
    self.handle = torch.ops.profiler._record_function_enter(self.name)
  File "/home/guest1/.conda/envs/ellen/lib/python3.7/site-packages/torch/utils/data/_utils/signal_handling.py", line 66, in handler
    _error_if_any_worker_fails()
RuntimeError: DataLoader worker (pid 8247) is killed by signal: Killed. 
wandb: Waiting for W&B process to finish, PID 8178... (failed 1). Press ctrl-c to abort syncing.
wandb: - 0.00MB of 0.00MB uploaded (0.00MB deduped)wandb: \ 0.00MB of 0.00MB uploaded (0.00MB deduped)wandb: | 0.00MB of 0.01MB uploaded (0.00MB deduped)wandb: / 0.00MB of 0.01MB uploaded (0.00MB deduped)wandb: - 0.00MB of 0.01MB uploaded (0.00MB deduped)wandb: \ 0.01MB of 0.01MB uploaded (0.00MB deduped)wandb: | 0.01MB of 0.01MB uploaded (0.00MB deduped)wandb: / 0.01MB of 0.01MB uploaded (0.00MB deduped)wandb: - 0.01MB of 0.01MB uploaded (0.00MB deduped)wandb: \ 0.01MB of 0.01MB uploaded (0.00MB deduped)wandb: | 0.01MB of 0.01MB uploaded (0.00MB deduped)wandb: / 0.01MB of 0.01MB uploaded (0.00MB deduped)wandb: - 0.01MB of 0.01MB uploaded (0.00MB deduped)wandb: \ 0.01MB of 0.01MB uploaded (0.00MB deduped)wandb: | 0.01MB of 0.01MB uploaded (0.00MB deduped)wandb: / 0.01MB of 0.01MB uploaded (0.00MB deduped)wandb: - 0.01MB of 0.01MB uploaded (0.00MB deduped)wandb:                                                                                
wandb: Run history:
wandb:       D_A █▂▁
wandb:       D_B █▁▁
wandb:       G_A █▁█
wandb:       G_B █▁▅
wandb:   cycle_A ▁▂█
wandb:   cycle_B █▄▁
wandb:     idt_A █▄▁
wandb:     idt_B ▃▁█
wandb: 
wandb: Run summary:
wandb:       D_A 0.17343
wandb:       D_B 0.16451
wandb:       G_A 0.68484
wandb:       G_B 0.59922
wandb:   cycle_A 6.5479
wandb:   cycle_B 1.11169
wandb:     idt_A 1.41227
wandb:     idt_B 1.28498
wandb: 
wandb: Synced 6 W&B file(s), 0 media file(s), 0 artifact file(s) and 0 other file(s)
wandb: Synced ellen_dwt_uresnet1_4_512n1000_0905_GPUTEST: https://wandb.ai/ellen/CycleGAN-and-pix2pix/runs/yvkn43j0
wandb: Find logs at: ./wandb/run-20220906_183237-yvkn43j0/logs/debug.log
wandb: 

