----------------- Options ---------------
               batch_size: 64                            	[default: 2]
                    beta1: 0.5                           
          checkpoints_dir: ./checkpoints                 
           continue_train: False                         
                crop_size: 256                           
                 dataroot: /home/ellen/data/input_eyeq_20220830_512_n1000	[default: None]
             dataset_mode: unaligned                     
                direction: AtoB                          
              display_env: main                          
             display_freq: 400                           
               display_id: 1                             
            display_ncols: 4                             
             display_port: 8097                          
           display_server: http://localhost              
          display_winsize: 256                           
                    epoch: latest                        
              epoch_count: 401                           	[default: 1]
                 gan_mode: lsgan                         
                  gpu_ids: 0,1,2,3,4,5,6,7               	[default: 0]
                init_gain: 0.02                          
                init_type: normal                        
                 input_nc: 3                             
                  isTrain: True                          	[default: None]
                 lambda_A: 10.0                          
                 lambda_B: 10.0                          
          lambda_identity: 0.5                           
                load_iter: 0                             	[default: 0]
                load_size: 256                           	[default: 286]
                       lr: 0.0002                        
           lr_decay_iters: 50                            
                lr_policy: linear                        
         max_dataset_size: inf                           
                    model: cycle_gan                     
                 n_epochs: 200                           	[default: 100]
           n_epochs_decay: 600                           	[default: 300]
               n_layers_D: 3                             
                     name: model2_3_eyeq_256_1024        	[default: experiment_name]
                      ndf: 64                            
                     netD: basic                         
                     netG: ellen_dwt_uresnet2_3          	[default: resnet_9blocks]
                      ngf: 64                            
               no_dropout: True                          
                  no_flip: True                          	[default: False]
                  no_html: False                         
                     norm: instance                      
              num_threads: 2                             
                output_nc: 3                             
                 patience: 10                            	[default: 5]
                    phase: train                         
                pool_size: 50                            
               preprocess: resize_and_crop               
               print_freq: 100                           
             save_by_iter: False                         
          save_epoch_freq: 5                             
         save_latest_freq: 5000                          
           serial_batches: False                         
                   suffix:                               
         update_html_freq: 1000                          
                use_wandb: True                          	[default: False]
                  verbose: False                         
----------------- End -------------------
dataset [UnalignedDataset] was created
The number of training images = 600
dataset [UnalignedDataset] was created
patience: 10
========================================================================
num downs =  2  n_blocks= 9
----e1
-----resnet 0  ë²ˆì§¸
-----resnet 1  ë²ˆì§¸
-----resnet 2  ë²ˆì§¸
-----resnet 3  ë²ˆì§¸
-----resnet 4  ë²ˆì§¸
-----resnet 5  ë²ˆì§¸
-----resnet 6  ë²ˆì§¸
-----resnet 7  ë²ˆì§¸
-----resnet 8  ë²ˆì§¸
>> in, out:  128.0 ,  256
----- e1+unet+resent+uent+
----- e1+unet+resent+uent+d1
[ReflectionPad2d((3, 3, 3, 3)), Conv2d(3, 64, kernel_size=(7, 7), stride=(1, 1)), InstanceNorm2d(64, eps=1e-05, momentum=0.1, affine=False, track_running_stats=False), ReLU(inplace=True), UnetSkipConnectionBlock(
  (model): Sequential(
    (0): Conv2d(64, 128, kernel_size=(4, 4), stride=(2, 2), padding=(1, 1))
    (1): UnetSkipConnectionBlock(
      (model): Sequential(
        (0): LeakyReLU(negative_slope=0.2, inplace=True)
        (1): Conv2d(128, 256, kernel_size=(4, 4), stride=(2, 2), padding=(1, 1))
        (2): InstanceNorm2d(256, eps=1e-05, momentum=0.1, affine=False, track_running_stats=False)
        (3): UnetSkipConnectionBlock(
          (model): Sequential(
            (0): LeakyReLU(negative_slope=0.2, inplace=True)
            (1): Conv2d(256, 256, kernel_size=(4, 4), stride=(2, 2), padding=(1, 1))
            (2): ReLU(inplace=True)
            (3): ConvTranspose2d(256, 256, kernel_size=(4, 4), stride=(2, 2), padding=(1, 1))
            (4): InstanceNorm2d(256, eps=1e-05, momentum=0.1, affine=False, track_running_stats=False)
          )
        )
        (4): ReLU(inplace=True)
        (5): ConvTranspose2d(512, 128, kernel_size=(4, 4), stride=(2, 2), padding=(1, 1))
        (6): InstanceNorm2d(128, eps=1e-05, momentum=0.1, affine=False, track_running_stats=False)
      )
    )
    (2): ReLU(inplace=True)
    (3): ConvTranspose2d(256, 64, kernel_size=(4, 4), stride=(2, 2), padding=(1, 1))
    (4): Tanh()
  )
), ReflectionPad2d((3, 3, 3, 3)), Conv2d(64, 3, kernel_size=(7, 7), stride=(1, 1)), Tanh()]
initialize network with normal
========================================================================
num downs =  2  n_blocks= 9
----e1
-----resnet 0  ë²ˆì§¸
-----resnet 1  ë²ˆì§¸
-----resnet 2  ë²ˆì§¸
-----resnet 3  ë²ˆì§¸
-----resnet 4  ë²ˆì§¸
-----resnet 5  ë²ˆì§¸
-----resnet 6  ë²ˆì§¸
-----resnet 7  ë²ˆì§¸
-----resnet 8  ë²ˆì§¸
>> in, out:  128.0 ,  256
----- e1+unet+resent+uent+
----- e1+unet+resent+uent+d1
[ReflectionPad2d((3, 3, 3, 3)), Conv2d(3, 64, kernel_size=(7, 7), stride=(1, 1)), InstanceNorm2d(64, eps=1e-05, momentum=0.1, affine=False, track_running_stats=False), ReLU(inplace=True), UnetSkipConnectionBlock(
  (model): Sequential(
    (0): Conv2d(64, 128, kernel_size=(4, 4), stride=(2, 2), padding=(1, 1))
    (1): UnetSkipConnectionBlock(
      (model): Sequential(
        (0): LeakyReLU(negative_slope=0.2, inplace=True)
        (1): Conv2d(128, 256, kernel_size=(4, 4), stride=(2, 2), padding=(1, 1))
        (2): InstanceNorm2d(256, eps=1e-05, momentum=0.1, affine=False, track_running_stats=False)
        (3): UnetSkipConnectionBlock(
          (model): Sequential(
            (0): LeakyReLU(negative_slope=0.2, inplace=True)
            (1): Conv2d(256, 256, kernel_size=(4, 4), stride=(2, 2), padding=(1, 1))
            (2): ReLU(inplace=True)
            (3): ConvTranspose2d(256, 256, kernel_size=(4, 4), stride=(2, 2), padding=(1, 1))
            (4): InstanceNorm2d(256, eps=1e-05, momentum=0.1, affine=False, track_running_stats=False)
          )
        )
        (4): ReLU(inplace=True)
        (5): ConvTranspose2d(512, 128, kernel_size=(4, 4), stride=(2, 2), padding=(1, 1))
        (6): InstanceNorm2d(128, eps=1e-05, momentum=0.1, affine=False, track_running_stats=False)
      )
    )
    (2): ReLU(inplace=True)
    (3): ConvTranspose2d(256, 64, kernel_size=(4, 4), stride=(2, 2), padding=(1, 1))
    (4): Tanh()
  )
), ReflectionPad2d((3, 3, 3, 3)), Conv2d(64, 3, kernel_size=(7, 7), stride=(1, 1)), Tanh()]
initialize network with normal
initialize network with normal
initialize network with normal
model [CycleGANModel] was created
---------- Networks initialized -------------
[Network G_A] Total number of parameters : 5.410 M
[Network G_B] Total number of parameters : 5.410 M
[Network D_A] Total number of parameters : 2.765 M
[Network D_B] Total number of parameters : 2.765 M/home/user/miniconda/lib/python3.8/site-packages/torchvision/transforms/transforms.py:257: UserWarning: Argument interpolation should be of type InterpolationMode instead of int. Please, use InterpolationMode enum.
  warnings.warn(
Setting up a new session...
wandb: Currently logged in as: z-eun. Use `wandb login --relogin` to force relogin
wandb: wandb version 0.13.4 is available!  To upgrade, please run:
wandb:  $ pip install wandb --upgrade
wandb: Tracking run with wandb version 0.13.2
wandb: Run data is saved locally in /home/ellen/RetinaImage_model_MW/wandb/run-20221025_072741-3fpnw9qw
wandb: Run `wandb offline` to turn off syncing.
wandb: Syncing run model2_3_eyeq_256_1024
wandb: â­ï¸ View project at https://wandb.ai/z-eun/CycleGAN-and-pix2pix
wandb: ðŸš€ View run at https://wandb.ai/z-eun/CycleGAN-and-pix2pix/runs/3fpnw9qw

-----------------------------------------------
create web directory ./checkpoints/model2_3_eyeq_256_1024/web...
learning rate 0.0001331 -> 0.0001328
/home/user/miniconda/lib/python3.8/site-packages/torch/optim/lr_scheduler.py:129: UserWarning: Detected call of `lr_scheduler.step()` before `optimizer.step()`. In PyTorch 1.1.0 and later, you should call them in the opposite order: `optimizer.step()` before `lr_scheduler.step()`.  Failure to do this will result in PyTorch skipping the first value of the learning rate schedule. See more details at https://pytorch.org/docs/stable/optim.html#how-to-adjust-learning-rate
  warnings.warn("Detected call of `lr_scheduler.step()` before `optimizer.step()`. "
/home/user/miniconda/lib/python3.8/site-packages/torch/nn/functional.py:3454: UserWarning: Default upsampling behavior when mode=bilinear is changed to align_corners=False since 0.4.0. Please specify align_corners=True if the old behavior is desired. See the documentation of nn.Upsample for details.
  warnings.warn(
End of epoch 401 / 800 	 Time Taken: 60 sec
learning rate 0.0001328 -> 0.0001324
End of epoch 402 / 800 	 Time Taken: 28 sec
learning rate 0.0001324 -> 0.0001321
(epoch: 403, iters: 320, time: 0.110, data: 1.325) D_A: 0.378 G_A: 0.410 cycle_A: 3.100 idt_A: 1.563 D_B: 0.422 G_B: 0.448 cycle_B: 1.668 idt_B: 0.778 
End of epoch 403 / 800 	 Time Taken: 33 sec
learning rate 0.0001321 -> 0.0001318
End of epoch 404 / 800 	 Time Taken: 27 sec
learning rate 0.0001318 -> 0.0001314
(epoch: 405, iters: 640, time: 0.092, data: 0.024) D_A: 0.276 G_A: 0.359 cycle_A: 3.043 idt_A: 1.038 D_B: 0.546 G_B: 0.801 cycle_B: 1.138 idt_B: 0.720 
saving the model at the end of epoch 405, iters 3200
End of epoch 405 / 800 	 Time Taken: 32 sec
learning rate 0.0001314 -> 0.0001311
End of epoch 406 / 800 	 Time Taken: 28 sec
learning rate 0.0001311 -> 0.0001308
End of epoch 407 / 800 	 Time Taken: 28 sec
learning rate 0.0001308 -> 0.0001304
(epoch: 408, iters: 320, time: 0.099, data: 1.508) D_A: 0.259 G_A: 0.373 cycle_A: 2.685 idt_A: 0.807 D_B: 0.267 G_B: 0.398 cycle_B: 0.861 idt_B: 0.660 
End of epoch 408 / 800 	 Time Taken: 32 sec
learning rate 0.0001304 -> 0.0001301
End of epoch 409 / 800 	 Time Taken: 27 sec
learning rate 0.0001301 -> 0.0001298
(epoch: 410, iters: 640, time: 0.087, data: 0.028) D_A: 0.242 G_A: 0.470 cycle_A: 2.673 idt_A: 1.357 D_B: 0.259 G_B: 0.401 cycle_B: 1.539 idt_B: 0.671 
saving the model at the end of epoch 410, iters 6400
End of epoch 410 / 800 	 Time Taken: 32 sec
learning rate 0.0001298 -> 0.0001295
End of epoch 411 / 800 	 Time Taken: 28 sec
learning rate 0.0001295 -> 0.0001291
End of epoch 412 / 800 	 Time Taken: 29 sec
learning rate 0.0001291 -> 0.0001288
(epoch: 413, iters: 320, time: 0.096, data: 1.701) D_A: 0.436 G_A: 0.567 cycle_A: 1.947 idt_A: 0.792 D_B: 0.310 G_B: 0.435 cycle_B: 0.871 idt_B: 0.511 
End of epoch 413 / 800 	 Time Taken: 34 sec
learning rate 0.0001288 -> 0.0001285
End of epoch 414 / 800 	 Time Taken: 30 sec
learning rate 0.0001285 -> 0.0001281
(epoch: 415, iters: 640, time: 0.087, data: 0.028) D_A: 0.197 G_A: 0.363 cycle_A: 3.228 idt_A: 1.177 D_B: 0.251 G_B: 0.418 cycle_B: 1.361 idt_B: 0.820 
saving the model at the end of epoch 415, iters 9600
End of epoch 415 / 800 	 Time Taken: 33 sec
learning rate 0.0001281 -> 0.0001278
End of epoch 416 / 800 	 Time Taken: 30 sec
learning rate 0.0001278 -> 0.0001275
End of epoch 417 / 800 	 Time Taken: 30 sec
learning rate 0.0001275 -> 0.0001271
(epoch: 418, iters: 320, time: 0.094, data: 1.508) D_A: 0.222 G_A: 0.359 cycle_A: 2.338 idt_A: 1.003 D_B: 0.303 G_B: 0.469 cycle_B: 1.114 idt_B: 0.575 
End of epoch 418 / 800 	 Time Taken: 33 sec
learning rate 0.0001271 -> 0.0001268
End of epoch 419 / 800 	 Time Taken: 31 sec
learning rate 0.0001268 -> 0.0001265
(epoch: 420, iters: 640, time: 0.169, data: 0.026) D_A: 0.298 G_A: 0.458 cycle_A: 2.982 idt_A: 0.824 D_B: 0.239 G_B: 0.379 cycle_B: 1.002 idt_B: 0.812 
saving the model at the end of epoch 420, iters 12800
End of epoch 420 / 800 	 Time Taken: 39 sec
learning rate 0.0001265 -> 0.0001261
End of epoch 421 / 800 	 Time Taken: 30 sec
learning rate 0.0001261 -> 0.0001258
End of epoch 422 / 800 	 Time Taken: 31 sec
learning rate 0.0001258 -> 0.0001255
(epoch: 423, iters: 320, time: 0.090, data: 1.528) D_A: 0.209 G_A: 0.415 cycle_A: 2.105 idt_A: 0.739 D_B: 0.210 G_B: 0.454 cycle_B: 0.880 idt_B: 0.540 
End of epoch 423 / 800 	 Time Taken: 35 sec
learning rate 0.0001255 -> 0.0001251
End of epoch 424 / 800 	 Time Taken: 30 sec
learning rate 0.0001251 -> 0.0001248
(epoch: 425, iters: 640, time: 0.090, data: 0.030) D_A: 0.200 G_A: 0.452 cycle_A: 2.361 idt_A: 0.828 D_B: 0.222 G_B: 0.517 cycle_B: 1.002 idt_B: 0.561 
saving the model at the end of epoch 425, iters 16000
End of epoch 425 / 800 	 Time Taken: 34 sec
learning rate 0.0001248 -> 0.0001245
End of epoch 426 / 800 	 Time Taken: 30 sec
learning rate 0.0001245 -> 0.0001241
End of epoch 427 / 800 	 Time Taken: 30 sec
learning rate 0.0001241 -> 0.0001238
(epoch: 428, iters: 320, time: 0.090, data: 1.684) D_A: 0.202 G_A: 0.392 cycle_A: 2.014 idt_A: 0.654 D_B: 0.248 G_B: 0.408 cycle_B: 0.881 idt_B: 0.529 
End of epoch 428 / 800 	 Time Taken: 34 sec
learning rate 0.0001238 -> 0.0001235
End of epoch 429 / 800 	 Time Taken: 30 sec
learning rate 0.0001235 -> 0.0001231
(epoch: 430, iters: 640, time: 0.085, data: 0.028) D_A: 0.231 G_A: 0.383 cycle_A: 2.045 idt_A: 1.272 D_B: 0.215 G_B: 0.396 cycle_B: 1.401 idt_B: 0.495 
saving the model at the end of epoch 430, iters 19200
End of epoch 430 / 800 	 Time Taken: 34 sec
learning rate 0.0001231 -> 0.0001228
End of epoch 431 / 800 	 Time Taken: 32 sec
learning rate 0.0001228 -> 0.0001225
End of epoch 432 / 800 	 Time Taken: 32 sec
learning rate 0.0001225 -> 0.0001221
(epoch: 433, iters: 320, time: 0.097, data: 1.756) D_A: 0.240 G_A: 0.368 cycle_A: 1.684 idt_A: 0.686 D_B: 0.235 G_B: 0.388 cycle_B: 0.824 idt_B: 0.443 
End of epoch 433 / 800 	 Time Taken: 34 sec
learning rate 0.0001221 -> 0.0001218
End of epoch 434 / 800 	 Time Taken: 30 sec
learning rate 0.0001218 -> 0.0001215
(epoch: 435, iters: 640, time: 0.089, data: 0.027) D_A: 0.232 G_A: 0.316 cycle_A: 1.885 idt_A: 1.004 D_B: 0.241 G_B: 0.397 cycle_B: 1.205 idt_B: 0.492 
saving the model at the end of epoch 435, iters 22400
End of epoch 435 / 800 	 Time Taken: 34 sec
learning rate 0.0001215 -> 0.0001211
End of epoch 436 / 800 	 Time Taken: 30 sec
learning rate 0.0001211 -> 0.0001208
End of epoch 437 / 800 	 Time Taken: 31 sec
learning rate 0.0001208 -> 0.0001205
(epoch: 438, iters: 320, time: 0.102, data: 1.662) D_A: 0.208 G_A: 0.430 cycle_A: 1.647 idt_A: 0.561 D_B: 0.199 G_B: 0.393 cycle_B: 0.716 idt_B: 0.455 
End of epoch 438 / 800 	 Time Taken: 34 sec
learning rate 0.0001205 -> 0.0001201
End of epoch 439 / 800 	 Time Taken: 29 sec
learning rate 0.0001201 -> 0.0001198
(epoch: 440, iters: 640, time: 0.091, data: 0.031) D_A: 0.329 G_A: 0.486 cycle_A: 1.923 idt_A: 1.050 D_B: 0.274 G_B: 0.448 cycle_B: 1.212 idt_B: 0.591 
saving the model at the end of epoch 440, iters 25600
End of epoch 440 / 800 	 Time Taken: 34 sec
learning rate 0.0001198 -> 0.0001195
End of epoch 441 / 800 	 Time Taken: 31 sec
learning rate 0.0001195 -> 0.0001191
End of epoch 442 / 800 	 Time Taken: 31 sec
learning rate 0.0001191 -> 0.0001188
(epoch: 443, iters: 320, time: 0.096, data: 1.711) D_A: 0.221 G_A: 0.445 cycle_A: 1.887 idt_A: 0.704 D_B: 0.216 G_B: 0.344 cycle_B: 0.891 idt_B: 0.526 
End of epoch 443 / 800 	 Time Taken: 34 sec
learning rate 0.0001188 -> 0.0001185
End of epoch 444 / 800 	 Time Taken: 29 sec
learning rate 0.0001185 -> 0.0001181
(epoch: 445, iters: 640, time: 0.091, data: 0.029) D_A: 0.200 G_A: 0.403 cycle_A: 1.836 idt_A: 0.772 D_B: 0.235 G_B: 0.340 cycle_B: 0.947 idt_B: 0.496 
saving the model at the end of epoch 445, iters 28800
End of epoch 445 / 800 	 Time Taken: 35 sec
learning rate 0.0001181 -> 0.0001178
End of epoch 446 / 800 	 Time Taken: 31 sec
learning rate 0.0001178 -> 0.0001175
End of epoch 447 / 800 	 Time Taken: 31 sec
learning rate 0.0001175 -> 0.0001171
(epoch: 448, iters: 320, time: 0.099, data: 1.647) D_A: 0.212 G_A: 0.354 cycle_A: 1.341 idt_A: 0.540 D_B: 0.226 G_B: 0.424 cycle_B: 0.679 idt_B: 0.390 
End of epoch 448 / 800 	 Time Taken: 34 sec
learning rate 0.0001171 -> 0.0001168
End of epoch 449 / 800 	 Time Taken: 30 sec
learning rate 0.0001168 -> 0.0001165
(epoch: 450, iters: 640, time: 0.087, data: 0.031) D_A: 0.186 G_A: 0.415 cycle_A: 1.742 idt_A: 0.990 D_B: 0.260 G_B: 0.516 cycle_B: 1.151 idt_B: 0.489 
saving the model at the end of epoch 450, iters 32000
End of epoch 450 / 800 	 Time Taken: 33 sec
learning rate 0.0001165 -> 0.0001161
End of epoch 451 / 800 	 Time Taken: 30 sec
learning rate 0.0001161 -> 0.0001158
End of epoch 452 / 800 	 Time Taken: 30 sec
learning rate 0.0001158 -> 0.0001155
(epoch: 453, iters: 320, time: 0.096, data: 1.628) D_A: 0.221 G_A: 0.388 cycle_A: 1.262 idt_A: 0.530 D_B: 0.220 G_B: 0.396 cycle_B: 0.673 idt_B: 0.341 
End of epoch 453 / 800 	 Time Taken: 35 sec
learning rate 0.0001155 -> 0.0001151
End of epoch 454 / 800 	 Time Taken: 31 sec
learning rate 0.0001151 -> 0.0001148
(epoch: 455, iters: 640, time: 0.090, data: 0.027) D_A: 0.160 G_A: 0.461 cycle_A: 2.394 idt_A: 0.620 D_B: 0.199 G_B: 0.470 cycle_B: 0.737 idt_B: 0.693 
saving the model at the end of epoch 455, iters 35200
End of epoch 455 / 800 	 Time Taken: 33 sec
learning rate 0.0001148 -> 0.0001145
End of epoch 456 / 800 	 Time Taken: 30 sec
learning rate 0.0001145 -> 0.0001141
End of epoch 457 / 800 	 Time Taken: 30 sec
learning rate 0.0001141 -> 0.0001138
(epoch: 458, iters: 320, time: 0.099, data: 1.646) D_A: 0.225 G_A: 0.459 cycle_A: 1.305 idt_A: 0.676 D_B: 0.213 G_B: 0.331 cycle_B: 0.955 idt_B: 0.314 
End of epoch 458 / 800 	 Time Taken: 33 sec
learning rate 0.0001138 -> 0.0001135
End of epoch 459 / 800 	 Time Taken: 31 sec
learning rate 0.0001135 -> 0.0001131
(epoch: 460, iters: 640, time: 0.087, data: 0.028) D_A: 0.195 G_A: 0.398 cycle_A: 2.099 idt_A: 0.825 D_B: 0.211 G_B: 0.373 cycle_B: 1.068 idt_B: 0.491 
saving the model at the end of epoch 460, iters 38400
End of epoch 460 / 800 	 Time Taken: 34 sec
learning rate 0.0001131 -> 0.0001128
End of epoch 461 / 800 	 Time Taken: 30 sec
learning rate 0.0001128 -> 0.0001125
End of epoch 462 / 800 	 Time Taken: 29 sec
learning rate 0.0001125 -> 0.0001121
(epoch: 463, iters: 320, time: 0.102, data: 1.672) D_A: 0.215 G_A: 0.376 cycle_A: 1.253 idt_A: 0.635 D_B: 0.221 G_B: 0.359 cycle_B: 0.796 idt_B: 0.328 
End of epoch 463 / 800 	 Time Taken: 34 sec
learning rate 0.0001121 -> 0.0001118
End of epoch 464 / 800 	 Time Taken: 30 sec
learning rate 0.0001118 -> 0.0001115
(epoch: 465, iters: 640, time: 0.091, data: 0.026) D_A: 0.235 G_A: 0.434 cycle_A: 1.516 idt_A: 0.822 D_B: 0.320 G_B: 0.538 cycle_B: 0.925 idt_B: 0.404 
saving the model at the end of epoch 465, iters 41600
End of epoch 465 / 800 	 Time Taken: 34 sec
learning rate 0.0001115 -> 0.0001111
End of epoch 466 / 800 	 Time Taken: 30 sec
learning rate 0.0001111 -> 0.0001108
End of epoch 467 / 800 	 Time Taken: 30 sec
learning rate 0.0001108 -> 0.0001105
(epoch: 468, iters: 320, time: 0.097, data: 1.663) D_A: 0.201 G_A: 0.369 cycle_A: 1.273 idt_A: 0.579 D_B: 0.195 G_B: 0.458 cycle_B: 0.698 idt_B: 0.328 
End of epoch 468 / 800 	 Time Taken: 33 sec
learning rate 0.0001105 -> 0.0001101
End of epoch 469 / 800 	 Time Taken: 31 sec
learning rate 0.0001101 -> 0.0001098
(epoch: 470, iters: 640, time: 0.089, data: 0.025) D_A: 0.196 G_A: 0.426 cycle_A: 2.049 idt_A: 0.778 D_B: 0.196 G_B: 0.466 cycle_B: 0.905 idt_B: 0.668 
saving the model at the end of epoch 470, iters 44800
End of epoch 470 / 800 	 Time Taken: 35 sec
learning rate 0.0001098 -> 0.0001095
End of epoch 471 / 800 	 Time Taken: 30 sec
learning rate 0.0001095 -> 0.0001092
End of epoch 472 / 800 	 Time Taken: 29 sec
learning rate 0.0001092 -> 0.0001088
(epoch: 473, iters: 320, time: 0.092, data: 1.692) D_A: 0.231 G_A: 0.477 cycle_A: 1.142 idt_A: 0.493 D_B: 0.215 G_B: 0.442 cycle_B: 0.621 idt_B: 0.328 
End of epoch 473 / 800 	 Time Taken: 34 sec
learning rate 0.0001088 -> 0.0001085
End of epoch 474 / 800 	 Time Taken: 30 sec
learning rate 0.0001085 -> 0.0001082
(epoch: 475, iters: 640, time: 0.093, data: 0.029) D_A: 0.211 G_A: 0.368 cycle_A: 1.744 idt_A: 0.535 D_B: 0.215 G_B: 0.400 cycle_B: 0.662 idt_B: 0.499 
saving the model at the end of epoch 475, iters 48000
End of epoch 475 / 800 	 Time Taken: 35 sec
learning rate 0.0001082 -> 0.0001078
End of epoch 476 / 800 	 Time Taken: 30 sec
learning rate 0.0001078 -> 0.0001075
End of epoch 477 / 800 	 Time Taken: 30 sec
learning rate 0.0001075 -> 0.0001072
(epoch: 478, iters: 320, time: 0.093, data: 1.663) D_A: 0.188 G_A: 0.398 cycle_A: 1.203 idt_A: 0.456 D_B: 0.189 G_B: 0.378 cycle_B: 0.557 idt_B: 0.362 
End of epoch 478 / 800 	 Time Taken: 33 sec
learning rate 0.0001072 -> 0.0001068
End of epoch 479 / 800 	 Time Taken: 30 sec
learning rate 0.0001068 -> 0.0001065
(epoch: 480, iters: 640, time: 0.089, data: 0.029) D_A: 0.173 G_A: 0.415 cycle_A: 1.684 idt_A: 0.822 D_B: 0.228 G_B: 0.421 cycle_B: 0.911 idt_B: 0.437 
saving the model at the end of epoch 480, iters 51200
End of epoch 480 / 800 	 Time Taken: 34 sec
learning rate 0.0001065 -> 0.0001062
End of epoch 481 / 800 	 Time Taken: 32 sec
learning rate 0.0001062 -> 0.0001058
End of epoch 482 / 800 	 Time Taken: 31 sec
learning rate 0.0001058 -> 0.0001055
(epoch: 483, iters: 320, time: 0.094, data: 1.647) D_A: 0.196 G_A: 0.389 cycle_A: 1.265 idt_A: 0.521 D_B: 0.191 G_B: 0.371 cycle_B: 0.602 idt_B: 0.323 
End of epoch 483 / 800 	 Time Taken: 33 sec
learning rate 0.0001055 -> 0.0001052
End of epoch 484 / 800 	 Time Taken: 30 sec
learning rate 0.0001052 -> 0.0001048
(epoch: 485, iters: 640, time: 0.091, data: 0.025) D_A: 0.227 G_A: 0.349 cycle_A: 1.438 idt_A: 0.701 D_B: 0.253 G_B: 0.463 cycle_B: 0.885 idt_B: 0.459 
saving the model at the end of epoch 485, iters 54400
End of epoch 485 / 800 	 Time Taken: 34 sec
learning rate 0.0001048 -> 0.0001045
End of epoch 486 / 800 	 Time Taken: 29 sec
learning rate 0.0001045 -> 0.0001042
End of epoch 487 / 800 	 Time Taken: 31 sec
learning rate 0.0001042 -> 0.0001038
(epoch: 488, iters: 320, time: 0.098, data: 1.664) D_A: 0.212 G_A: 0.441 cycle_A: 1.213 idt_A: 0.546 D_B: 0.210 G_B: 0.366 cycle_B: 0.582 idt_B: 0.335 
End of epoch 488 / 800 	 Time Taken: 35 sec
learning rate 0.0001038 -> 0.0001035
End of epoch 489 / 800 	 Time Taken: 30 sec
learning rate 0.0001035 -> 0.0001032
(epoch: 490, iters: 640, time: 0.091, data: 0.027) D_A: 0.206 G_A: 0.440 cycle_A: 1.660 idt_A: 0.586 D_B: 0.265 G_B: 0.401 cycle_B: 0.752 idt_B: 0.464 
saving the model at the end of epoch 490, iters 57600
End of epoch 490 / 800 	 Time Taken: 34 sec
learning rate 0.0001032 -> 0.0001028
End of epoch 491 / 800 	 Time Taken: 30 sec
learning rate 0.0001028 -> 0.0001025
End of epoch 492 / 800 	 Time Taken: 30 sec
learning rate 0.0001025 -> 0.0001022
(epoch: 493, iters: 320, time: 0.095, data: 1.644) D_A: 0.212 G_A: 0.406 cycle_A: 1.257 idt_A: 0.441 D_B: 0.211 G_B: 0.370 cycle_B: 0.552 idt_B: 0.359 
End of epoch 493 / 800 	 Time Taken: 33 sec
learning rate 0.0001022 -> 0.0001018
End of epoch 494 / 800 	 Time Taken: 30 sec
learning rate 0.0001018 -> 0.0001015
(epoch: 495, iters: 640, time: 0.100, data: 0.028) D_A: 0.243 G_A: 0.402 cycle_A: 1.598 idt_A: 0.798 D_B: 0.215 G_B: 0.370 cycle_B: 0.890 idt_B: 0.444 
saving the model at the end of epoch 495, iters 60800
End of epoch 495 / 800 	 Time Taken: 35 sec
learning rate 0.0001015 -> 0.0001012
End of epoch 496 / 800 	 Time Taken: 31 sec
learning rate 0.0001012 -> 0.0001008
End of epoch 497 / 800 	 Time Taken: 31 sec
learning rate 0.0001008 -> 0.0001005
(epoch: 498, iters: 320, time: 0.100, data: 1.659) D_A: 0.200 G_A: 0.424 cycle_A: 1.467 idt_A: 0.477 D_B: 0.235 G_B: 0.300 cycle_B: 0.712 idt_B: 0.273 
End of epoch 498 / 800 	 Time Taken: 34 sec
learning rate 0.0001005 -> 0.0001002
End of epoch 499 / 800 	 Time Taken: 31 sec
learning rate 0.0001002 -> 0.0000998
(epoch: 500, iters: 640, time: 0.092, data: 0.027) D_A: 0.180 G_A: 0.372 cycle_A: 1.472 idt_A: 0.666 D_B: 0.190 G_B: 0.450 cycle_B: 0.770 idt_B: 0.378 
saving the model at the end of epoch 500, iters 64000
End of epoch 500 / 800 	 Time Taken: 34 sec
learning rate 0.0000998 -> 0.0000995
End of epoch 501 / 800 	 Time Taken: 31 sec
learning rate 0.0000995 -> 0.0000992
End of epoch 502 / 800 	 Time Taken: 30 sec
learning rate 0.0000992 -> 0.0000988
(epoch: 503, iters: 320, time: 0.099, data: 1.650) D_A: 0.228 G_A: 0.459 cycle_A: 1.320 idt_A: 0.443 D_B: 0.204 G_B: 0.414 cycle_B: 0.663 idt_B: 0.320 
End of epoch 503 / 800 	 Time Taken: 34 sec
learning rate 0.0000988 -> 0.0000985
End of epoch 504 / 800 	 Time Taken: 31 sec
learning rate 0.0000985 -> 0.0000982
(epoch: 505, iters: 640, time: 0.092, data: 0.029) D_A: 0.193 G_A: 0.469 cycle_A: 1.337 idt_A: 0.522 D_B: 0.208 G_B: 0.407 cycle_B: 0.650 idt_B: 0.409 
saving the model at the end of epoch 505, iters 67200
End of epoch 505 / 800 	 Time Taken: 34 sec
learning rate 0.0000982 -> 0.0000978
End of epoch 506 / 800 	 Time Taken: 30 sec
learning rate 0.0000978 -> 0.0000975
End of epoch 507 / 800 	 Time Taken: 31 sec
learning rate 0.0000975 -> 0.0000972
(epoch: 508, iters: 320, time: 0.097, data: 1.644) D_A: 0.177 G_A: 0.469 cycle_A: 1.409 idt_A: 0.511 D_B: 0.198 G_B: 0.371 cycle_B: 0.759 idt_B: 0.301 
End of epoch 508 / 800 	 Time Taken: 33 sec
learning rate 0.0000972 -> 0.0000968
End of epoch 509 / 800 	 Time Taken: 31 sec
learning rate 0.0000968 -> 0.0000965
(epoch: 510, iters: 640, time: 0.092, data: 0.029) D_A: 0.196 G_A: 0.453 cycle_A: 1.712 idt_A: 0.565 D_B: 0.197 G_B: 0.373 cycle_B: 0.652 idt_B: 0.521 
saving the model at the end of epoch 510, iters 70400
End of epoch 510 / 800 	 Time Taken: 34 sec
learning rate 0.0000965 -> 0.0000962
End of epoch 511 / 800 	 Time Taken: 30 sec
learning rate 0.0000962 -> 0.0000958
End of epoch 512 / 800 	 Time Taken: 30 sec
learning rate 0.0000958 -> 0.0000955
(epoch: 513, iters: 320, time: 0.098, data: 1.678) D_A: 0.191 G_A: 0.425 cycle_A: 0.941 idt_A: 0.369 D_B: 0.210 G_B: 0.330 cycle_B: 0.517 idt_B: 0.229 
End of epoch 513 / 800 	 Time Taken: 34 sec
learning rate 0.0000955 -> 0.0000952
End of epoch 514 / 800 	 Time Taken: 31 sec
learning rate 0.0000952 -> 0.0000948
(epoch: 515, iters: 640, time: 0.093, data: 0.027) D_A: 0.200 G_A: 0.405 cycle_A: 1.236 idt_A: 0.754 D_B: 0.210 G_B: 0.450 cycle_B: 0.788 idt_B: 0.334 
saving the model at the end of epoch 515, iters 73600
End of epoch 515 / 800 	 Time Taken: 35 sec
learning rate 0.0000948 -> 0.0000945
End of epoch 516 / 800 	 Time Taken: 30 sec
learning rate 0.0000945 -> 0.0000942
End of epoch 517 / 800 	 Time Taken: 31 sec
learning rate 0.0000942 -> 0.0000938
(epoch: 518, iters: 320, time: 0.102, data: 1.773) D_A: 0.210 G_A: 0.469 cycle_A: 1.078 idt_A: 0.451 D_B: 0.229 G_B: 0.347 cycle_B: 0.624 idt_B: 0.265 
End of epoch 518 / 800 	 Time Taken: 35 sec
learning rate 0.0000938 -> 0.0000935
End of epoch 519 / 800 	 Time Taken: 30 sec
learning rate 0.0000935 -> 0.0000932
(epoch: 520, iters: 640, time: 0.094, data: 0.033) D_A: 0.182 G_A: 0.398 cycle_A: 1.777 idt_A: 0.542 D_B: 0.213 G_B: 0.379 cycle_B: 0.700 idt_B: 0.428 
saving the model at the end of epoch 520, iters 76800
End of epoch 520 / 800 	 Time Taken: 36 sec
learning rate 0.0000932 -> 0.0000928
End of epoch 521 / 800 	 Time Taken: 31 sec
learning rate 0.0000928 -> 0.0000925
End of epoch 522 / 800 	 Time Taken: 31 sec
learning rate 0.0000925 -> 0.0000922
(epoch: 523, iters: 320, time: 0.099, data: 1.637) D_A: 0.203 G_A: 0.408 cycle_A: 0.981 idt_A: 0.417 D_B: 0.228 G_B: 0.419 cycle_B: 0.487 idt_B: 0.275 
End of epoch 523 / 800 	 Time Taken: 34 sec
learning rate 0.0000922 -> 0.0000918
End of epoch 524 / 800 	 Time Taken: 30 sec
learning rate 0.0000918 -> 0.0000915
(epoch: 525, iters: 640, time: 0.094, data: 0.028) D_A: 0.181 G_A: 0.386 cycle_A: 1.425 idt_A: 0.481 D_B: 0.198 G_B: 0.448 cycle_B: 0.628 idt_B: 0.353 
saving the model at the end of epoch 525, iters 80000
End of epoch 525 / 800 	 Time Taken: 35 sec
learning rate 0.0000915 -> 0.0000912
End of epoch 526 / 800 	 Time Taken: 30 sec
learning rate 0.0000912 -> 0.0000908
End of epoch 527 / 800 	 Time Taken: 30 sec
learning rate 0.0000908 -> 0.0000905
(epoch: 528, iters: 320, time: 0.097, data: 1.662) D_A: 0.186 G_A: 0.417 cycle_A: 1.166 idt_A: 0.426 D_B: 0.219 G_B: 0.394 cycle_B: 0.594 idt_B: 0.346 
End of epoch 528 / 800 	 Time Taken: 35 sec
learning rate 0.0000905 -> 0.0000902
End of epoch 529 / 800 	 Time Taken: 31 sec
learning rate 0.0000902 -> 0.0000899
(epoch: 530, iters: 640, time: 0.094, data: 0.027) D_A: 0.157 G_A: 0.473 cycle_A: 1.427 idt_A: 0.428 D_B: 0.190 G_B: 0.432 cycle_B: 0.577 idt_B: 0.447 
saving the model at the end of epoch 530, iters 83200
End of epoch 530 / 800 	 Time Taken: 35 sec
learning rate 0.0000899 -> 0.0000895
End of epoch 531 / 800 	 Time Taken: 31 sec
learning rate 0.0000895 -> 0.0000892
End of epoch 532 / 800 	 Time Taken: 31 sec
learning rate 0.0000892 -> 0.0000889
(epoch: 533, iters: 320, time: 0.094, data: 1.663) D_A: 0.235 G_A: 0.394 cycle_A: 1.067 idt_A: 0.415 D_B: 0.216 G_B: 0.335 cycle_B: 0.527 idt_B: 0.315 
End of epoch 533 / 800 	 Time Taken: 34 sec
learning rate 0.0000889 -> 0.0000885
End of epoch 534 / 800 	 Time Taken: 31 sec
learning rate 0.0000885 -> 0.0000882
(epoch: 535, iters: 640, time: 0.092, data: 0.030) D_A: 0.168 G_A: 0.482 cycle_A: 0.991 idt_A: 0.465 D_B: 0.195 G_B: 0.404 cycle_B: 0.567 idt_B: 0.316 
saving the model at the end of epoch 535, iters 86400
End of epoch 535 / 800 	 Time Taken: 35 sec
learning rate 0.0000882 -> 0.0000879
End of epoch 536 / 800 	 Time Taken: 30 sec
learning rate 0.0000879 -> 0.0000875
End of epoch 537 / 800 	 Time Taken: 30 sec
learning rate 0.0000875 -> 0.0000872
(epoch: 538, iters: 320, time: 0.102, data: 1.659) D_A: 0.209 G_A: 0.407 cycle_A: 1.363 idt_A: 0.443 D_B: 0.237 G_B: 0.447 cycle_B: 0.661 idt_B: 0.375 
End of epoch 538 / 800 	 Time Taken: 33 sec
learning rate 0.0000872 -> 0.0000869
End of epoch 539 / 800 	 Time Taken: 30 sec
learning rate 0.0000869 -> 0.0000865
(epoch: 540, iters: 640, time: 0.093, data: 0.029) D_A: 0.175 G_A: 0.397 cycle_A: 1.325 idt_A: 0.419 D_B: 0.223 G_B: 0.462 cycle_B: 0.646 idt_B: 0.433 
saving the model at the end of epoch 540, iters 89600
End of epoch 540 / 800 	 Time Taken: 34 sec
learning rate 0.0000865 -> 0.0000862
End of epoch 541 / 800 	 Time Taken: 30 sec
learning rate 0.0000862 -> 0.0000859
End of epoch 542 / 800 	 Time Taken: 31 sec
learning rate 0.0000859 -> 0.0000855
(epoch: 543, iters: 320, time: 0.106, data: 1.655) D_A: 0.215 G_A: 0.509 cycle_A: 1.055 idt_A: 0.489 D_B: 0.193 G_B: 0.403 cycle_B: 0.524 idt_B: 0.278 
End of epoch 543 / 800 	 Time Taken: 34 sec
learning rate 0.0000855 -> 0.0000852
End of epoch 544 / 800 	 Time Taken: 30 sec
learning rate 0.0000852 -> 0.0000849
(epoch: 545, iters: 640, time: 0.096, data: 0.029) D_A: 0.165 G_A: 0.299 cycle_A: 1.342 idt_A: 0.506 D_B: 0.237 G_B: 0.433 cycle_B: 0.604 idt_B: 0.386 
saving the model at the end of epoch 545, iters 92800
End of epoch 545 / 800 	 Time Taken: 34 sec
learning rate 0.0000849 -> 0.0000845
End of epoch 546 / 800 	 Time Taken: 30 sec
learning rate 0.0000845 -> 0.0000842
End of epoch 547 / 800 	 Time Taken: 31 sec
learning rate 0.0000842 -> 0.0000839
(epoch: 548, iters: 320, time: 0.106, data: 1.652) D_A: 0.215 G_A: 0.338 cycle_A: 1.197 idt_A: 0.476 D_B: 0.216 G_B: 0.440 cycle_B: 0.546 idt_B: 0.310 
End of epoch 548 / 800 	 Time Taken: 35 sec
learning rate 0.0000839 -> 0.0000835
End of epoch 549 / 800 	 Time Taken: 31 sec
learning rate 0.0000835 -> 0.0000832
(epoch: 550, iters: 640, time: 0.100, data: 0.031) D_A: 0.192 G_A: 0.406 cycle_A: 1.879 idt_A: 0.871 D_B: 0.214 G_B: 0.354 cycle_B: 0.820 idt_B: 0.500 
saving the model at the end of epoch 550, iters 96000
End of epoch 550 / 800 	 Time Taken: 34 sec
learning rate 0.0000832 -> 0.0000829
End of epoch 551 / 800 	 Time Taken: 30 sec
learning rate 0.0000829 -> 0.0000825
End of epoch 552 / 800 	 Time Taken: 31 sec
learning rate 0.0000825 -> 0.0000822
(epoch: 553, iters: 320, time: 0.104, data: 1.656) D_A: 0.219 G_A: 0.336 cycle_A: 0.892 idt_A: 0.433 D_B: 0.225 G_B: 0.364 cycle_B: 0.571 idt_B: 0.218 
End of epoch 553 / 800 	 Time Taken: 34 sec
learning rate 0.0000822 -> 0.0000819
End of epoch 554 / 800 	 Time Taken: 30 sec
learning rate 0.0000819 -> 0.0000815
(epoch: 555, iters: 640, time: 0.094, data: 0.030) D_A: 0.273 G_A: 0.528 cycle_A: 1.322 idt_A: 0.471 D_B: 0.220 G_B: 0.317 cycle_B: 0.593 idt_B: 0.348 
saving the model at the end of epoch 555, iters 99200
End of epoch 555 / 800 	 Time Taken: 34 sec
learning rate 0.0000815 -> 0.0000812
End of epoch 556 / 800 	 Time Taken: 30 sec
learning rate 0.0000812 -> 0.0000809
End of epoch 557 / 800 	 Time Taken: 30 sec
learning rate 0.0000809 -> 0.0000805
(epoch: 558, iters: 320, time: 0.106, data: 1.656) D_A: 0.181 G_A: 0.442 cycle_A: 1.043 idt_A: 0.490 D_B: 0.193 G_B: 0.416 cycle_B: 0.550 idt_B: 0.271 
End of epoch 558 / 800 	 Time Taken: 35 sec
learning rate 0.0000805 -> 0.0000802
End of epoch 559 / 800 	 Time Taken: 30 sec
learning rate 0.0000802 -> 0.0000799
(epoch: 560, iters: 640, time: 0.098, data: 0.031) D_A: 0.203 G_A: 0.464 cycle_A: 1.206 idt_A: 0.498 D_B: 0.214 G_B: 0.350 cycle_B: 0.560 idt_B: 0.302 
saving the model at the end of epoch 560, iters 102400
End of epoch 560 / 800 	 Time Taken: 34 sec
learning rate 0.0000799 -> 0.0000795
End of epoch 561 / 800 	 Time Taken: 30 sec
learning rate 0.0000795 -> 0.0000792
End of epoch 562 / 800 	 Time Taken: 31 sec
learning rate 0.0000792 -> 0.0000789
(epoch: 563, iters: 320, time: 0.105, data: 1.702) D_A: 0.204 G_A: 0.458 cycle_A: 0.835 idt_A: 0.358 D_B: 0.205 G_B: 0.332 cycle_B: 0.468 idt_B: 0.218 
End of epoch 563 / 800 	 Time Taken: 35 sec
learning rate 0.0000789 -> 0.0000785
End of epoch 564 / 800 	 Time Taken: 31 sec
learning rate 0.0000785 -> 0.0000782
(epoch: 565, iters: 640, time: 0.098, data: 0.027) D_A: 0.228 G_A: 0.340 cycle_A: 1.422 idt_A: 0.537 D_B: 0.239 G_B: 0.469 cycle_B: 0.585 idt_B: 0.422 
saving the model at the end of epoch 565, iters 105600
End of epoch 565 / 800 	 Time Taken: 35 sec
learning rate 0.0000782 -> 0.0000779
End of epoch 566 / 800 	 Time Taken: 30 sec
learning rate 0.0000779 -> 0.0000775
End of epoch 567 / 800 	 Time Taken: 30 sec
learning rate 0.0000775 -> 0.0000772
(epoch: 568, iters: 320, time: 0.110, data: 1.675) D_A: 0.205 G_A: 0.425 cycle_A: 1.118 idt_A: 0.518 D_B: 0.228 G_B: 0.354 cycle_B: 0.587 idt_B: 0.282 
End of epoch 568 / 800 	 Time Taken: 35 sec
learning rate 0.0000772 -> 0.0000769
End of epoch 569 / 800 	 Time Taken: 31 sec
learning rate 0.0000769 -> 0.0000765
(epoch: 570, iters: 640, time: 0.100, data: 0.033) D_A: 0.176 G_A: 0.378 cycle_A: 1.406 idt_A: 0.788 D_B: 0.202 G_B: 0.389 cycle_B: 0.853 idt_B: 0.326 
saving the model at the end of epoch 570, iters 108800
End of epoch 570 / 800 	 Time Taken: 34 sec
learning rate 0.0000765 -> 0.0000762
End of epoch 571 / 800 	 Time Taken: 29 sec
learning rate 0.0000762 -> 0.0000759
End of epoch 572 / 800 	 Time Taken: 30 sec
learning rate 0.0000759 -> 0.0000755
(epoch: 573, iters: 320, time: 0.105, data: 1.665) D_A: 0.224 G_A: 0.435 cycle_A: 0.939 idt_A: 0.341 D_B: 0.205 G_B: 0.372 cycle_B: 0.458 idt_B: 0.271 
End of epoch 573 / 800 	 Time Taken: 34 sec
learning rate 0.0000755 -> 0.0000752
End of epoch 574 / 800 	 Time Taken: 31 sec
learning rate 0.0000752 -> 0.0000749
(epoch: 575, iters: 640, time: 0.095, data: 0.026) D_A: 0.161 G_A: 0.528 cycle_A: 1.476 idt_A: 0.448 D_B: 0.169 G_B: 0.424 cycle_B: 0.565 idt_B: 0.503 
saving the model at the end of epoch 575, iters 112000
End of epoch 575 / 800 	 Time Taken: 35 sec
learning rate 0.0000749 -> 0.0000745
End of epoch 576 / 800 	 Time Taken: 31 sec
learning rate 0.0000745 -> 0.0000742
End of epoch 577 / 800 	 Time Taken: 30 sec
learning rate 0.0000742 -> 0.0000739
(epoch: 578, iters: 320, time: 0.103, data: 1.703) D_A: 0.220 G_A: 0.494 cycle_A: 0.897 idt_A: 0.379 D_B: 0.218 G_B: 0.352 cycle_B: 0.419 idt_B: 0.253 
End of epoch 578 / 800 	 Time Taken: 34 sec
learning rate 0.0000739 -> 0.0000735
End of epoch 579 / 800 	 Time Taken: 31 sec
learning rate 0.0000735 -> 0.0000732
(epoch: 580, iters: 640, time: 0.093, data: 0.030) D_A: 0.180 G_A: 0.571 cycle_A: 1.716 idt_A: 0.559 D_B: 0.129 G_B: 0.483 cycle_B: 0.540 idt_B: 0.491 
saving the model at the end of epoch 580, iters 115200
End of epoch 580 / 800 	 Time Taken: 34 sec
learning rate 0.0000732 -> 0.0000729
End of epoch 581 / 800 	 Time Taken: 30 sec
learning rate 0.0000729 -> 0.0000725
End of epoch 582 / 800 	 Time Taken: 30 sec
learning rate 0.0000725 -> 0.0000722
(epoch: 583, iters: 320, time: 0.114, data: 1.654) D_A: 0.207 G_A: 0.355 cycle_A: 0.985 idt_A: 0.390 D_B: 0.209 G_B: 0.370 cycle_B: 0.541 idt_B: 0.279 
End of epoch 583 / 800 	 Time Taken: 35 sec
learning rate 0.0000722 -> 0.0000719
End of epoch 584 / 800 	 Time Taken: 30 sec
learning rate 0.0000719 -> 0.0000715
(epoch: 585, iters: 640, time: 0.096, data: 0.033) D_A: 0.222 G_A: 0.409 cycle_A: 1.231 idt_A: 0.473 D_B: 0.230 G_B: 0.353 cycle_B: 0.593 idt_B: 0.313 
saving the model at the end of epoch 585, iters 118400
End of epoch 585 / 800 	 Time Taken: 35 sec
learning rate 0.0000715 -> 0.0000712
End of epoch 586 / 800 	 Time Taken: 31 sec
learning rate 0.0000712 -> 0.0000709
End of epoch 587 / 800 	 Time Taken: 30 sec
learning rate 0.0000709 -> 0.0000705
(epoch: 588, iters: 320, time: 0.104, data: 1.722) D_A: 0.214 G_A: 0.435 cycle_A: 1.220 idt_A: 0.397 D_B: 0.192 G_B: 0.385 cycle_B: 0.485 idt_B: 0.289 
End of epoch 588 / 800 	 Time Taken: 34 sec
learning rate 0.0000705 -> 0.0000702
End of epoch 589 / 800 	 Time Taken: 31 sec
learning rate 0.0000702 -> 0.0000699
(epoch: 590, iters: 640, time: 0.102, data: 0.030) D_A: 0.174 G_A: 0.395 cycle_A: 1.215 idt_A: 1.198 D_B: 0.184 G_B: 0.426 cycle_B: 1.058 idt_B: 0.342 
saving the model at the end of epoch 590, iters 121600
End of epoch 590 / 800 	 Time Taken: 35 sec
learning rate 0.0000699 -> 0.0000696
End of epoch 591 / 800 	 Time Taken: 31 sec
learning rate 0.0000696 -> 0.0000692
End of epoch 592 / 800 	 Time Taken: 30 sec
learning rate 0.0000692 -> 0.0000689
(epoch: 593, iters: 320, time: 0.111, data: 1.658) D_A: 0.188 G_A: 0.546 cycle_A: 1.082 idt_A: 0.357 D_B: 0.181 G_B: 0.402 cycle_B: 0.461 idt_B: 0.256 
End of epoch 593 / 800 	 Time Taken: 35 sec
learning rate 0.0000689 -> 0.0000686
End of epoch 594 / 800 	 Time Taken: 31 sec
learning rate 0.0000686 -> 0.0000682
(epoch: 595, iters: 640, time: 0.099, data: 0.032) D_A: 0.230 G_A: 0.469 cycle_A: 1.178 idt_A: 0.759 D_B: 0.191 G_B: 0.369 cycle_B: 0.632 idt_B: 0.369 
saving the model at the end of epoch 595, iters 124800
End of epoch 595 / 800 	 Time Taken: 35 sec
learning rate 0.0000682 -> 0.0000679
End of epoch 596 / 800 	 Time Taken: 31 sec
learning rate 0.0000679 -> 0.0000676
End of epoch 597 / 800 	 Time Taken: 30 sec
learning rate 0.0000676 -> 0.0000672
(epoch: 598, iters: 320, time: 0.107, data: 1.608) D_A: 0.168 G_A: 0.343 cycle_A: 0.796 idt_A: 0.479 D_B: 0.196 G_B: 0.462 cycle_B: 0.531 idt_B: 0.226 
End of epoch 598 / 800 	 Time Taken: 35 sec
learning rate 0.0000672 -> 0.0000669
End of epoch 599 / 800 	 Time Taken: 29 sec
learning rate 0.0000669 -> 0.0000666
(epoch: 600, iters: 640, time: 0.104, data: 0.027) D_A: 0.252 G_A: 0.429 cycle_A: 0.965 idt_A: 0.428 D_B: 0.206 G_B: 0.338 cycle_B: 0.517 idt_B: 0.271 
saving the model at the end of epoch 600, iters 128000
End of epoch 600 / 800 	 Time Taken: 36 sec
learning rate 0.0000666 -> 0.0000662
End of epoch 601 / 800 	 Time Taken: 31 sec
learning rate 0.0000662 -> 0.0000659
End of epoch 602 / 800 	 Time Taken: 30 sec
learning rate 0.0000659 -> 0.0000656
(epoch: 603, iters: 320, time: 0.105, data: 1.661) D_A: 0.216 G_A: 0.458 cycle_A: 0.930 idt_A: 0.324 D_B: 0.204 G_B: 0.368 cycle_B: 0.466 idt_B: 0.217 
End of epoch 603 / 800 	 Time Taken: 35 sec
learning rate 0.0000656 -> 0.0000652
End of epoch 604 / 800 	 Time Taken: 30 sec
learning rate 0.0000652 -> 0.0000649
(epoch: 605, iters: 640, time: 0.098, data: 0.030) D_A: 0.227 G_A: 0.449 cycle_A: 1.531 idt_A: 0.511 D_B: 0.217 G_B: 0.338 cycle_B: 0.578 idt_B: 0.458 
saving the model at the end of epoch 605, iters 131200
End of epoch 605 / 800 	 Time Taken: 35 sec
learning rate 0.0000649 -> 0.0000646
End of epoch 606 / 800 	 Time Taken: 32 sec
learning rate 0.0000646 -> 0.0000642
End of epoch 607 / 800 	 Time Taken: 30 sec
learning rate 0.0000642 -> 0.0000639
(epoch: 608, iters: 320, time: 0.097, data: 1.672) D_A: 0.195 G_A: 0.397 cycle_A: 0.759 idt_A: 0.341 D_B: 0.197 G_B: 0.370 cycle_B: 0.389 idt_B: 0.206 
End of epoch 608 / 800 	 Time Taken: 34 sec
learning rate 0.0000639 -> 0.0000636
End of epoch 609 / 800 	 Time Taken: 30 sec
learning rate 0.0000636 -> 0.0000632
(epoch: 610, iters: 640, time: 0.099, data: 0.030) D_A: 0.211 G_A: 0.466 cycle_A: 1.302 idt_A: 0.894 D_B: 0.170 G_B: 0.341 cycle_B: 0.810 idt_B: 0.404 
saving the model at the end of epoch 610, iters 134400
End of epoch 610 / 800 	 Time Taken: 35 sec
learning rate 0.0000632 -> 0.0000629
End of epoch 611 / 800 	 Time Taken: 31 sec
learning rate 0.0000629 -> 0.0000626
End of epoch 612 / 800 	 Time Taken: 30 sec
learning rate 0.0000626 -> 0.0000622
(epoch: 613, iters: 320, time: 0.099, data: 1.657) D_A: 0.192 G_A: 0.436 cycle_A: 0.948 idt_A: 0.326 D_B: 0.197 G_B: 0.338 cycle_B: 0.438 idt_B: 0.209 
End of epoch 613 / 800 	 Time Taken: 34 sec
learning rate 0.0000622 -> 0.0000619
End of epoch 614 / 800 	 Time Taken: 30 sec
learning rate 0.0000619 -> 0.0000616
(epoch: 615, iters: 640, time: 0.093, data: 0.029) D_A: 0.184 G_A: 0.407 cycle_A: 1.612 idt_A: 0.458 D_B: 0.190 G_B: 0.401 cycle_B: 0.577 idt_B: 0.489 
saving the model at the end of epoch 615, iters 137600
End of epoch 615 / 800 	 Time Taken: 34 sec
learning rate 0.0000616 -> 0.0000612
End of epoch 616 / 800 	 Time Taken: 31 sec
learning rate 0.0000612 -> 0.0000609
End of epoch 617 / 800 	 Time Taken: 31 sec
learning rate 0.0000609 -> 0.0000606
(epoch: 618, iters: 320, time: 0.100, data: 1.665) D_A: 0.199 G_A: 0.451 cycle_A: 1.067 idt_A: 0.341 D_B: 0.179 G_B: 0.347 cycle_B: 0.488 idt_B: 0.210 
End of epoch 618 / 800 	 Time Taken: 34 sec
learning rate 0.0000606 -> 0.0000602
End of epoch 619 / 800 	 Time Taken: 30 sec
learning rate 0.0000602 -> 0.0000599
(epoch: 620, iters: 640, time: 0.096, data: 0.028) D_A: 0.191 G_A: 0.407 cycle_A: 1.078 idt_A: 0.455 D_B: 0.193 G_B: 0.341 cycle_B: 0.591 idt_B: 0.327 
saving the model at the end of epoch 620, iters 140800
End of epoch 620 / 800 	 Time Taken: 35 sec
learning rate 0.0000599 -> 0.0000596
End of epoch 621 / 800 	 Time Taken: 32 sec
learning rate 0.0000596 -> 0.0000592
End of epoch 622 / 800 	 Time Taken: 32 sec
learning rate 0.0000592 -> 0.0000589
(epoch: 623, iters: 320, time: 0.106, data: 1.763) D_A: 0.194 G_A: 0.449 cycle_A: 0.824 idt_A: 0.341 D_B: 0.201 G_B: 0.394 cycle_B: 0.426 idt_B: 0.194 
End of epoch 623 / 800 	 Time Taken: 34 sec
learning rate 0.0000589 -> 0.0000586
End of epoch 624 / 800 	 Time Taken: 30 sec
learning rate 0.0000586 -> 0.0000582
(epoch: 625, iters: 640, time: 0.099, data: 0.031) D_A: 0.225 G_A: 0.439 cycle_A: 1.424 idt_A: 0.517 D_B: 0.209 G_B: 0.342 cycle_B: 0.542 idt_B: 0.439 
saving the model at the end of epoch 625, iters 144000
End of epoch 625 / 800 	 Time Taken: 34 sec
learning rate 0.0000582 -> 0.0000579
End of epoch 626 / 800 	 Time Taken: 30 sec
learning rate 0.0000579 -> 0.0000576
End of epoch 627 / 800 	 Time Taken: 31 sec
learning rate 0.0000576 -> 0.0000572
(epoch: 628, iters: 320, time: 0.119, data: 1.663) D_A: 0.173 G_A: 0.476 cycle_A: 0.828 idt_A: 0.337 D_B: 0.180 G_B: 0.384 cycle_B: 0.417 idt_B: 0.214 
End of epoch 628 / 800 	 Time Taken: 36 sec
learning rate 0.0000572 -> 0.0000569
End of epoch 629 / 800 	 Time Taken: 30 sec
learning rate 0.0000569 -> 0.0000566
(epoch: 630, iters: 640, time: 0.096, data: 0.028) D_A: 0.201 G_A: 0.313 cycle_A: 1.127 idt_A: 0.411 D_B: 0.220 G_B: 0.459 cycle_B: 0.470 idt_B: 0.290 
saving the model at the end of epoch 630, iters 147200
End of epoch 630 / 800 	 Time Taken: 34 sec
learning rate 0.0000566 -> 0.0000562
End of epoch 631 / 800 	 Time Taken: 29 sec
learning rate 0.0000562 -> 0.0000559
End of epoch 632 / 800 	 Time Taken: 30 sec
learning rate 0.0000559 -> 0.0000556
(epoch: 633, iters: 320, time: 0.105, data: 1.645) D_A: 0.176 G_A: 0.471 cycle_A: 0.955 idt_A: 0.324 D_B: 0.192 G_B: 0.413 cycle_B: 0.480 idt_B: 0.220 
End of epoch 633 / 800 	 Time Taken: 35 sec
learning rate 0.0000556 -> 0.0000552
End of epoch 634 / 800 	 Time Taken: 31 sec
learning rate 0.0000552 -> 0.0000549
(epoch: 635, iters: 640, time: 0.098, data: 0.025) D_A: 0.202 G_A: 0.362 cycle_A: 1.159 idt_A: 0.520 D_B: 0.232 G_B: 0.525 cycle_B: 0.703 idt_B: 0.342 
saving the model at the end of epoch 635, iters 150400
End of epoch 635 / 800 	 Time Taken: 35 sec
learning rate 0.0000549 -> 0.0000546
End of epoch 636 / 800 	 Time Taken: 31 sec
learning rate 0.0000546 -> 0.0000542
End of epoch 637 / 800 	 Time Taken: 31 sec
learning rate 0.0000542 -> 0.0000539
(epoch: 638, iters: 320, time: 0.113, data: 1.690) D_A: 0.207 G_A: 0.376 cycle_A: 0.748 idt_A: 0.387 D_B: 0.204 G_B: 0.394 cycle_B: 0.460 idt_B: 0.189 
End of epoch 638 / 800 	 Time Taken: 35 sec
learning rate 0.0000539 -> 0.0000536
End of epoch 639 / 800 	 Time Taken: 30 sec
learning rate 0.0000536 -> 0.0000532
(epoch: 640, iters: 640, time: 0.097, data: 0.026) D_A: 0.209 G_A: 0.556 cycle_A: 1.361 idt_A: 0.433 D_B: 0.179 G_B: 0.407 cycle_B: 0.550 idt_B: 0.395 
saving the model at the end of epoch 640, iters 153600
End of epoch 640 / 800 	 Time Taken: 34 sec
learning rate 0.0000532 -> 0.0000529
End of epoch 641 / 800 	 Time Taken: 30 sec
learning rate 0.0000529 -> 0.0000526
End of epoch 642 / 800 	 Time Taken: 31 sec
learning rate 0.0000526 -> 0.0000522
(epoch: 643, iters: 320, time: 0.122, data: 1.665) D_A: 0.200 G_A: 0.453 cycle_A: 0.814 idt_A: 0.324 D_B: 0.192 G_B: 0.412 cycle_B: 0.415 idt_B: 0.218 
End of epoch 643 / 800 	 Time Taken: 36 sec
learning rate 0.0000522 -> 0.0000519
End of epoch 644 / 800 	 Time Taken: 30 sec
learning rate 0.0000519 -> 0.0000516
(epoch: 645, iters: 640, time: 0.100, data: 0.028) D_A: 0.204 G_A: 0.358 cycle_A: 1.070 idt_A: 0.506 D_B: 0.225 G_B: 0.475 cycle_B: 0.668 idt_B: 0.321 
saving the model at the end of epoch 645, iters 156800
End of epoch 645 / 800 	 Time Taken: 34 sec
learning rate 0.0000516 -> 0.0000512
End of epoch 646 / 800 	 Time Taken: 29 sec
learning rate 0.0000512 -> 0.0000509
End of epoch 647 / 800 	 Time Taken: 30 sec
learning rate 0.0000509 -> 0.0000506
(epoch: 648, iters: 320, time: 0.109, data: 1.680) D_A: 0.191 G_A: 0.393 cycle_A: 0.822 idt_A: 0.308 D_B: 0.200 G_B: 0.349 cycle_B: 0.407 idt_B: 0.219 
End of epoch 648 / 800 	 Time Taken: 35 sec
learning rate 0.0000506 -> 0.0000502
End of epoch 649 / 800 	 Time Taken: 31 sec
learning rate 0.0000502 -> 0.0000499
(epoch: 650, iters: 640, time: 0.100, data: 0.029) D_A: 0.166 G_A: 0.466 cycle_A: 1.291 idt_A: 0.819 D_B: 0.170 G_B: 0.490 cycle_B: 0.787 idt_B: 0.386 
saving the model at the end of epoch 650, iters 160000
End of epoch 650 / 800 	 Time Taken: 36 sec
learning rate 0.0000499 -> 0.0000496
End of epoch 651 / 800 	 Time Taken: 31 sec
learning rate 0.0000496 -> 0.0000493
End of epoch 652 / 800 	 Time Taken: 31 sec
learning rate 0.0000493 -> 0.0000489
(epoch: 653, iters: 320, time: 0.111, data: 1.676) D_A: 0.206 G_A: 0.540 cycle_A: 0.943 idt_A: 0.303 D_B: 0.201 G_B: 0.312 cycle_B: 0.362 idt_B: 0.312 
End of epoch 653 / 800 	 Time Taken: 35 sec
learning rate 0.0000489 -> 0.0000486
End of epoch 654 / 800 	 Time Taken: 30 sec
learning rate 0.0000486 -> 0.0000483
(epoch: 655, iters: 640, time: 0.101, data: 0.027) D_A: 0.186 G_A: 0.414 cycle_A: 1.162 idt_A: 0.436 D_B: 0.213 G_B: 0.411 cycle_B: 0.529 idt_B: 0.367 
saving the model at the end of epoch 655, iters 163200
End of epoch 655 / 800 	 Time Taken: 35 sec
learning rate 0.0000483 -> 0.0000479
End of epoch 656 / 800 	 Time Taken: 30 sec
learning rate 0.0000479 -> 0.0000476
End of epoch 657 / 800 	 Time Taken: 30 sec
learning rate 0.0000476 -> 0.0000473
(epoch: 658, iters: 320, time: 0.116, data: 1.665) D_A: 0.209 G_A: 0.445 cycle_A: 0.857 idt_A: 0.318 D_B: 0.203 G_B: 0.373 cycle_B: 0.349 idt_B: 0.228 
End of epoch 658 / 800 	 Time Taken: 36 sec
learning rate 0.0000473 -> 0.0000469
End of epoch 659 / 800 	 Time Taken: 31 sec
learning rate 0.0000469 -> 0.0000466
(epoch: 660, iters: 640, time: 0.103, data: 0.025) D_A: 0.187 G_A: 0.368 cycle_A: 1.134 idt_A: 0.384 D_B: 0.195 G_B: 0.395 cycle_B: 0.493 idt_B: 0.339 
saving the model at the end of epoch 660, iters 166400
End of epoch 660 / 800 	 Time Taken: 34 sec
learning rate 0.0000466 -> 0.0000463
End of epoch 661 / 800 	 Time Taken: 30 sec
learning rate 0.0000463 -> 0.0000459
End of epoch 662 / 800 	 Time Taken: 30 sec
learning rate 0.0000459 -> 0.0000456
(epoch: 663, iters: 320, time: 0.109, data: 1.663) D_A: 0.192 G_A: 0.359 cycle_A: 0.952 idt_A: 0.325 D_B: 0.196 G_B: 0.475 cycle_B: 0.384 idt_B: 0.252 
End of epoch 663 / 800 	 Time Taken: 34 sec
learning rate 0.0000456 -> 0.0000453
End of epoch 664 / 800 	 Time Taken: 31 sec
learning rate 0.0000453 -> 0.0000449
(epoch: 665, iters: 640, time: 0.106, data: 0.028) D_A: 0.177 G_A: 0.399 cycle_A: 1.144 idt_A: 0.406 D_B: 0.181 G_B: 0.468 cycle_B: 0.502 idt_B: 0.307 
saving the model at the end of epoch 665, iters 169600
End of epoch 665 / 800 	 Time Taken: 36 sec
learning rate 0.0000449 -> 0.0000446
End of epoch 666 / 800 	 Time Taken: 31 sec
learning rate 0.0000446 -> 0.0000443
End of epoch 667 / 800 	 Time Taken: 31 sec
learning rate 0.0000443 -> 0.0000439
(epoch: 668, iters: 320, time: 0.109, data: 1.687) D_A: 0.194 G_A: 0.400 cycle_A: 0.834 idt_A: 0.302 D_B: 0.202 G_B: 0.381 cycle_B: 0.381 idt_B: 0.231 
End of epoch 668 / 800 	 Time Taken: 34 sec
learning rate 0.0000439 -> 0.0000436
End of epoch 669 / 800 	 Time Taken: 31 sec
learning rate 0.0000436 -> 0.0000433
(epoch: 670, iters: 640, time: 0.105, data: 0.028) D_A: 0.196 G_A: 0.362 cycle_A: 1.419 idt_A: 0.437 D_B: 0.202 G_B: 0.413 cycle_B: 0.526 idt_B: 0.406 
saving the model at the end of epoch 670, iters 172800
End of epoch 670 / 800 	 Time Taken: 35 sec
learning rate 0.0000433 -> 0.0000429
End of epoch 671 / 800 	 Time Taken: 29 sec
learning rate 0.0000429 -> 0.0000426
End of epoch 672 / 800 	 Time Taken: 30 sec
learning rate 0.0000426 -> 0.0000423
(epoch: 673, iters: 320, time: 0.105, data: 1.667) D_A: 0.170 G_A: 0.454 cycle_A: 0.755 idt_A: 0.302 D_B: 0.189 G_B: 0.459 cycle_B: 0.376 idt_B: 0.192 
End of epoch 673 / 800 	 Time Taken: 35 sec
learning rate 0.0000423 -> 0.0000419
End of epoch 674 / 800 	 Time Taken: 31 sec
learning rate 0.0000419 -> 0.0000416
(epoch: 675, iters: 640, time: 0.105, data: 0.025) D_A: 0.202 G_A: 0.501 cycle_A: 1.210 idt_A: 0.575 D_B: 0.225 G_B: 0.343 cycle_B: 0.650 idt_B: 0.387 
saving the model at the end of epoch 675, iters 176000
End of epoch 675 / 800 	 Time Taken: 35 sec
learning rate 0.0000416 -> 0.0000413
End of epoch 676 / 800 	 Time Taken: 31 sec
learning rate 0.0000413 -> 0.0000409
End of epoch 677 / 800 	 Time Taken: 30 sec
learning rate 0.0000409 -> 0.0000406
(epoch: 678, iters: 320, time: 0.111, data: 1.814) D_A: 0.183 G_A: 0.397 cycle_A: 0.684 idt_A: 0.310 D_B: 0.194 G_B: 0.387 cycle_B: 0.390 idt_B: 0.202 
End of epoch 678 / 800 	 Time Taken: 34 sec
learning rate 0.0000406 -> 0.0000403
End of epoch 679 / 800 	 Time Taken: 31 sec
learning rate 0.0000403 -> 0.0000399
(epoch: 680, iters: 640, time: 0.104, data: 0.025) D_A: 0.215 G_A: 0.528 cycle_A: 1.112 idt_A: 0.459 D_B: 0.170 G_B: 0.413 cycle_B: 0.552 idt_B: 0.277 
saving the model at the end of epoch 680, iters 179200
End of epoch 680 / 800 	 Time Taken: 35 sec
learning rate 0.0000399 -> 0.0000396
End of epoch 681 / 800 	 Time Taken: 31 sec
learning rate 0.0000396 -> 0.0000393
End of epoch 682 / 800 	 Time Taken: 31 sec
learning rate 0.0000393 -> 0.0000389
(epoch: 683, iters: 320, time: 0.109, data: 1.673) D_A: 0.175 G_A: 0.348 cycle_A: 0.683 idt_A: 0.301 D_B: 0.200 G_B: 0.470 cycle_B: 0.367 idt_B: 0.191 
End of epoch 683 / 800 	 Time Taken: 34 sec
learning rate 0.0000389 -> 0.0000386
End of epoch 684 / 800 	 Time Taken: 31 sec
learning rate 0.0000386 -> 0.0000383
(epoch: 685, iters: 640, time: 0.107, data: 0.024) D_A: 0.185 G_A: 0.479 cycle_A: 1.075 idt_A: 0.687 D_B: 0.176 G_B: 0.413 cycle_B: 0.620 idt_B: 0.310 
saving the model at the end of epoch 685, iters 182400
End of epoch 685 / 800 	 Time Taken: 36 sec
learning rate 0.0000383 -> 0.0000379
End of epoch 686 / 800 	 Time Taken: 31 sec
learning rate 0.0000379 -> 0.0000376
End of epoch 687 / 800 	 Time Taken: 30 sec
learning rate 0.0000376 -> 0.0000373
(epoch: 688, iters: 320, time: 0.115, data: 1.702) D_A: 0.176 G_A: 0.377 cycle_A: 0.924 idt_A: 0.344 D_B: 0.197 G_B: 0.470 cycle_B: 0.441 idt_B: 0.262 
End of epoch 688 / 800 	 Time Taken: 35 sec
learning rate 0.0000373 -> 0.0000369
End of epoch 689 / 800 	 Time Taken: 30 sec
learning rate 0.0000369 -> 0.0000366
(epoch: 690, iters: 640, time: 0.107, data: 0.025) D_A: 0.201 G_A: 0.504 cycle_A: 1.031 idt_A: 0.404 D_B: 0.214 G_B: 0.342 cycle_B: 0.424 idt_B: 0.348 
saving the model at the end of epoch 690, iters 185600
End of epoch 690 / 800 	 Time Taken: 36 sec
learning rate 0.0000366 -> 0.0000363
End of epoch 691 / 800 	 Time Taken: 31 sec
learning rate 0.0000363 -> 0.0000359
End of epoch 692 / 800 	 Time Taken: 28 sec
learning rate 0.0000359 -> 0.0000356
(epoch: 693, iters: 320, time: 0.119, data: 1.688) D_A: 0.184 G_A: 0.437 cycle_A: 0.786 idt_A: 0.303 D_B: 0.181 G_B: 0.424 cycle_B: 0.335 idt_B: 0.211 
End of epoch 693 / 800 	 Time Taken: 34 sec
learning rate 0.0000356 -> 0.0000353
End of epoch 694 / 800 	 Time Taken: 28 sec
learning rate 0.0000353 -> 0.0000349
(epoch: 695, iters: 640, time: 0.126, data: 0.033) D_A: 0.188 G_A: 0.403 cycle_A: 1.191 idt_A: 0.370 D_B: 0.200 G_B: 0.429 cycle_B: 0.474 idt_B: 0.337 
saving the model at the end of epoch 695, iters 188800
End of epoch 695 / 800 	 Time Taken: 35 sec
learning rate 0.0000349 -> 0.0000346
End of epoch 696 / 800 	 Time Taken: 28 sec
learning rate 0.0000346 -> 0.0000343
End of epoch 697 / 800 	 Time Taken: 28 sec
learning rate 0.0000343 -> 0.0000339
(epoch: 698, iters: 320, time: 0.134, data: 1.890) D_A: 0.187 G_A: 0.391 cycle_A: 0.624 idt_A: 0.266 D_B: 0.189 G_B: 0.459 cycle_B: 0.320 idt_B: 0.174 
End of epoch 698 / 800 	 Time Taken: 34 sec
learning rate 0.0000339 -> 0.0000336
End of epoch 699 / 800 	 Time Taken: 29 sec
learning rate 0.0000336 -> 0.0000333
(epoch: 700, iters: 640, time: 0.137, data: 0.027) D_A: 0.180 G_A: 0.439 cycle_A: 0.924 idt_A: 0.514 D_B: 0.197 G_B: 0.444 cycle_B: 0.549 idt_B: 0.273 
saving the model at the end of epoch 700, iters 192000
End of epoch 700 / 800 	 Time Taken: 35 sec
learning rate 0.0000333 -> 0.0000329
End of epoch 701 / 800 	 Time Taken: 29 sec
learning rate 0.0000329 -> 0.0000326
End of epoch 702 / 800 	 Time Taken: 28 sec
learning rate 0.0000326 -> 0.0000323
(epoch: 703, iters: 320, time: 0.132, data: 1.872) D_A: 0.179 G_A: 0.435 cycle_A: 0.660 idt_A: 0.298 D_B: 0.190 G_B: 0.355 cycle_B: 0.374 idt_B: 0.176 
End of epoch 703 / 800 	 Time Taken: 34 sec
learning rate 0.0000323 -> 0.0000319
End of epoch 704 / 800 	 Time Taken: 28 sec
learning rate 0.0000319 -> 0.0000316
(epoch: 705, iters: 640, time: 0.122, data: 0.027) D_A: 0.172 G_A: 0.421 cycle_A: 0.923 idt_A: 0.342 D_B: 0.194 G_B: 0.403 cycle_B: 0.429 idt_B: 0.312 
saving the model at the end of epoch 705, iters 195200
End of epoch 705 / 800 	 Time Taken: 34 sec
learning rate 0.0000316 -> 0.0000313
End of epoch 706 / 800 	 Time Taken: 29 sec
learning rate 0.0000313 -> 0.0000309
End of epoch 707 / 800 	 Time Taken: 28 sec
learning rate 0.0000309 -> 0.0000306
(epoch: 708, iters: 320, time: 0.136, data: 1.890) D_A: 0.187 G_A: 0.385 cycle_A: 0.660 idt_A: 0.296 D_B: 0.189 G_B: 0.382 cycle_B: 0.363 idt_B: 0.178 
End of epoch 708 / 800 	 Time Taken: 35 sec
learning rate 0.0000306 -> 0.0000303
End of epoch 709 / 800 	 Time Taken: 29 sec
learning rate 0.0000303 -> 0.0000300
(epoch: 710, iters: 640, time: 0.122, data: 0.027) D_A: 0.191 G_A: 0.446 cycle_A: 1.078 idt_A: 0.393 D_B: 0.185 G_B: 0.422 cycle_B: 0.495 idt_B: 0.323 
saving the model at the end of epoch 710, iters 198400
End of epoch 710 / 800 	 Time Taken: 34 sec
learning rate 0.0000300 -> 0.0000296
End of epoch 711 / 800 	 Time Taken: 29 sec
learning rate 0.0000296 -> 0.0000293
End of epoch 712 / 800 	 Time Taken: 28 sec
learning rate 0.0000293 -> 0.0000290
(epoch: 713, iters: 320, time: 0.129, data: 1.727) D_A: 0.181 G_A: 0.359 cycle_A: 0.842 idt_A: 0.307 D_B: 0.182 G_B: 0.371 cycle_B: 0.367 idt_B: 0.217 
End of epoch 713 / 800 	 Time Taken: 34 sec
learning rate 0.0000290 -> 0.0000286
End of epoch 714 / 800 	 Time Taken: 28 sec
learning rate 0.0000286 -> 0.0000283
(epoch: 715, iters: 640, time: 0.129, data: 0.027) D_A: 0.202 G_A: 0.433 cycle_A: 1.152 idt_A: 0.460 D_B: 0.208 G_B: 0.446 cycle_B: 0.527 idt_B: 0.337 
saving the model at the end of epoch 715, iters 201600
End of epoch 715 / 800 	 Time Taken: 34 sec
learning rate 0.0000283 -> 0.0000280
End of epoch 716 / 800 	 Time Taken: 28 sec
learning rate 0.0000280 -> 0.0000276
End of epoch 717 / 800 	 Time Taken: 28 sec
learning rate 0.0000276 -> 0.0000273
(epoch: 718, iters: 320, time: 0.138, data: 1.872) D_A: 0.173 G_A: 0.442 cycle_A: 0.803 idt_A: 0.287 D_B: 0.172 G_B: 0.433 cycle_B: 0.337 idt_B: 0.220 
End of epoch 718 / 800 	 Time Taken: 34 sec
learning rate 0.0000273 -> 0.0000270
End of epoch 719 / 800 	 Time Taken: 28 sec
learning rate 0.0000270 -> 0.0000266
(epoch: 720, iters: 640, time: 0.140, data: 0.029) D_A: 0.159 G_A: 0.468 cycle_A: 0.914 idt_A: 0.382 D_B: 0.178 G_B: 0.476 cycle_B: 0.439 idt_B: 0.262 
saving the model at the end of epoch 720, iters 204800
End of epoch 720 / 800 	 Time Taken: 35 sec
learning rate 0.0000266 -> 0.0000263
End of epoch 721 / 800 	 Time Taken: 29 sec
learning rate 0.0000263 -> 0.0000260
End of epoch 722 / 800 	 Time Taken: 28 sec
learning rate 0.0000260 -> 0.0000256
(epoch: 723, iters: 320, time: 0.114, data: 1.893) D_A: 0.181 G_A: 0.451 cycle_A: 0.776 idt_A: 0.353 D_B: 0.170 G_B: 0.392 cycle_B: 0.384 idt_B: 0.194 
End of epoch 723 / 800 	 Time Taken: 34 sec
learning rate 0.0000256 -> 0.0000253
End of epoch 724 / 800 	 Time Taken: 28 sec
learning rate 0.0000253 -> 0.0000250
(epoch: 725, iters: 640, time: 0.131, data: 0.027) D_A: 0.170 G_A: 0.461 cycle_A: 1.053 idt_A: 0.561 D_B: 0.180 G_B: 0.440 cycle_B: 0.481 idt_B: 0.335 
saving the model at the end of epoch 725, iters 208000
End of epoch 725 / 800 	 Time Taken: 35 sec
learning rate 0.0000250 -> 0.0000246
End of epoch 726 / 800 	 Time Taken: 29 sec
learning rate 0.0000246 -> 0.0000243
End of epoch 727 / 800 	 Time Taken: 28 sec
learning rate 0.0000243 -> 0.0000240
(epoch: 728, iters: 320, time: 0.131, data: 1.882) D_A: 0.170 G_A: 0.380 cycle_A: 0.657 idt_A: 0.273 D_B: 0.191 G_B: 0.409 cycle_B: 0.318 idt_B: 0.204 
End of epoch 728 / 800 	 Time Taken: 34 sec
learning rate 0.0000240 -> 0.0000236
End of epoch 729 / 800 	 Time Taken: 28 sec
learning rate 0.0000236 -> 0.0000233
(epoch: 730, iters: 640, time: 0.133, data: 0.027) D_A: 0.161 G_A: 0.472 cycle_A: 0.922 idt_A: 0.450 D_B: 0.179 G_B: 0.397 cycle_B: 0.495 idt_B: 0.320 
saving the model at the end of epoch 730, iters 211200
End of epoch 730 / 800 	 Time Taken: 35 sec
learning rate 0.0000233 -> 0.0000230
End of epoch 731 / 800 	 Time Taken: 28 sec
learning rate 0.0000230 -> 0.0000226
End of epoch 732 / 800 	 Time Taken: 28 sec
learning rate 0.0000226 -> 0.0000223
(epoch: 733, iters: 320, time: 0.124, data: 1.745) D_A: 0.178 G_A: 0.427 cycle_A: 0.650 idt_A: 0.270 D_B: 0.182 G_B: 0.388 cycle_B: 0.338 idt_B: 0.189 
End of epoch 733 / 800 	 Time Taken: 34 sec
learning rate 0.0000223 -> 0.0000220
End of epoch 734 / 800 	 Time Taken: 29 sec
learning rate 0.0000220 -> 0.0000216
(epoch: 735, iters: 640, time: 0.131, data: 0.030) D_A: 0.210 G_A: 0.427 cycle_A: 0.823 idt_A: 0.644 D_B: 0.184 G_B: 0.431 cycle_B: 0.687 idt_B: 0.228 
saving the model at the end of epoch 735, iters 214400
End of epoch 735 / 800 	 Time Taken: 35 sec
learning rate 0.0000216 -> 0.0000213
End of epoch 736 / 800 	 Time Taken: 29 sec
learning rate 0.0000213 -> 0.0000210
End of epoch 737 / 800 	 Time Taken: 28 sec
learning rate 0.0000210 -> 0.0000206
(epoch: 738, iters: 320, time: 0.131, data: 1.912) D_A: 0.182 G_A: 0.393 cycle_A: 0.690 idt_A: 0.267 D_B: 0.188 G_B: 0.454 cycle_B: 0.323 idt_B: 0.200 
End of epoch 738 / 800 	 Time Taken: 35 sec
learning rate 0.0000206 -> 0.0000203
End of epoch 739 / 800 	 Time Taken: 29 sec
learning rate 0.0000203 -> 0.0000200
(epoch: 740, iters: 640, time: 0.110, data: 0.029) D_A: 0.176 G_A: 0.518 cycle_A: 0.979 idt_A: 0.501 D_B: 0.151 G_B: 0.458 cycle_B: 0.548 idt_B: 0.326 
saving the model at the end of epoch 740, iters 217600
End of epoch 740 / 800 	 Time Taken: 33 sec
learning rate 0.0000200 -> 0.0000196
End of epoch 741 / 800 	 Time Taken: 28 sec
learning rate 0.0000196 -> 0.0000193
End of epoch 742 / 800 	 Time Taken: 28 sec
learning rate 0.0000193 -> 0.0000190
(epoch: 743, iters: 320, time: 0.108, data: 1.771) D_A: 0.165 G_A: 0.460 cycle_A: 0.646 idt_A: 0.256 D_B: 0.174 G_B: 0.429 cycle_B: 0.324 idt_B: 0.175 
End of epoch 743 / 800 	 Time Taken: 33 sec
learning rate 0.0000190 -> 0.0000186
End of epoch 744 / 800 	 Time Taken: 28 sec
learning rate 0.0000186 -> 0.0000183
(epoch: 745, iters: 640, time: 0.115, data: 0.020) D_A: 0.164 G_A: 0.417 cycle_A: 0.915 idt_A: 0.335 D_B: 0.181 G_B: 0.486 cycle_B: 0.438 idt_B: 0.237 
saving the model at the end of epoch 745, iters 220800
End of epoch 745 / 800 	 Time Taken: 34 sec
learning rate 0.0000183 -> 0.0000180
End of epoch 746 / 800 	 Time Taken: 29 sec
learning rate 0.0000180 -> 0.0000176
End of epoch 747 / 800 	 Time Taken: 29 sec
learning rate 0.0000176 -> 0.0000173
(epoch: 748, iters: 320, time: 0.134, data: 1.681) D_A: 0.184 G_A: 0.476 cycle_A: 0.680 idt_A: 0.306 D_B: 0.179 G_B: 0.458 cycle_B: 0.349 idt_B: 0.177 
End of epoch 748 / 800 	 Time Taken: 35 sec
learning rate 0.0000173 -> 0.0000170
End of epoch 749 / 800 	 Time Taken: 28 sec
learning rate 0.0000170 -> 0.0000166
(epoch: 750, iters: 640, time: 0.128, data: 0.029) D_A: 0.173 G_A: 0.449 cycle_A: 0.775 idt_A: 0.366 D_B: 0.186 G_B: 0.419 cycle_B: 0.422 idt_B: 0.244 
saving the model at the end of epoch 750, iters 224000
End of epoch 750 / 800 	 Time Taken: 35 sec
learning rate 0.0000166 -> 0.0000163
End of epoch 751 / 800 	 Time Taken: 28 sec
learning rate 0.0000163 -> 0.0000160
End of epoch 752 / 800 	 Time Taken: 28 sec
learning rate 0.0000160 -> 0.0000156
(epoch: 753, iters: 320, time: 0.144, data: 1.898) D_A: 0.200 G_A: 0.341 cycle_A: 0.566 idt_A: 0.302 D_B: 0.199 G_B: 0.404 cycle_B: 0.378 idt_B: 0.166 
End of epoch 753 / 800 	 Time Taken: 35 sec
learning rate 0.0000156 -> 0.0000153
End of epoch 754 / 800 	 Time Taken: 29 sec
learning rate 0.0000153 -> 0.0000150
(epoch: 755, iters: 640, time: 0.131, data: 0.027) D_A: 0.162 G_A: 0.411 cycle_A: 0.948 idt_A: 0.305 D_B: 0.203 G_B: 0.460 cycle_B: 0.382 idt_B: 0.276 
saving the model at the end of epoch 755, iters 227200
End of epoch 755 / 800 	 Time Taken: 35 sec
learning rate 0.0000150 -> 0.0000146
End of epoch 756 / 800 	 Time Taken: 28 sec
learning rate 0.0000146 -> 0.0000143
End of epoch 757 / 800 	 Time Taken: 28 sec
learning rate 0.0000143 -> 0.0000140
(epoch: 758, iters: 320, time: 0.134, data: 1.700) D_A: 0.183 G_A: 0.464 cycle_A: 0.673 idt_A: 0.284 D_B: 0.173 G_B: 0.398 cycle_B: 0.341 idt_B: 0.204 
End of epoch 758 / 800 	 Time Taken: 35 sec
learning rate 0.0000140 -> 0.0000136
End of epoch 759 / 800 	 Time Taken: 28 sec
learning rate 0.0000136 -> 0.0000133
(epoch: 760, iters: 640, time: 0.139, data: 0.022) D_A: 0.207 G_A: 0.480 cycle_A: 1.179 idt_A: 0.839 D_B: 0.176 G_B: 0.324 cycle_B: 0.590 idt_B: 0.390 
saving the model at the end of epoch 760, iters 230400
End of epoch 760 / 800 	 Time Taken: 35 sec
learning rate 0.0000133 -> 0.0000130
End of epoch 761 / 800 	 Time Taken: 29 sec
learning rate 0.0000130 -> 0.0000126
End of epoch 762 / 800 	 Time Taken: 28 sec
learning rate 0.0000126 -> 0.0000123
(epoch: 763, iters: 320, time: 0.136, data: 1.935) D_A: 0.183 G_A: 0.435 cycle_A: 0.630 idt_A: 0.270 D_B: 0.182 G_B: 0.389 cycle_B: 0.317 idt_B: 0.178 
End of epoch 763 / 800 	 Time Taken: 34 sec
learning rate 0.0000123 -> 0.0000120
End of epoch 764 / 800 	 Time Taken: 28 sec
learning rate 0.0000120 -> 0.0000116
(epoch: 765, iters: 640, time: 0.128, data: 0.026) D_A: 0.185 G_A: 0.447 cycle_A: 1.222 idt_A: 0.392 D_B: 0.185 G_B: 0.428 cycle_B: 0.491 idt_B: 0.336 
saving the model at the end of epoch 765, iters 233600
End of epoch 765 / 800 	 Time Taken: 36 sec
learning rate 0.0000116 -> 0.0000113
End of epoch 766 / 800 	 Time Taken: 29 sec
learning rate 0.0000113 -> 0.0000110
End of epoch 767 / 800 	 Time Taken: 30 sec
learning rate 0.0000110 -> 0.0000106
(epoch: 768, iters: 320, time: 0.137, data: 1.720) D_A: 0.157 G_A: 0.403 cycle_A: 0.562 idt_A: 0.255 D_B: 0.167 G_B: 0.437 cycle_B: 0.321 idt_B: 0.158 
End of epoch 768 / 800 	 Time Taken: 36 sec
learning rate 0.0000106 -> 0.0000103
End of epoch 769 / 800 	 Time Taken: 30 sec
learning rate 0.0000103 -> 0.0000100
(epoch: 770, iters: 640, time: 0.120, data: 0.029) D_A: 0.136 G_A: 0.395 cycle_A: 0.837 idt_A: 0.341 D_B: 0.206 G_B: 0.551 cycle_B: 0.435 idt_B: 0.251 
saving the model at the end of epoch 770, iters 236800
End of epoch 770 / 800 	 Time Taken: 35 sec
learning rate 0.0000100 -> 0.0000097
End of epoch 771 / 800 	 Time Taken: 30 sec
learning rate 0.0000097 -> 0.0000093
End of epoch 772 / 800 	 Time Taken: 28 sec
learning rate 0.0000093 -> 0.0000090
(epoch: 773, iters: 320, time: 0.145, data: 1.795) D_A: 0.182 G_A: 0.427 cycle_A: 0.686 idt_A: 0.303 D_B: 0.173 G_B: 0.436 cycle_B: 0.345 idt_B: 0.202 
End of epoch 773 / 800 	 Time Taken: 36 sec
learning rate 0.0000090 -> 0.0000087
End of epoch 774 / 800 	 Time Taken: 29 sec
learning rate 0.0000087 -> 0.0000083
(epoch: 775, iters: 640, time: 0.136, data: 0.027) D_A: 0.174 G_A: 0.455 cycle_A: 0.791 idt_A: 0.349 D_B: 0.182 G_B: 0.408 cycle_B: 0.425 idt_B: 0.220 
saving the model at the end of epoch 775, iters 240000
End of epoch 775 / 800 	 Time Taken: 36 sec
learning rate 0.0000083 -> 0.0000080
End of epoch 776 / 800 	 Time Taken: 28 sec
learning rate 0.0000080 -> 0.0000077
End of epoch 777 / 800 	 Time Taken: 28 sec
learning rate 0.0000077 -> 0.0000073
(epoch: 778, iters: 320, time: 0.137, data: 1.712) D_A: 0.184 G_A: 0.422 cycle_A: 0.625 idt_A: 0.259 D_B: 0.170 G_B: 0.418 cycle_B: 0.316 idt_B: 0.198 
End of epoch 778 / 800 	 Time Taken: 34 sec
learning rate 0.0000073 -> 0.0000070
End of epoch 779 / 800 	 Time Taken: 28 sec
learning rate 0.0000070 -> 0.0000067
(epoch: 780, iters: 640, time: 0.139, data: 0.028) D_A: 0.165 G_A: 0.465 cycle_A: 0.801 idt_A: 0.402 D_B: 0.176 G_B: 0.397 cycle_B: 0.484 idt_B: 0.227 
saving the model at the end of epoch 780, iters 243200
End of epoch 780 / 800 	 Time Taken: 35 sec
learning rate 0.0000067 -> 0.0000063
End of epoch 781 / 800 	 Time Taken: 28 sec
learning rate 0.0000063 -> 0.0000060
End of epoch 782 / 800 	 Time Taken: 29 sec
learning rate 0.0000060 -> 0.0000057
(epoch: 783, iters: 320, time: 0.132, data: 1.867) D_A: 0.182 G_A: 0.451 cycle_A: 0.669 idt_A: 0.296 D_B: 0.164 G_B: 0.415 cycle_B: 0.354 idt_B: 0.188 
End of epoch 783 / 800 	 Time Taken: 35 sec
learning rate 0.0000057 -> 0.0000053
End of epoch 784 / 800 	 Time Taken: 28 sec
learning rate 0.0000053 -> 0.0000050
(epoch: 785, iters: 640, time: 0.147, data: 0.029) D_A: 0.193 G_A: 0.465 cycle_A: 0.885 idt_A: 0.296 D_B: 0.180 G_B: 0.401 cycle_B: 0.354 idt_B: 0.302 
saving the model at the end of epoch 785, iters 246400
End of epoch 785 / 800 	 Time Taken: 35 sec
learning rate 0.0000050 -> 0.0000047
End of epoch 786 / 800 	 Time Taken: 29 sec
learning rate 0.0000047 -> 0.0000043
End of epoch 787 / 800 	 Time Taken: 29 sec
learning rate 0.0000043 -> 0.0000040
(epoch: 788, iters: 320, time: 0.142, data: 1.745) D_A: 0.176 G_A: 0.419 cycle_A: 0.563 idt_A: 0.301 D_B: 0.189 G_B: 0.432 cycle_B: 0.337 idt_B: 0.171 
End of epoch 788 / 800 	 Time Taken: 35 sec
learning rate 0.0000040 -> 0.0000037
End of epoch 789 / 800 	 Time Taken: 28 sec
learning rate 0.0000037 -> 0.0000033
(epoch: 790, iters: 640, time: 0.133, data: 0.028) D_A: 0.152 G_A: 0.489 cycle_A: 0.990 idt_A: 0.416 D_B: 0.139 G_B: 0.450 cycle_B: 0.488 idt_B: 0.256 
saving the model at the end of epoch 790, iters 249600
End of epoch 790 / 800 	 Time Taken: 36 sec
learning rate 0.0000033 -> 0.0000030
End of epoch 791 / 800 	 Time Taken: 29 sec
learning rate 0.0000030 -> 0.0000027
End of epoch 792 / 800 	 Time Taken: 29 sec
learning rate 0.0000027 -> 0.0000023
(epoch: 793, iters: 320, time: 0.140, data: 1.715) D_A: 0.179 G_A: 0.442 cycle_A: 0.636 idt_A: 0.278 D_B: 0.204 G_B: 0.409 cycle_B: 0.340 idt_B: 0.219 
End of epoch 793 / 800 	 Time Taken: 35 sec
learning rate 0.0000023 -> 0.0000020
End of epoch 794 / 800 	 Time Taken: 29 sec
learning rate 0.0000020 -> 0.0000017
(epoch: 795, iters: 640, time: 0.148, data: 0.028) D_A: 0.163 G_A: 0.410 cycle_A: 0.864 idt_A: 0.337 D_B: 0.197 G_B: 0.454 cycle_B: 0.408 idt_B: 0.255 
saving the model at the end of epoch 795, iters 252800
End of epoch 795 / 800 	 Time Taken: 36 sec
learning rate 0.0000017 -> 0.0000013
End of epoch 796 / 800 	 Time Taken: 29 sec
learning rate 0.0000013 -> 0.0000010
End of epoch 797 / 800 	 Time Taken: 29 sec
learning rate 0.0000010 -> 0.0000007
(epoch: 798, iters: 320, time: 0.149, data: 1.853) D_A: 0.179 G_A: 0.435 cycle_A: 0.714 idt_A: 0.305 D_B: 0.184 G_B: 0.407 cycle_B: 0.339 idt_B: 0.214 
End of epoch 798 / 800 	 Time Taken: 36 sec
learning rate 0.0000007 -> 0.0000003
End of epoch 799 / 800 	 Time Taken: 28 sec
learning rate 0.0000003 -> 0.0000000
(epoch: 800, iters: 640, time: 0.126, data: 0.027) D_A: 0.182 G_A: 0.452 cycle_A: 0.776 idt_A: 0.342 D_B: 0.185 G_B: 0.425 cycle_B: 0.387 idt_B: 0.220 
saving the model at the end of epoch 800, iters 256000
End of epoch 800 / 800 	 Time Taken: 34 sec
wandb: Waiting for W&B process to finish... (success).
wandb: - 201.213 MB of 201.213 MB uploaded (0.000 MB deduped)wandb: \ 201.213 MB of 201.213 MB uploaded (0.000 MB deduped)wandb: | 201.213 MB of 201.291 MB uploaded (0.000 MB deduped)wandb: / 201.213 MB of 201.291 MB uploaded (0.000 MB deduped)wandb: - 201.213 MB of 201.291 MB uploaded (0.000 MB deduped)wandb: \ 201.291 MB of 201.291 MB uploaded (0.000 MB deduped)wandb: | 201.291 MB of 201.291 MB uploaded (0.000 MB deduped)wandb: / 201.291 MB of 201.291 MB uploaded (0.000 MB deduped)wandb: - 201.291 MB of 201.291 MB uploaded (0.000 MB deduped)wandb: \ 201.291 MB of 201.291 MB uploaded (0.000 MB deduped)wandb: | 201.291 MB of 201.291 MB uploaded (0.000 MB deduped)wandb: / 201.291 MB of 201.291 MB uploaded (0.000 MB deduped)wandb: - 201.291 MB of 201.291 MB uploaded (0.000 MB deduped)wandb: \ 201.291 MB of 201.291 MB uploaded (0.000 MB deduped)wandb:                                                                                
wandb: 
wandb: Run history:
wandb:     D_A â–ˆâ–ƒâ–ƒâ–…â–ƒâ–â–†â–„â–…â–†â–ƒâ–ƒâ–‚â–â–â–ˆâ–…â–â–…â–…â–…â–‚â–…â–„â–„â–ƒâ–‚â–„â–‚â–ƒâ–‚â–„â–‚â–„â–â–â–‚â–‚â–ƒâ–‚
wandb:     D_B â–ˆâ–ƒâ–‚â–‚â–‚â–‚â–„â–‚â–ƒâ–‚â–‚â–‚â–‚â–â–‚â–‚â–‚â–â–‚â–â–‚â–â–‚â–‚â–‚â–‚â–â–‚â–â–‚â–â–‚â–â–â–â–‚â–â–â–â–
wandb:     G_A â–ƒâ–ƒâ–†â–‚â–„â–†â–…â–ƒâ–ƒâ–„â–†â–„â–„â–‡â–â–ˆâ–‚â–ˆâ–„â–†â–†â–„â–…â–ƒâ–ƒâ–…â–„â–‡â–†â–„â–…â–…â–†â–…â–…â–„â–†â–†â–†â–†
wandb:     G_B â–ˆâ–‚â–„â–‚â–â–ƒâ–„â–‚â–ƒâ–‚â–‚â–ƒâ–ƒâ–‚â–ƒâ–â–ƒâ–ƒâ–‚â–‚â–â–‚â–â–„â–ƒâ–‚â–ƒâ–â–‚â–ƒâ–‚â–ƒâ–ƒâ–ƒâ–ƒâ–ƒâ–ƒâ–‚â–‚â–ƒ
wandb: cycle_A â–‡â–ˆâ–†â–„â–„â–†â–ƒâ–„â–ƒâ–ƒâ–ƒâ–‚â–ƒâ–‚â–ƒâ–ƒâ–ƒâ–ƒâ–‚â–‚â–ƒâ–ƒâ–ƒâ–‚â–‚â–‚â–‚â–‚â–‚â–‚â–â–‚â–‚â–â–â–â–‚â–â–â–
wandb: cycle_B â–†â–ˆâ–†â–‡â–…â–„â–…â–ƒâ–…â–…â–ƒâ–„â–ƒâ–‚â–ƒâ–ƒâ–ƒâ–‚â–ƒâ–ƒâ–ƒâ–ƒâ–‚â–ƒâ–ƒâ–‚â–‚â–ƒâ–ƒâ–‚â–‚â–‚â–‚â–ƒâ–‚â–â–‚â–â–â–
wandb:   idt_A â–‡â–ˆâ–…â–‡â–…â–„â–…â–ƒâ–„â–…â–ƒâ–…â–‚â–‚â–ƒâ–‚â–ƒâ–‚â–‚â–…â–ƒâ–‚â–ƒâ–ƒâ–ƒâ–‚â–‚â–ƒâ–„â–‚â–â–‚â–ƒâ–„â–â–â–‚â–â–â–
wandb:   idt_B â–‡â–ˆâ–…â–„â–„â–‡â–ƒâ–„â–„â–„â–ƒâ–‚â–ƒâ–‚â–ƒâ–ƒâ–ƒâ–„â–‚â–ƒâ–„â–„â–„â–‚â–‚â–ƒâ–‚â–ƒâ–‚â–‚â–‚â–‚â–‚â–â–â–‚â–‚â–â–‚â–
wandb: 
wandb: Run summary:
wandb:     D_A 0.18227
wandb:     D_B 0.18485
wandb:     G_A 0.45203
wandb:     G_B 0.42511
wandb: cycle_A 0.77646
wandb: cycle_B 0.38681
wandb:   idt_A 0.34186
wandb:   idt_B 0.22037
wandb: 
wandb: Synced model2_3_eyeq_256_1024: https://wandb.ai/z-eun/CycleGAN-and-pix2pix/runs/3fpnw9qw
wandb: Synced 6 W&B file(s), 1440 media file(s), 1408 artifact file(s) and 0 other file(s)
wandb: Find logs at: ./wandb/run-20221025_072741-3fpnw9qw/logs
