/home/user/miniconda/lib/python3.8/site-packages/torchvision/transforms/transforms.py:257: UserWarning: Argument interpolation should be of type InterpolationMode instead of int. Please, use InterpolationMode enum.
  warnings.warn(
Setting up a new session...
wandb: Currently logged in as: z-eun. Use `wandb login --relogin` to force relogin
wandb: wandb version 0.13.4 is available!  To upgrade, please run:
wandb:  $ pip install wandb --upgrade
wandb: Tracking run with wandb version 0.13.2
wandb: Run data is saved locally in /home/ellen/RetinaImage_model_MW/wandb/run-20221025_125005-cjqzsw5e
wandb: Run `wandb offline` to turn off syncing.
wandb: Syncing run model2_4_eyeq_256_basicblock_1024
wandb: â­ï¸ View project at https://wandb.ai/z-eun/CycleGAN-and-pix2pix
wandb: ðŸš€ View run at https://wandb.ai/z-eun/CycleGAN-and-pix2pix/runs/cjqzsw5e
----------------- Options ---------------
               batch_size: 16                            	[default: 2]
                    beta1: 0.5                           
          checkpoints_dir: ./checkpoints                 
           continue_train: False                         
                crop_size: 256                           
                 dataroot: /home/ellen/data/input_eyeq_20220830_512_n1000	[default: None]
             dataset_mode: unaligned                     
                direction: AtoB                          
              display_env: main                          
             display_freq: 400                           
               display_id: 1                             
            display_ncols: 4                             
             display_port: 8097                          
           display_server: http://localhost              
          display_winsize: 256                           
                    epoch: latest                        
              epoch_count: 301                           	[default: 1]
                 gan_mode: lsgan                         
                  gpu_ids: 7,3,2,4,5,6                   	[default: 0]
                init_gain: 0.02                          
                init_type: normal                        
                 input_nc: 3                             
                  isTrain: True                          	[default: None]
                 lambda_A: 10.0                          
                 lambda_B: 10.0                          
          lambda_identity: 0.5                           
                load_iter: 300                           	[default: 0]
                load_size: 256                           	[default: 286]
                       lr: 0.0002                        
           lr_decay_iters: 50                            
                lr_policy: linear                        
         max_dataset_size: inf                           
                    model: cycle_gan                     
                 n_epochs: 600                           	[default: 100]
           n_epochs_decay: 200                           	[default: 300]
               n_layers_D: 3                             
                     name: model2_4_eyeq_256_basicblock_1024	[default: experiment_name]
                      ndf: 64                            
                     netD: basic                         
                     netG: ellen_dwt_uresnet2_4          	[default: resnet_9blocks]
                      ngf: 64                            
               no_dropout: True                          
                  no_flip: True                          	[default: False]
                  no_html: False                         
                     norm: instance                      
              num_threads: 2                             
                output_nc: 3                             
                 patience: 10                            	[default: 5]
                    phase: train                         
                pool_size: 50                            
               preprocess: resize_and_crop               
               print_freq: 100                           
             save_by_iter: False                         
          save_epoch_freq: 5                             
         save_latest_freq: 5000                          
           serial_batches: False                         
                   suffix:                               
         update_html_freq: 1000                          
                use_wandb: True                          	[default: False]
                  verbose: False                         
----------------- End -------------------
dataset [UnalignedDataset] was created
The number of training images = 600
dataset [UnalignedDataset] was created
patience: 10
-----resnet 0  ë²ˆì§¸
-----resnet 1  ë²ˆì§¸
-----resnet 2  ë²ˆì§¸
-----resnet 3  ë²ˆì§¸
-----resnet 4  ë²ˆì§¸
-----resnet 5  ë²ˆì§¸
-----resnet 6  ë²ˆì§¸
-----resnet 7  ë²ˆì§¸
-----resnet 8  ë²ˆì§¸
-----unet 0  ë²ˆì§¸
[ReflectionPad2d((1, 1, 1, 1)), Conv2d(3, 64, kernel_size=(4, 4), stride=(2, 2)), InstanceNorm2d(64, eps=1e-05, momentum=0.1, affine=False, track_running_stats=False), LeakyReLU(negative_slope=0.2), UnetSkipConnectionBlock(
  (model): Sequential(
    (0): LeakyReLU(negative_slope=0.2, inplace=True)
    (1): Conv2d(64, 128, kernel_size=(4, 4), stride=(2, 2), padding=(1, 1))
    (2): InstanceNorm2d(128, eps=1e-05, momentum=0.1, affine=False, track_running_stats=False)
    (3): UnetSkipConnectionBlock(
      (model): Sequential(
        (0): LeakyReLU(negative_slope=0.2, inplace=True)
        (1): Conv2d(128, 256, kernel_size=(4, 4), stride=(2, 2), padding=(1, 1))
        (2): ReLU(inplace=True)
        (3): ConvTranspose2d(256, 128, kernel_size=(4, 4), stride=(2, 2), padding=(1, 1))
        (4): InstanceNorm2d(128, eps=1e-05, momentum=0.1, affine=False, track_running_stats=False)
      )
    )
    (4): ReLU(inplace=True)
    (5): ConvTranspose2d(256, 64, kernel_size=(4, 4), stride=(2, 2), padding=(1, 1))
    (6): InstanceNorm2d(64, eps=1e-05, momentum=0.1, affine=False, track_running_stats=False)
  )
), LeakyReLU(negative_slope=0.2), ConvTranspose2d(128, 64, kernel_size=(4, 4), stride=(2, 2), padding=(1, 1)), Tanh(), ReflectionPad2d((3, 3, 3, 3)), Conv2d(64, 3, kernel_size=(7, 7), stride=(1, 1)), Tanh()]
initialize network with normal
-----resnet 0  ë²ˆì§¸
-----resnet 1  ë²ˆì§¸
-----resnet 2  ë²ˆì§¸
-----resnet 3  ë²ˆì§¸
-----resnet 4  ë²ˆì§¸
-----resnet 5  ë²ˆì§¸
-----resnet 6  ë²ˆì§¸
-----resnet 7  ë²ˆì§¸
-----resnet 8  ë²ˆì§¸
-----unet 0  ë²ˆì§¸
[ReflectionPad2d((1, 1, 1, 1)), Conv2d(3, 64, kernel_size=(4, 4), stride=(2, 2)), InstanceNorm2d(64, eps=1e-05, momentum=0.1, affine=False, track_running_stats=False), LeakyReLU(negative_slope=0.2), UnetSkipConnectionBlock(
  (model): Sequential(
    (0): LeakyReLU(negative_slope=0.2, inplace=True)
    (1): Conv2d(64, 128, kernel_size=(4, 4), stride=(2, 2), padding=(1, 1))
    (2): InstanceNorm2d(128, eps=1e-05, momentum=0.1, affine=False, track_running_stats=False)
    (3): UnetSkipConnectionBlock(
      (model): Sequential(
        (0): LeakyReLU(negative_slope=0.2, inplace=True)
        (1): Conv2d(128, 256, kernel_size=(4, 4), stride=(2, 2), padding=(1, 1))
        (2): ReLU(inplace=True)
        (3): ConvTranspose2d(256, 128, kernel_size=(4, 4), stride=(2, 2), padding=(1, 1))
        (4): InstanceNorm2d(128, eps=1e-05, momentum=0.1, affine=False, track_running_stats=False)
      )
    )
    (4): ReLU(inplace=True)
    (5): ConvTranspose2d(256, 64, kernel_size=(4, 4), stride=(2, 2), padding=(1, 1))
    (6): InstanceNorm2d(64, eps=1e-05, momentum=0.1, affine=False, track_running_stats=False)
  )
), LeakyReLU(negative_slope=0.2), ConvTranspose2d(128, 64, kernel_size=(4, 4), stride=(2, 2), padding=(1, 1)), Tanh(), ReflectionPad2d((3, 3, 3, 3)), Conv2d(64, 3, kernel_size=(7, 7), stride=(1, 1)), Tanh()]
initialize network with normal
initialize network with normal
initialize network with normal
model [CycleGANModel] was created
---------- Networks initialized -------------
[Network G_A] Total number of parameters : 1.660 M
[Network G_B] Total number of parameters : 1.660 M
[Network D_A] Total number of parameters : 2.765 M
[Network D_B] Total number of parameters : 2.765 M
-----------------------------------------------
create web directory ./checkpoints/model2_4_eyeq_256_basicblock_1024/web...
learning rate 0.0002000 -> 0.0002000
/home/user/miniconda/lib/python3.8/site-packages/torch/optim/lr_scheduler.py:129: UserWarning: Detected call of `lr_scheduler.step()` before `optimizer.step()`. In PyTorch 1.1.0 and later, you should call them in the opposite order: `optimizer.step()` before `lr_scheduler.step()`.  Failure to do this will result in PyTorch skipping the first value of the learning rate schedule. See more details at https://pytorch.org/docs/stable/optim.html#how-to-adjust-learning-rate
  warnings.warn("Detected call of `lr_scheduler.step()` before `optimizer.step()`. "
/home/user/miniconda/lib/python3.8/site-packages/torch/nn/functional.py:3454: UserWarning: Default upsampling behavior when mode=bilinear is changed to align_corners=False since 0.4.0. Please specify align_corners=True if the old behavior is desired. See the documentation of nn.Upsample for details.
  warnings.warn(
wandb: Waiting for W&B process to finish... (failed 1). Press Control-C to abort syncing.
wandb: - 0.001 MB of 0.001 MB uploaded (0.000 MB deduped)wandb: \ 0.001 MB of 0.001 MB uploaded (0.000 MB deduped)wandb: | 0.001 MB of 0.001 MB uploaded (0.000 MB deduped)wandb: / 0.001 MB of 0.010 MB uploaded (0.000 MB deduped)wandb: - 0.001 MB of 0.019 MB uploaded (0.000 MB deduped)wandb: \ 0.001 MB of 0.019 MB uploaded (0.000 MB deduped)wandb: | 0.001 MB of 0.019 MB uploaded (0.000 MB deduped)wandb: / 0.019 MB of 0.019 MB uploaded (0.000 MB deduped)wandb: - 0.019 MB of 0.019 MB uploaded (0.000 MB deduped)wandb: \ 0.019 MB of 0.019 MB uploaded (0.000 MB deduped)wandb: | 0.019 MB of 0.019 MB uploaded (0.000 MB deduped)wandb: / 0.019 MB of 0.019 MB uploaded (0.000 MB deduped)wandb: - 0.019 MB of 0.019 MB uploaded (0.000 MB deduped)wandb: \ 0.019 MB of 0.019 MB uploaded (0.000 MB deduped)wandb: | 0.019 MB of 0.019 MB uploaded (0.000 MB deduped)wandb:                                                                                
wandb: Synced model2_4_eyeq_256_basicblock_1024: https://wandb.ai/z-eun/CycleGAN-and-pix2pix/runs/cjqzsw5e
wandb: Synced 6 W&B file(s), 0 media file(s), 0 artifact file(s) and 0 other file(s)
wandb: Find logs at: ./wandb/run-20221025_125005-cjqzsw5e/logs
Traceback (most recent call last):
  File "train.py", line 105, in <module>
    model.optimize_parameters()
  File "/home/ellen/RetinaImage_model_MW/models/cycle_gan_model.py", line 184, in optimize_parameters
    self.forward()      # compute fake images and reconstruction images.
  File "/home/ellen/RetinaImage_model_MW/models/cycle_gan_model.py", line 115, in forward
    self.fake_B = self.netG_A(self.real_A)  # G_A(A)
  File "/home/user/miniconda/lib/python3.8/site-packages/torch/nn/modules/module.py", line 889, in _call_impl
    result = self.forward(*input, **kwargs)
  File "/home/user/miniconda/lib/python3.8/site-packages/torch/nn/parallel/data_parallel.py", line 167, in forward
    outputs = self.parallel_apply(replicas, inputs, kwargs)
  File "/home/user/miniconda/lib/python3.8/site-packages/torch/nn/parallel/data_parallel.py", line 177, in parallel_apply
    return parallel_apply(replicas, inputs, kwargs, self.device_ids[:len(replicas)])
  File "/home/user/miniconda/lib/python3.8/site-packages/torch/nn/parallel/parallel_apply.py", line 86, in parallel_apply
    output.reraise()
  File "/home/user/miniconda/lib/python3.8/site-packages/torch/_utils.py", line 429, in reraise
    raise self.exc_type(msg)
RuntimeError: Caught RuntimeError in replica 1 on device 3.
Original Traceback (most recent call last):
  File "/home/user/miniconda/lib/python3.8/site-packages/torch/nn/parallel/parallel_apply.py", line 61, in _worker
    output = module(*input, **kwargs)
  File "/home/user/miniconda/lib/python3.8/site-packages/torch/nn/modules/module.py", line 889, in _call_impl
    result = self.forward(*input, **kwargs)
  File "/home/ellen/RetinaImage_model_MW/models/networks.py", line 1360, in forward
    result_scattering = self.scattering_model(gray_input)
  File "/home/user/miniconda/lib/python3.8/site-packages/torch/nn/modules/module.py", line 889, in _call_impl
    result = self.forward(*input, **kwargs)
  File "/home/ellen/RetinaImage_model_MW/models/networks.py", line 1254, in forward
    scattering1 = self.scattering_down_1(x)
  File "/home/user/miniconda/lib/python3.8/site-packages/torch/nn/modules/module.py", line 889, in _call_impl
    result = self.forward(*input, **kwargs)
  File "/home/ellen/RetinaImage_model_MW/models/networks.py", line 1078, in forward
    scatter_ouput = self.Scattering.scattering(x)
  File "/home/user/miniconda/lib/python3.8/site-packages/kymatio/scattering2d/frontend/torch_frontend.py", line 98, in scattering
    S = scattering2d(input, self.pad, self.unpad, self.backend, self.J,
  File "/home/user/miniconda/lib/python3.8/site-packages/kymatio/scattering2d/core/scattering2d.py", line 16, in scattering2d
    U_0_c = rfft(U_r)
  File "/home/user/miniconda/lib/python3.8/site-packages/kymatio/scattering2d/backend/torch_backend.py", line 141, in rfft
    return _fft(x_r)
  File "/home/user/miniconda/lib/python3.8/site-packages/kymatio/scattering2d/backend/torch_backend.py", line 10, in <lambda>
    _fft = lambda x: torch.view_as_real(torch.fft.fft2(torch.view_as_complex(x)))
RuntimeError: cuFFT error: CUFFT_INTERNAL_ERROR

