----------------- Options ---------------
               batch_size: 60                            	[default: 2]
                    beta1: 0.5                           
          checkpoints_dir: ./checkpoints                 
           continue_train: False                         
                crop_size: 256                           
                 dataroot: /home/ellen/data/input_eyeq_20220830_512_n1000	[default: None]
             dataset_mode: unaligned                     
                direction: AtoB                          
              display_env: main                          
             display_freq: 400                           
               display_id: 1                             
            display_ncols: 4                             
             display_port: 8097                          
           display_server: http://localhost              
          display_winsize: 256                           
                    epoch: latest                        
              epoch_count: 801                           	[default: 1]
                 gan_mode: lsgan                         
                  gpu_ids: 3,4,5,6,7                     	[default: 0]
                init_gain: 0.02                          
                init_type: normal                        
                 input_nc: 3                             
                  isTrain: True                          	[default: None]
                 lambda_A: 10.0                          
                 lambda_B: 10.0                          
          lambda_identity: 0.5                           
                load_iter: 800                           	[default: 0]
                load_size: 256                           	[default: 286]
                       lr: 0.0002                        
           lr_decay_iters: 50                            
                lr_policy: linear                        
         max_dataset_size: inf                           
                    model: cycle_gan                     
                 n_epochs: 900                           	[default: 100]
           n_epochs_decay: 100                           	[default: 300]
               n_layers_D: 3                             
                     name: model2_3_eyeq_256_1024        	[default: experiment_name]
                      ndf: 64                            
                     netD: basic                         
                     netG: ellen_dwt_uresnet2_3          	[default: resnet_9blocks]
                      ngf: 64                            
               no_dropout: True                          
                  no_flip: True                          	[default: False]
                  no_html: False                         
                     norm: instance                      
              num_threads: 2                             
                output_nc: 3                             
                 patience: 10                            	[default: 5]
                    phase: train                         
                pool_size: 50                            
               preprocess: resize_and_crop               
               print_freq: 100                           
             save_by_iter: False                         
          save_epoch_freq: 5                             
         save_latest_freq: 5000                          
           serial_batches: False                         
                   suffix:                               
         update_html_freq: 1000                          
                use_wandb: True                          	[default: False]
                  verbose: False                         
----------------- End -------------------
dataset [UnalignedDataset] was created
The number of training images = 600
dataset [UnalignedDataset] was created
patience: 10
========================================================================
num downs =  2  n_blocks= 9
----e1
-----resnet 0  ë²ˆì§¸
-----resnet 1  ë²ˆì§¸
-----resnet 2  ë²ˆì§¸
-----resnet 3  ë²ˆì§¸
-----resnet 4  ë²ˆì§¸
-----resnet 5  ë²ˆì§¸
-----resnet 6  ë²ˆì§¸
-----resnet 7  ë²ˆì§¸
-----resnet 8  ë²ˆì§¸
>> in, out:  128.0 ,  256
----- e1+unet+resent+uent+
----- e1+unet+resent+uent+d1
[ReflectionPad2d((3, 3, 3, 3)), Conv2d(3, 64, kernel_size=(7, 7), stride=(1, 1)), InstanceNorm2d(64, eps=1e-05, momentum=0.1, affine=False, track_running_stats=False), ReLU(inplace=True), UnetSkipConnectionBlock(
  (model): Sequential(
    (0): Conv2d(64, 128, kernel_size=(4, 4), stride=(2, 2), padding=(1, 1))
    (1): UnetSkipConnectionBlock(
      (model): Sequential(
        (0): LeakyReLU(negative_slope=0.2, inplace=True)
        (1): Conv2d(128, 256, kernel_size=(4, 4), stride=(2, 2), padding=(1, 1))
        (2): InstanceNorm2d(256, eps=1e-05, momentum=0.1, affine=False, track_running_stats=False)
        (3): UnetSkipConnectionBlock(
          (model): Sequential(
            (0): LeakyReLU(negative_slope=0.2, inplace=True)
            (1): Conv2d(256, 256, kernel_size=(4, 4), stride=(2, 2), padding=(1, 1))
            (2): ReLU(inplace=True)
            (3): ConvTranspose2d(256, 256, kernel_size=(4, 4), stride=(2, 2), padding=(1, 1))
            (4): InstanceNorm2d(256, eps=1e-05, momentum=0.1, affine=False, track_running_stats=False)
          )
        )
        (4): ReLU(inplace=True)
        (5): ConvTranspose2d(512, 128, kernel_size=(4, 4), stride=(2, 2), padding=(1, 1))
        (6): InstanceNorm2d(128, eps=1e-05, momentum=0.1, affine=False, track_running_stats=False)
      )
    )
    (2): ReLU(inplace=True)
    (3): ConvTranspose2d(256, 64, kernel_size=(4, 4), stride=(2, 2), padding=(1, 1))
    (4): Tanh()
  )
), ReflectionPad2d((3, 3, 3, 3)), Conv2d(64, 3, kernel_size=(7, 7), stride=(1, 1)), Tanh()]
initialize network with normal
========================================================================
num downs =  2  n_blocks= 9
----e1
-----resnet 0  ë²ˆì§¸
-----resnet 1  ë²ˆì§¸
-----resnet 2  ë²ˆì§¸
-----resnet 3  ë²ˆì§¸
-----resnet 4  ë²ˆì§¸
-----resnet 5  ë²ˆì§¸
-----resnet 6  ë²ˆì§¸
-----resnet 7  ë²ˆì§¸
-----resnet 8  ë²ˆì§¸
>> in, out:  128.0 ,  256
----- e1+unet+resent+uent+
----- e1+unet+resent+uent+d1
[ReflectionPad2d((3, 3, 3, 3)), Conv2d(3, 64, kernel_size=(7, 7), stride=(1, 1)), InstanceNorm2d(64, eps=1e-05, momentum=0.1, affine=False, track_running_stats=False), ReLU(inplace=True), UnetSkipConnectionBlock(
  (model): Sequential(
    (0): Conv2d(64, 128, kernel_size=(4, 4), stride=(2, 2), padding=(1, 1))
    (1): UnetSkipConnectionBlock(
      (model): Sequential(
        (0): LeakyReLU(negative_slope=0.2, inplace=True)
        (1): Conv2d(128, 256, kernel_size=(4, 4), stride=(2, 2), padding=(1, 1))
        (2): InstanceNorm2d(256, eps=1e-05, momentum=0.1, affine=False, track_running_stats=False)
        (3): UnetSkipConnectionBlock(
          (model): Sequential(
            (0): LeakyReLU(negative_slope=0.2, inplace=True)
            (1): Conv2d(256, 256, kernel_size=(4, 4), stride=(2, 2), padding=(1, 1))
            (2): ReLU(inplace=True)
            (3): ConvTranspose2d(256, 256, kernel_size=(4, 4), stride=(2, 2), padding=(1, 1))
            (4): InstanceNorm2d(256, eps=1e-05, momentum=0.1, affine=False, track_running_stats=False)
          )
        )
        (4): ReLU(inplace=True)
        (5): ConvTranspose2d(512, 128, kernel_size=(4, 4), stride=(2, 2), padding=(1, 1))
        (6): InstanceNorm2d(128, eps=1e-05, momentum=0.1, affine=False, track_running_stats=False)
      )
    )
    (2): ReLU(inplace=True)
    (3): ConvTranspose2d(256, 64, kernel_size=(4, 4), stride=(2, 2), padding=(1, 1))
    (4): Tanh()
  )
), ReflectionPad2d((3, 3, 3, 3)), Conv2d(64, 3, kernel_size=(7, 7), stride=(1, 1)), Tanh()]
initialize network with normal
initialize network with normal
initialize network with normal
model [CycleGANModel] was created
---------- Networks initialized -------------
[Network G_A] Total number of parameters : 5.410 M
[Network G_B] Total number of parameters : 5.410 M
[Network D_A] Total number of parameters : 2.765 M
[Network D_B] Total number of parameters : 2.765 M/home/user/miniconda/lib/python3.8/site-packages/torchvision/transforms/transforms.py:257: UserWarning: Argument interpolation should be of type InterpolationMode instead of int. Please, use InterpolationMode enum.
  warnings.warn(
Setting up a new session...
wandb: Currently logged in as: z-eun. Use `wandb login --relogin` to force relogin
wandb: wandb version 0.13.4 is available!  To upgrade, please run:
wandb:  $ pip install wandb --upgrade
wandb: Tracking run with wandb version 0.13.2
wandb: Run data is saved locally in /home/ellen/RetinaImage_model_MW/wandb/run-20221026_014354-7evci1lb
wandb: Run `wandb offline` to turn off syncing.
wandb: Syncing run model2_3_eyeq_256_1024
wandb: â­ï¸ View project at https://wandb.ai/z-eun/CycleGAN-and-pix2pix
wandb: ðŸš€ View run at https://wandb.ai/z-eun/CycleGAN-and-pix2pix/runs/7evci1lb

-----------------------------------------------
create web directory ./checkpoints/model2_3_eyeq_256_1024/web...
learning rate 0.0002000 -> 0.0002000
/home/user/miniconda/lib/python3.8/site-packages/torch/optim/lr_scheduler.py:129: UserWarning: Detected call of `lr_scheduler.step()` before `optimizer.step()`. In PyTorch 1.1.0 and later, you should call them in the opposite order: `optimizer.step()` before `lr_scheduler.step()`.  Failure to do this will result in PyTorch skipping the first value of the learning rate schedule. See more details at https://pytorch.org/docs/stable/optim.html#how-to-adjust-learning-rate
  warnings.warn("Detected call of `lr_scheduler.step()` before `optimizer.step()`. "
(epoch: 801, iters: 300, time: 0.031, data: 1.271) D_A: 1.262 G_A: 1.931 cycle_A: 7.183 idt_A: 4.139 D_B: 1.396 G_B: 1.613 cycle_B: 4.188 idt_B: 1.849 
(epoch: 801, iters: 600, time: 0.030, data: 0.032) D_A: 0.409 G_A: 0.586 cycle_A: 4.865 idt_A: 2.573 D_B: 0.543 G_B: 0.770 cycle_B: 2.597 idt_B: 1.296 
/home/user/miniconda/lib/python3.8/site-packages/torch/nn/functional.py:3454: UserWarning: Default upsampling behavior when mode=bilinear is changed to align_corners=False since 0.4.0. Please specify align_corners=True if the old behavior is desired. See the documentation of nn.Upsample for details.
  warnings.warn(
End of epoch 801 / 1000 	 Time Taken: 38 sec
learning rate 0.0002000 -> 0.0002000
(epoch: 802, iters: 300, time: 0.030, data: 1.409) D_A: 1.138 G_A: 1.266 cycle_A: 3.209 idt_A: 1.871 D_B: 0.368 G_B: 0.393 cycle_B: 1.923 idt_B: 0.824 
(epoch: 802, iters: 600, time: 0.134, data: 0.032) D_A: 0.562 G_A: 0.578 cycle_A: 2.973 idt_A: 1.488 D_B: 0.367 G_B: 0.348 cycle_B: 1.611 idt_B: 0.721 
End of epoch 802 / 1000 	 Time Taken: 28 sec
learning rate 0.0002000 -> 0.0002000
(epoch: 803, iters: 300, time: 0.029, data: 1.390) D_A: 0.331 G_A: 0.384 cycle_A: 2.482 idt_A: 1.175 D_B: 1.162 G_B: 1.397 cycle_B: 1.229 idt_B: 0.575 
(epoch: 803, iters: 600, time: 0.030, data: 0.028) D_A: 0.304 G_A: 0.383 cycle_A: 2.489 idt_A: 1.019 D_B: 0.322 G_B: 0.343 cycle_B: 1.139 idt_B: 0.557 
End of epoch 803 / 1000 	 Time Taken: 22 sec
learning rate 0.0002000 -> 0.0002000
(epoch: 804, iters: 300, time: 0.029, data: 1.418) D_A: 0.302 G_A: 0.350 cycle_A: 2.481 idt_A: 0.925 D_B: 0.311 G_B: 0.343 cycle_B: 0.999 idt_B: 0.568 
(epoch: 804, iters: 600, time: 0.129, data: 0.031) D_A: 0.275 G_A: 0.354 cycle_A: 2.189 idt_A: 0.921 D_B: 0.281 G_B: 0.359 cycle_B: 0.992 idt_B: 0.499 
End of epoch 804 / 1000 	 Time Taken: 29 sec
learning rate 0.0002000 -> 0.0002000
(epoch: 805, iters: 300, time: 0.029, data: 1.392) D_A: 0.288 G_A: 0.374 cycle_A: 2.010 idt_A: 1.067 D_B: 0.281 G_B: 0.357 cycle_B: 1.177 idt_B: 0.487 
(epoch: 805, iters: 600, time: 0.030, data: 0.032) D_A: 0.265 G_A: 0.350 cycle_A: 1.899 idt_A: 0.768 D_B: 0.273 G_B: 0.372 cycle_B: 0.854 idt_B: 0.401 
saving the model at the end of epoch 805, iters 3000
End of epoch 805 / 1000 	 Time Taken: 22 sec
learning rate 0.0002000 -> 0.0002000
(epoch: 806, iters: 300, time: 0.029, data: 1.417) D_A: 0.277 G_A: 0.354 cycle_A: 2.637 idt_A: 0.758 D_B: 0.271 G_B: 0.336 cycle_B: 0.845 idt_B: 0.631 
(epoch: 806, iters: 600, time: 0.140, data: 0.031) D_A: 0.493 G_A: 0.638 cycle_A: 1.903 idt_A: 0.964 D_B: 0.252 G_B: 0.344 cycle_B: 1.076 idt_B: 0.413 
End of epoch 806 / 1000 	 Time Taken: 28 sec
learning rate 0.0002000 -> 0.0002000
(epoch: 807, iters: 300, time: 0.030, data: 1.427) D_A: 0.259 G_A: 0.391 cycle_A: 1.622 idt_A: 0.646 D_B: 0.538 G_B: 0.736 cycle_B: 0.729 idt_B: 0.366 
(epoch: 807, iters: 600, time: 0.030, data: 0.027) D_A: 0.249 G_A: 0.368 cycle_A: 1.845 idt_A: 0.770 D_B: 0.281 G_B: 0.361 cycle_B: 0.880 idt_B: 0.408 
End of epoch 807 / 1000 	 Time Taken: 22 sec
learning rate 0.0002000 -> 0.0002000
(epoch: 808, iters: 300, time: 0.030, data: 1.399) D_A: 0.248 G_A: 0.341 cycle_A: 2.376 idt_A: 0.968 D_B: 0.247 G_B: 0.354 cycle_B: 1.100 idt_B: 0.534 
(epoch: 808, iters: 600, time: 0.133, data: 0.030) D_A: 0.250 G_A: 0.365 cycle_A: 1.805 idt_A: 0.780 D_B: 0.243 G_B: 0.331 cycle_B: 0.872 idt_B: 0.420 
End of epoch 808 / 1000 	 Time Taken: 28 sec
learning rate 0.0002000 -> 0.0002000
(epoch: 809, iters: 300, time: 0.029, data: 1.391) D_A: 0.264 G_A: 0.365 cycle_A: 1.917 idt_A: 0.842 D_B: 0.243 G_B: 0.330 cycle_B: 0.922 idt_B: 0.444 
(epoch: 809, iters: 600, time: 0.031, data: 0.028) D_A: 0.374 G_A: 0.572 cycle_A: 2.314 idt_A: 0.834 D_B: 0.248 G_B: 0.326 cycle_B: 0.932 idt_B: 0.570 
End of epoch 809 / 1000 	 Time Taken: 22 sec
learning rate 0.0002000 -> 0.0002000
(epoch: 810, iters: 300, time: 0.030, data: 1.432) D_A: 0.293 G_A: 0.381 cycle_A: 1.724 idt_A: 0.750 D_B: 0.246 G_B: 0.361 cycle_B: 0.845 idt_B: 0.409 
(epoch: 810, iters: 600, time: 0.133, data: 0.032) D_A: 0.231 G_A: 0.367 cycle_A: 1.623 idt_A: 0.575 D_B: 0.225 G_B: 0.390 cycle_B: 0.628 idt_B: 0.387 
saving the model at the end of epoch 810, iters 6000
End of epoch 810 / 1000 	 Time Taken: 28 sec
learning rate 0.0002000 -> 0.0002000
(epoch: 811, iters: 300, time: 0.029, data: 1.394) D_A: 0.246 G_A: 0.341 cycle_A: 2.036 idt_A: 0.695 D_B: 0.250 G_B: 0.344 cycle_B: 0.748 idt_B: 0.486 
(epoch: 811, iters: 600, time: 0.031, data: 0.025) D_A: 0.221 G_A: 0.410 cycle_A: 1.509 idt_A: 0.769 D_B: 0.314 G_B: 0.450 cycle_B: 0.843 idt_B: 0.353 
End of epoch 811 / 1000 	 Time Taken: 22 sec
learning rate 0.0002000 -> 0.0002000
(epoch: 812, iters: 300, time: 0.029, data: 1.402) D_A: 0.238 G_A: 0.413 cycle_A: 1.656 idt_A: 0.693 D_B: 0.358 G_B: 0.454 cycle_B: 0.811 idt_B: 0.371 
(epoch: 812, iters: 600, time: 0.134, data: 0.033) D_A: 0.429 G_A: 0.589 cycle_A: 1.554 idt_A: 0.850 D_B: 0.254 G_B: 0.374 cycle_B: 0.924 idt_B: 0.372 
End of epoch 812 / 1000 	 Time Taken: 28 sec
learning rate 0.0002000 -> 0.0002000
(epoch: 813, iters: 300, time: 0.031, data: 1.755) D_A: 0.233 G_A: 0.384 cycle_A: 1.959 idt_A: 0.664 D_B: 0.242 G_B: 0.328 cycle_B: 0.814 idt_B: 0.461 
(epoch: 813, iters: 600, time: 0.030, data: 0.031) D_A: 0.226 G_A: 0.343 cycle_A: 1.778 idt_A: 0.627 D_B: 0.239 G_B: 0.369 cycle_B: 0.705 idt_B: 0.412 
End of epoch 813 / 1000 	 Time Taken: 23 sec
learning rate 0.0002000 -> 0.0002000
(epoch: 814, iters: 300, time: 0.030, data: 1.462) D_A: 0.227 G_A: 0.338 cycle_A: 1.983 idt_A: 1.294 D_B: 0.229 G_B: 0.366 cycle_B: 1.314 idt_B: 0.475 
(epoch: 814, iters: 600, time: 0.129, data: 0.023) D_A: 0.221 G_A: 0.381 cycle_A: 1.567 idt_A: 0.629 D_B: 0.218 G_B: 0.349 cycle_B: 0.696 idt_B: 0.362 
End of epoch 814 / 1000 	 Time Taken: 28 sec
learning rate 0.0002000 -> 0.0002000
(epoch: 815, iters: 300, time: 0.029, data: 1.399) D_A: 0.244 G_A: 0.332 cycle_A: 1.548 idt_A: 0.924 D_B: 0.249 G_B: 0.326 cycle_B: 1.023 idt_B: 0.362 
(epoch: 815, iters: 600, time: 0.030, data: 0.028) D_A: 0.266 G_A: 0.424 cycle_A: 1.814 idt_A: 0.671 D_B: 0.245 G_B: 0.357 cycle_B: 0.781 idt_B: 0.424 
saving the model at the end of epoch 815, iters 9000
End of epoch 815 / 1000 	 Time Taken: 22 sec
learning rate 0.0002000 -> 0.0002000
(epoch: 816, iters: 300, time: 0.029, data: 1.417) D_A: 0.535 G_A: 0.676 cycle_A: 2.315 idt_A: 0.891 D_B: 0.435 G_B: 0.578 cycle_B: 1.031 idt_B: 0.529 
(epoch: 816, iters: 600, time: 0.137, data: 0.028) D_A: 0.234 G_A: 0.405 cycle_A: 1.926 idt_A: 0.844 D_B: 0.256 G_B: 0.390 cycle_B: 0.958 idt_B: 0.462 
End of epoch 816 / 1000 	 Time Taken: 28 sec
learning rate 0.0002000 -> 0.0002000
(epoch: 817, iters: 300, time: 0.029, data: 1.427) D_A: 0.212 G_A: 0.349 cycle_A: 1.287 idt_A: 0.713 D_B: 0.229 G_B: 0.376 cycle_B: 0.765 idt_B: 0.290 
(epoch: 817, iters: 600, time: 0.029, data: 0.030) D_A: 0.210 G_A: 0.394 cycle_A: 1.938 idt_A: 0.900 D_B: 0.226 G_B: 0.337 cycle_B: 1.008 idt_B: 0.481 
End of epoch 817 / 1000 	 Time Taken: 22 sec
learning rate 0.0002000 -> 0.0002000
(epoch: 818, iters: 300, time: 0.030, data: 1.428) D_A: 0.210 G_A: 0.383 cycle_A: 1.491 idt_A: 0.689 D_B: 0.225 G_B: 0.349 cycle_B: 0.797 idt_B: 0.325 
(epoch: 818, iters: 600, time: 0.134, data: 0.031) D_A: 0.216 G_A: 0.357 cycle_A: 2.221 idt_A: 0.716 D_B: 0.232 G_B: 0.374 cycle_B: 0.819 idt_B: 0.547 
End of epoch 818 / 1000 	 Time Taken: 29 sec
learning rate 0.0002000 -> 0.0002000
(epoch: 819, iters: 300, time: 0.029, data: 1.405) D_A: 0.212 G_A: 0.376 cycle_A: 2.145 idt_A: 0.801 D_B: 0.219 G_B: 0.415 cycle_B: 0.907 idt_B: 0.477 
(epoch: 819, iters: 600, time: 0.030, data: 0.028) D_A: 0.199 G_A: 0.349 cycle_A: 1.302 idt_A: 0.884 D_B: 0.297 G_B: 0.452 cycle_B: 0.933 idt_B: 0.313 
End of epoch 819 / 1000 	 Time Taken: 22 sec
learning rate 0.0002000 -> 0.0002000
(epoch: 820, iters: 300, time: 0.029, data: 1.420) D_A: 0.232 G_A: 0.379 cycle_A: 1.991 idt_A: 0.741 D_B: 0.247 G_B: 0.350 cycle_B: 0.854 idt_B: 0.450 
(epoch: 820, iters: 600, time: 0.124, data: 0.030) D_A: 0.220 G_A: 0.435 cycle_A: 1.833 idt_A: 0.605 D_B: 0.275 G_B: 0.343 cycle_B: 0.779 idt_B: 0.415 
saving the model at the end of epoch 820, iters 12000
End of epoch 820 / 1000 	 Time Taken: 28 sec
learning rate 0.0002000 -> 0.0002000
(epoch: 821, iters: 300, time: 0.030, data: 1.423) D_A: 0.968 G_A: 1.185 cycle_A: 1.877 idt_A: 0.734 D_B: 0.233 G_B: 0.362 cycle_B: 0.866 idt_B: 0.465 
(epoch: 821, iters: 600, time: 0.031, data: 0.031) D_A: 0.230 G_A: 0.435 cycle_A: 1.532 idt_A: 0.619 D_B: 0.241 G_B: 0.353 cycle_B: 0.704 idt_B: 0.391 
End of epoch 821 / 1000 	 Time Taken: 22 sec
learning rate 0.0002000 -> 0.0002000
(epoch: 822, iters: 300, time: 0.029, data: 1.424) D_A: 0.221 G_A: 0.377 cycle_A: 1.644 idt_A: 0.604 D_B: 0.224 G_B: 0.374 cycle_B: 0.685 idt_B: 0.422 
(epoch: 822, iters: 600, time: 0.126, data: 0.034) D_A: 0.231 G_A: 0.374 cycle_A: 1.791 idt_A: 0.817 D_B: 0.239 G_B: 0.353 cycle_B: 0.930 idt_B: 0.445 
End of epoch 822 / 1000 	 Time Taken: 28 sec
learning rate 0.0002000 -> 0.0002000
(epoch: 823, iters: 300, time: 0.029, data: 1.426) D_A: 0.224 G_A: 0.362 cycle_A: 1.538 idt_A: 0.657 D_B: 0.240 G_B: 0.330 cycle_B: 0.805 idt_B: 0.337 
(epoch: 823, iters: 600, time: 0.029, data: 0.031) D_A: 0.202 G_A: 0.364 cycle_A: 1.750 idt_A: 0.607 D_B: 0.302 G_B: 0.431 cycle_B: 0.706 idt_B: 0.436 
End of epoch 823 / 1000 	 Time Taken: 22 sec
learning rate 0.0002000 -> 0.0002000
(epoch: 824, iters: 300, time: 0.029, data: 1.414) D_A: 0.218 G_A: 0.392 cycle_A: 2.533 idt_A: 0.733 D_B: 0.350 G_B: 0.486 cycle_B: 0.826 idt_B: 0.667 
(epoch: 824, iters: 600, time: 0.131, data: 0.024) D_A: 0.186 G_A: 0.427 cycle_A: 1.495 idt_A: 0.705 D_B: 0.309 G_B: 0.382 cycle_B: 0.848 idt_B: 0.320 
End of epoch 824 / 1000 	 Time Taken: 28 sec
learning rate 0.0002000 -> 0.0002000
(epoch: 825, iters: 300, time: 0.029, data: 1.471) D_A: 0.201 G_A: 0.374 cycle_A: 1.449 idt_A: 0.711 D_B: 0.228 G_B: 0.332 cycle_B: 0.859 idt_B: 0.348 
(epoch: 825, iters: 600, time: 0.030, data: 0.024) D_A: 0.223 G_A: 0.390 cycle_A: 1.685 idt_A: 0.626 D_B: 0.229 G_B: 0.352 cycle_B: 0.717 idt_B: 0.395 
saving the model at the end of epoch 825, iters 15000
End of epoch 825 / 1000 	 Time Taken: 22 sec
learning rate 0.0002000 -> 0.0002000
(epoch: 826, iters: 300, time: 0.030, data: 1.406) D_A: 0.217 G_A: 0.390 cycle_A: 1.695 idt_A: 0.869 D_B: 0.229 G_B: 0.340 cycle_B: 1.014 idt_B: 0.398 
(epoch: 826, iters: 600, time: 0.131, data: 0.030) D_A: 0.204 G_A: 0.416 cycle_A: 1.409 idt_A: 0.679 D_B: 0.205 G_B: 0.399 cycle_B: 0.681 idt_B: 0.341 
End of epoch 826 / 1000 	 Time Taken: 28 sec
learning rate 0.0002000 -> 0.0002000
(epoch: 827, iters: 300, time: 0.029, data: 1.409) D_A: 0.245 G_A: 0.305 cycle_A: 1.664 idt_A: 0.599 D_B: 0.241 G_B: 0.349 cycle_B: 0.703 idt_B: 0.426 
(epoch: 827, iters: 600, time: 0.030, data: 0.027) D_A: 0.244 G_A: 0.431 cycle_A: 1.833 idt_A: 0.891 D_B: 0.220 G_B: 0.314 cycle_B: 1.119 idt_B: 0.427 
End of epoch 827 / 1000 	 Time Taken: 22 sec
learning rate 0.0002000 -> 0.0002000
(epoch: 828, iters: 300, time: 0.030, data: 1.467) D_A: 0.242 G_A: 0.387 cycle_A: 1.723 idt_A: 0.711 D_B: 0.215 G_B: 0.380 cycle_B: 0.871 idt_B: 0.426 
(epoch: 828, iters: 600, time: 0.127, data: 0.026) D_A: 0.236 G_A: 0.308 cycle_A: 1.836 idt_A: 0.523 D_B: 0.232 G_B: 0.363 cycle_B: 0.599 idt_B: 0.440 
End of epoch 828 / 1000 	 Time Taken: 28 sec
learning rate 0.0002000 -> 0.0002000
(epoch: 829, iters: 300, time: 0.030, data: 1.394) D_A: 0.211 G_A: 0.371 cycle_A: 1.724 idt_A: 0.642 D_B: 0.296 G_B: 0.408 cycle_B: 0.742 idt_B: 0.414 
(epoch: 829, iters: 600, time: 0.030, data: 0.027) D_A: 0.205 G_A: 0.355 cycle_A: 1.658 idt_A: 0.654 D_B: 0.492 G_B: 0.676 cycle_B: 0.783 idt_B: 0.387 
End of epoch 829 / 1000 	 Time Taken: 22 sec
learning rate 0.0002000 -> 0.0002000
(epoch: 830, iters: 300, time: 0.029, data: 1.434) D_A: 0.221 G_A: 0.386 cycle_A: 1.263 idt_A: 0.590 D_B: 0.230 G_B: 0.409 cycle_B: 0.635 idt_B: 0.312 
(epoch: 830, iters: 600, time: 0.124, data: 0.030) D_A: 0.289 G_A: 0.560 cycle_A: 1.495 idt_A: 0.548 D_B: 0.209 G_B: 0.365 cycle_B: 0.614 idt_B: 0.370 
saving the model at the end of epoch 830, iters 18000
End of epoch 830 / 1000 	 Time Taken: 28 sec
learning rate 0.0002000 -> 0.0002000
(epoch: 831, iters: 300, time: 0.030, data: 1.429) D_A: 0.266 G_A: 0.441 cycle_A: 2.048 idt_A: 0.618 D_B: 0.232 G_B: 0.378 cycle_B: 0.776 idt_B: 0.447 
(epoch: 831, iters: 600, time: 0.030, data: 0.031) D_A: 0.207 G_A: 0.399 cycle_A: 1.554 idt_A: 0.583 D_B: 0.259 G_B: 0.386 cycle_B: 0.665 idt_B: 0.387 
End of epoch 831 / 1000 	 Time Taken: 22 sec
learning rate 0.0002000 -> 0.0002000
(epoch: 832, iters: 300, time: 0.031, data: 1.582) D_A: 0.208 G_A: 0.340 cycle_A: 1.806 idt_A: 0.661 D_B: 0.225 G_B: 0.378 cycle_B: 0.807 idt_B: 0.459 
(epoch: 832, iters: 600, time: 0.123, data: 0.033) D_A: 0.210 G_A: 0.358 cycle_A: 1.233 idt_A: 0.903 D_B: 0.208 G_B: 0.395 cycle_B: 1.061 idt_B: 0.274 
End of epoch 832 / 1000 	 Time Taken: 28 sec
learning rate 0.0002000 -> 0.0002000
(epoch: 833, iters: 300, time: 0.030, data: 1.426) D_A: 0.216 G_A: 0.407 cycle_A: 1.778 idt_A: 0.638 D_B: 0.220 G_B: 0.374 cycle_B: 0.787 idt_B: 0.461 
(epoch: 833, iters: 600, time: 0.030, data: 0.026) D_A: 0.287 G_A: 0.400 cycle_A: 1.936 idt_A: 0.535 D_B: 0.207 G_B: 0.383 cycle_B: 0.629 idt_B: 0.433 
End of epoch 833 / 1000 	 Time Taken: 22 sec
learning rate 0.0002000 -> 0.0002000
(epoch: 834, iters: 300, time: 0.029, data: 1.439) D_A: 0.260 G_A: 0.503 cycle_A: 1.872 idt_A: 0.613 D_B: 0.209 G_B: 0.309 cycle_B: 0.688 idt_B: 0.438 
(epoch: 834, iters: 600, time: 0.134, data: 0.028) D_A: 0.216 G_A: 0.370 cycle_A: 1.912 idt_A: 0.746 D_B: 0.252 G_B: 0.401 cycle_B: 0.847 idt_B: 0.455 
End of epoch 834 / 1000 	 Time Taken: 28 sec
learning rate 0.0002000 -> 0.0002000
(epoch: 835, iters: 300, time: 0.029, data: 1.422) D_A: 0.187 G_A: 0.406 cycle_A: 1.513 idt_A: 0.653 D_B: 0.289 G_B: 0.380 cycle_B: 0.728 idt_B: 0.372 
(epoch: 835, iters: 600, time: 0.031, data: 0.028) D_A: 0.227 G_A: 0.323 cycle_A: 2.115 idt_A: 0.803 D_B: 0.332 G_B: 0.478 cycle_B: 0.989 idt_B: 0.385 
saving the model at the end of epoch 835, iters 21000
End of epoch 835 / 1000 	 Time Taken: 22 sec
learning rate 0.0002000 -> 0.0002000
(epoch: 836, iters: 300, time: 0.029, data: 1.424) D_A: 0.237 G_A: 0.402 cycle_A: 2.015 idt_A: 0.760 D_B: 0.246 G_B: 0.399 cycle_B: 0.872 idt_B: 0.473 
(epoch: 836, iters: 600, time: 0.126, data: 0.031) D_A: 0.377 G_A: 0.564 cycle_A: 1.620 idt_A: 0.609 D_B: 0.207 G_B: 0.323 cycle_B: 0.722 idt_B: 0.404 
End of epoch 836 / 1000 	 Time Taken: 28 sec
learning rate 0.0002000 -> 0.0002000
(epoch: 837, iters: 300, time: 0.029, data: 1.456) D_A: 0.265 G_A: 0.322 cycle_A: 2.002 idt_A: 0.564 D_B: 0.232 G_B: 0.359 cycle_B: 0.643 idt_B: 0.425 
(epoch: 837, iters: 600, time: 0.029, data: 0.030) D_A: 0.196 G_A: 0.398 cycle_A: 1.449 idt_A: 0.558 D_B: 0.206 G_B: 0.387 cycle_B: 0.675 idt_B: 0.389 
End of epoch 837 / 1000 	 Time Taken: 22 sec
learning rate 0.0002000 -> 0.0002000
(epoch: 838, iters: 300, time: 0.029, data: 1.423) D_A: 0.236 G_A: 0.314 cycle_A: 1.577 idt_A: 0.766 D_B: 0.230 G_B: 0.364 cycle_B: 0.876 idt_B: 0.375 
(epoch: 838, iters: 600, time: 0.132, data: 0.030) D_A: 0.233 G_A: 0.341 cycle_A: 1.422 idt_A: 0.676 D_B: 0.212 G_B: 0.340 cycle_B: 0.797 idt_B: 0.362 
End of epoch 838 / 1000 	 Time Taken: 28 sec
learning rate 0.0002000 -> 0.0002000
(epoch: 839, iters: 300, time: 0.030, data: 1.442) D_A: 0.215 G_A: 0.353 cycle_A: 1.296 idt_A: 0.798 D_B: 0.229 G_B: 0.428 cycle_B: 1.018 idt_B: 0.321 
(epoch: 839, iters: 600, time: 0.030, data: 0.027) D_A: 0.239 G_A: 0.427 cycle_A: 1.341 idt_A: 0.659 D_B: 0.270 G_B: 0.340 cycle_B: 0.717 idt_B: 0.320 
End of epoch 839 / 1000 	 Time Taken: 22 sec
learning rate 0.0002000 -> 0.0002000
(epoch: 840, iters: 300, time: 0.029, data: 1.495) D_A: 0.272 G_A: 0.438 cycle_A: 1.707 idt_A: 0.666 D_B: 0.288 G_B: 0.428 cycle_B: 0.754 idt_B: 0.431 
(epoch: 840, iters: 600, time: 0.124, data: 0.024) D_A: 0.239 G_A: 0.414 cycle_A: 1.337 idt_A: 0.601 D_B: 0.240 G_B: 0.330 cycle_B: 0.766 idt_B: 0.307 
saving the model at the end of epoch 840, iters 24000
End of epoch 840 / 1000 	 Time Taken: 28 sec
learning rate 0.0002000 -> 0.0002000
(epoch: 841, iters: 300, time: 0.029, data: 1.437) D_A: 0.204 G_A: 0.382 cycle_A: 1.695 idt_A: 0.723 D_B: 0.231 G_B: 0.396 cycle_B: 0.941 idt_B: 0.462 
(epoch: 841, iters: 600, time: 0.029, data: 0.030) D_A: 0.220 G_A: 0.411 cycle_A: 1.574 idt_A: 0.658 D_B: 0.226 G_B: 0.306 cycle_B: 0.788 idt_B: 0.418 
End of epoch 841 / 1000 	 Time Taken: 22 sec
learning rate 0.0002000 -> 0.0002000
(epoch: 842, iters: 300, time: 0.029, data: 1.450) D_A: 0.218 G_A: 0.378 cycle_A: 1.828 idt_A: 1.002 D_B: 0.222 G_B: 0.379 cycle_B: 1.272 idt_B: 0.383 
(epoch: 842, iters: 600, time: 0.124, data: 0.030) D_A: 0.215 G_A: 0.351 cycle_A: 1.487 idt_A: 0.674 D_B: 0.205 G_B: 0.384 cycle_B: 0.819 idt_B: 0.380 
End of epoch 842 / 1000 	 Time Taken: 28 sec
learning rate 0.0002000 -> 0.0002000
(epoch: 843, iters: 300, time: 0.030, data: 1.746) D_A: 0.245 G_A: 0.428 cycle_A: 1.146 idt_A: 0.592 D_B: 0.212 G_B: 0.330 cycle_B: 0.708 idt_B: 0.292 
(epoch: 843, iters: 600, time: 0.031, data: 0.033) D_A: 0.228 G_A: 0.424 cycle_A: 1.104 idt_A: 0.631 D_B: 0.222 G_B: 0.434 cycle_B: 0.707 idt_B: 0.267 
End of epoch 843 / 1000 	 Time Taken: 23 sec
learning rate 0.0002000 -> 0.0002000
(epoch: 844, iters: 300, time: 0.029, data: 1.489) D_A: 0.215 G_A: 0.394 cycle_A: 1.458 idt_A: 0.620 D_B: 0.315 G_B: 0.525 cycle_B: 0.840 idt_B: 0.352 
(epoch: 844, iters: 600, time: 0.128, data: 0.029) D_A: 0.222 G_A: 0.337 cycle_A: 2.198 idt_A: 0.567 D_B: 0.271 G_B: 0.416 cycle_B: 0.779 idt_B: 0.469 
End of epoch 844 / 1000 	 Time Taken: 28 sec
learning rate 0.0002000 -> 0.0002000
(epoch: 845, iters: 300, time: 0.030, data: 1.438) D_A: 0.342 G_A: 0.421 cycle_A: 1.506 idt_A: 0.613 D_B: 0.231 G_B: 0.439 cycle_B: 0.703 idt_B: 0.399 
(epoch: 845, iters: 600, time: 0.030, data: 0.030) D_A: 0.743 G_A: 0.869 cycle_A: 1.325 idt_A: 0.794 D_B: 0.214 G_B: 0.370 cycle_B: 0.839 idt_B: 0.307 
saving the model at the end of epoch 845, iters 27000
End of epoch 845 / 1000 	 Time Taken: 22 sec
learning rate 0.0002000 -> 0.0002000
(epoch: 846, iters: 300, time: 0.029, data: 1.429) D_A: 0.249 G_A: 0.431 cycle_A: 1.709 idt_A: 0.593 D_B: 0.206 G_B: 0.336 cycle_B: 0.727 idt_B: 0.441 
(epoch: 846, iters: 600, time: 0.129, data: 0.028) D_A: 0.214 G_A: 0.366 cycle_A: 1.318 idt_A: 0.560 D_B: 0.210 G_B: 0.327 cycle_B: 0.658 idt_B: 0.321 
End of epoch 846 / 1000 	 Time Taken: 28 sec
learning rate 0.0002000 -> 0.0002000
(epoch: 847, iters: 300, time: 0.030, data: 1.435) D_A: 0.202 G_A: 0.418 cycle_A: 1.753 idt_A: 0.612 D_B: 0.209 G_B: 0.323 cycle_B: 0.749 idt_B: 0.423 
(epoch: 847, iters: 600, time: 0.031, data: 0.029) D_A: 0.205 G_A: 0.376 cycle_A: 1.438 idt_A: 0.525 D_B: 0.224 G_B: 0.398 cycle_B: 0.656 idt_B: 0.329 
End of epoch 847 / 1000 	 Time Taken: 22 sec
learning rate 0.0002000 -> 0.0002000
(epoch: 848, iters: 300, time: 0.029, data: 1.414) D_A: 0.212 G_A: 0.306 cycle_A: 1.478 idt_A: 0.537 D_B: 0.275 G_B: 0.386 cycle_B: 0.770 idt_B: 0.352 
(epoch: 848, iters: 600, time: 0.126, data: 0.030) D_A: 0.197 G_A: 0.419 cycle_A: 1.723 idt_A: 0.502 D_B: 0.265 G_B: 0.410 cycle_B: 0.642 idt_B: 0.451 
End of epoch 848 / 1000 	 Time Taken: 28 sec
learning rate 0.0002000 -> 0.0002000
(epoch: 849, iters: 300, time: 0.029, data: 1.417) D_A: 0.225 G_A: 0.376 cycle_A: 1.666 idt_A: 0.587 D_B: 0.233 G_B: 0.390 cycle_B: 0.718 idt_B: 0.395 
(epoch: 849, iters: 600, time: 0.030, data: 0.027) D_A: 0.200 G_A: 0.417 cycle_A: 1.605 idt_A: 0.594 D_B: 0.205 G_B: 0.337 cycle_B: 0.744 idt_B: 0.456 
End of epoch 849 / 1000 	 Time Taken: 22 sec
learning rate 0.0002000 -> 0.0002000
(epoch: 850, iters: 300, time: 0.030, data: 1.455) D_A: 0.181 G_A: 0.433 cycle_A: 1.413 idt_A: 0.623 D_B: 0.215 G_B: 0.349 cycle_B: 0.826 idt_B: 0.369 
(epoch: 850, iters: 600, time: 0.129, data: 0.027) D_A: 0.197 G_A: 0.354 cycle_A: 1.524 idt_A: 0.574 D_B: 0.217 G_B: 0.413 cycle_B: 0.653 idt_B: 0.363 
saving the model at the end of epoch 850, iters 30000
End of epoch 850 / 1000 	 Time Taken: 29 sec
learning rate 0.0002000 -> 0.0002000
(epoch: 851, iters: 300, time: 0.029, data: 1.419) D_A: 0.201 G_A: 0.441 cycle_A: 1.453 idt_A: 0.765 D_B: 0.235 G_B: 0.326 cycle_B: 0.949 idt_B: 0.388 
(epoch: 851, iters: 600, time: 0.029, data: 0.030) D_A: 0.209 G_A: 0.415 cycle_A: 1.486 idt_A: 0.665 D_B: 0.225 G_B: 0.381 cycle_B: 0.767 idt_B: 0.445 
End of epoch 851 / 1000 	 Time Taken: 22 sec
learning rate 0.0002000 -> 0.0002000
(epoch: 852, iters: 300, time: 0.029, data: 1.419) D_A: 0.223 G_A: 0.437 cycle_A: 1.145 idt_A: 0.617 D_B: 0.255 G_B: 0.370 cycle_B: 0.718 idt_B: 0.272 
(epoch: 852, iters: 600, time: 0.137, data: 0.029) D_A: 0.210 G_A: 0.294 cycle_A: 1.279 idt_A: 0.575 D_B: 0.241 G_B: 0.483 cycle_B: 0.642 idt_B: 0.338 
End of epoch 852 / 1000 	 Time Taken: 29 sec
learning rate 0.0002000 -> 0.0002000
(epoch: 853, iters: 300, time: 0.030, data: 1.637) D_A: 0.227 G_A: 0.454 cycle_A: 1.900 idt_A: 0.958 D_B: 0.264 G_B: 0.416 cycle_B: 0.973 idt_B: 0.385 
(epoch: 853, iters: 600, time: 0.030, data: 0.028) D_A: 0.241 G_A: 0.469 cycle_A: 1.480 idt_A: 0.504 D_B: 0.278 G_B: 0.437 cycle_B: 0.598 idt_B: 0.428 
End of epoch 853 / 1000 	 Time Taken: 22 sec
learning rate 0.0002000 -> 0.0002000
(epoch: 854, iters: 300, time: 0.029, data: 1.659) D_A: 0.212 G_A: 0.380 cycle_A: 1.781 idt_A: 0.522 D_B: 0.210 G_B: 0.345 cycle_B: 0.630 idt_B: 0.481 
(epoch: 854, iters: 600, time: 0.128, data: 0.027) D_A: 0.190 G_A: 0.492 cycle_A: 1.937 idt_A: 0.783 D_B: 0.192 G_B: 0.285 cycle_B: 1.106 idt_B: 0.471 
End of epoch 854 / 1000 	 Time Taken: 28 sec
learning rate 0.0002000 -> 0.0002000
(epoch: 855, iters: 300, time: 0.029, data: 1.430) D_A: 0.213 G_A: 0.340 cycle_A: 1.228 idt_A: 0.529 D_B: 0.201 G_B: 0.384 cycle_B: 0.643 idt_B: 0.320 
(epoch: 855, iters: 600, time: 0.030, data: 0.029) D_A: 0.212 G_A: 0.370 cycle_A: 1.379 idt_A: 0.501 D_B: 0.225 G_B: 0.353 cycle_B: 0.632 idt_B: 0.325 
saving the model at the end of epoch 855, iters 33000
End of epoch 855 / 1000 	 Time Taken: 22 sec
learning rate 0.0002000 -> 0.0002000
(epoch: 856, iters: 300, time: 0.030, data: 1.436) D_A: 0.204 G_A: 0.411 cycle_A: 1.338 idt_A: 0.541 D_B: 0.215 G_B: 0.352 cycle_B: 0.659 idt_B: 0.327 
(epoch: 856, iters: 600, time: 0.123, data: 0.024) D_A: 0.216 G_A: 0.360 cycle_A: 1.325 idt_A: 0.494 D_B: 0.212 G_B: 0.361 cycle_B: 0.636 idt_B: 0.312 
End of epoch 856 / 1000 	 Time Taken: 28 sec
learning rate 0.0002000 -> 0.0002000
(epoch: 857, iters: 300, time: 0.030, data: 1.444) D_A: 0.266 G_A: 0.496 cycle_A: 1.034 idt_A: 0.541 D_B: 0.204 G_B: 0.420 cycle_B: 0.673 idt_B: 0.294 
(epoch: 857, iters: 600, time: 0.030, data: 0.032) D_A: 0.223 G_A: 0.402 cycle_A: 1.783 idt_A: 0.715 D_B: 0.243 G_B: 0.390 cycle_B: 1.011 idt_B: 0.311 
End of epoch 857 / 1000 	 Time Taken: 22 sec
learning rate 0.0002000 -> 0.0002000
(epoch: 858, iters: 300, time: 0.029, data: 1.428) D_A: 0.227 G_A: 0.368 cycle_A: 1.354 idt_A: 0.752 D_B: 0.428 G_B: 0.595 cycle_B: 0.903 idt_B: 0.338 
(epoch: 858, iters: 600, time: 0.129, data: 0.029) D_A: 0.211 G_A: 0.354 cycle_A: 1.398 idt_A: 0.566 D_B: 0.358 G_B: 0.454 cycle_B: 0.697 idt_B: 0.352 
End of epoch 858 / 1000 	 Time Taken: 28 sec
learning rate 0.0002000 -> 0.0002000
(epoch: 859, iters: 300, time: 0.031, data: 1.386) D_A: 0.201 G_A: 0.360 cycle_A: 1.057 idt_A: 0.570 D_B: 0.237 G_B: 0.288 cycle_B: 0.594 idt_B: 0.302 
(epoch: 859, iters: 600, time: 0.030, data: 0.026) D_A: 0.222 G_A: 0.400 cycle_A: 1.139 idt_A: 0.481 D_B: 0.223 G_B: 0.390 cycle_B: 0.550 idt_B: 0.293 
End of epoch 859 / 1000 	 Time Taken: 22 sec
learning rate 0.0002000 -> 0.0002000
(epoch: 860, iters: 300, time: 0.030, data: 1.446) D_A: 0.338 G_A: 0.553 cycle_A: 1.282 idt_A: 0.512 D_B: 0.200 G_B: 0.379 cycle_B: 0.707 idt_B: 0.334 
(epoch: 860, iters: 600, time: 0.137, data: 0.030) D_A: 0.211 G_A: 0.383 cycle_A: 1.698 idt_A: 0.484 D_B: 0.201 G_B: 0.358 cycle_B: 0.581 idt_B: 0.449 
saving the model at the end of epoch 860, iters 36000
End of epoch 860 / 1000 	 Time Taken: 29 sec
learning rate 0.0002000 -> 0.0002000
(epoch: 861, iters: 300, time: 0.029, data: 1.434) D_A: 0.206 G_A: 0.404 cycle_A: 1.425 idt_A: 0.607 D_B: 0.213 G_B: 0.354 cycle_B: 0.704 idt_B: 0.297 
(epoch: 861, iters: 600, time: 0.029, data: 0.026) D_A: 0.241 G_A: 0.357 cycle_A: 1.226 idt_A: 0.552 D_B: 0.222 G_B: 0.316 cycle_B: 0.629 idt_B: 0.344 
End of epoch 861 / 1000 	 Time Taken: 22 sec
learning rate 0.0002000 -> 0.0002000
(epoch: 862, iters: 300, time: 0.029, data: 1.455) D_A: 0.196 G_A: 0.363 cycle_A: 1.224 idt_A: 0.588 D_B: 0.212 G_B: 0.376 cycle_B: 0.743 idt_B: 0.359 
(epoch: 862, iters: 600, time: 0.124, data: 0.024) D_A: 0.215 G_A: 0.471 cycle_A: 1.465 idt_A: 0.645 D_B: 0.206 G_B: 0.313 cycle_B: 0.686 idt_B: 0.403 
End of epoch 862 / 1000 	 Time Taken: 28 sec
learning rate 0.0002000 -> 0.0002000
(epoch: 863, iters: 300, time: 0.029, data: 1.408) D_A: 0.202 G_A: 0.456 cycle_A: 1.807 idt_A: 0.600 D_B: 0.203 G_B: 0.362 cycle_B: 0.766 idt_B: 0.506 
(epoch: 863, iters: 600, time: 0.030, data: 0.027) D_A: 0.233 G_A: 0.393 cycle_A: 1.316 idt_A: 0.660 D_B: 0.190 G_B: 0.330 cycle_B: 0.779 idt_B: 0.358 
End of epoch 863 / 1000 	 Time Taken: 22 sec
learning rate 0.0002000 -> 0.0002000
(epoch: 864, iters: 300, time: 0.030, data: 1.434) D_A: 0.254 G_A: 0.358 cycle_A: 1.521 idt_A: 0.457 D_B: 0.237 G_B: 0.404 cycle_B: 0.544 idt_B: 0.425 
(epoch: 864, iters: 600, time: 0.128, data: 0.031) D_A: 0.240 G_A: 0.354 cycle_A: 1.733 idt_A: 0.725 D_B: 0.237 G_B: 0.410 cycle_B: 0.927 idt_B: 0.380 
End of epoch 864 / 1000 	 Time Taken: 29 sec
learning rate 0.0002000 -> 0.0002000
(epoch: 865, iters: 300, time: 0.030, data: 1.590) D_A: 0.218 G_A: 0.396 cycle_A: 1.328 idt_A: 0.581 D_B: 0.222 G_B: 0.435 cycle_B: 0.683 idt_B: 0.327 
(epoch: 865, iters: 600, time: 0.030, data: 0.030) D_A: 0.226 G_A: 0.486 cycle_A: 1.097 idt_A: 0.544 D_B: 0.355 G_B: 0.486 cycle_B: 0.637 idt_B: 0.275 
saving the model at the end of epoch 865, iters 39000
End of epoch 865 / 1000 	 Time Taken: 23 sec
learning rate 0.0002000 -> 0.0002000
(epoch: 866, iters: 300, time: 0.030, data: 1.535) D_A: 0.202 G_A: 0.346 cycle_A: 1.064 idt_A: 0.643 D_B: 0.258 G_B: 0.465 cycle_B: 0.734 idt_B: 0.267 
(epoch: 866, iters: 600, time: 0.121, data: 0.026) D_A: 0.191 G_A: 0.406 cycle_A: 1.292 idt_A: 0.497 D_B: 0.197 G_B: 0.351 cycle_B: 0.596 idt_B: 0.337 
End of epoch 866 / 1000 	 Time Taken: 28 sec
learning rate 0.0002000 -> 0.0002000
(epoch: 867, iters: 300, time: 0.030, data: 1.410) D_A: 0.204 G_A: 0.404 cycle_A: 1.219 idt_A: 0.638 D_B: 0.209 G_B: 0.398 cycle_B: 0.706 idt_B: 0.299 
(epoch: 867, iters: 600, time: 0.030, data: 0.031) D_A: 0.214 G_A: 0.410 cycle_A: 1.292 idt_A: 0.609 D_B: 0.202 G_B: 0.313 cycle_B: 0.792 idt_B: 0.294 
End of epoch 867 / 1000 	 Time Taken: 22 sec
learning rate 0.0002000 -> 0.0002000
(epoch: 868, iters: 300, time: 0.031, data: 1.416) D_A: 0.231 G_A: 0.388 cycle_A: 1.543 idt_A: 0.519 D_B: 0.210 G_B: 0.403 cycle_B: 0.623 idt_B: 0.298 
(epoch: 868, iters: 600, time: 0.134, data: 0.030) D_A: 0.218 G_A: 0.329 cycle_A: 1.045 idt_A: 0.500 D_B: 0.196 G_B: 0.407 cycle_B: 0.558 idt_B: 0.234 
End of epoch 868 / 1000 	 Time Taken: 29 sec
learning rate 0.0002000 -> 0.0002000
(epoch: 869, iters: 300, time: 0.030, data: 1.372) D_A: 0.215 G_A: 0.335 cycle_A: 1.588 idt_A: 0.651 D_B: 0.207 G_B: 0.360 cycle_B: 0.839 idt_B: 0.310 
(epoch: 869, iters: 600, time: 0.030, data: 0.030) D_A: 0.236 G_A: 0.192 cycle_A: 1.772 idt_A: 0.598 D_B: 0.232 G_B: 0.416 cycle_B: 0.655 idt_B: 0.450 
End of epoch 869 / 1000 	 Time Taken: 22 sec
learning rate 0.0002000 -> 0.0002000
(epoch: 870, iters: 300, time: 0.029, data: 1.424) D_A: 0.223 G_A: 0.434 cycle_A: 1.547 idt_A: 0.520 D_B: 0.223 G_B: 0.269 cycle_B: 0.677 idt_B: 0.321 
(epoch: 870, iters: 600, time: 0.119, data: 0.029) D_A: 0.207 G_A: 0.367 cycle_A: 1.133 idt_A: 0.448 D_B: 0.218 G_B: 0.384 cycle_B: 0.596 idt_B: 0.295 
saving the model at the end of epoch 870, iters 42000
End of epoch 870 / 1000 	 Time Taken: 28 sec
learning rate 0.0002000 -> 0.0002000
(epoch: 871, iters: 300, time: 0.029, data: 1.415) D_A: 0.221 G_A: 0.360 cycle_A: 1.408 idt_A: 0.599 D_B: 0.218 G_B: 0.345 cycle_B: 0.739 idt_B: 0.347 
(epoch: 871, iters: 600, time: 0.029, data: 0.025) D_A: 0.242 G_A: 0.457 cycle_A: 1.523 idt_A: 0.763 D_B: 0.263 G_B: 0.343 cycle_B: 0.842 idt_B: 0.303 
End of epoch 871 / 1000 	 Time Taken: 22 sec
learning rate 0.0002000 -> 0.0002000
(epoch: 872, iters: 300, time: 0.030, data: 1.399) D_A: 0.275 G_A: 0.565 cycle_A: 1.206 idt_A: 0.527 D_B: 0.282 G_B: 0.381 cycle_B: 0.649 idt_B: 0.234 
(epoch: 872, iters: 600, time: 0.121, data: 0.030) D_A: 0.242 G_A: 0.428 cycle_A: 1.360 idt_A: 0.531 D_B: 0.490 G_B: 0.669 cycle_B: 0.732 idt_B: 0.340 
End of epoch 872 / 1000 	 Time Taken: 28 sec
learning rate 0.0002000 -> 0.0002000
(epoch: 873, iters: 300, time: 0.030, data: 1.420) D_A: 0.203 G_A: 0.432 cycle_A: 1.916 idt_A: 0.505 D_B: 0.233 G_B: 0.333 cycle_B: 0.746 idt_B: 0.535 
(epoch: 873, iters: 600, time: 0.030, data: 0.029) D_A: 0.204 G_A: 0.421 cycle_A: 1.702 idt_A: 0.434 D_B: 0.193 G_B: 0.359 cycle_B: 0.522 idt_B: 0.456 
End of epoch 873 / 1000 	 Time Taken: 22 sec
learning rate 0.0002000 -> 0.0002000
(epoch: 874, iters: 300, time: 0.030, data: 1.411) D_A: 0.192 G_A: 0.433 cycle_A: 1.241 idt_A: 0.518 D_B: 0.187 G_B: 0.354 cycle_B: 0.632 idt_B: 0.316 
(epoch: 874, iters: 600, time: 0.125, data: 0.030) D_A: 0.200 G_A: 0.433 cycle_A: 1.055 idt_A: 0.431 D_B: 0.212 G_B: 0.332 cycle_B: 0.535 idt_B: 0.246 
End of epoch 874 / 1000 	 Time Taken: 28 sec
learning rate 0.0002000 -> 0.0002000
(epoch: 875, iters: 300, time: 0.029, data: 1.419) D_A: 0.240 G_A: 0.351 cycle_A: 0.949 idt_A: 0.484 D_B: 0.218 G_B: 0.350 cycle_B: 0.561 idt_B: 0.240 
(epoch: 875, iters: 600, time: 0.030, data: 0.027) D_A: 0.291 G_A: 0.426 cycle_A: 1.445 idt_A: 0.451 D_B: 0.176 G_B: 0.387 cycle_B: 0.562 idt_B: 0.350 
saving the model at the end of epoch 875, iters 45000
End of epoch 875 / 1000 	 Time Taken: 22 sec
learning rate 0.0002000 -> 0.0002000
(epoch: 876, iters: 300, time: 0.030, data: 1.389) D_A: 0.215 G_A: 0.412 cycle_A: 1.035 idt_A: 0.462 D_B: 0.191 G_B: 0.406 cycle_B: 0.583 idt_B: 0.249 
(epoch: 876, iters: 600, time: 0.133, data: 0.031) D_A: 0.200 G_A: 0.366 cycle_A: 1.251 idt_A: 0.595 D_B: 0.213 G_B: 0.357 cycle_B: 0.643 idt_B: 0.298 
End of epoch 876 / 1000 	 Time Taken: 29 sec
learning rate 0.0002000 -> 0.0002000
(epoch: 877, iters: 300, time: 0.030, data: 1.413) D_A: 0.209 G_A: 0.430 cycle_A: 1.134 idt_A: 0.551 D_B: 0.214 G_B: 0.342 cycle_B: 0.698 idt_B: 0.266 
(epoch: 877, iters: 600, time: 0.033, data: 0.029) D_A: 0.200 G_A: 0.359 cycle_A: 1.394 idt_A: 0.522 D_B: 0.210 G_B: 0.423 cycle_B: 0.687 idt_B: 0.323 
End of epoch 877 / 1000 	 Time Taken: 22 sec
learning rate 0.0002000 -> 0.0002000
(epoch: 878, iters: 300, time: 0.030, data: 1.372) D_A: 0.238 G_A: 0.436 cycle_A: 1.265 idt_A: 0.578 D_B: 0.228 G_B: 0.356 cycle_B: 0.713 idt_B: 0.291 
(epoch: 878, iters: 600, time: 0.137, data: 0.032) D_A: 0.254 G_A: 0.446 cycle_A: 1.143 idt_A: 0.449 D_B: 0.249 G_B: 0.423 cycle_B: 0.561 idt_B: 0.333 
End of epoch 878 / 1000 	 Time Taken: 29 sec
learning rate 0.0002000 -> 0.0002000
(epoch: 879, iters: 300, time: 0.030, data: 1.413) D_A: 0.231 G_A: 0.359 cycle_A: 1.208 idt_A: 0.414 D_B: 0.209 G_B: 0.390 cycle_B: 0.598 idt_B: 0.277 
(epoch: 879, iters: 600, time: 0.030, data: 0.030) D_A: 0.216 G_A: 0.410 cycle_A: 1.288 idt_A: 0.537 D_B: 0.218 G_B: 0.421 cycle_B: 0.680 idt_B: 0.341 
End of epoch 879 / 1000 	 Time Taken: 22 sec
learning rate 0.0002000 -> 0.0002000
(epoch: 880, iters: 300, time: 0.030, data: 1.432) D_A: 0.206 G_A: 0.488 cycle_A: 1.387 idt_A: 0.426 D_B: 0.201 G_B: 0.330 cycle_B: 0.650 idt_B: 0.360 
(epoch: 880, iters: 600, time: 0.122, data: 0.030) D_A: 0.207 G_A: 0.366 cycle_A: 1.176 idt_A: 0.442 D_B: 0.231 G_B: 0.430 cycle_B: 0.520 idt_B: 0.228 
saving the model at the end of epoch 880, iters 48000
End of epoch 880 / 1000 	 Time Taken: 28 sec
learning rate 0.0002000 -> 0.0002000
(epoch: 881, iters: 300, time: 0.030, data: 1.423) D_A: 0.219 G_A: 0.473 cycle_A: 1.024 idt_A: 0.370 D_B: 0.207 G_B: 0.383 cycle_B: 0.449 idt_B: 0.277 
(epoch: 881, iters: 600, time: 0.030, data: 0.029) D_A: 0.246 G_A: 0.426 cycle_A: 1.987 idt_A: 0.613 D_B: 0.194 G_B: 0.312 cycle_B: 0.778 idt_B: 0.392 
End of epoch 881 / 1000 	 Time Taken: 22 sec
learning rate 0.0002000 -> 0.0002000
(epoch: 882, iters: 300, time: 0.030, data: 1.451) D_A: 0.226 G_A: 0.361 cycle_A: 1.490 idt_A: 0.507 D_B: 0.203 G_B: 0.363 cycle_B: 0.520 idt_B: 0.337 
(epoch: 882, iters: 600, time: 0.131, data: 0.025) D_A: 0.207 G_A: 0.434 cycle_A: 1.296 idt_A: 0.550 D_B: 0.218 G_B: 0.450 cycle_B: 0.713 idt_B: 0.341 
End of epoch 882 / 1000 	 Time Taken: 29 sec
learning rate 0.0002000 -> 0.0002000
(epoch: 883, iters: 300, time: 0.030, data: 1.434) D_A: 0.198 G_A: 0.374 cycle_A: 1.498 idt_A: 0.515 D_B: 0.250 G_B: 0.524 cycle_B: 0.569 idt_B: 0.279 
(epoch: 883, iters: 600, time: 0.030, data: 0.030) D_A: 0.218 G_A: 0.450 cycle_A: 1.461 idt_A: 0.464 D_B: 0.229 G_B: 0.349 cycle_B: 0.629 idt_B: 0.369 
End of epoch 883 / 1000 	 Time Taken: 22 sec
learning rate 0.0002000 -> 0.0002000
(epoch: 884, iters: 300, time: 0.030, data: 1.442) D_A: 0.208 G_A: 0.421 cycle_A: 1.108 idt_A: 0.400 D_B: 0.214 G_B: 0.353 cycle_B: 0.502 idt_B: 0.294 
(epoch: 884, iters: 600, time: 0.131, data: 0.029) D_A: 0.231 G_A: 0.457 cycle_A: 1.009 idt_A: 0.384 D_B: 0.195 G_B: 0.410 cycle_B: 0.468 idt_B: 0.288 
End of epoch 884 / 1000 	 Time Taken: 28 sec
learning rate 0.0002000 -> 0.0002000
(epoch: 885, iters: 300, time: 0.030, data: 1.389) D_A: 0.217 G_A: 0.361 cycle_A: 1.543 idt_A: 0.400 D_B: 0.197 G_B: 0.402 cycle_B: 0.500 idt_B: 0.443 
(epoch: 885, iters: 600, time: 0.030, data: 0.029) D_A: 0.210 G_A: 0.369 cycle_A: 1.706 idt_A: 0.635 D_B: 0.214 G_B: 0.473 cycle_B: 0.801 idt_B: 0.317 
saving the model at the end of epoch 885, iters 51000
End of epoch 885 / 1000 	 Time Taken: 22 sec
learning rate 0.0002000 -> 0.0002000
(epoch: 886, iters: 300, time: 0.030, data: 1.431) D_A: 0.220 G_A: 0.464 cycle_A: 1.575 idt_A: 0.519 D_B: 0.211 G_B: 0.362 cycle_B: 0.755 idt_B: 0.343 
(epoch: 886, iters: 600, time: 0.126, data: 0.028) D_A: 0.211 G_A: 0.471 cycle_A: 1.485 idt_A: 0.551 D_B: 0.202 G_B: 0.356 cycle_B: 0.610 idt_B: 0.321 
End of epoch 886 / 1000 	 Time Taken: 28 sec
learning rate 0.0002000 -> 0.0002000
(epoch: 887, iters: 300, time: 0.030, data: 1.422) D_A: 0.223 G_A: 0.359 cycle_A: 1.168 idt_A: 0.625 D_B: 0.237 G_B: 0.405 cycle_B: 0.803 idt_B: 0.277 
(epoch: 887, iters: 600, time: 0.030, data: 0.032) D_A: 0.255 G_A: 0.307 cycle_A: 1.349 idt_A: 0.540 D_B: 0.263 G_B: 0.461 cycle_B: 0.666 idt_B: 0.332 
End of epoch 887 / 1000 	 Time Taken: 22 sec
learning rate 0.0002000 -> 0.0002000
(epoch: 888, iters: 300, time: 0.030, data: 1.418) D_A: 0.299 G_A: 0.460 cycle_A: 1.540 idt_A: 0.531 D_B: 0.322 G_B: 0.461 cycle_B: 0.641 idt_B: 0.289 
(epoch: 888, iters: 600, time: 0.130, data: 0.028) D_A: 0.219 G_A: 0.388 cycle_A: 1.039 idt_A: 0.486 D_B: 0.225 G_B: 0.379 cycle_B: 0.618 idt_B: 0.316 
End of epoch 888 / 1000 	 Time Taken: 28 sec
learning rate 0.0002000 -> 0.0002000
(epoch: 889, iters: 300, time: 0.031, data: 1.429) D_A: 0.192 G_A: 0.422 cycle_A: 1.195 idt_A: 0.376 D_B: 0.199 G_B: 0.423 cycle_B: 0.507 idt_B: 0.292 
(epoch: 889, iters: 600, time: 0.034, data: 0.032) D_A: 0.211 G_A: 0.426 cycle_A: 2.060 idt_A: 0.519 D_B: 0.211 G_B: 0.371 cycle_B: 0.694 idt_B: 0.500 
End of epoch 889 / 1000 	 Time Taken: 23 sec
learning rate 0.0002000 -> 0.0002000
(epoch: 890, iters: 300, time: 0.030, data: 1.418) D_A: 0.182 G_A: 0.355 cycle_A: 1.331 idt_A: 0.374 D_B: 0.196 G_B: 0.420 cycle_B: 0.459 idt_B: 0.335 
(epoch: 890, iters: 600, time: 0.142, data: 0.029) D_A: 0.235 G_A: 0.415 cycle_A: 1.841 idt_A: 0.524 D_B: 0.226 G_B: 0.290 cycle_B: 0.622 idt_B: 0.398 
saving the model at the end of epoch 890, iters 54000
End of epoch 890 / 1000 	 Time Taken: 29 sec
learning rate 0.0002000 -> 0.0002000
(epoch: 891, iters: 300, time: 0.030, data: 1.427) D_A: 0.187 G_A: 0.376 cycle_A: 1.162 idt_A: 0.395 D_B: 0.189 G_B: 0.467 cycle_B: 0.468 idt_B: 0.299 
(epoch: 891, iters: 600, time: 0.029, data: 0.030) D_A: 0.189 G_A: 0.410 cycle_A: 1.282 idt_A: 0.580 D_B: 0.216 G_B: 0.468 cycle_B: 0.641 idt_B: 0.321 
End of epoch 891 / 1000 	 Time Taken: 22 sec
learning rate 0.0002000 -> 0.0002000
(epoch: 892, iters: 300, time: 0.032, data: 1.420) D_A: 0.237 G_A: 0.465 cycle_A: 1.376 idt_A: 0.619 D_B: 0.215 G_B: 0.382 cycle_B: 0.881 idt_B: 0.333 
(epoch: 892, iters: 600, time: 0.135, data: 0.024) D_A: 0.243 G_A: 0.464 cycle_A: 1.599 idt_A: 0.450 D_B: 0.210 G_B: 0.377 cycle_B: 0.590 idt_B: 0.388 
End of epoch 892 / 1000 	 Time Taken: 28 sec
learning rate 0.0002000 -> 0.0002000
(epoch: 893, iters: 300, time: 0.029, data: 1.415) D_A: 0.243 G_A: 0.578 cycle_A: 0.923 idt_A: 0.436 D_B: 0.193 G_B: 0.416 cycle_B: 0.530 idt_B: 0.223 
(epoch: 893, iters: 600, time: 0.030, data: 0.033) D_A: 0.199 G_A: 0.487 cycle_A: 1.260 idt_A: 0.440 D_B: 0.233 G_B: 0.376 cycle_B: 0.585 idt_B: 0.321 
End of epoch 893 / 1000 	 Time Taken: 22 sec
learning rate 0.0002000 -> 0.0002000
(epoch: 894, iters: 300, time: 0.030, data: 1.422) D_A: 0.197 G_A: 0.400 cycle_A: 1.122 idt_A: 0.530 D_B: 0.298 G_B: 0.382 cycle_B: 0.663 idt_B: 0.233 
(epoch: 894, iters: 600, time: 0.117, data: 0.031) D_A: 0.205 G_A: 0.354 cycle_A: 1.107 idt_A: 0.439 D_B: 0.310 G_B: 0.513 cycle_B: 0.511 idt_B: 0.307 
End of epoch 894 / 1000 	 Time Taken: 27 sec
learning rate 0.0002000 -> 0.0002000
(epoch: 895, iters: 300, time: 0.029, data: 1.435) D_A: 0.200 G_A: 0.408 cycle_A: 1.349 idt_A: 0.559 D_B: 0.227 G_B: 0.361 cycle_B: 0.737 idt_B: 0.311 
(epoch: 895, iters: 600, time: 0.033, data: 0.025) D_A: 0.240 G_A: 0.402 cycle_A: 1.388 idt_A: 0.450 D_B: 0.202 G_B: 0.336 cycle_B: 0.564 idt_B: 0.368 
saving the model at the end of epoch 895, iters 57000
End of epoch 895 / 1000 	 Time Taken: 22 sec
learning rate 0.0002000 -> 0.0002000
(epoch: 896, iters: 300, time: 0.030, data: 1.423) D_A: 0.230 G_A: 0.463 cycle_A: 1.321 idt_A: 0.481 D_B: 0.193 G_B: 0.374 cycle_B: 0.610 idt_B: 0.305 
(epoch: 896, iters: 600, time: 0.128, data: 0.031) D_A: 0.245 G_A: 0.481 cycle_A: 1.005 idt_A: 0.434 D_B: 0.205 G_B: 0.294 cycle_B: 0.558 idt_B: 0.276 
End of epoch 896 / 1000 	 Time Taken: 28 sec
learning rate 0.0002000 -> 0.0002000
(epoch: 897, iters: 300, time: 0.029, data: 1.467) D_A: 0.216 G_A: 0.498 cycle_A: 0.882 idt_A: 0.486 D_B: 0.202 G_B: 0.440 cycle_B: 0.593 idt_B: 0.194 
(epoch: 897, iters: 600, time: 0.029, data: 0.030) D_A: 0.217 G_A: 0.545 cycle_A: 1.248 idt_A: 0.458 D_B: 0.210 G_B: 0.435 cycle_B: 0.560 idt_B: 0.334 
End of epoch 897 / 1000 	 Time Taken: 22 sec
learning rate 0.0002000 -> 0.0002000
(epoch: 898, iters: 300, time: 0.029, data: 1.542) D_A: 0.266 G_A: 0.558 cycle_A: 1.346 idt_A: 0.478 D_B: 0.219 G_B: 0.312 cycle_B: 0.611 idt_B: 0.337 
(epoch: 898, iters: 600, time: 0.138, data: 0.032) D_A: 0.217 G_A: 0.332 cycle_A: 0.972 idt_A: 0.408 D_B: 0.200 G_B: 0.393 cycle_B: 0.480 idt_B: 0.272 
End of epoch 898 / 1000 	 Time Taken: 29 sec
learning rate 0.0002000 -> 0.0002000
(epoch: 899, iters: 300, time: 0.029, data: 1.588) D_A: 0.214 G_A: 0.410 cycle_A: 1.427 idt_A: 0.411 D_B: 0.217 G_B: 0.360 cycle_B: 0.527 idt_B: 0.406 
(epoch: 899, iters: 600, time: 0.029, data: 0.028) D_A: 0.214 G_A: 0.505 cycle_A: 1.621 idt_A: 0.440 D_B: 0.229 G_B: 0.430 cycle_B: 0.558 idt_B: 0.427 
End of epoch 899 / 1000 	 Time Taken: 22 sec
learning rate 0.0002000 -> 0.0001980
(epoch: 900, iters: 300, time: 0.029, data: 1.420) D_A: 0.215 G_A: 0.395 cycle_A: 1.226 idt_A: 0.389 D_B: 0.228 G_B: 0.334 cycle_B: 0.596 idt_B: 0.311 
(epoch: 900, iters: 600, time: 0.137, data: 0.032) D_A: 0.194 G_A: 0.432 cycle_A: 1.204 idt_A: 0.473 D_B: 0.179 G_B: 0.367 cycle_B: 0.705 idt_B: 0.288 
saving the model at the end of epoch 900, iters 60000
End of epoch 900 / 1000 	 Time Taken: 29 sec
learning rate 0.0001980 -> 0.0001960
(epoch: 901, iters: 300, time: 0.030, data: 1.776) D_A: 0.279 G_A: 0.663 cycle_A: 0.954 idt_A: 0.439 D_B: 0.207 G_B: 0.375 cycle_B: 0.514 idt_B: 0.278 
(epoch: 901, iters: 600, time: 0.030, data: 0.024) D_A: 0.296 G_A: 0.423 cycle_A: 1.164 idt_A: 0.418 D_B: 0.212 G_B: 0.358 cycle_B: 0.605 idt_B: 0.306 
End of epoch 901 / 1000 	 Time Taken: 24 sec
learning rate 0.0001960 -> 0.0001941
(epoch: 902, iters: 300, time: 0.030, data: 1.665) D_A: 0.199 G_A: 0.477 cycle_A: 0.955 idt_A: 0.460 D_B: 0.203 G_B: 0.370 cycle_B: 0.538 idt_B: 0.280 
(epoch: 902, iters: 600, time: 0.140, data: 0.029) D_A: 0.208 G_A: 0.424 cycle_A: 1.496 idt_A: 0.605 D_B: 0.252 G_B: 0.305 cycle_B: 0.813 idt_B: 0.343 
End of epoch 902 / 1000 	 Time Taken: 30 sec
learning rate 0.0001941 -> 0.0001921
(epoch: 903, iters: 300, time: 0.029, data: 1.507) D_A: 0.191 G_A: 0.486 cycle_A: 1.073 idt_A: 0.479 D_B: 0.185 G_B: 0.357 cycle_B: 0.630 idt_B: 0.289 
(epoch: 903, iters: 600, time: 0.034, data: 0.029) D_A: 0.196 G_A: 0.380 cycle_A: 0.992 idt_A: 0.354 D_B: 0.270 G_B: 0.391 cycle_B: 0.491 idt_B: 0.317 
End of epoch 903 / 1000 	 Time Taken: 22 sec
learning rate 0.0001921 -> 0.0001901
(epoch: 904, iters: 300, time: 0.031, data: 1.628) D_A: 0.191 G_A: 0.512 cycle_A: 1.528 idt_A: 0.486 D_B: 0.236 G_B: 0.330 cycle_B: 0.731 idt_B: 0.396 
(epoch: 904, iters: 600, time: 0.145, data: 0.029) D_A: 0.201 G_A: 0.377 cycle_A: 1.025 idt_A: 0.416 D_B: 0.207 G_B: 0.423 cycle_B: 0.498 idt_B: 0.298 
End of epoch 904 / 1000 	 Time Taken: 30 sec
learning rate 0.0001901 -> 0.0001881
(epoch: 905, iters: 300, time: 0.030, data: 1.690) D_A: 0.219 G_A: 0.262 cycle_A: 0.800 idt_A: 0.428 D_B: 0.218 G_B: 0.429 cycle_B: 0.498 idt_B: 0.200 
(epoch: 905, iters: 600, time: 0.031, data: 0.026) D_A: 0.210 G_A: 0.403 cycle_A: 0.830 idt_A: 0.367 D_B: 0.216 G_B: 0.366 cycle_B: 0.449 idt_B: 0.224 
saving the model at the end of epoch 905, iters 63000
End of epoch 905 / 1000 	 Time Taken: 24 sec
learning rate 0.0001881 -> 0.0001861
(epoch: 906, iters: 300, time: 0.030, data: 1.741) D_A: 0.196 G_A: 0.454 cycle_A: 0.852 idt_A: 0.569 D_B: 0.202 G_B: 0.346 cycle_B: 0.766 idt_B: 0.230 
(epoch: 906, iters: 600, time: 0.152, data: 0.031) D_A: 0.226 G_A: 0.462 cycle_A: 1.341 idt_A: 0.445 D_B: 0.198 G_B: 0.388 cycle_B: 0.543 idt_B: 0.374 
End of epoch 906 / 1000 	 Time Taken: 31 sec
learning rate 0.0001861 -> 0.0001842
(epoch: 907, iters: 300, time: 0.030, data: 1.739) D_A: 0.225 G_A: 0.473 cycle_A: 0.867 idt_A: 0.490 D_B: 0.192 G_B: 0.374 cycle_B: 0.611 idt_B: 0.235 
(epoch: 907, iters: 600, time: 0.031, data: 0.029) D_A: 0.207 G_A: 0.389 cycle_A: 0.956 idt_A: 0.405 D_B: 0.227 G_B: 0.323 cycle_B: 0.511 idt_B: 0.266 
End of epoch 907 / 1000 	 Time Taken: 24 sec
learning rate 0.0001842 -> 0.0001822
(epoch: 908, iters: 300, time: 0.031, data: 1.596) D_A: 0.188 G_A: 0.381 cycle_A: 1.011 idt_A: 0.356 D_B: 0.225 G_B: 0.419 cycle_B: 0.399 idt_B: 0.275 
(epoch: 908, iters: 600, time: 0.146, data: 0.027) D_A: 0.182 G_A: 0.411 cycle_A: 0.959 idt_A: 0.371 D_B: 0.197 G_B: 0.340 cycle_B: 0.504 idt_B: 0.234 
End of epoch 908 / 1000 	 Time Taken: 30 sec
learning rate 0.0001822 -> 0.0001802
(epoch: 909, iters: 300, time: 0.030, data: 1.615) D_A: 0.204 G_A: 0.359 cycle_A: 1.597 idt_A: 0.410 D_B: 0.216 G_B: 0.344 cycle_B: 0.544 idt_B: 0.375 
(epoch: 909, iters: 600, time: 0.034, data: 0.027) D_A: 0.201 G_A: 0.372 cycle_A: 1.265 idt_A: 0.487 D_B: 0.213 G_B: 0.376 cycle_B: 0.633 idt_B: 0.279 
End of epoch 909 / 1000 	 Time Taken: 23 sec
learning rate 0.0001802 -> 0.0001782
(epoch: 910, iters: 300, time: 0.032, data: 1.734) D_A: 0.184 G_A: 0.369 cycle_A: 0.894 idt_A: 0.470 D_B: 0.200 G_B: 0.480 cycle_B: 0.609 idt_B: 0.222 
(epoch: 910, iters: 600, time: 0.153, data: 0.029) D_A: 0.198 G_A: 0.429 cycle_A: 1.335 idt_A: 0.403 D_B: 0.206 G_B: 0.385 cycle_B: 0.589 idt_B: 0.314 
saving the model at the end of epoch 910, iters 66000
End of epoch 910 / 1000 	 Time Taken: 32 sec
learning rate 0.0001782 -> 0.0001762
(epoch: 911, iters: 300, time: 0.030, data: 1.708) D_A: 0.214 G_A: 0.327 cycle_A: 1.039 idt_A: 0.399 D_B: 0.199 G_B: 0.432 cycle_B: 0.436 idt_B: 0.263 
(epoch: 911, iters: 600, time: 0.031, data: 0.030) D_A: 0.225 G_A: 0.404 cycle_A: 1.160 idt_A: 0.433 D_B: 0.216 G_B: 0.274 cycle_B: 0.653 idt_B: 0.286 
End of epoch 911 / 1000 	 Time Taken: 23 sec
learning rate 0.0001762 -> 0.0001743
(epoch: 912, iters: 300, time: 0.030, data: 1.666) D_A: 0.215 G_A: 0.327 cycle_A: 1.456 idt_A: 0.433 D_B: 0.198 G_B: 0.451 cycle_B: 0.585 idt_B: 0.366 
(epoch: 912, iters: 600, time: 0.136, data: 0.028) D_A: 0.224 G_A: 0.254 cycle_A: 1.216 idt_A: 0.374 D_B: 0.214 G_B: 0.382 cycle_B: 0.443 idt_B: 0.303 
End of epoch 912 / 1000 	 Time Taken: 30 sec
learning rate 0.0001743 -> 0.0001723
(epoch: 913, iters: 300, time: 0.030, data: 1.667) D_A: 0.207 G_A: 0.470 cycle_A: 0.832 idt_A: 0.387 D_B: 0.205 G_B: 0.346 cycle_B: 0.455 idt_B: 0.196 
(epoch: 913, iters: 600, time: 0.031, data: 0.031) D_A: 0.201 G_A: 0.518 cycle_A: 1.456 idt_A: 0.609 D_B: 0.228 G_B: 0.340 cycle_B: 0.920 idt_B: 0.377 
End of epoch 913 / 1000 	 Time Taken: 23 sec
learning rate 0.0001723 -> 0.0001703
(epoch: 914, iters: 300, time: 0.030, data: 1.744) D_A: 0.200 G_A: 0.455 cycle_A: 0.951 idt_A: 0.565 D_B: 0.222 G_B: 0.363 cycle_B: 0.631 idt_B: 0.264 
(epoch: 914, iters: 600, time: 0.142, data: 0.030) D_A: 0.199 G_A: 0.478 cycle_A: 0.919 idt_A: 0.450 D_B: 0.204 G_B: 0.362 cycle_B: 0.635 idt_B: 0.264 
End of epoch 914 / 1000 	 Time Taken: 30 sec
learning rate 0.0001703 -> 0.0001683
(epoch: 915, iters: 300, time: 0.030, data: 1.587) D_A: 0.197 G_A: 0.368 cycle_A: 1.137 idt_A: 0.307 D_B: 0.202 G_B: 0.402 cycle_B: 0.465 idt_B: 0.285 
(epoch: 915, iters: 600, time: 0.031, data: 0.029) D_A: 0.199 G_A: 0.468 cycle_A: 1.555 idt_A: 0.597 D_B: 0.198 G_B: 0.332 cycle_B: 0.974 idt_B: 0.294 
saving the model at the end of epoch 915, iters 69000
End of epoch 915 / 1000 	 Time Taken: 23 sec
learning rate 0.0001683 -> 0.0001663
(epoch: 916, iters: 300, time: 0.030, data: 1.652) D_A: 0.216 G_A: 0.497 cycle_A: 0.982 idt_A: 0.449 D_B: 0.206 G_B: 0.324 cycle_B: 0.641 idt_B: 0.243 
(epoch: 916, iters: 600, time: 0.142, data: 0.025) D_A: 0.193 G_A: 0.515 cycle_A: 1.350 idt_A: 0.336 D_B: 0.211 G_B: 0.394 cycle_B: 0.611 idt_B: 0.402 
End of epoch 916 / 1000 	 Time Taken: 30 sec
learning rate 0.0001663 -> 0.0001644
(epoch: 917, iters: 300, time: 0.030, data: 1.629) D_A: 0.192 G_A: 0.376 cycle_A: 1.064 idt_A: 0.425 D_B: 0.211 G_B: 0.367 cycle_B: 0.513 idt_B: 0.239 
(epoch: 917, iters: 600, time: 0.030, data: 0.026) D_A: 0.190 G_A: 0.493 cycle_A: 0.988 idt_A: 0.395 D_B: 0.214 G_B: 0.405 cycle_B: 0.614 idt_B: 0.227 
End of epoch 917 / 1000 	 Time Taken: 23 sec
learning rate 0.0001644 -> 0.0001624
(epoch: 918, iters: 300, time: 0.031, data: 1.621) D_A: 0.194 G_A: 0.429 cycle_A: 1.182 idt_A: 0.430 D_B: 0.211 G_B: 0.495 cycle_B: 0.586 idt_B: 0.272 
(epoch: 918, iters: 600, time: 0.162, data: 0.019) D_A: 0.215 G_A: 0.505 cycle_A: 0.944 idt_A: 0.379 D_B: 0.196 G_B: 0.360 cycle_B: 0.527 idt_B: 0.238 
End of epoch 918 / 1000 	 Time Taken: 31 sec
learning rate 0.0001624 -> 0.0001604
(epoch: 919, iters: 300, time: 0.030, data: 1.674) D_A: 0.213 G_A: 0.579 cycle_A: 1.068 idt_A: 0.397 D_B: 0.187 G_B: 0.363 cycle_B: 0.501 idt_B: 0.325 
(epoch: 919, iters: 600, time: 0.031, data: 0.028) D_A: 0.176 G_A: 0.315 cycle_A: 0.814 idt_A: 0.335 D_B: 0.206 G_B: 0.459 cycle_B: 0.420 idt_B: 0.226 
End of epoch 919 / 1000 	 Time Taken: 23 sec
learning rate 0.0001604 -> 0.0001584
(epoch: 920, iters: 300, time: 0.030, data: 1.713) D_A: 0.182 G_A: 0.465 cycle_A: 1.252 idt_A: 0.399 D_B: 0.185 G_B: 0.439 cycle_B: 0.461 idt_B: 0.247 
(epoch: 920, iters: 600, time: 0.149, data: 0.030) D_A: 0.176 G_A: 0.403 cycle_A: 0.757 idt_A: 0.351 D_B: 0.205 G_B: 0.343 cycle_B: 0.494 idt_B: 0.202 
saving the model at the end of epoch 920, iters 72000
End of epoch 920 / 1000 	 Time Taken: 30 sec
learning rate 0.0001584 -> 0.0001564
(epoch: 921, iters: 300, time: 0.030, data: 1.641) D_A: 0.208 G_A: 0.395 cycle_A: 1.091 idt_A: 0.410 D_B: 0.214 G_B: 0.328 cycle_B: 0.504 idt_B: 0.285 
(epoch: 921, iters: 600, time: 0.034, data: 0.028) D_A: 0.177 G_A: 0.433 cycle_A: 0.856 idt_A: 0.395 D_B: 0.197 G_B: 0.419 cycle_B: 0.490 idt_B: 0.237 
End of epoch 921 / 1000 	 Time Taken: 23 sec
learning rate 0.0001564 -> 0.0001545
(epoch: 922, iters: 300, time: 0.030, data: 1.712) D_A: 0.190 G_A: 0.450 cycle_A: 0.958 idt_A: 0.368 D_B: 0.201 G_B: 0.388 cycle_B: 0.505 idt_B: 0.226 
(epoch: 922, iters: 600, time: 0.142, data: 0.025) D_A: 0.208 G_A: 0.375 cycle_A: 1.049 idt_A: 0.417 D_B: 0.225 G_B: 0.342 cycle_B: 0.519 idt_B: 0.300 
End of epoch 922 / 1000 	 Time Taken: 30 sec
learning rate 0.0001545 -> 0.0001525
(epoch: 923, iters: 300, time: 0.030, data: 1.588) D_A: 0.185 G_A: 0.408 cycle_A: 0.792 idt_A: 0.431 D_B: 0.211 G_B: 0.400 cycle_B: 0.560 idt_B: 0.203 
(epoch: 923, iters: 600, time: 0.031, data: 0.030) D_A: 0.222 G_A: 0.526 cycle_A: 0.813 idt_A: 0.419 D_B: 0.179 G_B: 0.384 cycle_B: 0.462 idt_B: 0.187 
End of epoch 923 / 1000 	 Time Taken: 23 sec
learning rate 0.0001525 -> 0.0001505
(epoch: 924, iters: 300, time: 0.031, data: 1.704) D_A: 0.218 G_A: 0.585 cycle_A: 1.300 idt_A: 0.389 D_B: 0.199 G_B: 0.358 cycle_B: 0.460 idt_B: 0.337 
(epoch: 924, iters: 600, time: 0.146, data: 0.027) D_A: 0.205 G_A: 0.462 cycle_A: 1.308 idt_A: 0.376 D_B: 0.189 G_B: 0.392 cycle_B: 0.543 idt_B: 0.261 
End of epoch 924 / 1000 	 Time Taken: 30 sec
learning rate 0.0001505 -> 0.0001485
(epoch: 925, iters: 300, time: 0.030, data: 1.673) D_A: 0.182 G_A: 0.413 cycle_A: 1.049 idt_A: 0.369 D_B: 0.181 G_B: 0.342 cycle_B: 0.474 idt_B: 0.249 
(epoch: 925, iters: 600, time: 0.031, data: 0.029) D_A: 0.197 G_A: 0.431 cycle_A: 1.049 idt_A: 0.328 D_B: 0.207 G_B: 0.355 cycle_B: 0.408 idt_B: 0.258 
saving the model at the end of epoch 925, iters 75000
End of epoch 925 / 1000 	 Time Taken: 24 sec
learning rate 0.0001485 -> 0.0001465
(epoch: 926, iters: 300, time: 0.032, data: 1.611) D_A: 0.187 G_A: 0.367 cycle_A: 0.926 idt_A: 0.304 D_B: 0.209 G_B: 0.451 cycle_B: 0.394 idt_B: 0.203 
(epoch: 926, iters: 600, time: 0.152, data: 0.029) D_A: 0.190 G_A: 0.497 cycle_A: 0.932 idt_A: 0.364 D_B: 0.195 G_B: 0.415 cycle_B: 0.467 idt_B: 0.288 
End of epoch 926 / 1000 	 Time Taken: 30 sec
learning rate 0.0001465 -> 0.0001446
(epoch: 927, iters: 300, time: 0.031, data: 1.741) D_A: 0.176 G_A: 0.414 cycle_A: 0.890 idt_A: 0.367 D_B: 0.178 G_B: 0.432 cycle_B: 0.502 idt_B: 0.217 
(epoch: 927, iters: 600, time: 0.034, data: 0.030) D_A: 0.196 G_A: 0.546 cycle_A: 1.130 idt_A: 0.462 D_B: 0.185 G_B: 0.352 cycle_B: 0.485 idt_B: 0.341 
End of epoch 927 / 1000 	 Time Taken: 23 sec
learning rate 0.0001446 -> 0.0001426
(epoch: 928, iters: 300, time: 0.030, data: 1.684) D_A: 0.174 G_A: 0.497 cycle_A: 0.963 idt_A: 0.394 D_B: 0.193 G_B: 0.378 cycle_B: 0.511 idt_B: 0.274 
(epoch: 928, iters: 600, time: 0.163, data: 0.027) D_A: 0.169 G_A: 0.357 cycle_A: 0.935 idt_A: 0.348 D_B: 0.196 G_B: 0.487 cycle_B: 0.388 idt_B: 0.223 
End of epoch 928 / 1000 	 Time Taken: 31 sec
learning rate 0.0001426 -> 0.0001406
(epoch: 929, iters: 300, time: 0.030, data: 1.707) D_A: 0.197 G_A: 0.441 cycle_A: 0.832 idt_A: 0.362 D_B: 0.203 G_B: 0.369 cycle_B: 0.396 idt_B: 0.171 
(epoch: 929, iters: 600, time: 0.031, data: 0.029) D_A: 0.196 G_A: 0.508 cycle_A: 0.730 idt_A: 0.389 D_B: 0.178 G_B: 0.411 cycle_B: 0.446 idt_B: 0.168 
End of epoch 929 / 1000 	 Time Taken: 23 sec
learning rate 0.0001406 -> 0.0001386
(epoch: 930, iters: 300, time: 0.030, data: 1.589) D_A: 0.209 G_A: 0.355 cycle_A: 1.109 idt_A: 0.347 D_B: 0.202 G_B: 0.318 cycle_B: 0.452 idt_B: 0.315 
(epoch: 930, iters: 600, time: 0.145, data: 0.025) D_A: 0.184 G_A: 0.386 cycle_A: 1.059 idt_A: 0.328 D_B: 0.192 G_B: 0.437 cycle_B: 0.475 idt_B: 0.232 
saving the model at the end of epoch 930, iters 78000
End of epoch 930 / 1000 	 Time Taken: 30 sec
learning rate 0.0001386 -> 0.0001366
(epoch: 931, iters: 300, time: 0.031, data: 1.684) D_A: 0.223 G_A: 0.473 cycle_A: 1.030 idt_A: 0.568 D_B: 0.195 G_B: 0.388 cycle_B: 0.711 idt_B: 0.252 
(epoch: 931, iters: 600, time: 0.032, data: 0.026) D_A: 0.177 G_A: 0.391 cycle_A: 0.870 idt_A: 0.407 D_B: 0.212 G_B: 0.451 cycle_B: 0.481 idt_B: 0.222 
End of epoch 931 / 1000 	 Time Taken: 24 sec
learning rate 0.0001366 -> 0.0001347
(epoch: 932, iters: 300, time: 0.031, data: 1.597) D_A: 0.194 G_A: 0.436 cycle_A: 0.912 idt_A: 0.434 D_B: 0.220 G_B: 0.376 cycle_B: 0.469 idt_B: 0.250 
(epoch: 932, iters: 600, time: 0.141, data: 0.030) D_A: 0.169 G_A: 0.393 cycle_A: 0.829 idt_A: 0.377 D_B: 0.202 G_B: 0.351 cycle_B: 0.434 idt_B: 0.187 
End of epoch 932 / 1000 	 Time Taken: 30 sec
learning rate 0.0001347 -> 0.0001327
(epoch: 933, iters: 300, time: 0.030, data: 1.670) D_A: 0.204 G_A: 0.436 cycle_A: 0.739 idt_A: 0.354 D_B: 0.210 G_B: 0.304 cycle_B: 0.432 idt_B: 0.189 
(epoch: 933, iters: 600, time: 0.031, data: 0.028) D_A: 0.204 G_A: 0.325 cycle_A: 0.995 idt_A: 0.367 D_B: 0.214 G_B: 0.317 cycle_B: 0.476 idt_B: 0.260 
End of epoch 933 / 1000 	 Time Taken: 23 sec
learning rate 0.0001327 -> 0.0001307
(epoch: 934, iters: 300, time: 0.034, data: 1.725) D_A: 0.209 G_A: 0.431 cycle_A: 1.288 idt_A: 0.509 D_B: 0.191 G_B: 0.390 cycle_B: 0.481 idt_B: 0.391 
(epoch: 934, iters: 600, time: 0.150, data: 0.029) D_A: 0.208 G_A: 0.364 cycle_A: 1.007 idt_A: 0.385 D_B: 0.195 G_B: 0.359 cycle_B: 0.589 idt_B: 0.239 
End of epoch 934 / 1000 	 Time Taken: 31 sec
learning rate 0.0001307 -> 0.0001287
(epoch: 935, iters: 300, time: 0.031, data: 1.664) D_A: 0.205 G_A: 0.445 cycle_A: 1.065 idt_A: 0.386 D_B: 0.211 G_B: 0.416 cycle_B: 0.524 idt_B: 0.247 
(epoch: 935, iters: 600, time: 0.031, data: 0.029) D_A: 0.179 G_A: 0.462 cycle_A: 0.918 idt_A: 0.385 D_B: 0.189 G_B: 0.347 cycle_B: 0.436 idt_B: 0.268 
saving the model at the end of epoch 935, iters 81000
End of epoch 935 / 1000 	 Time Taken: 24 sec
learning rate 0.0001287 -> 0.0001267
(epoch: 936, iters: 300, time: 0.030, data: 1.719) D_A: 0.206 G_A: 0.434 cycle_A: 0.900 idt_A: 0.388 D_B: 0.210 G_B: 0.395 cycle_B: 0.499 idt_B: 0.231 
(epoch: 936, iters: 600, time: 0.136, data: 0.027) D_A: 0.181 G_A: 0.483 cycle_A: 0.861 idt_A: 0.405 D_B: 0.188 G_B: 0.422 cycle_B: 0.454 idt_B: 0.214 
End of epoch 936 / 1000 	 Time Taken: 29 sec
learning rate 0.0001267 -> 0.0001248
(epoch: 937, iters: 300, time: 0.031, data: 1.715) D_A: 0.194 G_A: 0.390 cycle_A: 0.720 idt_A: 0.305 D_B: 0.213 G_B: 0.369 cycle_B: 0.417 idt_B: 0.200 
(epoch: 937, iters: 600, time: 0.031, data: 0.028) D_A: 0.201 G_A: 0.348 cycle_A: 1.110 idt_A: 0.504 D_B: 0.206 G_B: 0.326 cycle_B: 0.583 idt_B: 0.264 
End of epoch 937 / 1000 	 Time Taken: 23 sec
learning rate 0.0001248 -> 0.0001228
(epoch: 938, iters: 300, time: 0.030, data: 1.662) D_A: 0.210 G_A: 0.458 cycle_A: 1.034 idt_A: 0.506 D_B: 0.204 G_B: 0.370 cycle_B: 0.624 idt_B: 0.240 
(epoch: 938, iters: 600, time: 0.167, data: 0.027) D_A: 0.187 G_A: 0.382 cycle_A: 0.740 idt_A: 0.432 D_B: 0.199 G_B: 0.390 cycle_B: 0.539 idt_B: 0.176 
End of epoch 938 / 1000 	 Time Taken: 31 sec
learning rate 0.0001228 -> 0.0001208
(epoch: 939, iters: 300, time: 0.030, data: 1.631) D_A: 0.204 G_A: 0.400 cycle_A: 0.927 idt_A: 0.476 D_B: 0.222 G_B: 0.306 cycle_B: 0.650 idt_B: 0.226 
(epoch: 939, iters: 600, time: 0.030, data: 0.032) D_A: 0.193 G_A: 0.471 cycle_A: 0.964 idt_A: 0.468 D_B: 0.205 G_B: 0.412 cycle_B: 0.707 idt_B: 0.210 
End of epoch 939 / 1000 	 Time Taken: 23 sec
learning rate 0.0001208 -> 0.0001188
(epoch: 940, iters: 300, time: 0.030, data: 1.616) D_A: 0.212 G_A: 0.409 cycle_A: 0.766 idt_A: 0.358 D_B: 0.199 G_B: 0.389 cycle_B: 0.460 idt_B: 0.176 
(epoch: 940, iters: 600, time: 0.153, data: 0.030) D_A: 0.190 G_A: 0.401 cycle_A: 1.141 idt_A: 0.448 D_B: 0.187 G_B: 0.391 cycle_B: 0.482 idt_B: 0.345 
saving the model at the end of epoch 940, iters 84000
End of epoch 940 / 1000 	 Time Taken: 31 sec
learning rate 0.0001188 -> 0.0001168
(epoch: 941, iters: 300, time: 0.030, data: 1.618) D_A: 0.182 G_A: 0.400 cycle_A: 0.954 idt_A: 0.386 D_B: 0.181 G_B: 0.457 cycle_B: 0.457 idt_B: 0.244 
(epoch: 941, iters: 600, time: 0.030, data: 0.028) D_A: 0.218 G_A: 0.302 cycle_A: 0.977 idt_A: 0.330 D_B: 0.197 G_B: 0.412 cycle_B: 0.427 idt_B: 0.218 
End of epoch 941 / 1000 	 Time Taken: 23 sec
learning rate 0.0001168 -> 0.0001149
(epoch: 942, iters: 300, time: 0.030, data: 1.696) D_A: 0.208 G_A: 0.333 cycle_A: 0.856 idt_A: 0.427 D_B: 0.201 G_B: 0.347 cycle_B: 0.488 idt_B: 0.207 
(epoch: 942, iters: 600, time: 0.155, data: 0.029) D_A: 0.206 G_A: 0.434 cycle_A: 0.824 idt_A: 0.406 D_B: 0.204 G_B: 0.361 cycle_B: 0.434 idt_B: 0.189 
End of epoch 942 / 1000 	 Time Taken: 31 sec
learning rate 0.0001149 -> 0.0001129
(epoch: 943, iters: 300, time: 0.030, data: 1.605) D_A: 0.198 G_A: 0.465 cycle_A: 0.883 idt_A: 0.364 D_B: 0.185 G_B: 0.338 cycle_B: 0.426 idt_B: 0.189 
(epoch: 943, iters: 600, time: 0.030, data: 0.028) D_A: 0.184 G_A: 0.481 cycle_A: 0.848 idt_A: 0.383 D_B: 0.196 G_B: 0.339 cycle_B: 0.465 idt_B: 0.188 
End of epoch 943 / 1000 	 Time Taken: 23 sec
learning rate 0.0001129 -> 0.0001109
(epoch: 944, iters: 300, time: 0.030, data: 1.727) D_A: 0.194 G_A: 0.404 cycle_A: 0.933 idt_A: 0.402 D_B: 0.193 G_B: 0.397 cycle_B: 0.505 idt_B: 0.244 
(epoch: 944, iters: 600, time: 0.166, data: 0.030) D_A: 0.195 G_A: 0.406 cycle_A: 0.821 idt_A: 0.540 D_B: 0.193 G_B: 0.445 cycle_B: 0.584 idt_B: 0.202 
End of epoch 944 / 1000 	 Time Taken: 31 sec
learning rate 0.0001109 -> 0.0001089
(epoch: 945, iters: 300, time: 0.030, data: 1.638) D_A: 0.217 G_A: 0.366 cycle_A: 0.725 idt_A: 0.355 D_B: 0.202 G_B: 0.356 cycle_B: 0.397 idt_B: 0.184 
(epoch: 945, iters: 600, time: 0.030, data: 0.028) D_A: 0.202 G_A: 0.426 cycle_A: 0.927 idt_A: 0.383 D_B: 0.208 G_B: 0.409 cycle_B: 0.419 idt_B: 0.211 
saving the model at the end of epoch 945, iters 87000
End of epoch 945 / 1000 	 Time Taken: 23 sec
learning rate 0.0001089 -> 0.0001069
(epoch: 946, iters: 300, time: 0.030, data: 1.547) D_A: 0.195 G_A: 0.318 cycle_A: 0.859 idt_A: 0.345 D_B: 0.206 G_B: 0.400 cycle_B: 0.428 idt_B: 0.220 
(epoch: 946, iters: 600, time: 0.164, data: 0.026) D_A: 0.221 G_A: 0.307 cycle_A: 1.060 idt_A: 0.357 D_B: 0.215 G_B: 0.398 cycle_B: 0.410 idt_B: 0.211 
End of epoch 946 / 1000 	 Time Taken: 31 sec
learning rate 0.0001069 -> 0.0001050
(epoch: 947, iters: 300, time: 0.030, data: 1.702) D_A: 0.209 G_A: 0.379 cycle_A: 0.947 idt_A: 0.399 D_B: 0.206 G_B: 0.365 cycle_B: 0.475 idt_B: 0.283 
(epoch: 947, iters: 600, time: 0.031, data: 0.029) D_A: 0.179 G_A: 0.437 cycle_A: 0.664 idt_A: 0.306 D_B: 0.193 G_B: 0.357 cycle_B: 0.400 idt_B: 0.173 
End of epoch 947 / 1000 	 Time Taken: 24 sec
learning rate 0.0001050 -> 0.0001030
(epoch: 948, iters: 300, time: 0.030, data: 1.507) D_A: 0.184 G_A: 0.439 cycle_A: 0.839 idt_A: 0.300 D_B: 0.185 G_B: 0.424 cycle_B: 0.361 idt_B: 0.212 
(epoch: 948, iters: 600, time: 0.169, data: 0.028) D_A: 0.187 G_A: 0.362 cycle_A: 0.828 idt_A: 0.385 D_B: 0.201 G_B: 0.442 cycle_B: 0.470 idt_B: 0.203 
End of epoch 948 / 1000 	 Time Taken: 31 sec
learning rate 0.0001030 -> 0.0001010
(epoch: 949, iters: 300, time: 0.030, data: 1.628) D_A: 0.212 G_A: 0.460 cycle_A: 0.727 idt_A: 0.348 D_B: 0.204 G_B: 0.315 cycle_B: 0.439 idt_B: 0.190 
(epoch: 949, iters: 600, time: 0.030, data: 0.030) D_A: 0.185 G_A: 0.379 cycle_A: 0.760 idt_A: 0.322 D_B: 0.181 G_B: 0.420 cycle_B: 0.437 idt_B: 0.182 
End of epoch 949 / 1000 	 Time Taken: 23 sec
learning rate 0.0001010 -> 0.0000990
(epoch: 950, iters: 300, time: 0.030, data: 1.682) D_A: 0.188 G_A: 0.433 cycle_A: 0.987 idt_A: 0.342 D_B: 0.191 G_B: 0.340 cycle_B: 0.451 idt_B: 0.235 
(epoch: 950, iters: 600, time: 0.141, data: 0.027) D_A: 0.197 G_A: 0.505 cycle_A: 0.813 idt_A: 0.348 D_B: 0.182 G_B: 0.415 cycle_B: 0.405 idt_B: 0.198 
saving the model at the end of epoch 950, iters 90000
End of epoch 950 / 1000 	 Time Taken: 30 sec
learning rate 0.0000990 -> 0.0000970
(epoch: 951, iters: 300, time: 0.029, data: 1.731) D_A: 0.190 G_A: 0.391 cycle_A: 1.161 idt_A: 0.341 D_B: 0.193 G_B: 0.441 cycle_B: 0.434 idt_B: 0.326 
(epoch: 951, iters: 600, time: 0.031, data: 0.029) D_A: 0.203 G_A: 0.411 cycle_A: 0.946 idt_A: 0.360 D_B: 0.191 G_B: 0.431 cycle_B: 0.371 idt_B: 0.268 
End of epoch 951 / 1000 	 Time Taken: 23 sec
learning rate 0.0000970 -> 0.0000950
(epoch: 952, iters: 300, time: 0.031, data: 1.753) D_A: 0.174 G_A: 0.471 cycle_A: 1.057 idt_A: 0.348 D_B: 0.176 G_B: 0.435 cycle_B: 0.379 idt_B: 0.286 
(epoch: 952, iters: 600, time: 0.157, data: 0.031) D_A: 0.216 G_A: 0.364 cycle_A: 0.906 idt_A: 0.339 D_B: 0.200 G_B: 0.413 cycle_B: 0.424 idt_B: 0.262 
End of epoch 952 / 1000 	 Time Taken: 31 sec
learning rate 0.0000950 -> 0.0000931
(epoch: 953, iters: 300, time: 0.030, data: 1.606) D_A: 0.178 G_A: 0.408 cycle_A: 0.740 idt_A: 0.342 D_B: 0.191 G_B: 0.418 cycle_B: 0.420 idt_B: 0.199 
(epoch: 953, iters: 600, time: 0.034, data: 0.026) D_A: 0.197 G_A: 0.428 cycle_A: 0.736 idt_A: 0.315 D_B: 0.198 G_B: 0.346 cycle_B: 0.395 idt_B: 0.206 
End of epoch 953 / 1000 	 Time Taken: 23 sec
learning rate 0.0000931 -> 0.0000911
(epoch: 954, iters: 300, time: 0.030, data: 1.713) D_A: 0.216 G_A: 0.329 cycle_A: 0.698 idt_A: 0.334 D_B: 0.204 G_B: 0.440 cycle_B: 0.393 idt_B: 0.172 
(epoch: 954, iters: 600, time: 0.142, data: 0.032) D_A: 0.203 G_A: 0.466 cycle_A: 0.848 idt_A: 0.356 D_B: 0.199 G_B: 0.359 cycle_B: 0.409 idt_B: 0.225 
End of epoch 954 / 1000 	 Time Taken: 30 sec
learning rate 0.0000911 -> 0.0000891
(epoch: 955, iters: 300, time: 0.030, data: 1.659) D_A: 0.189 G_A: 0.416 cycle_A: 0.949 idt_A: 0.391 D_B: 0.176 G_B: 0.426 cycle_B: 0.426 idt_B: 0.261 
(epoch: 955, iters: 600, time: 0.030, data: 0.031) D_A: 0.187 G_A: 0.377 cycle_A: 0.857 idt_A: 0.303 D_B: 0.192 G_B: 0.381 cycle_B: 0.394 idt_B: 0.217 
saving the model at the end of epoch 955, iters 93000
End of epoch 955 / 1000 	 Time Taken: 23 sec
learning rate 0.0000891 -> 0.0000871
(epoch: 956, iters: 300, time: 0.030, data: 1.732) D_A: 0.193 G_A: 0.383 cycle_A: 0.816 idt_A: 0.331 D_B: 0.206 G_B: 0.397 cycle_B: 0.420 idt_B: 0.212 
(epoch: 956, iters: 600, time: 0.141, data: 0.029) D_A: 0.198 G_A: 0.417 cycle_A: 1.389 idt_A: 0.386 D_B: 0.203 G_B: 0.395 cycle_B: 0.615 idt_B: 0.273 
End of epoch 956 / 1000 	 Time Taken: 30 sec
learning rate 0.0000871 -> 0.0000851
(epoch: 957, iters: 300, time: 0.031, data: 1.702) D_A: 0.219 G_A: 0.347 cycle_A: 0.766 idt_A: 0.320 D_B: 0.220 G_B: 0.497 cycle_B: 0.455 idt_B: 0.220 
(epoch: 957, iters: 600, time: 0.032, data: 0.028) D_A: 0.192 G_A: 0.370 cycle_A: 0.707 idt_A: 0.335 D_B: 0.217 G_B: 0.432 cycle_B: 0.374 idt_B: 0.182 
End of epoch 957 / 1000 	 Time Taken: 23 sec
learning rate 0.0000851 -> 0.0000832
(epoch: 958, iters: 300, time: 0.030, data: 1.573) D_A: 0.185 G_A: 0.518 cycle_A: 0.981 idt_A: 0.347 D_B: 0.182 G_B: 0.408 cycle_B: 0.419 idt_B: 0.268 
(epoch: 958, iters: 600, time: 0.145, data: 0.029) D_A: 0.190 G_A: 0.376 cycle_A: 0.715 idt_A: 0.443 D_B: 0.192 G_B: 0.387 cycle_B: 0.491 idt_B: 0.174 
End of epoch 958 / 1000 	 Time Taken: 30 sec
learning rate 0.0000832 -> 0.0000812
(epoch: 959, iters: 300, time: 0.030, data: 1.618) D_A: 0.197 G_A: 0.411 cycle_A: 0.806 idt_A: 0.309 D_B: 0.194 G_B: 0.382 cycle_B: 0.365 idt_B: 0.218 
(epoch: 959, iters: 600, time: 0.030, data: 0.029) D_A: 0.206 G_A: 0.391 cycle_A: 0.739 idt_A: 0.347 D_B: 0.220 G_B: 0.391 cycle_B: 0.400 idt_B: 0.196 
End of epoch 959 / 1000 	 Time Taken: 23 sec
learning rate 0.0000812 -> 0.0000792
(epoch: 960, iters: 300, time: 0.030, data: 1.631) D_A: 0.189 G_A: 0.431 cycle_A: 1.174 idt_A: 0.358 D_B: 0.179 G_B: 0.391 cycle_B: 0.495 idt_B: 0.325 
(epoch: 960, iters: 600, time: 0.150, data: 0.027) D_A: 0.197 G_A: 0.449 cycle_A: 0.710 idt_A: 0.395 D_B: 0.191 G_B: 0.391 cycle_B: 0.425 idt_B: 0.182 
saving the model at the end of epoch 960, iters 96000
End of epoch 960 / 1000 	 Time Taken: 30 sec
learning rate 0.0000792 -> 0.0000772
(epoch: 961, iters: 300, time: 0.030, data: 1.572) D_A: 0.209 G_A: 0.340 cycle_A: 1.113 idt_A: 0.379 D_B: 0.204 G_B: 0.378 cycle_B: 0.537 idt_B: 0.250 
(epoch: 961, iters: 600, time: 0.030, data: 0.028) D_A: 0.195 G_A: 0.438 cycle_A: 0.633 idt_A: 0.338 D_B: 0.187 G_B: 0.428 cycle_B: 0.349 idt_B: 0.158 
End of epoch 961 / 1000 	 Time Taken: 23 sec
learning rate 0.0000772 -> 0.0000752
(epoch: 962, iters: 300, time: 0.032, data: 1.729) D_A: 0.197 G_A: 0.396 cycle_A: 0.794 idt_A: 0.328 D_B: 0.204 G_B: 0.385 cycle_B: 0.396 idt_B: 0.210 
(epoch: 962, iters: 600, time: 0.163, data: 0.028) D_A: 0.167 G_A: 0.400 cycle_A: 0.840 idt_A: 0.337 D_B: 0.206 G_B: 0.456 cycle_B: 0.443 idt_B: 0.182 
End of epoch 962 / 1000 	 Time Taken: 31 sec
learning rate 0.0000752 -> 0.0000733
(epoch: 963, iters: 300, time: 0.030, data: 1.588) D_A: 0.185 G_A: 0.401 cycle_A: 0.816 idt_A: 0.328 D_B: 0.196 G_B: 0.404 cycle_B: 0.394 idt_B: 0.253 
(epoch: 963, iters: 600, time: 0.030, data: 0.029) D_A: 0.195 G_A: 0.483 cycle_A: 1.001 idt_A: 0.301 D_B: 0.193 G_B: 0.365 cycle_B: 0.426 idt_B: 0.287 
End of epoch 963 / 1000 	 Time Taken: 22 sec
learning rate 0.0000733 -> 0.0000713
(epoch: 964, iters: 300, time: 0.029, data: 1.733) D_A: 0.177 G_A: 0.444 cycle_A: 0.917 idt_A: 0.337 D_B: 0.178 G_B: 0.404 cycle_B: 0.478 idt_B: 0.188 
(epoch: 964, iters: 600, time: 0.167, data: 0.027) D_A: 0.205 G_A: 0.344 cycle_A: 0.712 idt_A: 0.288 D_B: 0.210 G_B: 0.419 cycle_B: 0.356 idt_B: 0.183 
End of epoch 964 / 1000 	 Time Taken: 32 sec
learning rate 0.0000713 -> 0.0000693
(epoch: 965, iters: 300, time: 0.030, data: 1.717) D_A: 0.182 G_A: 0.450 cycle_A: 0.897 idt_A: 0.318 D_B: 0.179 G_B: 0.400 cycle_B: 0.336 idt_B: 0.262 
(epoch: 965, iters: 600, time: 0.030, data: 0.022) D_A: 0.206 G_A: 0.417 cycle_A: 0.716 idt_A: 0.319 D_B: 0.208 G_B: 0.349 cycle_B: 0.409 idt_B: 0.195 
saving the model at the end of epoch 965, iters 99000
End of epoch 965 / 1000 	 Time Taken: 23 sec
learning rate 0.0000693 -> 0.0000673
(epoch: 966, iters: 300, time: 0.029, data: 1.646) D_A: 0.206 G_A: 0.399 cycle_A: 0.760 idt_A: 0.309 D_B: 0.186 G_B: 0.400 cycle_B: 0.387 idt_B: 0.208 
(epoch: 966, iters: 600, time: 0.158, data: 0.027) D_A: 0.199 G_A: 0.386 cycle_A: 0.781 idt_A: 0.287 D_B: 0.204 G_B: 0.405 cycle_B: 0.385 idt_B: 0.186 
End of epoch 966 / 1000 	 Time Taken: 30 sec
learning rate 0.0000673 -> 0.0000653
(epoch: 967, iters: 300, time: 0.030, data: 1.650) D_A: 0.219 G_A: 0.399 cycle_A: 0.766 idt_A: 0.324 D_B: 0.208 G_B: 0.354 cycle_B: 0.397 idt_B: 0.188 
(epoch: 967, iters: 600, time: 0.030, data: 0.030) D_A: 0.186 G_A: 0.450 cycle_A: 0.719 idt_A: 0.305 D_B: 0.187 G_B: 0.427 cycle_B: 0.397 idt_B: 0.186 
End of epoch 967 / 1000 	 Time Taken: 23 sec
learning rate 0.0000653 -> 0.0000634
(epoch: 968, iters: 300, time: 0.029, data: 1.671) D_A: 0.187 G_A: 0.391 cycle_A: 0.847 idt_A: 0.332 D_B: 0.187 G_B: 0.428 cycle_B: 0.422 idt_B: 0.200 
(epoch: 968, iters: 600, time: 0.139, data: 0.025) D_A: 0.190 G_A: 0.488 cycle_A: 0.783 idt_A: 0.290 D_B: 0.192 G_B: 0.407 cycle_B: 0.367 idt_B: 0.190 
End of epoch 968 / 1000 	 Time Taken: 29 sec
learning rate 0.0000634 -> 0.0000614
(epoch: 969, iters: 300, time: 0.030, data: 1.661) D_A: 0.211 G_A: 0.331 cycle_A: 0.618 idt_A: 0.309 D_B: 0.224 G_B: 0.454 cycle_B: 0.382 idt_B: 0.159 
(epoch: 969, iters: 600, time: 0.029, data: 0.028) D_A: 0.207 G_A: 0.373 cycle_A: 0.666 idt_A: 0.363 D_B: 0.223 G_B: 0.439 cycle_B: 0.430 idt_B: 0.167 
End of epoch 969 / 1000 	 Time Taken: 23 sec
learning rate 0.0000614 -> 0.0000594
(epoch: 970, iters: 300, time: 0.030, data: 1.691) D_A: 0.209 G_A: 0.406 cycle_A: 0.785 idt_A: 0.367 D_B: 0.238 G_B: 0.354 cycle_B: 0.472 idt_B: 0.201 
(epoch: 970, iters: 600, time: 0.161, data: 0.029) D_A: 0.165 G_A: 0.440 cycle_A: 0.783 idt_A: 0.388 D_B: 0.184 G_B: 0.453 cycle_B: 0.444 idt_B: 0.187 
saving the model at the end of epoch 970, iters 102000
End of epoch 970 / 1000 	 Time Taken: 31 sec
learning rate 0.0000594 -> 0.0000574
(epoch: 971, iters: 300, time: 0.030, data: 1.622) D_A: 0.171 G_A: 0.472 cycle_A: 0.847 idt_A: 0.348 D_B: 0.190 G_B: 0.375 cycle_B: 0.428 idt_B: 0.232 
(epoch: 971, iters: 600, time: 0.030, data: 0.025) D_A: 0.204 G_A: 0.344 cycle_A: 0.747 idt_A: 0.303 D_B: 0.193 G_B: 0.431 cycle_B: 0.376 idt_B: 0.207 
End of epoch 971 / 1000 	 Time Taken: 23 sec
learning rate 0.0000574 -> 0.0000554
(epoch: 972, iters: 300, time: 0.031, data: 1.694) D_A: 0.169 G_A: 0.396 cycle_A: 0.796 idt_A: 0.328 D_B: 0.168 G_B: 0.391 cycle_B: 0.360 idt_B: 0.191 
(epoch: 972, iters: 600, time: 0.160, data: 0.027) D_A: 0.178 G_A: 0.405 cycle_A: 0.748 idt_A: 0.297 D_B: 0.185 G_B: 0.418 cycle_B: 0.384 idt_B: 0.167 
End of epoch 972 / 1000 	 Time Taken: 31 sec
learning rate 0.0000554 -> 0.0000535
(epoch: 973, iters: 300, time: 0.030, data: 1.723) D_A: 0.177 G_A: 0.447 cycle_A: 0.900 idt_A: 0.332 D_B: 0.181 G_B: 0.411 cycle_B: 0.399 idt_B: 0.248 
(epoch: 973, iters: 600, time: 0.032, data: 0.025) D_A: 0.196 G_A: 0.451 cycle_A: 0.787 idt_A: 0.328 D_B: 0.177 G_B: 0.390 cycle_B: 0.461 idt_B: 0.219 
End of epoch 973 / 1000 	 Time Taken: 23 sec
learning rate 0.0000535 -> 0.0000515
(epoch: 974, iters: 300, time: 0.030, data: 1.660) D_A: 0.210 G_A: 0.381 cycle_A: 1.033 idt_A: 0.350 D_B: 0.185 G_B: 0.361 cycle_B: 0.370 idt_B: 0.218 
(epoch: 974, iters: 600, time: 0.148, data: 0.029) D_A: 0.194 G_A: 0.422 cycle_A: 1.079 idt_A: 0.318 D_B: 0.191 G_B: 0.373 cycle_B: 0.428 idt_B: 0.297 
End of epoch 974 / 1000 	 Time Taken: 30 sec
learning rate 0.0000515 -> 0.0000495
(epoch: 975, iters: 300, time: 0.030, data: 1.666) D_A: 0.192 G_A: 0.390 cycle_A: 0.730 idt_A: 0.300 D_B: 0.174 G_B: 0.406 cycle_B: 0.368 idt_B: 0.184 
(epoch: 975, iters: 600, time: 0.031, data: 0.027) D_A: 0.207 G_A: 0.387 cycle_A: 0.728 idt_A: 0.284 D_B: 0.198 G_B: 0.393 cycle_B: 0.312 idt_B: 0.181 
saving the model at the end of epoch 975, iters 105000
End of epoch 975 / 1000 	 Time Taken: 23 sec
learning rate 0.0000495 -> 0.0000475
(epoch: 976, iters: 300, time: 0.033, data: 1.634) D_A: 0.209 G_A: 0.421 cycle_A: 0.776 idt_A: 0.303 D_B: 0.205 G_B: 0.325 cycle_B: 0.385 idt_B: 0.223 
(epoch: 976, iters: 600, time: 0.157, data: 0.025) D_A: 0.178 G_A: 0.431 cycle_A: 0.998 idt_A: 0.367 D_B: 0.192 G_B: 0.380 cycle_B: 0.396 idt_B: 0.306 
End of epoch 976 / 1000 	 Time Taken: 31 sec
learning rate 0.0000475 -> 0.0000455
(epoch: 977, iters: 300, time: 0.031, data: 1.735) D_A: 0.177 G_A: 0.401 cycle_A: 0.806 idt_A: 0.338 D_B: 0.192 G_B: 0.396 cycle_B: 0.386 idt_B: 0.181 
(epoch: 977, iters: 600, time: 0.031, data: 0.028) D_A: 0.194 G_A: 0.461 cycle_A: 0.688 idt_A: 0.370 D_B: 0.188 G_B: 0.360 cycle_B: 0.495 idt_B: 0.164 
End of epoch 977 / 1000 	 Time Taken: 23 sec
learning rate 0.0000455 -> 0.0000436
(epoch: 978, iters: 300, time: 0.029, data: 1.693) D_A: 0.205 G_A: 0.367 cycle_A: 0.611 idt_A: 0.312 D_B: 0.195 G_B: 0.359 cycle_B: 0.364 idt_B: 0.169 
(epoch: 978, iters: 600, time: 0.159, data: 0.029) D_A: 0.183 G_A: 0.348 cycle_A: 0.573 idt_A: 0.392 D_B: 0.194 G_B: 0.440 cycle_B: 0.454 idt_B: 0.155 
End of epoch 978 / 1000 	 Time Taken: 31 sec
learning rate 0.0000436 -> 0.0000416
(epoch: 979, iters: 300, time: 0.029, data: 1.612) D_A: 0.181 G_A: 0.440 cycle_A: 0.762 idt_A: 0.306 D_B: 0.186 G_B: 0.382 cycle_B: 0.353 idt_B: 0.219 
(epoch: 979, iters: 600, time: 0.030, data: 0.028) D_A: 0.226 G_A: 0.335 cycle_A: 0.870 idt_A: 0.322 D_B: 0.206 G_B: 0.412 cycle_B: 0.388 idt_B: 0.213 
End of epoch 979 / 1000 	 Time Taken: 22 sec
learning rate 0.0000416 -> 0.0000396
(epoch: 980, iters: 300, time: 0.029, data: 1.675) D_A: 0.212 G_A: 0.382 cycle_A: 0.678 idt_A: 0.323 D_B: 0.207 G_B: 0.349 cycle_B: 0.342 idt_B: 0.169 
(epoch: 980, iters: 600, time: 0.169, data: 0.026) D_A: 0.170 G_A: 0.435 cycle_A: 0.729 idt_A: 0.282 D_B: 0.187 G_B: 0.412 cycle_B: 0.332 idt_B: 0.208 
saving the model at the end of epoch 980, iters 108000
End of epoch 980 / 1000 	 Time Taken: 32 sec
learning rate 0.0000396 -> 0.0000376
(epoch: 981, iters: 300, time: 0.029, data: 1.723) D_A: 0.202 G_A: 0.454 cycle_A: 0.698 idt_A: 0.305 D_B: 0.200 G_B: 0.340 cycle_B: 0.356 idt_B: 0.172 
(epoch: 981, iters: 600, time: 0.030, data: 0.025) D_A: 0.195 G_A: 0.382 cycle_A: 0.607 idt_A: 0.327 D_B: 0.196 G_B: 0.444 cycle_B: 0.371 idt_B: 0.149 
End of epoch 981 / 1000 	 Time Taken: 23 sec
learning rate 0.0000376 -> 0.0000356
(epoch: 982, iters: 300, time: 0.030, data: 1.684) D_A: 0.194 G_A: 0.351 cycle_A: 0.654 idt_A: 0.325 D_B: 0.192 G_B: 0.438 cycle_B: 0.380 idt_B: 0.179 
(epoch: 982, iters: 600, time: 0.155, data: 0.031) D_A: 0.187 G_A: 0.393 cycle_A: 0.708 idt_A: 0.288 D_B: 0.201 G_B: 0.407 cycle_B: 0.330 idt_B: 0.170 
End of epoch 982 / 1000 	 Time Taken: 30 sec
learning rate 0.0000356 -> 0.0000337
(epoch: 983, iters: 300, time: 0.030, data: 1.667) D_A: 0.178 G_A: 0.406 cycle_A: 0.678 idt_A: 0.309 D_B: 0.206 G_B: 0.382 cycle_B: 0.358 idt_B: 0.175 
(epoch: 983, iters: 600, time: 0.030, data: 0.029) D_A: 0.181 G_A: 0.429 cycle_A: 0.770 idt_A: 0.288 D_B: 0.189 G_B: 0.376 cycle_B: 0.383 idt_B: 0.173 
End of epoch 983 / 1000 	 Time Taken: 23 sec
learning rate 0.0000337 -> 0.0000317
(epoch: 984, iters: 300, time: 0.030, data: 1.695) D_A: 0.177 G_A: 0.405 cycle_A: 0.693 idt_A: 0.276 D_B: 0.192 G_B: 0.410 cycle_B: 0.331 idt_B: 0.200 
(epoch: 984, iters: 600, time: 0.143, data: 0.026) D_A: 0.181 G_A: 0.372 cycle_A: 0.775 idt_A: 0.287 D_B: 0.205 G_B: 0.468 cycle_B: 0.380 idt_B: 0.185 
End of epoch 984 / 1000 	 Time Taken: 30 sec
learning rate 0.0000317 -> 0.0000297
(epoch: 985, iters: 300, time: 0.030, data: 1.631) D_A: 0.202 G_A: 0.444 cycle_A: 0.727 idt_A: 0.307 D_B: 0.198 G_B: 0.351 cycle_B: 0.358 idt_B: 0.205 
(epoch: 985, iters: 600, time: 0.030, data: 0.027) D_A: 0.174 G_A: 0.420 cycle_A: 0.705 idt_A: 0.327 D_B: 0.179 G_B: 0.390 cycle_B: 0.405 idt_B: 0.187 
saving the model at the end of epoch 985, iters 111000
End of epoch 985 / 1000 	 Time Taken: 23 sec
learning rate 0.0000297 -> 0.0000277
(epoch: 986, iters: 300, time: 0.030, data: 1.699) D_A: 0.200 G_A: 0.390 cycle_A: 0.766 idt_A: 0.319 D_B: 0.200 G_B: 0.336 cycle_B: 0.368 idt_B: 0.210 
(epoch: 986, iters: 600, time: 0.157, data: 0.028) D_A: 0.198 G_A: 0.389 cycle_A: 0.609 idt_A: 0.377 D_B: 0.202 G_B: 0.389 cycle_B: 0.404 idt_B: 0.169 
End of epoch 986 / 1000 	 Time Taken: 31 sec
learning rate 0.0000277 -> 0.0000257
(epoch: 987, iters: 300, time: 0.029, data: 1.636) D_A: 0.209 G_A: 0.383 cycle_A: 0.734 idt_A: 0.379 D_B: 0.203 G_B: 0.382 cycle_B: 0.437 idt_B: 0.208 
(epoch: 987, iters: 600, time: 0.034, data: 0.028) D_A: 0.200 G_A: 0.405 cycle_A: 0.765 idt_A: 0.306 D_B: 0.200 G_B: 0.386 cycle_B: 0.374 idt_B: 0.184 
End of epoch 987 / 1000 	 Time Taken: 23 sec
learning rate 0.0000257 -> 0.0000238
(epoch: 988, iters: 300, time: 0.029, data: 1.750) D_A: 0.193 G_A: 0.406 cycle_A: 0.740 idt_A: 0.347 D_B: 0.186 G_B: 0.405 cycle_B: 0.375 idt_B: 0.188 
(epoch: 988, iters: 600, time: 0.167, data: 0.029) D_A: 0.198 G_A: 0.400 cycle_A: 0.630 idt_A: 0.293 D_B: 0.205 G_B: 0.378 cycle_B: 0.372 idt_B: 0.198 
End of epoch 988 / 1000 	 Time Taken: 31 sec
learning rate 0.0000238 -> 0.0000218
(epoch: 989, iters: 300, time: 0.030, data: 1.730) D_A: 0.184 G_A: 0.441 cycle_A: 0.779 idt_A: 0.361 D_B: 0.180 G_B: 0.394 cycle_B: 0.375 idt_B: 0.235 
(epoch: 989, iters: 600, time: 0.030, data: 0.020) D_A: 0.194 G_A: 0.386 cycle_A: 0.682 idt_A: 0.285 D_B: 0.197 G_B: 0.389 cycle_B: 0.355 idt_B: 0.184 
End of epoch 989 / 1000 	 Time Taken: 23 sec
learning rate 0.0000218 -> 0.0000198
(epoch: 990, iters: 300, time: 0.030, data: 1.661) D_A: 0.207 G_A: 0.403 cycle_A: 0.752 idt_A: 0.306 D_B: 0.201 G_B: 0.352 cycle_B: 0.362 idt_B: 0.171 
(epoch: 990, iters: 600, time: 0.161, data: 0.027) D_A: 0.194 G_A: 0.356 cycle_A: 0.982 idt_A: 0.289 D_B: 0.205 G_B: 0.418 cycle_B: 0.358 idt_B: 0.255 
saving the model at the end of epoch 990, iters 114000
End of epoch 990 / 1000 	 Time Taken: 31 sec
learning rate 0.0000198 -> 0.0000178
(epoch: 991, iters: 300, time: 0.030, data: 1.622) D_A: 0.198 G_A: 0.399 cycle_A: 0.773 idt_A: 0.348 D_B: 0.215 G_B: 0.352 cycle_B: 0.419 idt_B: 0.235 
(epoch: 991, iters: 600, time: 0.030, data: 0.026) D_A: 0.186 G_A: 0.381 cycle_A: 0.641 idt_A: 0.299 D_B: 0.198 G_B: 0.398 cycle_B: 0.373 idt_B: 0.162 
End of epoch 991 / 1000 	 Time Taken: 23 sec
learning rate 0.0000178 -> 0.0000158
(epoch: 992, iters: 300, time: 0.030, data: 1.693) D_A: 0.190 G_A: 0.395 cycle_A: 0.739 idt_A: 0.278 D_B: 0.213 G_B: 0.389 cycle_B: 0.321 idt_B: 0.198 
(epoch: 992, iters: 600, time: 0.177, data: 0.027) D_A: 0.200 G_A: 0.395 cycle_A: 0.694 idt_A: 0.289 D_B: 0.190 G_B: 0.395 cycle_B: 0.335 idt_B: 0.194 
End of epoch 992 / 1000 	 Time Taken: 32 sec
learning rate 0.0000158 -> 0.0000139
(epoch: 993, iters: 300, time: 0.030, data: 1.654) D_A: 0.183 G_A: 0.468 cycle_A: 1.053 idt_A: 0.284 D_B: 0.183 G_B: 0.363 cycle_B: 0.293 idt_B: 0.390 
(epoch: 993, iters: 600, time: 0.030, data: 0.025) D_A: 0.172 G_A: 0.369 cycle_A: 0.661 idt_A: 0.277 D_B: 0.197 G_B: 0.405 cycle_B: 0.361 idt_B: 0.178 
End of epoch 993 / 1000 	 Time Taken: 23 sec
learning rate 0.0000139 -> 0.0000119
(epoch: 994, iters: 300, time: 0.029, data: 1.622) D_A: 0.187 G_A: 0.400 cycle_A: 0.610 idt_A: 0.308 D_B: 0.201 G_B: 0.399 cycle_B: 0.383 idt_B: 0.175 
(epoch: 994, iters: 600, time: 0.157, data: 0.025) D_A: 0.185 G_A: 0.443 cycle_A: 0.754 idt_A: 0.331 D_B: 0.189 G_B: 0.402 cycle_B: 0.388 idt_B: 0.185 
End of epoch 994 / 1000 	 Time Taken: 31 sec
learning rate 0.0000119 -> 0.0000099
(epoch: 995, iters: 300, time: 0.031, data: 1.632) D_A: 0.190 G_A: 0.453 cycle_A: 0.682 idt_A: 0.323 D_B: 0.173 G_B: 0.376 cycle_B: 0.339 idt_B: 0.186 
(epoch: 995, iters: 600, time: 0.030, data: 0.030) D_A: 0.197 G_A: 0.397 cycle_A: 0.737 idt_A: 0.301 D_B: 0.190 G_B: 0.398 cycle_B: 0.336 idt_B: 0.220 
saving the model at the end of epoch 995, iters 117000
End of epoch 995 / 1000 	 Time Taken: 23 sec
learning rate 0.0000099 -> 0.0000079
(epoch: 996, iters: 300, time: 0.034, data: 1.580) D_A: 0.179 G_A: 0.369 cycle_A: 0.801 idt_A: 0.290 D_B: 0.197 G_B: 0.422 cycle_B: 0.326 idt_B: 0.233 
(epoch: 996, iters: 600, time: 0.180, data: 0.027) D_A: 0.188 G_A: 0.386 cycle_A: 0.808 idt_A: 0.299 D_B: 0.199 G_B: 0.379 cycle_B: 0.353 idt_B: 0.204 
End of epoch 996 / 1000 	 Time Taken: 32 sec
learning rate 0.0000079 -> 0.0000059
(epoch: 997, iters: 300, time: 0.030, data: 1.727) D_A: 0.183 G_A: 0.402 cycle_A: 0.757 idt_A: 0.335 D_B: 0.194 G_B: 0.394 cycle_B: 0.366 idt_B: 0.195 
(epoch: 997, iters: 600, time: 0.029, data: 0.029) D_A: 0.188 G_A: 0.416 cycle_A: 0.718 idt_A: 0.313 D_B: 0.198 G_B: 0.374 cycle_B: 0.376 idt_B: 0.186 
End of epoch 997 / 1000 	 Time Taken: 23 sec
learning rate 0.0000059 -> 0.0000040
(epoch: 998, iters: 300, time: 0.030, data: 1.696) D_A: 0.186 G_A: 0.423 cycle_A: 1.044 idt_A: 0.264 D_B: 0.195 G_B: 0.390 cycle_B: 0.330 idt_B: 0.312 
(epoch: 998, iters: 600, time: 0.154, data: 0.029) D_A: 0.191 G_A: 0.398 cycle_A: 0.741 idt_A: 0.292 D_B: 0.186 G_B: 0.389 cycle_B: 0.362 idt_B: 0.199 
End of epoch 998 / 1000 	 Time Taken: 30 sec
learning rate 0.0000040 -> 0.0000020
(epoch: 999, iters: 300, time: 0.030, data: 1.582) D_A: 0.173 G_A: 0.409 cycle_A: 0.699 idt_A: 0.298 D_B: 0.191 G_B: 0.402 cycle_B: 0.381 idt_B: 0.196 
(epoch: 999, iters: 600, time: 0.029, data: 0.027) D_A: 0.180 G_A: 0.422 cycle_A: 0.691 idt_A: 0.290 D_B: 0.172 G_B: 0.411 cycle_B: 0.320 idt_B: 0.192 
End of epoch 999 / 1000 	 Time Taken: 23 sec
learning rate 0.0000020 -> 0.0000000
(epoch: 1000, iters: 300, time: 0.029, data: 1.682) D_A: 0.195 G_A: 0.411 cycle_A: 0.648 idt_A: 0.276 D_B: 0.199 G_B: 0.353 cycle_B: 0.311 idt_B: 0.162 
(epoch: 1000, iters: 600, time: 0.146, data: 0.027) D_A: 0.184 G_A: 0.404 cycle_A: 0.681 idt_A: 0.270 D_B: 0.200 G_B: 0.410 cycle_B: 0.343 idt_B: 0.191 
saving the model at the end of epoch 1000, iters 120000
End of epoch 1000 / 1000 	 Time Taken: 30 sec
wandb: Waiting for W&B process to finish... (success).
wandb: - 121.666 MB of 121.666 MB uploaded (0.077 MB deduped)wandb: \ 121.666 MB of 121.666 MB uploaded (0.077 MB deduped)wandb: | 121.666 MB of 121.666 MB uploaded (0.077 MB deduped)wandb: / 121.666 MB of 121.760 MB uploaded (0.077 MB deduped)wandb: - 121.666 MB of 121.760 MB uploaded (0.077 MB deduped)wandb: \ 121.666 MB of 121.760 MB uploaded (0.077 MB deduped)wandb: | 121.666 MB of 121.760 MB uploaded (0.077 MB deduped)wandb: / 121.666 MB of 121.760 MB uploaded (0.077 MB deduped)wandb: - 121.749 MB of 121.760 MB uploaded (0.077 MB deduped)wandb: \ 121.749 MB of 121.760 MB uploaded (0.077 MB deduped)wandb: | 121.760 MB of 121.760 MB uploaded (0.077 MB deduped)wandb: / 121.760 MB of 121.760 MB uploaded (0.077 MB deduped)wandb: - 121.760 MB of 121.760 MB uploaded (0.077 MB deduped)wandb: \ 121.760 MB of 121.760 MB uploaded (0.077 MB deduped)wandb: | 121.760 MB of 121.760 MB uploaded (0.077 MB deduped)wandb: / 121.760 MB of 121.760 MB uploaded (0.077 MB deduped)wandb: - 121.760 MB of 121.760 MB uploaded (0.077 MB deduped)wandb:                                                                                
wandb: 
wandb: Run history:
wandb:     D_A â–ˆâ–‡â–†â–‚â–‚â–‚â–‚â–…â–‚â–‚â–‚â–‚â–‚â–‚â–‚â–ƒâ–‚â–‚â–‚â–‚â–‚â–â–‚â–‚â–‚â–â–‚â–â–â–â–‚â–â–‚â–â–â–â–â–‚â–â–
wandb:     D_B â–…â–‚â–ƒâ–ƒâ–‚â–â–â–â–â–â–‚â–‚â–â–â–ˆâ–‚â–‚â–‚â–â–â–‚â–â–‚â–â–‚â–â–â–â–â–â–â–â–â–â–â–â–â–â–â–
wandb:     G_A â–‡â–ˆâ–‡â–„â–ƒâ–„â–ƒâ–‡â–ƒâ–ƒâ–‚â–ƒâ–…â–‚â–„â–„â–„â–ƒâ–…â–‚â–„â–„â–â–†â–ƒâ–ƒâ–ƒâ–ƒâ–„â–ƒâ–…â–ƒâ–ƒâ–…â–„â–ƒâ–ƒâ–„â–„â–„
wandb:     G_B â–‚â–‚â–‚â–ƒâ–‚â–ƒâ–ƒâ–â–ƒâ–â–„â–‚â–â–ƒâ–ˆâ–ƒâ–„â–‚â–‚â–ƒâ–â–‚â–‚â–‚â–‚â–…â–‚â–ƒâ–„â–„â–‚â–ƒâ–ƒâ–ƒâ–‚â–„â–„â–‚â–ƒâ–ƒ
wandb: cycle_A â–ˆâ–…â–„â–…â–…â–ƒâ–ƒâ–„â–„â–ƒâ–ƒâ–ƒâ–„â–‚â–ƒâ–ƒâ–ƒâ–‚â–„â–‚â–„â–‚â–ƒâ–‚â–‚â–‚â–‚â–â–‚â–‚â–‚â–â–â–‚â–‚â–â–‚â–â–‚â–
wandb: cycle_B â–ˆâ–…â–„â–„â–„â–ƒâ–…â–ƒâ–„â–ƒâ–ƒâ–ƒâ–ƒâ–‚â–ƒâ–‚â–ƒâ–ƒâ–‚â–‚â–„â–‚â–‚â–‚â–‚â–â–‚â–‚â–‚â–‚â–â–‚â–â–â–â–‚â–â–â–â–
wandb:   idt_A â–ˆâ–…â–„â–„â–„â–ƒâ–…â–ƒâ–ƒâ–ƒâ–ƒâ–‚â–ƒâ–‚â–ƒâ–‚â–ƒâ–‚â–‚â–‚â–ƒâ–‚â–‚â–‚â–‚â–â–‚â–‚â–ƒâ–‚â–â–‚â–â–â–â–‚â–â–â–â–
wandb:   idt_B â–ˆâ–„â–„â–…â–…â–ƒâ–‚â–„â–„â–ƒâ–ƒâ–ƒâ–„â–‚â–ƒâ–ƒâ–ƒâ–ƒâ–„â–‚â–ƒâ–‚â–ƒâ–‚â–ƒâ–‚â–‚â–â–‚â–‚â–‚â–â–â–â–ƒâ–â–â–‚â–â–
wandb: 
wandb: Run summary:
wandb:     D_A 0.18441
wandb:     D_B 0.19998
wandb:     G_A 0.40368
wandb:     G_B 0.40953
wandb: cycle_A 0.68149
wandb: cycle_B 0.34319
wandb:   idt_A 0.26998
wandb:   idt_B 0.1907
wandb: 
wandb: Synced model2_3_eyeq_256_1024: https://wandb.ai/z-eun/CycleGAN-and-pix2pix/runs/7evci1lb
wandb: Synced 6 W&B file(s), 900 media file(s), 888 artifact file(s) and 0 other file(s)
wandb: Find logs at: ./wandb/run-20221026_014354-7evci1lb/logs
