----------------- Options ---------------
               batch_size: 32                            	[default: 2]
                    beta1: 0.5                           
          checkpoints_dir: ./checkpoints                 
           continue_train: False                         
                crop_size: 256                           
                 dataroot: /home/ellen/data/input_eyeq_20220830_512_n1000	[default: None]
             dataset_mode: unaligned                     
                direction: AtoB                          
              display_env: main                          
             display_freq: 400                           
               display_id: 1                             
            display_ncols: 4                             
             display_port: 8097                          
           display_server: http://localhost              
          display_winsize: 256                           
                    epoch: latest                        
              epoch_count: 1                             
                 gan_mode: lsgan                         
                  gpu_ids: 0,1,2,3,4,5,6,7               	[default: 0]
                init_gain: 0.02                          
                init_type: normal                        
                 input_nc: 3                             
                  isTrain: True                          	[default: None]
                 lambda_A: 10.0                          
                 lambda_B: 10.0                          
          lambda_identity: 0.5                           
                load_iter: 0                             	[default: 0]
                load_size: 256                           	[default: 286]
                       lr: 0.0002                        
           lr_decay_iters: 50                            
                lr_policy: linear                        
         max_dataset_size: inf                           
                    model: cycle_gan                     
                 n_epochs: 100                           
           n_epochs_decay: 300                           
               n_layers_D: 3                             
                     name: model2_3_eyeq_256_1026_0      	[default: experiment_name]
                      ndf: 64                            
                     netD: basic                         
                     netG: ellen_dwt_uresnet2_3          	[default: resnet_9blocks]
                      ngf: 64                            
               no_dropout: True                          
                  no_flip: True                          	[default: False]
                  no_html: False                         
                     norm: instance                      
              num_threads: 2                             
                output_nc: 3                             
                 patience: 10                            	[default: 5]
                    phase: train                         
                pool_size: 50                            
               preprocess: resize_and_crop               
               print_freq: 100                           
             save_by_iter: False                         
          save_epoch_freq: 5                             
         save_latest_freq: 5000                          
           serial_batches: False                         
                   suffix:                               
         update_html_freq: 1000                          
                use_wandb: True                          	[default: False]
                  verbose: False                         
----------------- End -------------------
dataset [UnalignedDataset] was created
The number of training images = 600
dataset [UnalignedDataset] was created
patience: 10
========================================================================
num downs =  2  n_blocks= 9
----e1
-----resnet 0  ë²ˆì§¸
-----resnet 1  ë²ˆì§¸
-----resnet 2  ë²ˆì§¸
-----resnet 3  ë²ˆì§¸
-----resnet 4  ë²ˆì§¸
-----resnet 5  ë²ˆì§¸
-----resnet 6  ë²ˆì§¸
-----resnet 7  ë²ˆì§¸
-----resnet 8  ë²ˆì§¸
>> in, out:  128.0 ,  256
----- e1+unet+resent+uent+
----- e1+unet+resent+uent+d1
[ReflectionPad2d((3, 3, 3, 3)), Conv2d(3, 64, kernel_size=(7, 7), stride=(1, 1)), InstanceNorm2d(64, eps=1e-05, momentum=0.1, affine=False, track_running_stats=False), ReLU(inplace=True), UnetSkipConnectionBlock(
  (model): Sequential(
    (0): Conv2d(64, 128, kernel_size=(4, 4), stride=(2, 2), padding=(1, 1))
    (1): UnetSkipConnectionBlock(
      (model): Sequential(
        (0): LeakyReLU(negative_slope=0.2, inplace=True)
        (1): Conv2d(128, 256, kernel_size=(4, 4), stride=(2, 2), padding=(1, 1))
        (2): InstanceNorm2d(256, eps=1e-05, momentum=0.1, affine=False, track_running_stats=False)
        (3): UnetSkipConnectionBlock(
          (model): Sequential(
            (0): LeakyReLU(negative_slope=0.2, inplace=True)
            (1): Conv2d(256, 256, kernel_size=(4, 4), stride=(2, 2), padding=(1, 1))
            (2): ReLU(inplace=True)
            (3): ConvTranspose2d(256, 256, kernel_size=(4, 4), stride=(2, 2), padding=(1, 1))
            (4): InstanceNorm2d(256, eps=1e-05, momentum=0.1, affine=False, track_running_stats=False)
          )
        )
        (4): ReLU(inplace=True)
        (5): ConvTranspose2d(512, 128, kernel_size=(4, 4), stride=(2, 2), padding=(1, 1))
        (6): InstanceNorm2d(128, eps=1e-05, momentum=0.1, affine=False, track_running_stats=False)
      )
    )
    (2): ReLU(inplace=True)
    (3): ConvTranspose2d(256, 64, kernel_size=(4, 4), stride=(2, 2), padding=(1, 1))
    (4): Tanh()
  )
), ReflectionPad2d((3, 3, 3, 3)), Conv2d(64, 3, kernel_size=(7, 7), stride=(1, 1)), Tanh()]
initialize network with normal
========================================================================
num downs =  2  n_blocks= 9
----e1
-----resnet 0  ë²ˆì§¸
-----resnet 1  ë²ˆì§¸
-----resnet 2  ë²ˆì§¸
-----resnet 3  ë²ˆì§¸
-----resnet 4  ë²ˆì§¸
-----resnet 5  ë²ˆì§¸
-----resnet 6  ë²ˆì§¸
-----resnet 7  ë²ˆì§¸
-----resnet 8  ë²ˆì§¸
>> in, out:  128.0 ,  256
----- e1+unet+resent+uent+
----- e1+unet+resent+uent+d1
[ReflectionPad2d((3, 3, 3, 3)), Conv2d(3, 64, kernel_size=(7, 7), stride=(1, 1)), InstanceNorm2d(64, eps=1e-05, momentum=0.1, affine=False, track_running_stats=False), ReLU(inplace=True), UnetSkipConnectionBlock(
  (model): Sequential(
    (0): Conv2d(64, 128, kernel_size=(4, 4), stride=(2, 2), padding=(1, 1))
    (1): UnetSkipConnectionBlock(
      (model): Sequential(
        (0): LeakyReLU(negative_slope=0.2, inplace=True)
        (1): Conv2d(128, 256, kernel_size=(4, 4), stride=(2, 2), padding=(1, 1))
        (2): InstanceNorm2d(256, eps=1e-05, momentum=0.1, affine=False, track_running_stats=False)
        (3): UnetSkipConnectionBlock(
          (model): Sequential(
            (0): LeakyReLU(negative_slope=0.2, inplace=True)
            (1): Conv2d(256, 256, kernel_size=(4, 4), stride=(2, 2), padding=(1, 1))
            (2): ReLU(inplace=True)
            (3): ConvTranspose2d(256, 256, kernel_size=(4, 4), stride=(2, 2), padding=(1, 1))
            (4): InstanceNorm2d(256, eps=1e-05, momentum=0.1, affine=False, track_running_stats=False)
          )
        )
        (4): ReLU(inplace=True)
        (5): ConvTranspose2d(512, 128, kernel_size=(4, 4), stride=(2, 2), padding=(1, 1))
        (6): InstanceNorm2d(128, eps=1e-05, momentum=0.1, affine=False, track_running_stats=False)
      )
    )
    (2): ReLU(inplace=True)
    (3): ConvTranspose2d(256, 64, kernel_size=(4, 4), stride=(2, 2), padding=(1, 1))
    (4): Tanh()
  )
), ReflectionPad2d((3, 3, 3, 3)), Conv2d(64, 3, kernel_size=(7, 7), stride=(1, 1)), Tanh()]
initialize network with normal
initialize network with normal
initialize network with normal
model [CycleGANModel] was created
---------- Networks initialized -------------
[Network G_A] Total number of parameters : 5.410 M
[Network G_B] Total number of parameters : 5.410 M
[Network D_A] Total number of parameters : 2.765 M
[Network D_B] Total number of parameters : 2.765 M
-----------------------------------------------/home/user/miniconda/lib/python3.8/site-packages/torchvision/transforms/transforms.py:257: UserWarning: Argument interpolation should be of type InterpolationMode instead of int. Please, use InterpolationMode enum.
  warnings.warn(
Setting up a new session...
wandb: Currently logged in as: z-eun. Use `wandb login --relogin` to force relogin
wandb: wandb version 0.13.4 is available!  To upgrade, please run:
wandb:  $ pip install wandb --upgrade
wandb: Tracking run with wandb version 0.13.2
wandb: Run data is saved locally in /home/ellen/RetinaImage_model_MW/wandb/run-20221026_132815-2zgh1hww
wandb: Run `wandb offline` to turn off syncing.
wandb: Syncing run model2_3_eyeq_256_1026_0
wandb: â­ï¸ View project at https://wandb.ai/z-eun/CycleGAN-and-pix2pix
wandb: ðŸš€ View run at https://wandb.ai/z-eun/CycleGAN-and-pix2pix/runs/2zgh1hww

create web directory ./checkpoints/model2_3_eyeq_256_1026_0/web...
learning rate 0.0002000 -> 0.0002000
/home/user/miniconda/lib/python3.8/site-packages/torch/optim/lr_scheduler.py:129: UserWarning: Detected call of `lr_scheduler.step()` before `optimizer.step()`. In PyTorch 1.1.0 and later, you should call them in the opposite order: `optimizer.step()` before `lr_scheduler.step()`.  Failure to do this will result in PyTorch skipping the first value of the learning rate schedule. See more details at https://pytorch.org/docs/stable/optim.html#how-to-adjust-learning-rate
  warnings.warn("Detected call of `lr_scheduler.step()` before `optimizer.step()`. "
/home/user/miniconda/lib/python3.8/site-packages/torch/nn/functional.py:3454: UserWarning: Default upsampling behavior when mode=bilinear is changed to align_corners=False since 0.4.0. Please specify align_corners=True if the old behavior is desired. See the documentation of nn.Upsample for details.
  warnings.warn(
End of epoch 1 / 400 	 Time Taken: 75 sec
learning rate 0.0002000 -> 0.0002000
(epoch: 2, iters: 192, time: 0.125, data: 0.721) D_A: 1.225 G_A: 1.501 cycle_A: 4.472 idt_A: 2.205 D_B: 2.025 G_B: 2.567 cycle_B: 2.214 idt_B: 1.162 
End of epoch 2 / 400 	 Time Taken: 46 sec
learning rate 0.0002000 -> 0.0002000
(epoch: 3, iters: 384, time: 0.113, data: 0.015) D_A: 0.376 G_A: 0.436 cycle_A: 3.199 idt_A: 1.376 D_B: 0.279 G_B: 0.346 cycle_B: 1.500 idt_B: 0.783 
End of epoch 3 / 400 	 Time Taken: 46 sec
learning rate 0.0002000 -> 0.0002000
(epoch: 4, iters: 576, time: 0.111, data: 0.015) D_A: 0.481 G_A: 0.609 cycle_A: 3.158 idt_A: 1.184 D_B: 0.247 G_B: 0.384 cycle_B: 1.309 idt_B: 0.769 
End of epoch 4 / 400 	 Time Taken: 45 sec
learning rate 0.0002000 -> 0.0002000
saving the model at the end of epoch 5, iters 3040
End of epoch 5 / 400 	 Time Taken: 44 sec
learning rate 0.0002000 -> 0.0002000
(epoch: 6, iters: 160, time: 0.110, data: 0.011) D_A: 0.257 G_A: 0.405 cycle_A: 2.759 idt_A: 1.071 D_B: 0.248 G_B: 0.321 cycle_B: 1.319 idt_B: 0.657 
End of epoch 6 / 400 	 Time Taken: 46 sec
learning rate 0.0002000 -> 0.0002000
(epoch: 7, iters: 352, time: 0.111, data: 0.013) D_A: 0.242 G_A: 0.364 cycle_A: 2.302 idt_A: 1.435 D_B: 0.270 G_B: 0.386 cycle_B: 1.517 idt_B: 0.556 
End of epoch 7 / 400 	 Time Taken: 46 sec
learning rate 0.0002000 -> 0.0002000
(epoch: 8, iters: 544, time: 0.111, data: 0.015) D_A: 0.253 G_A: 0.435 cycle_A: 2.240 idt_A: 0.806 D_B: 0.452 G_B: 0.591 cycle_B: 0.934 idt_B: 0.507 
End of epoch 8 / 400 	 Time Taken: 46 sec
learning rate 0.0002000 -> 0.0002000
End of epoch 9 / 400 	 Time Taken: 44 sec
learning rate 0.0002000 -> 0.0002000
(epoch: 10, iters: 128, time: 0.114, data: 0.012) D_A: 0.226 G_A: 0.335 cycle_A: 2.733 idt_A: 1.237 D_B: 0.229 G_B: 0.433 cycle_B: 1.547 idt_B: 0.621 
saving the model at the end of epoch 10, iters 6080
End of epoch 10 / 400 	 Time Taken: 45 sec
learning rate 0.0002000 -> 0.0002000
(epoch: 11, iters: 320, time: 0.112, data: 0.014) D_A: 0.229 G_A: 0.402 cycle_A: 2.499 idt_A: 0.965 D_B: 0.238 G_B: 0.288 cycle_B: 1.335 idt_B: 0.545 
End of epoch 11 / 400 	 Time Taken: 47 sec
learning rate 0.0002000 -> 0.0002000
(epoch: 12, iters: 512, time: 0.135, data: 0.013) D_A: 0.215 G_A: 0.359 cycle_A: 1.993 idt_A: 0.986 D_B: 0.223 G_B: 0.341 cycle_B: 1.173 idt_B: 0.521 
End of epoch 12 / 400 	 Time Taken: 47 sec
learning rate 0.0002000 -> 0.0002000
End of epoch 13 / 400 	 Time Taken: 44 sec
learning rate 0.0002000 -> 0.0002000
(epoch: 14, iters: 96, time: 0.112, data: 0.014) D_A: 0.220 G_A: 0.358 cycle_A: 2.521 idt_A: 0.939 D_B: 0.266 G_B: 0.507 cycle_B: 1.094 idt_B: 0.711 
End of epoch 14 / 400 	 Time Taken: 46 sec
learning rate 0.0002000 -> 0.0002000
(epoch: 15, iters: 288, time: 0.113, data: 0.014) D_A: 0.208 G_A: 0.365 cycle_A: 2.268 idt_A: 0.839 D_B: 0.430 G_B: 0.513 cycle_B: 0.876 idt_B: 0.622 
saving the model at the end of epoch 15, iters 9120
End of epoch 15 / 400 	 Time Taken: 45 sec
learning rate 0.0002000 -> 0.0002000
(epoch: 16, iters: 480, time: 0.115, data: 0.015) D_A: 0.223 G_A: 0.444 cycle_A: 2.260 idt_A: 0.825 D_B: 0.216 G_B: 0.346 cycle_B: 0.998 idt_B: 0.453 
End of epoch 16 / 400 	 Time Taken: 46 sec
learning rate 0.0002000 -> 0.0002000
End of epoch 17 / 400 	 Time Taken: 43 sec
learning rate 0.0002000 -> 0.0002000
(epoch: 18, iters: 64, time: 0.107, data: 0.011) D_A: 0.228 G_A: 0.427 cycle_A: 1.733 idt_A: 0.966 D_B: 0.277 G_B: 0.614 cycle_B: 1.024 idt_B: 0.402 
End of epoch 18 / 400 	 Time Taken: 46 sec
learning rate 0.0002000 -> 0.0002000
(epoch: 19, iters: 256, time: 0.114, data: 0.015) D_A: 0.211 G_A: 0.375 cycle_A: 1.712 idt_A: 0.847 D_B: 0.216 G_B: 0.418 cycle_B: 0.976 idt_B: 0.481 
End of epoch 19 / 400 	 Time Taken: 46 sec
learning rate 0.0002000 -> 0.0002000
(epoch: 20, iters: 448, time: 0.111, data: 0.013) D_A: 0.207 G_A: 0.305 cycle_A: 1.935 idt_A: 0.614 D_B: 0.217 G_B: 0.452 cycle_B: 0.687 idt_B: 0.523 
saving the model at the end of epoch 20, iters 12160
End of epoch 20 / 400 	 Time Taken: 46 sec
learning rate 0.0002000 -> 0.0002000
End of epoch 21 / 400 	 Time Taken: 44 sec
learning rate 0.0002000 -> 0.0002000
(epoch: 22, iters: 32, time: 0.124, data: 0.014) D_A: 0.455 G_A: 0.571 cycle_A: 2.183 idt_A: 0.779 D_B: 0.277 G_B: 0.421 cycle_B: 1.023 idt_B: 0.564 
End of epoch 22 / 400 	 Time Taken: 46 sec
learning rate 0.0002000 -> 0.0002000
(epoch: 23, iters: 224, time: 0.112, data: 0.010) D_A: 0.200 G_A: 0.332 cycle_A: 1.566 idt_A: 0.868 D_B: 0.239 G_B: 0.552 cycle_B: 0.918 idt_B: 0.441 
End of epoch 23 / 400 	 Time Taken: 46 sec
learning rate 0.0002000 -> 0.0002000
(epoch: 24, iters: 416, time: 0.102, data: 0.012) D_A: 0.232 G_A: 0.535 cycle_A: 2.261 idt_A: 0.961 D_B: 0.217 G_B: 0.305 cycle_B: 1.069 idt_B: 0.627 
End of epoch 24 / 400 	 Time Taken: 45 sec
learning rate 0.0002000 -> 0.0002000
(epoch: 25, iters: 608, time: 0.120, data: 0.015) D_A: 0.177 G_A: 0.411 cycle_A: 1.668 idt_A: 0.772 D_B: 0.232 G_B: 0.465 cycle_B: 0.813 idt_B: 0.398 
saving the model at the end of epoch 25, iters 15200
End of epoch 25 / 400 	 Time Taken: 46 sec
learning rate 0.0002000 -> 0.0002000
End of epoch 26 / 400 	 Time Taken: 45 sec
learning rate 0.0002000 -> 0.0002000
(epoch: 27, iters: 192, time: 0.107, data: 0.829) D_A: 0.275 G_A: 0.455 cycle_A: 1.569 idt_A: 0.614 D_B: 0.217 G_B: 0.371 cycle_B: 0.693 idt_B: 0.399 
End of epoch 27 / 400 	 Time Taken: 45 sec
learning rate 0.0002000 -> 0.0002000
(epoch: 28, iters: 384, time: 0.108, data: 0.012) D_A: 0.291 G_A: 0.608 cycle_A: 1.499 idt_A: 0.831 D_B: 0.190 G_B: 0.337 cycle_B: 0.977 idt_B: 0.407 
End of epoch 28 / 400 	 Time Taken: 45 sec
learning rate 0.0002000 -> 0.0002000
(epoch: 29, iters: 576, time: 0.117, data: 0.013) D_A: 0.210 G_A: 0.352 cycle_A: 1.321 idt_A: 0.487 D_B: 0.268 G_B: 0.446 cycle_B: 0.587 idt_B: 0.418 
End of epoch 29 / 400 	 Time Taken: 46 sec
learning rate 0.0002000 -> 0.0002000
saving the model at the end of epoch 30, iters 18240
End of epoch 30 / 400 	 Time Taken: 44 sec
learning rate 0.0002000 -> 0.0002000
(epoch: 31, iters: 160, time: 0.114, data: 0.015) D_A: 0.207 G_A: 0.427 cycle_A: 1.563 idt_A: 1.167 D_B: 0.198 G_B: 0.423 cycle_B: 1.174 idt_B: 0.374 
End of epoch 31 / 400 	 Time Taken: 45 sec
learning rate 0.0002000 -> 0.0002000
(epoch: 32, iters: 352, time: 0.112, data: 0.016) D_A: 0.255 G_A: 0.462 cycle_A: 1.799 idt_A: 0.588 D_B: 0.224 G_B: 0.285 cycle_B: 0.924 idt_B: 0.520 
End of epoch 32 / 400 	 Time Taken: 46 sec
learning rate 0.0002000 -> 0.0002000
(epoch: 33, iters: 544, time: 0.108, data: 0.010) D_A: 0.229 G_A: 0.555 cycle_A: 1.340 idt_A: 0.561 D_B: 0.185 G_B: 0.353 cycle_B: 0.677 idt_B: 0.306 
End of epoch 33 / 400 	 Time Taken: 45 sec
learning rate 0.0002000 -> 0.0002000
End of epoch 34 / 400 	 Time Taken: 44 sec
learning rate 0.0002000 -> 0.0002000
(epoch: 35, iters: 128, time: 0.108, data: 0.012) D_A: 0.362 G_A: 0.604 cycle_A: 2.142 idt_A: 0.671 D_B: 0.230 G_B: 0.402 cycle_B: 0.824 idt_B: 0.469 
saving the model at the end of epoch 35, iters 21280
End of epoch 35 / 400 	 Time Taken: 46 sec
learning rate 0.0002000 -> 0.0002000
(epoch: 36, iters: 320, time: 0.115, data: 0.013) D_A: 0.207 G_A: 0.374 cycle_A: 1.349 idt_A: 0.653 D_B: 0.243 G_B: 0.309 cycle_B: 0.739 idt_B: 0.379 
End of epoch 36 / 400 	 Time Taken: 45 sec
learning rate 0.0002000 -> 0.0002000
(epoch: 37, iters: 512, time: 0.117, data: 0.015) D_A: 0.231 G_A: 0.347 cycle_A: 1.375 idt_A: 0.561 D_B: 0.220 G_B: 0.361 cycle_B: 0.700 idt_B: 0.330 
End of epoch 37 / 400 	 Time Taken: 46 sec
learning rate 0.0002000 -> 0.0002000
End of epoch 38 / 400 	 Time Taken: 44 sec
learning rate 0.0002000 -> 0.0002000
(epoch: 39, iters: 96, time: 0.114, data: 0.014) D_A: 0.211 G_A: 0.380 cycle_A: 1.281 idt_A: 0.705 D_B: 0.301 G_B: 0.497 cycle_B: 0.806 idt_B: 0.398 
End of epoch 39 / 400 	 Time Taken: 46 sec
learning rate 0.0002000 -> 0.0002000
(epoch: 40, iters: 288, time: 0.118, data: 0.015) D_A: 0.190 G_A: 0.395 cycle_A: 1.234 idt_A: 0.626 D_B: 0.211 G_B: 0.310 cycle_B: 0.678 idt_B: 0.340 
saving the model at the end of epoch 40, iters 24320
End of epoch 40 / 400 	 Time Taken: 46 sec
learning rate 0.0002000 -> 0.0002000
(epoch: 41, iters: 480, time: 0.114, data: 0.015) D_A: 0.218 G_A: 0.401 cycle_A: 1.396 idt_A: 0.622 D_B: 0.252 G_B: 0.362 cycle_B: 0.764 idt_B: 0.439 
End of epoch 41 / 400 	 Time Taken: 46 sec
learning rate 0.0002000 -> 0.0002000
End of epoch 42 / 400 	 Time Taken: 44 sec
learning rate 0.0002000 -> 0.0002000
(epoch: 43, iters: 64, time: 0.119, data: 0.013) D_A: 0.220 G_A: 0.296 cycle_A: 1.911 idt_A: 1.006 D_B: 0.229 G_B: 0.481 cycle_B: 1.122 idt_B: 0.432 
End of epoch 43 / 400 	 Time Taken: 45 sec
learning rate 0.0002000 -> 0.0002000
(epoch: 44, iters: 256, time: 0.121, data: 0.012) D_A: 0.204 G_A: 0.481 cycle_A: 1.491 idt_A: 0.627 D_B: 0.192 G_B: 0.344 cycle_B: 0.777 idt_B: 0.400 
End of epoch 44 / 400 	 Time Taken: 46 sec
learning rate 0.0002000 -> 0.0002000
(epoch: 45, iters: 448, time: 0.120, data: 0.010) D_A: 0.225 G_A: 0.649 cycle_A: 1.375 idt_A: 0.541 D_B: 0.274 G_B: 0.266 cycle_B: 0.578 idt_B: 0.376 
saving the model at the end of epoch 45, iters 27360
End of epoch 45 / 400 	 Time Taken: 46 sec
learning rate 0.0002000 -> 0.0002000
End of epoch 46 / 400 	 Time Taken: 44 sec
learning rate 0.0002000 -> 0.0002000
(epoch: 47, iters: 32, time: 0.123, data: 0.014) D_A: 0.186 G_A: 0.414 cycle_A: 1.751 idt_A: 0.579 D_B: 0.180 G_B: 0.358 cycle_B: 0.701 idt_B: 0.429 
End of epoch 47 / 400 	 Time Taken: 46 sec
learning rate 0.0002000 -> 0.0002000
(epoch: 48, iters: 224, time: 0.109, data: 0.016) D_A: 0.223 G_A: 0.448 cycle_A: 1.780 idt_A: 0.549 D_B: 0.233 G_B: 0.469 cycle_B: 0.644 idt_B: 0.453 
End of epoch 48 / 400 	 Time Taken: 46 sec
learning rate 0.0002000 -> 0.0002000
(epoch: 49, iters: 416, time: 0.114, data: 0.019) D_A: 0.175 G_A: 0.436 cycle_A: 2.669 idt_A: 0.745 D_B: 0.225 G_B: 0.475 cycle_B: 1.233 idt_B: 0.413 
End of epoch 49 / 400 	 Time Taken: 45 sec
learning rate 0.0002000 -> 0.0002000
(epoch: 50, iters: 608, time: 0.111, data: 0.011) D_A: 0.304 G_A: 0.456 cycle_A: 1.677 idt_A: 0.594 D_B: 0.223 G_B: 0.417 cycle_B: 0.788 idt_B: 0.385 
saving the model at the end of epoch 50, iters 30400
End of epoch 50 / 400 	 Time Taken: 46 sec
learning rate 0.0002000 -> 0.0002000
End of epoch 51 / 400 	 Time Taken: 44 sec
learning rate 0.0002000 -> 0.0002000
(epoch: 52, iters: 192, time: 0.118, data: 0.852) D_A: 0.202 G_A: 0.332 cycle_A: 1.355 idt_A: 0.493 D_B: 0.351 G_B: 0.539 cycle_B: 0.697 idt_B: 0.317 
End of epoch 52 / 400 	 Time Taken: 46 sec
learning rate 0.0002000 -> 0.0002000
(epoch: 53, iters: 384, time: 0.115, data: 0.010) D_A: 0.187 G_A: 0.473 cycle_A: 1.501 idt_A: 0.460 D_B: 0.194 G_B: 0.378 cycle_B: 0.574 idt_B: 0.313 
End of epoch 53 / 400 	 Time Taken: 45 sec
learning rate 0.0002000 -> 0.0002000
(epoch: 54, iters: 576, time: 0.115, data: 0.015) D_A: 0.184 G_A: 0.521 cycle_A: 1.171 idt_A: 0.525 D_B: 0.197 G_B: 0.358 cycle_B: 0.584 idt_B: 0.309 
End of epoch 54 / 400 	 Time Taken: 45 sec
learning rate 0.0002000 -> 0.0002000
saving the model at the end of epoch 55, iters 33440
End of epoch 55 / 400 	 Time Taken: 45 sec
learning rate 0.0002000 -> 0.0002000
(epoch: 56, iters: 160, time: 0.116, data: 0.013) D_A: 0.182 G_A: 0.476 cycle_A: 1.780 idt_A: 0.612 D_B: 0.175 G_B: 0.534 cycle_B: 0.787 idt_B: 0.431 
End of epoch 56 / 400 	 Time Taken: 47 sec
learning rate 0.0002000 -> 0.0002000
(epoch: 57, iters: 352, time: 0.124, data: 0.012) D_A: 0.335 G_A: 0.428 cycle_A: 1.212 idt_A: 0.526 D_B: 0.227 G_B: 0.414 cycle_B: 0.608 idt_B: 0.318 
End of epoch 57 / 400 	 Time Taken: 48 sec
learning rate 0.0002000 -> 0.0002000
(epoch: 58, iters: 544, time: 0.121, data: 0.015) D_A: 0.180 G_A: 0.398 cycle_A: 1.708 idt_A: 0.495 D_B: 0.192 G_B: 0.413 cycle_B: 0.692 idt_B: 0.429 
End of epoch 58 / 400 	 Time Taken: 48 sec
learning rate 0.0002000 -> 0.0002000
End of epoch 59 / 400 	 Time Taken: 45 sec
learning rate 0.0002000 -> 0.0002000
(epoch: 60, iters: 128, time: 0.131, data: 0.012) D_A: 0.212 G_A: 0.275 cycle_A: 1.483 idt_A: 0.624 D_B: 0.245 G_B: 0.443 cycle_B: 0.668 idt_B: 0.402 
saving the model at the end of epoch 60, iters 36480
End of epoch 60 / 400 	 Time Taken: 48 sec
learning rate 0.0002000 -> 0.0002000
(epoch: 61, iters: 320, time: 0.120, data: 0.014) D_A: 0.316 G_A: 0.702 cycle_A: 1.548 idt_A: 0.600 D_B: 0.214 G_B: 0.446 cycle_B: 0.863 idt_B: 0.375 
End of epoch 61 / 400 	 Time Taken: 47 sec
learning rate 0.0002000 -> 0.0002000
(epoch: 62, iters: 512, time: 0.117, data: 0.017) D_A: 0.216 G_A: 0.373 cycle_A: 1.946 idt_A: 0.450 D_B: 0.203 G_B: 0.285 cycle_B: 0.646 idt_B: 0.420 
End of epoch 62 / 400 	 Time Taken: 47 sec
learning rate 0.0002000 -> 0.0002000
End of epoch 63 / 400 	 Time Taken: 46 sec
learning rate 0.0002000 -> 0.0002000
(epoch: 64, iters: 96, time: 0.121, data: 0.013) D_A: 0.169 G_A: 0.634 cycle_A: 1.737 idt_A: 0.582 D_B: 0.225 G_B: 0.435 cycle_B: 0.933 idt_B: 0.366 
End of epoch 64 / 400 	 Time Taken: 46 sec
learning rate 0.0002000 -> 0.0002000
(epoch: 65, iters: 288, time: 0.123, data: 0.013) D_A: 0.191 G_A: 0.385 cycle_A: 1.387 idt_A: 0.514 D_B: 0.184 G_B: 0.379 cycle_B: 0.751 idt_B: 0.372 
saving the model at the end of epoch 65, iters 39520
End of epoch 65 / 400 	 Time Taken: 46 sec
learning rate 0.0002000 -> 0.0002000
(epoch: 66, iters: 480, time: 0.119, data: 0.010) D_A: 0.196 G_A: 0.339 cycle_A: 1.219 idt_A: 0.491 D_B: 0.187 G_B: 0.399 cycle_B: 0.599 idt_B: 0.355 
End of epoch 66 / 400 	 Time Taken: 46 sec
learning rate 0.0002000 -> 0.0002000
End of epoch 67 / 400 	 Time Taken: 44 sec
learning rate 0.0002000 -> 0.0002000
(epoch: 68, iters: 64, time: 0.114, data: 0.013) D_A: 0.229 G_A: 0.525 cycle_A: 1.124 idt_A: 0.517 D_B: 0.213 G_B: 0.483 cycle_B: 0.627 idt_B: 0.359 
End of epoch 68 / 400 	 Time Taken: 46 sec
learning rate 0.0002000 -> 0.0002000
(epoch: 69, iters: 256, time: 0.116, data: 0.017) D_A: 0.184 G_A: 0.397 cycle_A: 1.354 idt_A: 0.577 D_B: 0.218 G_B: 0.329 cycle_B: 0.737 idt_B: 0.306 
End of epoch 69 / 400 	 Time Taken: 46 sec
learning rate 0.0002000 -> 0.0002000
(epoch: 70, iters: 448, time: 0.127, data: 0.013) D_A: 0.229 G_A: 0.500 cycle_A: 1.115 idt_A: 0.428 D_B: 0.194 G_B: 0.363 cycle_B: 0.561 idt_B: 0.309 
saving the model at the end of epoch 70, iters 42560
End of epoch 70 / 400 	 Time Taken: 48 sec
learning rate 0.0002000 -> 0.0002000
End of epoch 71 / 400 	 Time Taken: 45 sec
learning rate 0.0002000 -> 0.0002000
(epoch: 72, iters: 32, time: 0.127, data: 0.015) D_A: 0.212 G_A: 0.401 cycle_A: 1.148 idt_A: 0.434 D_B: 0.189 G_B: 0.339 cycle_B: 0.554 idt_B: 0.272 
End of epoch 72 / 400 	 Time Taken: 47 sec
learning rate 0.0002000 -> 0.0002000
(epoch: 73, iters: 224, time: 0.126, data: 0.012) D_A: 0.192 G_A: 0.390 cycle_A: 1.370 idt_A: 0.410 D_B: 0.217 G_B: 0.482 cycle_B: 0.552 idt_B: 0.306 
End of epoch 73 / 400 	 Time Taken: 48 sec
learning rate 0.0002000 -> 0.0002000
(epoch: 74, iters: 416, time: 0.128, data: 0.012) D_A: 0.197 G_A: 0.382 cycle_A: 1.308 idt_A: 0.496 D_B: 0.209 G_B: 0.361 cycle_B: 0.624 idt_B: 0.310 
End of epoch 74 / 400 	 Time Taken: 49 sec
learning rate 0.0002000 -> 0.0002000
(epoch: 75, iters: 608, time: 0.110, data: 0.013) D_A: 0.187 G_A: 0.330 cycle_A: 1.549 idt_A: 0.626 D_B: 0.174 G_B: 0.455 cycle_B: 0.751 idt_B: 0.393 
saving the model at the end of epoch 75, iters 45600
End of epoch 75 / 400 	 Time Taken: 46 sec
learning rate 0.0002000 -> 0.0002000
End of epoch 76 / 400 	 Time Taken: 45 sec
learning rate 0.0002000 -> 0.0002000
(epoch: 77, iters: 192, time: 0.127, data: 0.828) D_A: 0.252 G_A: 0.622 cycle_A: 1.274 idt_A: 0.415 D_B: 0.247 G_B: 0.263 cycle_B: 0.569 idt_B: 0.279 
End of epoch 77 / 400 	 Time Taken: 46 sec
learning rate 0.0002000 -> 0.0002000
(epoch: 78, iters: 384, time: 0.129, data: 0.012) D_A: 0.196 G_A: 0.432 cycle_A: 1.201 idt_A: 0.553 D_B: 0.207 G_B: 0.314 cycle_B: 0.707 idt_B: 0.256 
End of epoch 78 / 400 	 Time Taken: 47 sec
learning rate 0.0002000 -> 0.0002000
(epoch: 79, iters: 576, time: 0.114, data: 0.012) D_A: 0.206 G_A: 0.358 cycle_A: 0.952 idt_A: 0.417 D_B: 0.256 G_B: 0.284 cycle_B: 0.528 idt_B: 0.228 
End of epoch 79 / 400 	 Time Taken: 46 sec
learning rate 0.0002000 -> 0.0002000
saving the model at the end of epoch 80, iters 48640
End of epoch 80 / 400 	 Time Taken: 44 sec
learning rate 0.0002000 -> 0.0002000
(epoch: 81, iters: 160, time: 0.120, data: 0.011) D_A: 0.175 G_A: 0.479 cycle_A: 1.207 idt_A: 0.514 D_B: 0.162 G_B: 0.409 cycle_B: 0.654 idt_B: 0.334 
End of epoch 81 / 400 	 Time Taken: 46 sec
learning rate 0.0002000 -> 0.0002000
(epoch: 82, iters: 352, time: 0.117, data: 0.013) D_A: 0.165 G_A: 0.424 cycle_A: 1.155 idt_A: 0.388 D_B: 0.206 G_B: 0.428 cycle_B: 0.496 idt_B: 0.284 
End of epoch 82 / 400 	 Time Taken: 47 sec
learning rate 0.0002000 -> 0.0002000
(epoch: 83, iters: 544, time: 0.126, data: 0.013) D_A: 0.200 G_A: 0.309 cycle_A: 1.204 idt_A: 0.521 D_B: 0.195 G_B: 0.476 cycle_B: 0.534 idt_B: 0.310 
End of epoch 83 / 400 	 Time Taken: 48 sec
learning rate 0.0002000 -> 0.0002000
End of epoch 84 / 400 	 Time Taken: 46 sec
learning rate 0.0002000 -> 0.0002000
(epoch: 85, iters: 128, time: 0.129, data: 0.011) D_A: 0.181 G_A: 0.332 cycle_A: 1.606 idt_A: 0.439 D_B: 0.197 G_B: 0.499 cycle_B: 0.472 idt_B: 0.268 
saving the model at the end of epoch 85, iters 51680
End of epoch 85 / 400 	 Time Taken: 47 sec
learning rate 0.0002000 -> 0.0002000
(epoch: 86, iters: 320, time: 0.121, data: 0.012) D_A: 0.176 G_A: 0.471 cycle_A: 1.242 idt_A: 0.543 D_B: 0.193 G_B: 0.428 cycle_B: 0.626 idt_B: 0.317 
End of epoch 86 / 400 	 Time Taken: 47 sec
learning rate 0.0002000 -> 0.0002000
(epoch: 87, iters: 512, time: 0.121, data: 0.017) D_A: 0.176 G_A: 0.385 cycle_A: 1.420 idt_A: 0.513 D_B: 0.217 G_B: 0.513 cycle_B: 0.694 idt_B: 0.311 
End of epoch 87 / 400 	 Time Taken: 47 sec
learning rate 0.0002000 -> 0.0002000
End of epoch 88 / 400 	 Time Taken: 45 sec
learning rate 0.0002000 -> 0.0002000
(epoch: 89, iters: 96, time: 0.117, data: 0.014) D_A: 0.190 G_A: 0.532 cycle_A: 1.272 idt_A: 0.513 D_B: 0.273 G_B: 0.343 cycle_B: 0.732 idt_B: 0.292 
End of epoch 89 / 400 	 Time Taken: 47 sec
learning rate 0.0002000 -> 0.0002000
(epoch: 90, iters: 288, time: 0.123, data: 0.010) D_A: 0.228 G_A: 0.667 cycle_A: 1.074 idt_A: 0.518 D_B: 0.202 G_B: 0.353 cycle_B: 0.643 idt_B: 0.268 
saving the model at the end of epoch 90, iters 54720
End of epoch 90 / 400 	 Time Taken: 46 sec
learning rate 0.0002000 -> 0.0002000
(epoch: 91, iters: 480, time: 0.118, data: 0.013) D_A: 0.225 G_A: 0.395 cycle_A: 1.265 idt_A: 0.463 D_B: 0.190 G_B: 0.295 cycle_B: 0.550 idt_B: 0.311 
End of epoch 91 / 400 	 Time Taken: 46 sec
learning rate 0.0002000 -> 0.0002000
End of epoch 92 / 400 	 Time Taken: 44 sec
learning rate 0.0002000 -> 0.0002000
(epoch: 93, iters: 64, time: 0.125, data: 0.012) D_A: 0.189 G_A: 0.361 cycle_A: 1.203 idt_A: 0.476 D_B: 0.203 G_B: 0.328 cycle_B: 0.489 idt_B: 0.335 
End of epoch 93 / 400 	 Time Taken: 47 sec
learning rate 0.0002000 -> 0.0002000
(epoch: 94, iters: 256, time: 0.134, data: 0.014) D_A: 0.318 G_A: 0.699 cycle_A: 1.329 idt_A: 0.548 D_B: 0.228 G_B: 0.289 cycle_B: 0.566 idt_B: 0.340 
End of epoch 94 / 400 	 Time Taken: 46 sec
learning rate 0.0002000 -> 0.0002000
(epoch: 95, iters: 448, time: 0.124, data: 0.010) D_A: 0.193 G_A: 0.330 cycle_A: 0.965 idt_A: 0.431 D_B: 0.216 G_B: 0.600 cycle_B: 0.543 idt_B: 0.283 
saving the model at the end of epoch 95, iters 57760
End of epoch 95 / 400 	 Time Taken: 46 sec
learning rate 0.0002000 -> 0.0002000
End of epoch 96 / 400 	 Time Taken: 44 sec
learning rate 0.0002000 -> 0.0002000
(epoch: 97, iters: 32, time: 0.123, data: 0.015) D_A: 0.194 G_A: 0.298 cycle_A: 1.164 idt_A: 0.467 D_B: 0.200 G_B: 0.334 cycle_B: 0.628 idt_B: 0.321 
End of epoch 97 / 400 	 Time Taken: 45 sec
learning rate 0.0002000 -> 0.0002000
(epoch: 98, iters: 224, time: 0.118, data: 0.012) D_A: 0.156 G_A: 0.429 cycle_A: 1.574 idt_A: 0.385 D_B: 0.166 G_B: 0.602 cycle_B: 0.559 idt_B: 0.308 
End of epoch 98 / 400 	 Time Taken: 46 sec
learning rate 0.0002000 -> 0.0002000
(epoch: 99, iters: 416, time: 0.125, data: 0.015) D_A: 0.175 G_A: 0.431 cycle_A: 1.276 idt_A: 0.392 D_B: 0.179 G_B: 0.542 cycle_B: 0.552 idt_B: 0.280 
End of epoch 99 / 400 	 Time Taken: 46 sec
learning rate 0.0002000 -> 0.0001993
(epoch: 100, iters: 608, time: 0.118, data: 0.010) D_A: 0.216 G_A: 0.348 cycle_A: 1.701 idt_A: 0.449 D_B: 0.202 G_B: 0.474 cycle_B: 0.596 idt_B: 0.493 
saving the model at the end of epoch 100, iters 60800
End of epoch 100 / 400 	 Time Taken: 46 sec
learning rate 0.0001993 -> 0.0001987
End of epoch 101 / 400 	 Time Taken: 44 sec
learning rate 0.0001987 -> 0.0001980
(epoch: 102, iters: 192, time: 0.129, data: 0.845) D_A: 0.178 G_A: 0.447 cycle_A: 1.228 idt_A: 0.394 D_B: 0.202 G_B: 0.384 cycle_B: 0.548 idt_B: 0.300 
End of epoch 102 / 400 	 Time Taken: 46 sec
learning rate 0.0001980 -> 0.0001973
(epoch: 103, iters: 384, time: 0.127, data: 0.015) D_A: 0.186 G_A: 0.431 cycle_A: 1.738 idt_A: 0.541 D_B: 0.187 G_B: 0.401 cycle_B: 0.845 idt_B: 0.339 
End of epoch 103 / 400 	 Time Taken: 46 sec
learning rate 0.0001973 -> 0.0001967
(epoch: 104, iters: 576, time: 0.126, data: 0.013) D_A: 0.195 G_A: 0.434 cycle_A: 1.151 idt_A: 0.360 D_B: 0.194 G_B: 0.604 cycle_B: 0.417 idt_B: 0.306 
End of epoch 104 / 400 	 Time Taken: 46 sec
learning rate 0.0001967 -> 0.0001960
saving the model at the end of epoch 105, iters 63840
End of epoch 105 / 400 	 Time Taken: 46 sec
learning rate 0.0001960 -> 0.0001953
(epoch: 106, iters: 160, time: 0.273, data: 0.013) D_A: 0.158 G_A: 0.509 cycle_A: 1.730 idt_A: 0.380 D_B: 0.173 G_B: 0.437 cycle_B: 0.458 idt_B: 0.412 
End of epoch 106 / 400 	 Time Taken: 52 sec
learning rate 0.0001953 -> 0.0001947
(epoch: 107, iters: 352, time: 0.121, data: 0.015) D_A: 0.201 G_A: 0.407 cycle_A: 1.626 idt_A: 0.685 D_B: 0.283 G_B: 0.343 cycle_B: 0.943 idt_B: 0.275 
End of epoch 107 / 400 	 Time Taken: 49 sec
learning rate 0.0001947 -> 0.0001940
(epoch: 108, iters: 544, time: 0.118, data: 0.015) D_A: 0.208 G_A: 0.523 cycle_A: 1.110 idt_A: 0.484 D_B: 0.215 G_B: 0.309 cycle_B: 0.548 idt_B: 0.312 
End of epoch 108 / 400 	 Time Taken: 46 sec
learning rate 0.0001940 -> 0.0001934
End of epoch 109 / 400 	 Time Taken: 44 sec
learning rate 0.0001934 -> 0.0001927
(epoch: 110, iters: 128, time: 0.127, data: 0.009) D_A: 0.185 G_A: 0.453 cycle_A: 1.353 idt_A: 0.493 D_B: 0.220 G_B: 0.281 cycle_B: 0.753 idt_B: 0.289 
saving the model at the end of epoch 110, iters 66880
End of epoch 110 / 400 	 Time Taken: 46 sec
learning rate 0.0001927 -> 0.0001920
(epoch: 111, iters: 320, time: 0.124, data: 0.010) D_A: 0.201 G_A: 0.437 cycle_A: 1.206 idt_A: 0.472 D_B: 0.197 G_B: 0.471 cycle_B: 0.549 idt_B: 0.223 
End of epoch 111 / 400 	 Time Taken: 46 sec
learning rate 0.0001920 -> 0.0001914
(epoch: 112, iters: 512, time: 0.122, data: 0.010) D_A: 0.182 G_A: 0.424 cycle_A: 1.126 idt_A: 0.499 D_B: 0.224 G_B: 0.470 cycle_B: 0.534 idt_B: 0.313 
End of epoch 112 / 400 	 Time Taken: 44 sec
learning rate 0.0001914 -> 0.0001907
End of epoch 113 / 400 	 Time Taken: 41 sec
learning rate 0.0001907 -> 0.0001900
(epoch: 114, iters: 96, time: 0.119, data: 0.013) D_A: 0.221 G_A: 0.577 cycle_A: 1.064 idt_A: 0.398 D_B: 0.233 G_B: 0.310 cycle_B: 0.525 idt_B: 0.268 
End of epoch 114 / 400 	 Time Taken: 44 sec
learning rate 0.0001900 -> 0.0001894
(epoch: 115, iters: 288, time: 0.120, data: 0.012) D_A: 0.168 G_A: 0.470 cycle_A: 1.088 idt_A: 0.430 D_B: 0.181 G_B: 0.563 cycle_B: 0.537 idt_B: 0.236 
saving the model at the end of epoch 115, iters 69920
End of epoch 115 / 400 	 Time Taken: 45 sec
learning rate 0.0001894 -> 0.0001887
(epoch: 116, iters: 480, time: 0.126, data: 0.011) D_A: 0.156 G_A: 0.428 cycle_A: 1.810 idt_A: 0.380 D_B: 0.243 G_B: 0.539 cycle_B: 0.530 idt_B: 0.330 
End of epoch 116 / 400 	 Time Taken: 45 sec
learning rate 0.0001887 -> 0.0001880
End of epoch 117 / 400 	 Time Taken: 42 sec
learning rate 0.0001880 -> 0.0001874
(epoch: 118, iters: 64, time: 0.125, data: 0.017) D_A: 0.168 G_A: 0.446 cycle_A: 0.972 idt_A: 0.416 D_B: 0.168 G_B: 0.368 cycle_B: 0.484 idt_B: 0.262 
End of epoch 118 / 400 	 Time Taken: 44 sec
learning rate 0.0001874 -> 0.0001867
(epoch: 119, iters: 256, time: 0.122, data: 0.014) D_A: 0.174 G_A: 0.478 cycle_A: 1.117 idt_A: 0.420 D_B: 0.152 G_B: 0.391 cycle_B: 0.635 idt_B: 0.248 
End of epoch 119 / 400 	 Time Taken: 44 sec
learning rate 0.0001867 -> 0.0001860
(epoch: 120, iters: 448, time: 0.125, data: 0.012) D_A: 0.198 G_A: 0.456 cycle_A: 1.183 idt_A: 0.545 D_B: 0.221 G_B: 0.400 cycle_B: 0.647 idt_B: 0.264 
saving the model at the end of epoch 120, iters 72960
End of epoch 120 / 400 	 Time Taken: 45 sec
learning rate 0.0001860 -> 0.0001854
End of epoch 121 / 400 	 Time Taken: 42 sec
learning rate 0.0001854 -> 0.0001847
(epoch: 122, iters: 32, time: 0.129, data: 0.014) D_A: 0.153 G_A: 0.423 cycle_A: 1.035 idt_A: 0.355 D_B: 0.188 G_B: 0.426 cycle_B: 0.551 idt_B: 0.300 
End of epoch 122 / 400 	 Time Taken: 43 sec
learning rate 0.0001847 -> 0.0001841
(epoch: 123, iters: 224, time: 0.125, data: 0.015) D_A: 0.175 G_A: 0.470 cycle_A: 1.326 idt_A: 0.496 D_B: 0.187 G_B: 0.457 cycle_B: 0.698 idt_B: 0.311 
End of epoch 123 / 400 	 Time Taken: 43 sec
learning rate 0.0001841 -> 0.0001834
(epoch: 124, iters: 416, time: 0.121, data: 0.011) D_A: 0.196 G_A: 0.407 cycle_A: 0.841 idt_A: 0.381 D_B: 0.167 G_B: 0.396 cycle_B: 0.433 idt_B: 0.214 
End of epoch 124 / 400 	 Time Taken: 43 sec
learning rate 0.0001834 -> 0.0001827
(epoch: 125, iters: 608, time: 0.115, data: 0.012) D_A: 0.164 G_A: 0.478 cycle_A: 1.242 idt_A: 0.380 D_B: 0.219 G_B: 0.559 cycle_B: 0.572 idt_B: 0.330 
saving the model at the end of epoch 125, iters 76000
End of epoch 125 / 400 	 Time Taken: 44 sec
learning rate 0.0001827 -> 0.0001821
End of epoch 126 / 400 	 Time Taken: 41 sec
learning rate 0.0001821 -> 0.0001814
(epoch: 127, iters: 192, time: 0.124, data: 0.850) D_A: 0.231 G_A: 0.723 cycle_A: 1.359 idt_A: 0.411 D_B: 0.180 G_B: 0.483 cycle_B: 0.588 idt_B: 0.355 
End of epoch 127 / 400 	 Time Taken: 43 sec
learning rate 0.0001814 -> 0.0001807
(epoch: 128, iters: 384, time: 0.119, data: 0.011) D_A: 0.184 G_A: 0.641 cycle_A: 1.132 idt_A: 0.439 D_B: 0.188 G_B: 0.421 cycle_B: 0.767 idt_B: 0.245 
End of epoch 128 / 400 	 Time Taken: 43 sec
learning rate 0.0001807 -> 0.0001801
(epoch: 129, iters: 576, time: 0.116, data: 0.011) D_A: 0.180 G_A: 0.316 cycle_A: 1.425 idt_A: 0.501 D_B: 0.203 G_B: 0.445 cycle_B: 0.729 idt_B: 0.259 
End of epoch 129 / 400 	 Time Taken: 43 sec
learning rate 0.0001801 -> 0.0001794
saving the model at the end of epoch 130, iters 79040
End of epoch 130 / 400 	 Time Taken: 41 sec
learning rate 0.0001794 -> 0.0001787
(epoch: 131, iters: 160, time: 0.121, data: 0.014) D_A: 0.236 G_A: 0.316 cycle_A: 0.863 idt_A: 0.430 D_B: 0.201 G_B: 0.563 cycle_B: 0.522 idt_B: 0.199 
End of epoch 131 / 400 	 Time Taken: 44 sec
learning rate 0.0001787 -> 0.0001781
(epoch: 132, iters: 352, time: 0.123, data: 0.014) D_A: 0.171 G_A: 0.531 cycle_A: 1.195 idt_A: 0.456 D_B: 0.212 G_B: 0.325 cycle_B: 0.690 idt_B: 0.251 
End of epoch 132 / 400 	 Time Taken: 43 sec
learning rate 0.0001781 -> 0.0001774
(epoch: 133, iters: 544, time: 0.126, data: 0.020) D_A: 0.170 G_A: 0.386 cycle_A: 0.928 idt_A: 0.328 D_B: 0.192 G_B: 0.482 cycle_B: 0.415 idt_B: 0.222 
End of epoch 133 / 400 	 Time Taken: 43 sec
learning rate 0.0001774 -> 0.0001767
End of epoch 134 / 400 	 Time Taken: 41 sec
learning rate 0.0001767 -> 0.0001761
(epoch: 135, iters: 128, time: 0.126, data: 0.010) D_A: 0.141 G_A: 0.487 cycle_A: 1.108 idt_A: 0.355 D_B: 0.204 G_B: 0.486 cycle_B: 0.478 idt_B: 0.293 
saving the model at the end of epoch 135, iters 82080
End of epoch 135 / 400 	 Time Taken: 43 sec
learning rate 0.0001761 -> 0.0001754
(epoch: 136, iters: 320, time: 0.125, data: 0.014) D_A: 0.201 G_A: 0.407 cycle_A: 1.713 idt_A: 0.375 D_B: 0.212 G_B: 0.471 cycle_B: 0.638 idt_B: 0.300 
End of epoch 136 / 400 	 Time Taken: 43 sec
learning rate 0.0001754 -> 0.0001748
(epoch: 137, iters: 512, time: 0.121, data: 0.011) D_A: 0.169 G_A: 0.674 cycle_A: 0.960 idt_A: 0.336 D_B: 0.192 G_B: 0.359 cycle_B: 0.438 idt_B: 0.240 
End of epoch 137 / 400 	 Time Taken: 43 sec
learning rate 0.0001748 -> 0.0001741
End of epoch 138 / 400 	 Time Taken: 41 sec
learning rate 0.0001741 -> 0.0001734
(epoch: 139, iters: 96, time: 0.122, data: 0.010) D_A: 0.165 G_A: 0.548 cycle_A: 0.890 idt_A: 0.333 D_B: 0.185 G_B: 0.377 cycle_B: 0.428 idt_B: 0.197 
End of epoch 139 / 400 	 Time Taken: 43 sec
learning rate 0.0001734 -> 0.0001728
(epoch: 140, iters: 288, time: 0.119, data: 0.014) D_A: 0.158 G_A: 0.532 cycle_A: 1.042 idt_A: 0.515 D_B: 0.169 G_B: 0.440 cycle_B: 0.550 idt_B: 0.204 
saving the model at the end of epoch 140, iters 85120
End of epoch 140 / 400 	 Time Taken: 43 sec
learning rate 0.0001728 -> 0.0001721
(epoch: 141, iters: 480, time: 0.119, data: 0.016) D_A: 0.187 G_A: 0.308 cycle_A: 1.515 idt_A: 0.361 D_B: 0.210 G_B: 0.508 cycle_B: 0.604 idt_B: 0.276 
End of epoch 141 / 400 	 Time Taken: 43 sec
learning rate 0.0001721 -> 0.0001714
End of epoch 142 / 400 	 Time Taken: 41 sec
learning rate 0.0001714 -> 0.0001708
(epoch: 143, iters: 64, time: 0.119, data: 0.014) D_A: 0.226 G_A: 0.686 cycle_A: 1.072 idt_A: 0.368 D_B: 0.243 G_B: 0.484 cycle_B: 0.471 idt_B: 0.258 
End of epoch 143 / 400 	 Time Taken: 43 sec
learning rate 0.0001708 -> 0.0001701
(epoch: 144, iters: 256, time: 0.128, data: 0.017) D_A: 0.169 G_A: 0.469 cycle_A: 0.858 idt_A: 0.305 D_B: 0.184 G_B: 0.383 cycle_B: 0.456 idt_B: 0.254 
End of epoch 144 / 400 	 Time Taken: 44 sec
learning rate 0.0001701 -> 0.0001694
(epoch: 145, iters: 448, time: 0.128, data: 0.014) D_A: 0.217 G_A: 0.356 cycle_A: 0.884 idt_A: 0.350 D_B: 0.186 G_B: 0.500 cycle_B: 0.424 idt_B: 0.238 
saving the model at the end of epoch 145, iters 88160
End of epoch 145 / 400 	 Time Taken: 44 sec
learning rate 0.0001694 -> 0.0001688
End of epoch 146 / 400 	 Time Taken: 42 sec
learning rate 0.0001688 -> 0.0001681
(epoch: 147, iters: 32, time: 0.127, data: 0.013) D_A: 0.156 G_A: 0.419 cycle_A: 0.983 idt_A: 0.506 D_B: 0.191 G_B: 0.249 cycle_B: 0.516 idt_B: 0.226 
End of epoch 147 / 400 	 Time Taken: 43 sec
learning rate 0.0001681 -> 0.0001674
(epoch: 148, iters: 224, time: 0.128, data: 0.015) D_A: 0.183 G_A: 0.346 cycle_A: 1.015 idt_A: 0.366 D_B: 0.233 G_B: 0.514 cycle_B: 0.589 idt_B: 0.210 
End of epoch 148 / 400 	 Time Taken: 43 sec
learning rate 0.0001674 -> 0.0001668
(epoch: 149, iters: 416, time: 0.127, data: 0.014) D_A: 0.176 G_A: 0.327 cycle_A: 0.802 idt_A: 0.293 D_B: 0.206 G_B: 0.448 cycle_B: 0.373 idt_B: 0.195 
End of epoch 149 / 400 	 Time Taken: 43 sec
learning rate 0.0001668 -> 0.0001661
(epoch: 150, iters: 608, time: 0.126, data: 0.013) D_A: 0.193 G_A: 0.817 cycle_A: 1.025 idt_A: 0.395 D_B: 0.183 G_B: 0.375 cycle_B: 0.602 idt_B: 0.239 
saving the model at the end of epoch 150, iters 91200
End of epoch 150 / 400 	 Time Taken: 43 sec
learning rate 0.0001661 -> 0.0001654
End of epoch 151 / 400 	 Time Taken: 41 sec
learning rate 0.0001654 -> 0.0001648
(epoch: 152, iters: 192, time: 0.125, data: 0.841) D_A: 0.217 G_A: 0.482 cycle_A: 1.076 idt_A: 0.506 D_B: 0.198 G_B: 0.385 cycle_B: 0.591 idt_B: 0.260 
End of epoch 152 / 400 	 Time Taken: 44 sec
learning rate 0.0001648 -> 0.0001641
(epoch: 153, iters: 384, time: 0.125, data: 0.014) D_A: 0.185 G_A: 0.519 cycle_A: 0.857 idt_A: 0.328 D_B: 0.220 G_B: 0.550 cycle_B: 0.439 idt_B: 0.225 
End of epoch 153 / 400 	 Time Taken: 43 sec
learning rate 0.0001641 -> 0.0001635
(epoch: 154, iters: 576, time: 0.129, data: 0.012) D_A: 0.162 G_A: 0.345 cycle_A: 0.859 idt_A: 0.346 D_B: 0.217 G_B: 0.456 cycle_B: 0.489 idt_B: 0.248 
End of epoch 154 / 400 	 Time Taken: 44 sec
learning rate 0.0001635 -> 0.0001628
saving the model at the end of epoch 155, iters 94240
End of epoch 155 / 400 	 Time Taken: 41 sec
learning rate 0.0001628 -> 0.0001621
(epoch: 156, iters: 160, time: 0.128, data: 0.015) D_A: 0.198 G_A: 0.492 cycle_A: 0.856 idt_A: 0.348 D_B: 0.226 G_B: 0.264 cycle_B: 0.477 idt_B: 0.245 
End of epoch 156 / 400 	 Time Taken: 44 sec
learning rate 0.0001621 -> 0.0001615
(epoch: 157, iters: 352, time: 0.126, data: 0.012) D_A: 0.186 G_A: 0.328 cycle_A: 1.319 idt_A: 0.338 D_B: 0.194 G_B: 0.514 cycle_B: 0.638 idt_B: 0.296 
End of epoch 157 / 400 	 Time Taken: 44 sec
learning rate 0.0001615 -> 0.0001608
(epoch: 158, iters: 544, time: 0.130, data: 0.021) D_A: 0.187 G_A: 0.541 cycle_A: 1.064 idt_A: 0.379 D_B: 0.185 G_B: 0.480 cycle_B: 0.505 idt_B: 0.244 
End of epoch 158 / 400 	 Time Taken: 44 sec
learning rate 0.0001608 -> 0.0001601
End of epoch 159 / 400 	 Time Taken: 41 sec
learning rate 0.0001601 -> 0.0001595
(epoch: 160, iters: 128, time: 0.127, data: 0.015) D_A: 0.234 G_A: 0.746 cycle_A: 1.217 idt_A: 0.396 D_B: 0.193 G_B: 0.343 cycle_B: 0.535 idt_B: 0.261 
saving the model at the end of epoch 160, iters 97280
End of epoch 160 / 400 	 Time Taken: 44 sec
learning rate 0.0001595 -> 0.0001588
(epoch: 161, iters: 320, time: 0.127, data: 0.011) D_A: 0.177 G_A: 0.353 cycle_A: 1.059 idt_A: 0.297 D_B: 0.203 G_B: 0.663 cycle_B: 0.448 idt_B: 0.299 
End of epoch 161 / 400 	 Time Taken: 43 sec
learning rate 0.0001588 -> 0.0001581
(epoch: 162, iters: 512, time: 0.122, data: 0.012) D_A: 0.157 G_A: 0.437 cycle_A: 0.973 idt_A: 0.274 D_B: 0.192 G_B: 0.579 cycle_B: 0.381 idt_B: 0.279 
End of epoch 162 / 400 	 Time Taken: 43 sec
learning rate 0.0001581 -> 0.0001575
End of epoch 163 / 400 	 Time Taken: 41 sec
learning rate 0.0001575 -> 0.0001568
(epoch: 164, iters: 96, time: 0.127, data: 0.014) D_A: 0.203 G_A: 0.446 cycle_A: 1.083 idt_A: 0.451 D_B: 0.163 G_B: 0.406 cycle_B: 0.615 idt_B: 0.195 
End of epoch 164 / 400 	 Time Taken: 44 sec
learning rate 0.0001568 -> 0.0001561
(epoch: 165, iters: 288, time: 0.130, data: 0.015) D_A: 0.228 G_A: 0.477 cycle_A: 0.966 idt_A: 0.345 D_B: 0.228 G_B: 0.559 cycle_B: 0.452 idt_B: 0.269 
saving the model at the end of epoch 165, iters 100320
End of epoch 165 / 400 	 Time Taken: 45 sec
learning rate 0.0001561 -> 0.0001555
(epoch: 166, iters: 480, time: 0.140, data: 0.015) D_A: 0.182 G_A: 0.569 cycle_A: 0.962 idt_A: 0.329 D_B: 0.186 G_B: 0.474 cycle_B: 0.535 idt_B: 0.226 
End of epoch 166 / 400 	 Time Taken: 46 sec
learning rate 0.0001555 -> 0.0001548
End of epoch 167 / 400 	 Time Taken: 45 sec
learning rate 0.0001548 -> 0.0001542
(epoch: 168, iters: 64, time: 0.127, data: 0.010) D_A: 0.267 G_A: 0.419 cycle_A: 0.907 idt_A: 0.367 D_B: 0.281 G_B: 0.663 cycle_B: 0.465 idt_B: 0.207 
End of epoch 168 / 400 	 Time Taken: 45 sec
learning rate 0.0001542 -> 0.0001535
(epoch: 169, iters: 256, time: 0.127, data: 0.014) D_A: 0.198 G_A: 0.351 cycle_A: 0.985 idt_A: 0.367 D_B: 0.219 G_B: 0.634 cycle_B: 0.429 idt_B: 0.247 
End of epoch 169 / 400 	 Time Taken: 45 sec
learning rate 0.0001535 -> 0.0001528
(epoch: 170, iters: 448, time: 0.131, data: 0.012) D_A: 0.123 G_A: 0.538 cycle_A: 0.875 idt_A: 0.321 D_B: 0.178 G_B: 0.755 cycle_B: 0.419 idt_B: 0.229 
saving the model at the end of epoch 170, iters 103360
End of epoch 170 / 400 	 Time Taken: 46 sec
learning rate 0.0001528 -> 0.0001522
End of epoch 171 / 400 	 Time Taken: 43 sec
learning rate 0.0001522 -> 0.0001515
(epoch: 172, iters: 32, time: 0.135, data: 0.017) D_A: 0.139 G_A: 0.495 cycle_A: 0.843 idt_A: 0.264 D_B: 0.161 G_B: 0.500 cycle_B: 0.381 idt_B: 0.245 
End of epoch 172 / 400 	 Time Taken: 46 sec
learning rate 0.0001515 -> 0.0001508
(epoch: 173, iters: 224, time: 0.129, data: 0.013) D_A: 0.134 G_A: 0.476 cycle_A: 1.017 idt_A: 0.369 D_B: 0.161 G_B: 0.495 cycle_B: 0.491 idt_B: 0.218 
End of epoch 173 / 400 	 Time Taken: 46 sec
learning rate 0.0001508 -> 0.0001502
(epoch: 174, iters: 416, time: 0.130, data: 0.011) D_A: 0.378 G_A: 0.822 cycle_A: 1.052 idt_A: 0.351 D_B: 0.206 G_B: 0.330 cycle_B: 0.496 idt_B: 0.240 
End of epoch 174 / 400 	 Time Taken: 46 sec
learning rate 0.0001502 -> 0.0001495
(epoch: 175, iters: 608, time: 0.134, data: 0.016) D_A: 0.228 G_A: 0.324 cycle_A: 0.930 idt_A: 0.372 D_B: 0.235 G_B: 0.409 cycle_B: 0.446 idt_B: 0.233 
saving the model at the end of epoch 175, iters 106400
End of epoch 175 / 400 	 Time Taken: 47 sec
learning rate 0.0001495 -> 0.0001488
End of epoch 176 / 400 	 Time Taken: 43 sec
learning rate 0.0001488 -> 0.0001482
(epoch: 177, iters: 192, time: 0.128, data: 0.828) D_A: 0.251 G_A: 0.307 cycle_A: 0.910 idt_A: 0.329 D_B: 0.155 G_B: 0.509 cycle_B: 0.415 idt_B: 0.217 
End of epoch 177 / 400 	 Time Taken: 46 sec
learning rate 0.0001482 -> 0.0001475
(epoch: 178, iters: 384, time: 0.135, data: 0.014) D_A: 0.226 G_A: 0.295 cycle_A: 0.945 idt_A: 0.290 D_B: 0.173 G_B: 0.440 cycle_B: 0.441 idt_B: 0.185 
End of epoch 178 / 400 	 Time Taken: 45 sec
learning rate 0.0001475 -> 0.0001468
(epoch: 179, iters: 576, time: 0.127, data: 0.013) D_A: 0.237 G_A: 0.252 cycle_A: 0.869 idt_A: 0.402 D_B: 0.195 G_B: 0.418 cycle_B: 0.552 idt_B: 0.221 
End of epoch 179 / 400 	 Time Taken: 46 sec
learning rate 0.0001468 -> 0.0001462
saving the model at the end of epoch 180, iters 109440
End of epoch 180 / 400 	 Time Taken: 46 sec
learning rate 0.0001462 -> 0.0001455
(epoch: 181, iters: 160, time: 0.133, data: 0.017) D_A: 0.240 G_A: 0.333 cycle_A: 0.890 idt_A: 0.305 D_B: 0.179 G_B: 0.350 cycle_B: 0.421 idt_B: 0.249 
End of epoch 181 / 400 	 Time Taken: 45 sec
learning rate 0.0001455 -> 0.0001449
(epoch: 182, iters: 352, time: 0.131, data: 0.015) D_A: 0.223 G_A: 0.303 cycle_A: 0.793 idt_A: 0.233 D_B: 0.170 G_B: 0.482 cycle_B: 0.383 idt_B: 0.221 
End of epoch 182 / 400 	 Time Taken: 44 sec
learning rate 0.0001449 -> 0.0001442
(epoch: 183, iters: 544, time: 0.135, data: 0.016) D_A: 0.259 G_A: 0.295 cycle_A: 0.910 idt_A: 0.443 D_B: 0.186 G_B: 0.381 cycle_B: 0.496 idt_B: 0.279 
End of epoch 183 / 400 	 Time Taken: 44 sec
learning rate 0.0001442 -> 0.0001435
End of epoch 184 / 400 	 Time Taken: 41 sec
learning rate 0.0001435 -> 0.0001429
(epoch: 185, iters: 128, time: 0.125, data: 0.012) D_A: 0.245 G_A: 0.322 cycle_A: 0.736 idt_A: 0.260 D_B: 0.196 G_B: 0.376 cycle_B: 0.386 idt_B: 0.195 
saving the model at the end of epoch 185, iters 112480
End of epoch 185 / 400 	 Time Taken: 44 sec
learning rate 0.0001429 -> 0.0001422
(epoch: 186, iters: 320, time: 0.132, data: 0.010) D_A: 0.237 G_A: 0.310 cycle_A: 0.705 idt_A: 0.286 D_B: 0.161 G_B: 0.458 cycle_B: 0.408 idt_B: 0.194 
End of epoch 186 / 400 	 Time Taken: 44 sec
learning rate 0.0001422 -> 0.0001415
(epoch: 187, iters: 512, time: 0.129, data: 0.013) D_A: 0.246 G_A: 0.267 cycle_A: 0.917 idt_A: 0.341 D_B: 0.189 G_B: 0.392 cycle_B: 0.442 idt_B: 0.189 
End of epoch 187 / 400 	 Time Taken: 44 sec
learning rate 0.0001415 -> 0.0001409
End of epoch 188 / 400 	 Time Taken: 41 sec
learning rate 0.0001409 -> 0.0001402
(epoch: 189, iters: 96, time: 0.134, data: 0.012) D_A: 0.250 G_A: 0.318 cycle_A: 0.916 idt_A: 0.466 D_B: 0.194 G_B: 0.436 cycle_B: 0.692 idt_B: 0.230 
End of epoch 189 / 400 	 Time Taken: 44 sec
learning rate 0.0001402 -> 0.0001395
(epoch: 190, iters: 288, time: 0.130, data: 0.013) D_A: 0.224 G_A: 0.312 cycle_A: 0.834 idt_A: 0.321 D_B: 0.157 G_B: 0.543 cycle_B: 0.493 idt_B: 0.193 
saving the model at the end of epoch 190, iters 115520
End of epoch 190 / 400 	 Time Taken: 44 sec
learning rate 0.0001395 -> 0.0001389
(epoch: 191, iters: 480, time: 0.123, data: 0.015) D_A: 0.235 G_A: 0.325 cycle_A: 0.771 idt_A: 0.338 D_B: 0.154 G_B: 0.364 cycle_B: 0.393 idt_B: 0.198 
End of epoch 191 / 400 	 Time Taken: 43 sec
learning rate 0.0001389 -> 0.0001382
End of epoch 192 / 400 	 Time Taken: 42 sec
learning rate 0.0001382 -> 0.0001375
(epoch: 193, iters: 64, time: 0.134, data: 0.008) D_A: 0.217 G_A: 0.316 cycle_A: 1.076 idt_A: 0.315 D_B: 0.198 G_B: 0.538 cycle_B: 0.584 idt_B: 0.246 
End of epoch 193 / 400 	 Time Taken: 44 sec
learning rate 0.0001375 -> 0.0001369
(epoch: 194, iters: 256, time: 0.139, data: 0.013) D_A: 0.227 G_A: 0.345 cycle_A: 0.712 idt_A: 0.332 D_B: 0.191 G_B: 0.574 cycle_B: 0.441 idt_B: 0.189 
End of epoch 194 / 400 	 Time Taken: 44 sec
learning rate 0.0001369 -> 0.0001362
(epoch: 195, iters: 448, time: 0.131, data: 0.011) D_A: 0.227 G_A: 0.279 cycle_A: 1.060 idt_A: 0.346 D_B: 0.210 G_B: 0.296 cycle_B: 0.539 idt_B: 0.254 
saving the model at the end of epoch 195, iters 118560
End of epoch 195 / 400 	 Time Taken: 44 sec
learning rate 0.0001362 -> 0.0001355
End of epoch 196 / 400 	 Time Taken: 41 sec
learning rate 0.0001355 -> 0.0001349
(epoch: 197, iters: 32, time: 0.138, data: 0.018) D_A: 0.243 G_A: 0.307 cycle_A: 0.941 idt_A: 0.368 D_B: 0.158 G_B: 0.508 cycle_B: 0.430 idt_B: 0.202 
End of epoch 197 / 400 	 Time Taken: 44 sec
learning rate 0.0001349 -> 0.0001342
(epoch: 198, iters: 224, time: 0.129, data: 0.013) D_A: 0.230 G_A: 0.297 cycle_A: 0.903 idt_A: 0.382 D_B: 0.212 G_B: 0.591 cycle_B: 0.458 idt_B: 0.191 
End of epoch 198 / 400 	 Time Taken: 44 sec
learning rate 0.0001342 -> 0.0001336
(epoch: 199, iters: 416, time: 0.137, data: 0.016) D_A: 0.224 G_A: 0.313 cycle_A: 0.874 idt_A: 0.337 D_B: 0.186 G_B: 0.582 cycle_B: 0.515 idt_B: 0.236 
End of epoch 199 / 400 	 Time Taken: 44 sec
learning rate 0.0001336 -> 0.0001329
(epoch: 200, iters: 608, time: 0.137, data: 0.015) D_A: 0.210 G_A: 0.297 cycle_A: 0.737 idt_A: 0.273 D_B: 0.183 G_B: 0.470 cycle_B: 0.399 idt_B: 0.218 
saving the model at the end of epoch 200, iters 121600
End of epoch 200 / 400 	 Time Taken: 44 sec
learning rate 0.0001329 -> 0.0001322
End of epoch 201 / 400 	 Time Taken: 41 sec
learning rate 0.0001322 -> 0.0001316
(epoch: 202, iters: 192, time: 0.137, data: 0.852) D_A: 0.206 G_A: 0.289 cycle_A: 0.815 idt_A: 0.238 D_B: 0.203 G_B: 0.583 cycle_B: 0.343 idt_B: 0.265 
End of epoch 202 / 400 	 Time Taken: 44 sec
learning rate 0.0001316 -> 0.0001309
(epoch: 203, iters: 384, time: 0.133, data: 0.017) D_A: 0.207 G_A: 0.324 cycle_A: 0.672 idt_A: 0.291 D_B: 0.146 G_B: 0.441 cycle_B: 0.377 idt_B: 0.184 
End of epoch 203 / 400 	 Time Taken: 43 sec
learning rate 0.0001309 -> 0.0001302
(epoch: 204, iters: 576, time: 0.127, data: 0.012) D_A: 0.237 G_A: 0.278 cycle_A: 0.626 idt_A: 0.252 D_B: 0.203 G_B: 0.457 cycle_B: 0.306 idt_B: 0.170 
End of epoch 204 / 400 	 Time Taken: 44 sec
learning rate 0.0001302 -> 0.0001296
saving the model at the end of epoch 205, iters 124640
End of epoch 205 / 400 	 Time Taken: 43 sec
learning rate 0.0001296 -> 0.0001289
(epoch: 206, iters: 160, time: 0.140, data: 0.015) D_A: 0.215 G_A: 0.320 cycle_A: 0.694 idt_A: 0.298 D_B: 0.182 G_B: 0.467 cycle_B: 0.377 idt_B: 0.196 
End of epoch 206 / 400 	 Time Taken: 46 sec
learning rate 0.0001289 -> 0.0001282
(epoch: 207, iters: 352, time: 0.139, data: 0.015) D_A: 0.194 G_A: 0.290 cycle_A: 0.964 idt_A: 0.321 D_B: 0.177 G_B: 0.347 cycle_B: 0.498 idt_B: 0.158 
End of epoch 207 / 400 	 Time Taken: 45 sec
learning rate 0.0001282 -> 0.0001276
(epoch: 208, iters: 544, time: 0.132, data: 0.013) D_A: 0.225 G_A: 0.293 cycle_A: 1.139 idt_A: 0.322 D_B: 0.188 G_B: 0.490 cycle_B: 0.528 idt_B: 0.218 
End of epoch 208 / 400 	 Time Taken: 45 sec
learning rate 0.0001276 -> 0.0001269
End of epoch 209 / 400 	 Time Taken: 43 sec
learning rate 0.0001269 -> 0.0001262
(epoch: 210, iters: 128, time: 0.137, data: 0.012) D_A: 0.229 G_A: 0.332 cycle_A: 0.683 idt_A: 0.240 D_B: 0.156 G_B: 0.460 cycle_B: 0.326 idt_B: 0.192 
saving the model at the end of epoch 210, iters 127680
End of epoch 210 / 400 	 Time Taken: 45 sec
learning rate 0.0001262 -> 0.0001256
(epoch: 211, iters: 320, time: 0.139, data: 0.016) D_A: 0.215 G_A: 0.347 cycle_A: 0.893 idt_A: 0.305 D_B: 0.173 G_B: 0.436 cycle_B: 0.414 idt_B: 0.234 
End of epoch 211 / 400 	 Time Taken: 44 sec
learning rate 0.0001256 -> 0.0001249
(epoch: 212, iters: 512, time: 0.133, data: 0.013) D_A: 0.182 G_A: 0.368 cycle_A: 0.780 idt_A: 0.241 D_B: 0.149 G_B: 0.467 cycle_B: 0.332 idt_B: 0.207 
End of epoch 212 / 400 	 Time Taken: 43 sec
learning rate 0.0001249 -> 0.0001243
End of epoch 213 / 400 	 Time Taken: 41 sec
learning rate 0.0001243 -> 0.0001236
(epoch: 214, iters: 96, time: 0.135, data: 0.013) D_A: 0.222 G_A: 0.304 cycle_A: 0.669 idt_A: 0.280 D_B: 0.207 G_B: 0.458 cycle_B: 0.343 idt_B: 0.181 
End of epoch 214 / 400 	 Time Taken: 44 sec
learning rate 0.0001236 -> 0.0001229
(epoch: 215, iters: 288, time: 0.140, data: 0.012) D_A: 0.191 G_A: 0.424 cycle_A: 0.816 idt_A: 0.272 D_B: 0.135 G_B: 0.395 cycle_B: 0.453 idt_B: 0.213 
saving the model at the end of epoch 215, iters 130720
End of epoch 215 / 400 	 Time Taken: 44 sec
learning rate 0.0001229 -> 0.0001223
(epoch: 216, iters: 480, time: 0.136, data: 0.015) D_A: 0.245 G_A: 0.309 cycle_A: 0.890 idt_A: 0.317 D_B: 0.181 G_B: 0.350 cycle_B: 0.436 idt_B: 0.193 
End of epoch 216 / 400 	 Time Taken: 44 sec
learning rate 0.0001223 -> 0.0001216
End of epoch 217 / 400 	 Time Taken: 41 sec
learning rate 0.0001216 -> 0.0001209
(epoch: 218, iters: 64, time: 0.134, data: 0.012) D_A: 0.199 G_A: 0.386 cycle_A: 0.808 idt_A: 0.258 D_B: 0.187 G_B: 0.450 cycle_B: 0.388 idt_B: 0.207 
End of epoch 218 / 400 	 Time Taken: 44 sec
learning rate 0.0001209 -> 0.0001203
(epoch: 219, iters: 256, time: 0.138, data: 0.017) D_A: 0.211 G_A: 0.408 cycle_A: 0.693 idt_A: 0.338 D_B: 0.171 G_B: 0.399 cycle_B: 0.496 idt_B: 0.165 
End of epoch 219 / 400 	 Time Taken: 44 sec
learning rate 0.0001203 -> 0.0001196
(epoch: 220, iters: 448, time: 0.131, data: 0.014) D_A: 0.211 G_A: 0.351 cycle_A: 0.982 idt_A: 0.345 D_B: 0.192 G_B: 0.342 cycle_B: 0.581 idt_B: 0.223 
saving the model at the end of epoch 220, iters 133760
End of epoch 220 / 400 	 Time Taken: 43 sec
learning rate 0.0001196 -> 0.0001189
End of epoch 221 / 400 	 Time Taken: 42 sec
learning rate 0.0001189 -> 0.0001183
(epoch: 222, iters: 32, time: 0.149, data: 0.013) D_A: 0.191 G_A: 0.331 cycle_A: 0.904 idt_A: 0.278 D_B: 0.166 G_B: 0.651 cycle_B: 0.411 idt_B: 0.217 
End of epoch 222 / 400 	 Time Taken: 45 sec
learning rate 0.0001183 -> 0.0001176
(epoch: 223, iters: 224, time: 0.143, data: 0.018) D_A: 0.204 G_A: 0.449 cycle_A: 0.825 idt_A: 0.275 D_B: 0.209 G_B: 0.245 cycle_B: 0.412 idt_B: 0.197 
End of epoch 223 / 400 	 Time Taken: 44 sec
learning rate 0.0001176 -> 0.0001169
(epoch: 224, iters: 416, time: 0.130, data: 0.012) D_A: 0.208 G_A: 0.337 cycle_A: 0.656 idt_A: 0.268 D_B: 0.163 G_B: 0.407 cycle_B: 0.427 idt_B: 0.168 
End of epoch 224 / 400 	 Time Taken: 43 sec
learning rate 0.0001169 -> 0.0001163
(epoch: 225, iters: 608, time: 0.140, data: 0.014) D_A: 0.200 G_A: 0.363 cycle_A: 0.914 idt_A: 0.321 D_B: 0.181 G_B: 0.550 cycle_B: 0.425 idt_B: 0.242 
saving the model at the end of epoch 225, iters 136800
End of epoch 225 / 400 	 Time Taken: 44 sec
learning rate 0.0001163 -> 0.0001156
End of epoch 226 / 400 	 Time Taken: 41 sec
learning rate 0.0001156 -> 0.0001150
(epoch: 227, iters: 192, time: 0.135, data: 0.844) D_A: 0.204 G_A: 0.376 cycle_A: 0.878 idt_A: 0.276 D_B: 0.176 G_B: 0.562 cycle_B: 0.447 idt_B: 0.189 
End of epoch 227 / 400 	 Time Taken: 44 sec
learning rate 0.0001150 -> 0.0001143
(epoch: 228, iters: 384, time: 0.143, data: 0.013) D_A: 0.225 G_A: 0.440 cycle_A: 0.916 idt_A: 0.342 D_B: 0.151 G_B: 0.433 cycle_B: 0.529 idt_B: 0.195 
End of epoch 228 / 400 	 Time Taken: 44 sec
learning rate 0.0001143 -> 0.0001136
(epoch: 229, iters: 576, time: 0.152, data: 0.018) D_A: 0.241 G_A: 0.451 cycle_A: 0.629 idt_A: 0.297 D_B: 0.199 G_B: 0.267 cycle_B: 0.387 idt_B: 0.181 
End of epoch 229 / 400 	 Time Taken: 44 sec
learning rate 0.0001136 -> 0.0001130
saving the model at the end of epoch 230, iters 139840
End of epoch 230 / 400 	 Time Taken: 43 sec
learning rate 0.0001130 -> 0.0001123
(epoch: 231, iters: 160, time: 0.161, data: 0.018) D_A: 0.225 G_A: 0.323 cycle_A: 0.648 idt_A: 0.336 D_B: 0.185 G_B: 0.443 cycle_B: 0.443 idt_B: 0.167 
End of epoch 231 / 400 	 Time Taken: 49 sec
learning rate 0.0001123 -> 0.0001116
(epoch: 232, iters: 352, time: 0.150, data: 0.015) D_A: 0.240 G_A: 0.424 cycle_A: 0.667 idt_A: 0.283 D_B: 0.206 G_B: 0.399 cycle_B: 0.376 idt_B: 0.182 
End of epoch 232 / 400 	 Time Taken: 48 sec
learning rate 0.0001116 -> 0.0001110
(epoch: 233, iters: 544, time: 0.170, data: 0.014) D_A: 0.190 G_A: 0.343 cycle_A: 0.648 idt_A: 0.362 D_B: 0.196 G_B: 0.427 cycle_B: 0.376 idt_B: 0.212 
End of epoch 233 / 400 	 Time Taken: 48 sec
learning rate 0.0001110 -> 0.0001103
End of epoch 234 / 400 	 Time Taken: 44 sec
learning rate 0.0001103 -> 0.0001096
(epoch: 235, iters: 128, time: 0.157, data: 0.010) D_A: 0.194 G_A: 0.435 cycle_A: 0.785 idt_A: 0.290 D_B: 0.166 G_B: 0.470 cycle_B: 0.394 idt_B: 0.191 
saving the model at the end of epoch 235, iters 142880
End of epoch 235 / 400 	 Time Taken: 47 sec
learning rate 0.0001096 -> 0.0001090
(epoch: 236, iters: 320, time: 0.161, data: 0.010) D_A: 0.192 G_A: 0.345 cycle_A: 0.831 idt_A: 0.309 D_B: 0.178 G_B: 0.359 cycle_B: 0.458 idt_B: 0.195 
End of epoch 236 / 400 	 Time Taken: 47 sec
learning rate 0.0001090 -> 0.0001083
(epoch: 237, iters: 512, time: 0.166, data: 0.010) D_A: 0.256 G_A: 0.483 cycle_A: 0.625 idt_A: 0.298 D_B: 0.204 G_B: 0.292 cycle_B: 0.359 idt_B: 0.162 
End of epoch 237 / 400 	 Time Taken: 46 sec
learning rate 0.0001083 -> 0.0001076
End of epoch 238 / 400 	 Time Taken: 43 sec
learning rate 0.0001076 -> 0.0001070
(epoch: 239, iters: 96, time: 0.162, data: 0.011) D_A: 0.205 G_A: 0.357 cycle_A: 0.839 idt_A: 0.283 D_B: 0.168 G_B: 0.467 cycle_B: 0.453 idt_B: 0.206 
End of epoch 239 / 400 	 Time Taken: 48 sec
learning rate 0.0001070 -> 0.0001063
(epoch: 240, iters: 288, time: 0.151, data: 0.013) D_A: 0.193 G_A: 0.361 cycle_A: 1.008 idt_A: 0.327 D_B: 0.202 G_B: 0.339 cycle_B: 0.509 idt_B: 0.188 
saving the model at the end of epoch 240, iters 145920
End of epoch 240 / 400 	 Time Taken: 47 sec
learning rate 0.0001063 -> 0.0001056
(epoch: 241, iters: 480, time: 0.149, data: 0.010) D_A: 0.222 G_A: 0.435 cycle_A: 0.802 idt_A: 0.239 D_B: 0.133 G_B: 0.480 cycle_B: 0.353 idt_B: 0.188 
End of epoch 241 / 400 	 Time Taken: 45 sec
learning rate 0.0001056 -> 0.0001050
End of epoch 242 / 400 	 Time Taken: 43 sec
learning rate 0.0001050 -> 0.0001043
(epoch: 243, iters: 64, time: 0.149, data: 0.010) D_A: 0.202 G_A: 0.362 cycle_A: 0.619 idt_A: 0.282 D_B: 0.166 G_B: 0.412 cycle_B: 0.338 idt_B: 0.159 
End of epoch 243 / 400 	 Time Taken: 47 sec
learning rate 0.0001043 -> 0.0001037
(epoch: 244, iters: 256, time: 0.162, data: 0.011) D_A: 0.213 G_A: 0.354 cycle_A: 0.715 idt_A: 0.267 D_B: 0.207 G_B: 0.646 cycle_B: 0.339 idt_B: 0.188 
End of epoch 244 / 400 	 Time Taken: 47 sec
learning rate 0.0001037 -> 0.0001030
(epoch: 245, iters: 448, time: 0.158, data: 0.010) D_A: 0.193 G_A: 0.456 cycle_A: 0.603 idt_A: 0.254 D_B: 0.178 G_B: 0.635 cycle_B: 0.388 idt_B: 0.149 
saving the model at the end of epoch 245, iters 148960
End of epoch 245 / 400 	 Time Taken: 46 sec
learning rate 0.0001030 -> 0.0001023
End of epoch 246 / 400 	 Time Taken: 44 sec
learning rate 0.0001023 -> 0.0001017
(epoch: 247, iters: 32, time: 0.160, data: 0.015) D_A: 0.207 G_A: 0.371 cycle_A: 0.588 idt_A: 0.257 D_B: 0.167 G_B: 0.480 cycle_B: 0.323 idt_B: 0.180 
End of epoch 247 / 400 	 Time Taken: 46 sec
learning rate 0.0001017 -> 0.0001010
(epoch: 248, iters: 224, time: 0.162, data: 0.011) D_A: 0.202 G_A: 0.379 cycle_A: 0.811 idt_A: 0.282 D_B: 0.153 G_B: 0.484 cycle_B: 0.410 idt_B: 0.202 
End of epoch 248 / 400 	 Time Taken: 46 sec
learning rate 0.0001010 -> 0.0001003
(epoch: 249, iters: 416, time: 0.154, data: 0.011) D_A: 0.193 G_A: 0.361 cycle_A: 0.714 idt_A: 0.243 D_B: 0.182 G_B: 0.468 cycle_B: 0.324 idt_B: 0.210 
End of epoch 249 / 400 	 Time Taken: 46 sec
learning rate 0.0001003 -> 0.0000997
(epoch: 250, iters: 608, time: 0.157, data: 0.011) D_A: 0.213 G_A: 0.473 cycle_A: 0.899 idt_A: 0.283 D_B: 0.174 G_B: 0.376 cycle_B: 0.392 idt_B: 0.218 
saving the model at the end of epoch 250, iters 152000
End of epoch 250 / 400 	 Time Taken: 48 sec
learning rate 0.0000997 -> 0.0000990
End of epoch 251 / 400 	 Time Taken: 44 sec
learning rate 0.0000990 -> 0.0000983
(epoch: 252, iters: 192, time: 0.163, data: 1.132) D_A: 0.195 G_A: 0.366 cycle_A: 0.567 idt_A: 0.252 D_B: 0.187 G_B: 0.568 cycle_B: 0.317 idt_B: 0.176 
End of epoch 252 / 400 	 Time Taken: 48 sec
learning rate 0.0000983 -> 0.0000977
(epoch: 253, iters: 384, time: 0.174, data: 0.016) D_A: 0.218 G_A: 0.376 cycle_A: 0.579 idt_A: 0.258 D_B: 0.171 G_B: 0.523 cycle_B: 0.336 idt_B: 0.174 
End of epoch 253 / 400 	 Time Taken: 47 sec
learning rate 0.0000977 -> 0.0000970
(epoch: 254, iters: 576, time: 0.158, data: 0.011) D_A: 0.212 G_A: 0.344 cycle_A: 0.635 idt_A: 0.265 D_B: 0.178 G_B: 0.501 cycle_B: 0.395 idt_B: 0.164 
End of epoch 254 / 400 	 Time Taken: 46 sec
learning rate 0.0000970 -> 0.0000963
saving the model at the end of epoch 255, iters 155040
End of epoch 255 / 400 	 Time Taken: 43 sec
learning rate 0.0000963 -> 0.0000957
(epoch: 256, iters: 160, time: 0.166, data: 0.011) D_A: 0.207 G_A: 0.359 cycle_A: 0.541 idt_A: 0.256 D_B: 0.214 G_B: 0.639 cycle_B: 0.324 idt_B: 0.154 
End of epoch 256 / 400 	 Time Taken: 47 sec
learning rate 0.0000957 -> 0.0000950
(epoch: 257, iters: 352, time: 0.166, data: 0.011) D_A: 0.188 G_A: 0.399 cycle_A: 0.588 idt_A: 0.265 D_B: 0.177 G_B: 0.460 cycle_B: 0.366 idt_B: 0.160 
End of epoch 257 / 400 	 Time Taken: 47 sec
learning rate 0.0000950 -> 0.0000944
(epoch: 258, iters: 544, time: 0.168, data: 0.011) D_A: 0.202 G_A: 0.451 cycle_A: 0.551 idt_A: 0.279 D_B: 0.218 G_B: 0.318 cycle_B: 0.346 idt_B: 0.171 
End of epoch 258 / 400 	 Time Taken: 47 sec
learning rate 0.0000944 -> 0.0000937
End of epoch 259 / 400 	 Time Taken: 43 sec
learning rate 0.0000937 -> 0.0000930
(epoch: 260, iters: 128, time: 0.174, data: 0.011) D_A: 0.208 G_A: 0.422 cycle_A: 0.747 idt_A: 0.303 D_B: 0.209 G_B: 0.498 cycle_B: 0.417 idt_B: 0.184 
saving the model at the end of epoch 260, iters 158080
End of epoch 260 / 400 	 Time Taken: 47 sec
learning rate 0.0000930 -> 0.0000924
(epoch: 261, iters: 320, time: 0.172, data: 0.011) D_A: 0.203 G_A: 0.351 cycle_A: 0.705 idt_A: 0.250 D_B: 0.170 G_B: 0.389 cycle_B: 0.334 idt_B: 0.192 
End of epoch 261 / 400 	 Time Taken: 46 sec
learning rate 0.0000924 -> 0.0000917
(epoch: 262, iters: 512, time: 0.172, data: 0.010) D_A: 0.203 G_A: 0.393 cycle_A: 0.932 idt_A: 0.331 D_B: 0.180 G_B: 0.379 cycle_B: 0.526 idt_B: 0.172 
End of epoch 262 / 400 	 Time Taken: 48 sec
learning rate 0.0000917 -> 0.0000910
End of epoch 263 / 400 	 Time Taken: 44 sec
learning rate 0.0000910 -> 0.0000904
(epoch: 264, iters: 96, time: 0.178, data: 0.012) D_A: 0.183 G_A: 0.434 cycle_A: 0.652 idt_A: 0.283 D_B: 0.164 G_B: 0.342 cycle_B: 0.406 idt_B: 0.197 
End of epoch 264 / 400 	 Time Taken: 48 sec
learning rate 0.0000904 -> 0.0000897
(epoch: 265, iters: 288, time: 0.174, data: 0.011) D_A: 0.183 G_A: 0.433 cycle_A: 0.759 idt_A: 0.242 D_B: 0.184 G_B: 0.515 cycle_B: 0.365 idt_B: 0.182 
saving the model at the end of epoch 265, iters 161120
End of epoch 265 / 400 	 Time Taken: 48 sec
learning rate 0.0000897 -> 0.0000890
(epoch: 266, iters: 480, time: 0.166, data: 0.011) D_A: 0.165 G_A: 0.454 cycle_A: 0.702 idt_A: 0.248 D_B: 0.160 G_B: 0.547 cycle_B: 0.361 idt_B: 0.176 
End of epoch 266 / 400 	 Time Taken: 46 sec
learning rate 0.0000890 -> 0.0000884
End of epoch 267 / 400 	 Time Taken: 43 sec
learning rate 0.0000884 -> 0.0000877
(epoch: 268, iters: 64, time: 0.170, data: 0.009) D_A: 0.196 G_A: 0.514 cycle_A: 0.500 idt_A: 0.265 D_B: 0.156 G_B: 0.433 cycle_B: 0.326 idt_B: 0.146 
End of epoch 268 / 400 	 Time Taken: 46 sec
learning rate 0.0000877 -> 0.0000870
(epoch: 269, iters: 256, time: 0.175, data: 0.016) D_A: 0.182 G_A: 0.442 cycle_A: 0.772 idt_A: 0.266 D_B: 0.181 G_B: 0.483 cycle_B: 0.365 idt_B: 0.202 
End of epoch 269 / 400 	 Time Taken: 48 sec
learning rate 0.0000870 -> 0.0000864
(epoch: 270, iters: 448, time: 0.156, data: 0.011) D_A: 0.194 G_A: 0.448 cycle_A: 0.833 idt_A: 0.249 D_B: 0.170 G_B: 0.372 cycle_B: 0.330 idt_B: 0.221 
saving the model at the end of epoch 270, iters 164160
End of epoch 270 / 400 	 Time Taken: 47 sec
learning rate 0.0000864 -> 0.0000857
End of epoch 271 / 400 	 Time Taken: 42 sec
learning rate 0.0000857 -> 0.0000850
(epoch: 272, iters: 32, time: 0.171, data: 0.011) D_A: 0.186 G_A: 0.307 cycle_A: 0.676 idt_A: 0.250 D_B: 0.186 G_B: 0.526 cycle_B: 0.371 idt_B: 0.219 
End of epoch 272 / 400 	 Time Taken: 45 sec
learning rate 0.0000850 -> 0.0000844
(epoch: 273, iters: 224, time: 0.167, data: 0.012) D_A: 0.227 G_A: 0.405 cycle_A: 0.613 idt_A: 0.340 D_B: 0.222 G_B: 0.479 cycle_B: 0.371 idt_B: 0.179 
End of epoch 273 / 400 	 Time Taken: 46 sec
learning rate 0.0000844 -> 0.0000837
(epoch: 274, iters: 416, time: 0.166, data: 0.012) D_A: 0.187 G_A: 0.432 cycle_A: 0.668 idt_A: 0.313 D_B: 0.167 G_B: 0.610 cycle_B: 0.413 idt_B: 0.177 
End of epoch 274 / 400 	 Time Taken: 46 sec
learning rate 0.0000837 -> 0.0000831
(epoch: 275, iters: 608, time: 0.165, data: 0.014) D_A: 0.191 G_A: 0.528 cycle_A: 0.501 idt_A: 0.321 D_B: 0.151 G_B: 0.420 cycle_B: 0.378 idt_B: 0.152 
saving the model at the end of epoch 275, iters 167200
End of epoch 275 / 400 	 Time Taken: 46 sec
learning rate 0.0000831 -> 0.0000824
End of epoch 276 / 400 	 Time Taken: 42 sec
learning rate 0.0000824 -> 0.0000817
(epoch: 277, iters: 192, time: 0.173, data: 0.991) D_A: 0.204 G_A: 0.442 cycle_A: 0.608 idt_A: 0.263 D_B: 0.166 G_B: 0.486 cycle_B: 0.343 idt_B: 0.174 
End of epoch 277 / 400 	 Time Taken: 46 sec
learning rate 0.0000817 -> 0.0000811
(epoch: 278, iters: 384, time: 0.172, data: 0.012) D_A: 0.185 G_A: 0.348 cycle_A: 0.587 idt_A: 0.265 D_B: 0.160 G_B: 0.493 cycle_B: 0.365 idt_B: 0.155 
End of epoch 278 / 400 	 Time Taken: 46 sec
learning rate 0.0000811 -> 0.0000804
(epoch: 279, iters: 576, time: 0.174, data: 0.011) D_A: 0.235 G_A: 0.466 cycle_A: 0.702 idt_A: 0.363 D_B: 0.194 G_B: 0.289 cycle_B: 0.452 idt_B: 0.168 
End of epoch 279 / 400 	 Time Taken: 46 sec
learning rate 0.0000804 -> 0.0000797
saving the model at the end of epoch 280, iters 170240
End of epoch 280 / 400 	 Time Taken: 42 sec
learning rate 0.0000797 -> 0.0000791
(epoch: 281, iters: 160, time: 0.172, data: 0.011) D_A: 0.159 G_A: 0.463 cycle_A: 0.622 idt_A: 0.237 D_B: 0.134 G_B: 0.444 cycle_B: 0.313 idt_B: 0.159 
End of epoch 281 / 400 	 Time Taken: 46 sec
learning rate 0.0000791 -> 0.0000784
(epoch: 282, iters: 352, time: 0.175, data: 0.014) D_A: 0.242 G_A: 0.347 cycle_A: 0.580 idt_A: 0.251 D_B: 0.188 G_B: 0.360 cycle_B: 0.324 idt_B: 0.151 
End of epoch 282 / 400 	 Time Taken: 46 sec
learning rate 0.0000784 -> 0.0000777
(epoch: 283, iters: 544, time: 0.157, data: 0.011) D_A: 0.216 G_A: 0.357 cycle_A: 0.709 idt_A: 0.246 D_B: 0.161 G_B: 0.463 cycle_B: 0.342 idt_B: 0.166 
End of epoch 283 / 400 	 Time Taken: 47 sec
learning rate 0.0000777 -> 0.0000771
End of epoch 284 / 400 	 Time Taken: 44 sec
learning rate 0.0000771 -> 0.0000764
(epoch: 285, iters: 128, time: 0.175, data: 0.011) D_A: 0.196 G_A: 0.448 cycle_A: 0.481 idt_A: 0.240 D_B: 0.213 G_B: 0.456 cycle_B: 0.328 idt_B: 0.145 
saving the model at the end of epoch 285, iters 173280
End of epoch 285 / 400 	 Time Taken: 47 sec
learning rate 0.0000764 -> 0.0000757
(epoch: 286, iters: 320, time: 0.174, data: 0.011) D_A: 0.179 G_A: 0.503 cycle_A: 0.664 idt_A: 0.232 D_B: 0.151 G_B: 0.437 cycle_B: 0.302 idt_B: 0.173 
End of epoch 286 / 400 	 Time Taken: 47 sec
learning rate 0.0000757 -> 0.0000751
(epoch: 287, iters: 512, time: 0.177, data: 0.010) D_A: 0.170 G_A: 0.431 cycle_A: 0.744 idt_A: 0.238 D_B: 0.154 G_B: 0.391 cycle_B: 0.358 idt_B: 0.200 
End of epoch 287 / 400 	 Time Taken: 48 sec
learning rate 0.0000751 -> 0.0000744
End of epoch 288 / 400 	 Time Taken: 44 sec
learning rate 0.0000744 -> 0.0000738
(epoch: 289, iters: 96, time: 0.186, data: 0.011) D_A: 0.183 G_A: 0.422 cycle_A: 0.720 idt_A: 0.513 D_B: 0.146 G_B: 0.457 cycle_B: 0.515 idt_B: 0.173 
End of epoch 289 / 400 	 Time Taken: 48 sec
learning rate 0.0000738 -> 0.0000731
(epoch: 290, iters: 288, time: 0.162, data: 0.011) D_A: 0.180 G_A: 0.372 cycle_A: 0.574 idt_A: 0.259 D_B: 0.188 G_B: 0.285 cycle_B: 0.319 idt_B: 0.143 
saving the model at the end of epoch 290, iters 176320
End of epoch 290 / 400 	 Time Taken: 48 sec
learning rate 0.0000731 -> 0.0000724
(epoch: 291, iters: 480, time: 0.171, data: 0.011) D_A: 0.184 G_A: 0.374 cycle_A: 0.870 idt_A: 0.298 D_B: 0.174 G_B: 0.524 cycle_B: 0.379 idt_B: 0.182 
End of epoch 291 / 400 	 Time Taken: 47 sec
learning rate 0.0000724 -> 0.0000718
End of epoch 292 / 400 	 Time Taken: 44 sec
learning rate 0.0000718 -> 0.0000711
(epoch: 293, iters: 64, time: 0.170, data: 0.010) D_A: 0.174 G_A: 0.383 cycle_A: 0.681 idt_A: 0.283 D_B: 0.173 G_B: 0.540 cycle_B: 0.377 idt_B: 0.141 
End of epoch 293 / 400 	 Time Taken: 46 sec
learning rate 0.0000711 -> 0.0000704
(epoch: 294, iters: 256, time: 0.181, data: 0.012) D_A: 0.181 G_A: 0.410 cycle_A: 0.721 idt_A: 0.303 D_B: 0.159 G_B: 0.377 cycle_B: 0.524 idt_B: 0.172 
End of epoch 294 / 400 	 Time Taken: 46 sec
learning rate 0.0000704 -> 0.0000698
(epoch: 295, iters: 448, time: 0.177, data: 0.011) D_A: 0.210 G_A: 0.470 cycle_A: 0.591 idt_A: 0.235 D_B: 0.180 G_B: 0.412 cycle_B: 0.352 idt_B: 0.172 
saving the model at the end of epoch 295, iters 179360
End of epoch 295 / 400 	 Time Taken: 46 sec
learning rate 0.0000698 -> 0.0000691
End of epoch 296 / 400 	 Time Taken: 44 sec
learning rate 0.0000691 -> 0.0000684
(epoch: 297, iters: 32, time: 0.182, data: 0.010) D_A: 0.175 G_A: 0.417 cycle_A: 0.575 idt_A: 0.238 D_B: 0.165 G_B: 0.546 cycle_B: 0.310 idt_B: 0.199 
End of epoch 297 / 400 	 Time Taken: 47 sec
learning rate 0.0000684 -> 0.0000678
(epoch: 298, iters: 224, time: 0.169, data: 0.012) D_A: 0.172 G_A: 0.406 cycle_A: 0.764 idt_A: 0.216 D_B: 0.180 G_B: 0.568 cycle_B: 0.354 idt_B: 0.193 
End of epoch 298 / 400 	 Time Taken: 47 sec
learning rate 0.0000678 -> 0.0000671
(epoch: 299, iters: 416, time: 0.183, data: 0.011) D_A: 0.170 G_A: 0.360 cycle_A: 0.625 idt_A: 0.211 D_B: 0.186 G_B: 0.572 cycle_B: 0.322 idt_B: 0.151 
End of epoch 299 / 400 	 Time Taken: 48 sec
learning rate 0.0000671 -> 0.0000664
(epoch: 300, iters: 608, time: 0.151, data: 0.010) D_A: 0.220 G_A: 0.461 cycle_A: 0.653 idt_A: 0.407 D_B: 0.168 G_B: 0.525 cycle_B: 0.411 idt_B: 0.174 
saving the model at the end of epoch 300, iters 182400
End of epoch 300 / 400 	 Time Taken: 47 sec
learning rate 0.0000664 -> 0.0000658
End of epoch 301 / 400 	 Time Taken: 43 sec
learning rate 0.0000658 -> 0.0000651
(epoch: 302, iters: 192, time: 0.179, data: 1.084) D_A: 0.185 G_A: 0.438 cycle_A: 0.639 idt_A: 0.276 D_B: 0.187 G_B: 0.403 cycle_B: 0.363 idt_B: 0.191 
End of epoch 302 / 400 	 Time Taken: 47 sec
learning rate 0.0000651 -> 0.0000645
(epoch: 303, iters: 384, time: 0.184, data: 0.011) D_A: 0.200 G_A: 0.434 cycle_A: 0.582 idt_A: 0.213 D_B: 0.192 G_B: 0.428 cycle_B: 0.316 idt_B: 0.175 
End of epoch 303 / 400 	 Time Taken: 47 sec
learning rate 0.0000645 -> 0.0000638
(epoch: 304, iters: 576, time: 0.184, data: 0.011) D_A: 0.174 G_A: 0.382 cycle_A: 0.597 idt_A: 0.230 D_B: 0.141 G_B: 0.497 cycle_B: 0.366 idt_B: 0.131 
End of epoch 304 / 400 	 Time Taken: 48 sec
learning rate 0.0000638 -> 0.0000631
saving the model at the end of epoch 305, iters 185440
End of epoch 305 / 400 	 Time Taken: 43 sec
learning rate 0.0000631 -> 0.0000625
(epoch: 306, iters: 160, time: 0.184, data: 0.011) D_A: 0.173 G_A: 0.337 cycle_A: 0.535 idt_A: 0.249 D_B: 0.193 G_B: 0.603 cycle_B: 0.361 idt_B: 0.170 
End of epoch 306 / 400 	 Time Taken: 48 sec
learning rate 0.0000625 -> 0.0000618
(epoch: 307, iters: 352, time: 0.189, data: 0.010) D_A: 0.176 G_A: 0.429 cycle_A: 0.702 idt_A: 0.227 D_B: 0.155 G_B: 0.349 cycle_B: 0.342 idt_B: 0.207 
End of epoch 307 / 400 	 Time Taken: 48 sec
learning rate 0.0000618 -> 0.0000611
(epoch: 308, iters: 544, time: 0.180, data: 0.012) D_A: 0.153 G_A: 0.473 cycle_A: 0.627 idt_A: 0.251 D_B: 0.154 G_B: 0.405 cycle_B: 0.382 idt_B: 0.163 
End of epoch 308 / 400 	 Time Taken: 47 sec
learning rate 0.0000611 -> 0.0000605
End of epoch 309 / 400 	 Time Taken: 44 sec
learning rate 0.0000605 -> 0.0000598
(epoch: 310, iters: 128, time: 0.181, data: 0.014) D_A: 0.184 G_A: 0.399 cycle_A: 0.645 idt_A: 0.279 D_B: 0.168 G_B: 0.489 cycle_B: 0.367 idt_B: 0.169 
saving the model at the end of epoch 310, iters 188480
End of epoch 310 / 400 	 Time Taken: 48 sec
learning rate 0.0000598 -> 0.0000591
(epoch: 311, iters: 320, time: 0.156, data: 0.011) D_A: 0.129 G_A: 0.491 cycle_A: 0.832 idt_A: 0.250 D_B: 0.156 G_B: 0.413 cycle_B: 0.413 idt_B: 0.187 
End of epoch 311 / 400 	 Time Taken: 48 sec
learning rate 0.0000591 -> 0.0000585
(epoch: 312, iters: 512, time: 0.183, data: 0.010) D_A: 0.192 G_A: 0.416 cycle_A: 0.625 idt_A: 0.247 D_B: 0.153 G_B: 0.463 cycle_B: 0.336 idt_B: 0.160 
End of epoch 312 / 400 	 Time Taken: 48 sec
learning rate 0.0000585 -> 0.0000578
End of epoch 313 / 400 	 Time Taken: 44 sec
learning rate 0.0000578 -> 0.0000571
(epoch: 314, iters: 96, time: 0.180, data: 0.011) D_A: 0.143 G_A: 0.425 cycle_A: 0.634 idt_A: 0.218 D_B: 0.134 G_B: 0.522 cycle_B: 0.322 idt_B: 0.149 
End of epoch 314 / 400 	 Time Taken: 46 sec
learning rate 0.0000571 -> 0.0000565
(epoch: 315, iters: 288, time: 0.181, data: 0.011) D_A: 0.203 G_A: 0.492 cycle_A: 0.574 idt_A: 0.235 D_B: 0.156 G_B: 0.424 cycle_B: 0.319 idt_B: 0.153 
saving the model at the end of epoch 315, iters 191520
End of epoch 315 / 400 	 Time Taken: 47 sec
learning rate 0.0000565 -> 0.0000558
(epoch: 316, iters: 480, time: 0.179, data: 0.010) D_A: 0.170 G_A: 0.326 cycle_A: 0.678 idt_A: 0.231 D_B: 0.162 G_B: 0.667 cycle_B: 0.307 idt_B: 0.195 
End of epoch 316 / 400 	 Time Taken: 46 sec
learning rate 0.0000558 -> 0.0000551
End of epoch 317 / 400 	 Time Taken: 42 sec
learning rate 0.0000551 -> 0.0000545
(epoch: 318, iters: 64, time: 0.174, data: 0.010) D_A: 0.190 G_A: 0.541 cycle_A: 0.639 idt_A: 0.245 D_B: 0.173 G_B: 0.357 cycle_B: 0.322 idt_B: 0.164 
End of epoch 318 / 400 	 Time Taken: 47 sec
learning rate 0.0000545 -> 0.0000538
(epoch: 319, iters: 256, time: 0.185, data: 0.012) D_A: 0.176 G_A: 0.536 cycle_A: 0.577 idt_A: 0.241 D_B: 0.165 G_B: 0.447 cycle_B: 0.346 idt_B: 0.139 
End of epoch 319 / 400 	 Time Taken: 47 sec
learning rate 0.0000538 -> 0.0000532
(epoch: 320, iters: 448, time: 0.181, data: 0.011) D_A: 0.203 G_A: 0.298 cycle_A: 0.580 idt_A: 0.220 D_B: 0.204 G_B: 0.593 cycle_B: 0.295 idt_B: 0.170 
saving the model at the end of epoch 320, iters 194560
End of epoch 320 / 400 	 Time Taken: 46 sec
learning rate 0.0000532 -> 0.0000525
End of epoch 321 / 400 	 Time Taken: 42 sec
learning rate 0.0000525 -> 0.0000518
(epoch: 322, iters: 32, time: 0.187, data: 0.011) D_A: 0.188 G_A: 0.477 cycle_A: 0.596 idt_A: 0.231 D_B: 0.146 G_B: 0.471 cycle_B: 0.326 idt_B: 0.167 
End of epoch 322 / 400 	 Time Taken: 46 sec
learning rate 0.0000518 -> 0.0000512
(epoch: 323, iters: 224, time: 0.177, data: 0.012) D_A: 0.180 G_A: 0.524 cycle_A: 0.618 idt_A: 0.220 D_B: 0.160 G_B: 0.594 cycle_B: 0.299 idt_B: 0.166 
End of epoch 323 / 400 	 Time Taken: 46 sec
learning rate 0.0000512 -> 0.0000505
(epoch: 324, iters: 416, time: 0.175, data: 0.014) D_A: 0.182 G_A: 0.396 cycle_A: 0.613 idt_A: 0.246 D_B: 0.142 G_B: 0.625 cycle_B: 0.347 idt_B: 0.142 
End of epoch 324 / 400 	 Time Taken: 46 sec
learning rate 0.0000505 -> 0.0000498
(epoch: 325, iters: 608, time: 0.164, data: 0.011) D_A: 0.182 G_A: 0.366 cycle_A: 0.614 idt_A: 0.245 D_B: 0.152 G_B: 0.425 cycle_B: 0.332 idt_B: 0.171 
saving the model at the end of epoch 325, iters 197600
End of epoch 325 / 400 	 Time Taken: 47 sec
learning rate 0.0000498 -> 0.0000492
End of epoch 326 / 400 	 Time Taken: 44 sec
learning rate 0.0000492 -> 0.0000485
(epoch: 327, iters: 192, time: 0.164, data: 1.110) D_A: 0.189 G_A: 0.388 cycle_A: 0.603 idt_A: 0.256 D_B: 0.203 G_B: 0.552 cycle_B: 0.360 idt_B: 0.181 
End of epoch 327 / 400 	 Time Taken: 45 sec
learning rate 0.0000485 -> 0.0000478
(epoch: 328, iters: 384, time: 0.153, data: 0.011) D_A: 0.202 G_A: 0.431 cycle_A: 0.659 idt_A: 0.241 D_B: 0.159 G_B: 0.540 cycle_B: 0.375 idt_B: 0.166 
End of epoch 328 / 400 	 Time Taken: 45 sec
learning rate 0.0000478 -> 0.0000472
(epoch: 329, iters: 576, time: 0.188, data: 0.011) D_A: 0.195 G_A: 0.329 cycle_A: 0.503 idt_A: 0.230 D_B: 0.192 G_B: 0.579 cycle_B: 0.331 idt_B: 0.142 
End of epoch 329 / 400 	 Time Taken: 48 sec
learning rate 0.0000472 -> 0.0000465
saving the model at the end of epoch 330, iters 200640
End of epoch 330 / 400 	 Time Taken: 43 sec
learning rate 0.0000465 -> 0.0000458
(epoch: 331, iters: 160, time: 0.186, data: 0.010) D_A: 0.171 G_A: 0.387 cycle_A: 0.684 idt_A: 0.210 D_B: 0.182 G_B: 0.457 cycle_B: 0.309 idt_B: 0.175 
End of epoch 331 / 400 	 Time Taken: 47 sec
learning rate 0.0000458 -> 0.0000452
(epoch: 332, iters: 352, time: 0.195, data: 0.010) D_A: 0.172 G_A: 0.468 cycle_A: 0.644 idt_A: 0.274 D_B: 0.144 G_B: 0.396 cycle_B: 0.343 idt_B: 0.171 
End of epoch 332 / 400 	 Time Taken: 48 sec
learning rate 0.0000452 -> 0.0000445
(epoch: 333, iters: 544, time: 0.164, data: 0.012) D_A: 0.164 G_A: 0.414 cycle_A: 0.486 idt_A: 0.227 D_B: 0.160 G_B: 0.489 cycle_B: 0.325 idt_B: 0.140 
End of epoch 333 / 400 	 Time Taken: 47 sec
learning rate 0.0000445 -> 0.0000439
End of epoch 334 / 400 	 Time Taken: 43 sec
learning rate 0.0000439 -> 0.0000432
(epoch: 335, iters: 128, time: 0.179, data: 0.011) D_A: 0.172 G_A: 0.499 cycle_A: 0.525 idt_A: 0.228 D_B: 0.144 G_B: 0.519 cycle_B: 0.321 idt_B: 0.163 
saving the model at the end of epoch 335, iters 203680
End of epoch 335 / 400 	 Time Taken: 48 sec
learning rate 0.0000432 -> 0.0000425
(epoch: 336, iters: 320, time: 0.185, data: 0.011) D_A: 0.182 G_A: 0.435 cycle_A: 0.512 idt_A: 0.214 D_B: 0.176 G_B: 0.478 cycle_B: 0.307 idt_B: 0.146 
End of epoch 336 / 400 	 Time Taken: 46 sec
learning rate 0.0000425 -> 0.0000419
(epoch: 337, iters: 512, time: 0.191, data: 0.010) D_A: 0.194 G_A: 0.396 cycle_A: 0.510 idt_A: 0.215 D_B: 0.164 G_B: 0.362 cycle_B: 0.276 idt_B: 0.145 
End of epoch 337 / 400 	 Time Taken: 47 sec
learning rate 0.0000419 -> 0.0000412
End of epoch 338 / 400 	 Time Taken: 42 sec
learning rate 0.0000412 -> 0.0000405
(epoch: 339, iters: 96, time: 0.170, data: 0.015) D_A: 0.117 G_A: 0.485 cycle_A: 0.573 idt_A: 0.217 D_B: 0.117 G_B: 0.660 cycle_B: 0.319 idt_B: 0.145 
End of epoch 339 / 400 	 Time Taken: 45 sec
learning rate 0.0000405 -> 0.0000399
(epoch: 340, iters: 288, time: 0.180, data: 0.011) D_A: 0.179 G_A: 0.461 cycle_A: 0.490 idt_A: 0.241 D_B: 0.163 G_B: 0.416 cycle_B: 0.310 idt_B: 0.161 
saving the model at the end of epoch 340, iters 206720
End of epoch 340 / 400 	 Time Taken: 46 sec
learning rate 0.0000399 -> 0.0000392
(epoch: 341, iters: 480, time: 0.177, data: 0.010) D_A: 0.183 G_A: 0.404 cycle_A: 0.515 idt_A: 0.211 D_B: 0.166 G_B: 0.486 cycle_B: 0.302 idt_B: 0.138 
End of epoch 341 / 400 	 Time Taken: 46 sec
learning rate 0.0000392 -> 0.0000385
End of epoch 342 / 400 	 Time Taken: 42 sec
learning rate 0.0000385 -> 0.0000379
(epoch: 343, iters: 64, time: 0.187, data: 0.010) D_A: 0.188 G_A: 0.511 cycle_A: 0.501 idt_A: 0.246 D_B: 0.142 G_B: 0.521 cycle_B: 0.297 idt_B: 0.144 
End of epoch 343 / 400 	 Time Taken: 47 sec
learning rate 0.0000379 -> 0.0000372
(epoch: 344, iters: 256, time: 0.185, data: 0.015) D_A: 0.146 G_A: 0.414 cycle_A: 0.696 idt_A: 0.221 D_B: 0.144 G_B: 0.465 cycle_B: 0.329 idt_B: 0.187 
End of epoch 344 / 400 	 Time Taken: 46 sec
learning rate 0.0000372 -> 0.0000365
(epoch: 345, iters: 448, time: 0.184, data: 0.010) D_A: 0.185 G_A: 0.466 cycle_A: 0.482 idt_A: 0.232 D_B: 0.168 G_B: 0.513 cycle_B: 0.317 idt_B: 0.137 
saving the model at the end of epoch 345, iters 209760
End of epoch 345 / 400 	 Time Taken: 46 sec
learning rate 0.0000365 -> 0.0000359
End of epoch 346 / 400 	 Time Taken: 42 sec
learning rate 0.0000359 -> 0.0000352
(epoch: 347, iters: 32, time: 0.220, data: 0.011) D_A: 0.153 G_A: 0.406 cycle_A: 0.527 idt_A: 0.201 D_B: 0.155 G_B: 0.481 cycle_B: 0.293 idt_B: 0.150 
End of epoch 347 / 400 	 Time Taken: 48 sec
learning rate 0.0000352 -> 0.0000346
(epoch: 348, iters: 224, time: 0.174, data: 0.012) D_A: 0.163 G_A: 0.386 cycle_A: 0.515 idt_A: 0.221 D_B: 0.160 G_B: 0.475 cycle_B: 0.330 idt_B: 0.152 
End of epoch 348 / 400 	 Time Taken: 46 sec
learning rate 0.0000346 -> 0.0000339
(epoch: 349, iters: 416, time: 0.188, data: 0.011) D_A: 0.181 G_A: 0.399 cycle_A: 0.534 idt_A: 0.239 D_B: 0.183 G_B: 0.458 cycle_B: 0.298 idt_B: 0.160 
End of epoch 349 / 400 	 Time Taken: 46 sec
learning rate 0.0000339 -> 0.0000332
(epoch: 350, iters: 608, time: 0.186, data: 0.011) D_A: 0.191 G_A: 0.385 cycle_A: 0.668 idt_A: 0.243 D_B: 0.180 G_B: 0.495 cycle_B: 0.341 idt_B: 0.184 
saving the model at the end of epoch 350, iters 212800
End of epoch 350 / 400 	 Time Taken: 46 sec
learning rate 0.0000332 -> 0.0000326
End of epoch 351 / 400 	 Time Taken: 42 sec
learning rate 0.0000326 -> 0.0000319
(epoch: 352, iters: 192, time: 0.178, data: 1.070) D_A: 0.213 G_A: 0.432 cycle_A: 0.462 idt_A: 0.242 D_B: 0.201 G_B: 0.429 cycle_B: 0.292 idt_B: 0.142 
End of epoch 352 / 400 	 Time Taken: 46 sec
learning rate 0.0000319 -> 0.0000312
(epoch: 353, iters: 384, time: 0.183, data: 0.014) D_A: 0.178 G_A: 0.442 cycle_A: 0.475 idt_A: 0.223 D_B: 0.133 G_B: 0.435 cycle_B: 0.287 idt_B: 0.129 
End of epoch 353 / 400 	 Time Taken: 46 sec
learning rate 0.0000312 -> 0.0000306
(epoch: 354, iters: 576, time: 0.177, data: 0.012) D_A: 0.151 G_A: 0.444 cycle_A: 0.549 idt_A: 0.227 D_B: 0.143 G_B: 0.464 cycle_B: 0.311 idt_B: 0.153 
End of epoch 354 / 400 	 Time Taken: 47 sec
learning rate 0.0000306 -> 0.0000299
saving the model at the end of epoch 355, iters 215840
End of epoch 355 / 400 	 Time Taken: 44 sec
learning rate 0.0000299 -> 0.0000292
(epoch: 356, iters: 160, time: 0.177, data: 0.015) D_A: 0.185 G_A: 0.455 cycle_A: 0.506 idt_A: 0.208 D_B: 0.146 G_B: 0.411 cycle_B: 0.264 idt_B: 0.136 
End of epoch 356 / 400 	 Time Taken: 47 sec
learning rate 0.0000292 -> 0.0000286
(epoch: 357, iters: 352, time: 0.185, data: 0.010) D_A: 0.170 G_A: 0.446 cycle_A: 0.593 idt_A: 0.229 D_B: 0.171 G_B: 0.538 cycle_B: 0.293 idt_B: 0.173 
End of epoch 357 / 400 	 Time Taken: 46 sec
learning rate 0.0000286 -> 0.0000279
(epoch: 358, iters: 544, time: 0.190, data: 0.011) D_A: 0.166 G_A: 0.416 cycle_A: 0.475 idt_A: 0.204 D_B: 0.129 G_B: 0.520 cycle_B: 0.277 idt_B: 0.133 
End of epoch 358 / 400 	 Time Taken: 46 sec
learning rate 0.0000279 -> 0.0000272
End of epoch 359 / 400 	 Time Taken: 42 sec
learning rate 0.0000272 -> 0.0000266
(epoch: 360, iters: 128, time: 0.183, data: 0.011) D_A: 0.181 G_A: 0.401 cycle_A: 0.572 idt_A: 0.214 D_B: 0.137 G_B: 0.502 cycle_B: 0.285 idt_B: 0.154 
saving the model at the end of epoch 360, iters 218880
End of epoch 360 / 400 	 Time Taken: 46 sec
learning rate 0.0000266 -> 0.0000259
(epoch: 361, iters: 320, time: 0.198, data: 0.011) D_A: 0.177 G_A: 0.424 cycle_A: 0.420 idt_A: 0.218 D_B: 0.159 G_B: 0.530 cycle_B: 0.297 idt_B: 0.122 
End of epoch 361 / 400 	 Time Taken: 47 sec
learning rate 0.0000259 -> 0.0000252
(epoch: 362, iters: 512, time: 0.202, data: 0.010) D_A: 0.169 G_A: 0.437 cycle_A: 0.484 idt_A: 0.210 D_B: 0.155 G_B: 0.601 cycle_B: 0.282 idt_B: 0.148 
End of epoch 362 / 400 	 Time Taken: 47 sec
learning rate 0.0000252 -> 0.0000246
End of epoch 363 / 400 	 Time Taken: 42 sec
learning rate 0.0000246 -> 0.0000239
(epoch: 364, iters: 96, time: 0.161, data: 0.011) D_A: 0.185 G_A: 0.457 cycle_A: 0.460 idt_A: 0.305 D_B: 0.167 G_B: 0.505 cycle_B: 0.354 idt_B: 0.139 
End of epoch 364 / 400 	 Time Taken: 46 sec
learning rate 0.0000239 -> 0.0000233
(epoch: 365, iters: 288, time: 0.189, data: 0.015) D_A: 0.182 G_A: 0.472 cycle_A: 0.451 idt_A: 0.229 D_B: 0.155 G_B: 0.448 cycle_B: 0.306 idt_B: 0.126 
saving the model at the end of epoch 365, iters 221920
End of epoch 365 / 400 	 Time Taken: 46 sec
learning rate 0.0000233 -> 0.0000226
(epoch: 366, iters: 480, time: 0.189, data: 0.011) D_A: 0.184 G_A: 0.382 cycle_A: 0.428 idt_A: 0.224 D_B: 0.169 G_B: 0.443 cycle_B: 0.304 idt_B: 0.127 
End of epoch 366 / 400 	 Time Taken: 46 sec
learning rate 0.0000226 -> 0.0000219
End of epoch 367 / 400 	 Time Taken: 42 sec
learning rate 0.0000219 -> 0.0000213
(epoch: 368, iters: 64, time: 0.184, data: 0.010) D_A: 0.180 G_A: 0.381 cycle_A: 0.496 idt_A: 0.221 D_B: 0.145 G_B: 0.482 cycle_B: 0.292 idt_B: 0.142 
End of epoch 368 / 400 	 Time Taken: 46 sec
learning rate 0.0000213 -> 0.0000206
(epoch: 369, iters: 256, time: 0.174, data: 0.012) D_A: 0.160 G_A: 0.358 cycle_A: 0.472 idt_A: 0.198 D_B: 0.172 G_B: 0.566 cycle_B: 0.289 idt_B: 0.166 
End of epoch 369 / 400 	 Time Taken: 46 sec
learning rate 0.0000206 -> 0.0000199
(epoch: 370, iters: 448, time: 0.195, data: 0.010) D_A: 0.165 G_A: 0.558 cycle_A: 0.467 idt_A: 0.199 D_B: 0.140 G_B: 0.433 cycle_B: 0.294 idt_B: 0.120 
saving the model at the end of epoch 370, iters 224960
End of epoch 370 / 400 	 Time Taken: 47 sec
learning rate 0.0000199 -> 0.0000193
End of epoch 371 / 400 	 Time Taken: 42 sec
learning rate 0.0000193 -> 0.0000186
(epoch: 372, iters: 32, time: 0.205, data: 0.011) D_A: 0.128 G_A: 0.374 cycle_A: 0.476 idt_A: 0.202 D_B: 0.157 G_B: 0.600 cycle_B: 0.287 idt_B: 0.136 
End of epoch 372 / 400 	 Time Taken: 47 sec
learning rate 0.0000186 -> 0.0000179
(epoch: 373, iters: 224, time: 0.191, data: 0.015) D_A: 0.208 G_A: 0.446 cycle_A: 0.445 idt_A: 0.218 D_B: 0.191 G_B: 0.424 cycle_B: 0.265 idt_B: 0.147 
End of epoch 373 / 400 	 Time Taken: 46 sec
learning rate 0.0000179 -> 0.0000173
(epoch: 374, iters: 416, time: 0.192, data: 0.014) D_A: 0.155 G_A: 0.435 cycle_A: 0.453 idt_A: 0.202 D_B: 0.149 G_B: 0.491 cycle_B: 0.286 idt_B: 0.140 
End of epoch 374 / 400 	 Time Taken: 46 sec
learning rate 0.0000173 -> 0.0000166
(epoch: 375, iters: 608, time: 0.159, data: 0.011) D_A: 0.162 G_A: 0.451 cycle_A: 0.632 idt_A: 0.215 D_B: 0.160 G_B: 0.466 cycle_B: 0.298 idt_B: 0.201 
saving the model at the end of epoch 375, iters 228000
End of epoch 375 / 400 	 Time Taken: 45 sec
learning rate 0.0000166 -> 0.0000159
End of epoch 376 / 400 	 Time Taken: 43 sec
learning rate 0.0000159 -> 0.0000153
(epoch: 377, iters: 192, time: 0.180, data: 1.091) D_A: 0.185 G_A: 0.513 cycle_A: 0.434 idt_A: 0.219 D_B: 0.139 G_B: 0.459 cycle_B: 0.274 idt_B: 0.133 
End of epoch 377 / 400 	 Time Taken: 46 sec
learning rate 0.0000153 -> 0.0000146
(epoch: 378, iters: 384, time: 0.160, data: 0.012) D_A: 0.168 G_A: 0.428 cycle_A: 0.476 idt_A: 0.236 D_B: 0.172 G_B: 0.465 cycle_B: 0.313 idt_B: 0.143 
End of epoch 378 / 400 	 Time Taken: 46 sec
learning rate 0.0000146 -> 0.0000140
(epoch: 379, iters: 576, time: 0.173, data: 0.011) D_A: 0.145 G_A: 0.485 cycle_A: 0.581 idt_A: 0.195 D_B: 0.126 G_B: 0.512 cycle_B: 0.270 idt_B: 0.171 
End of epoch 379 / 400 	 Time Taken: 47 sec
learning rate 0.0000140 -> 0.0000133
saving the model at the end of epoch 380, iters 231040
End of epoch 380 / 400 	 Time Taken: 44 sec
learning rate 0.0000133 -> 0.0000126
(epoch: 381, iters: 160, time: 0.193, data: 0.011) D_A: 0.149 G_A: 0.406 cycle_A: 0.427 idt_A: 0.202 D_B: 0.160 G_B: 0.483 cycle_B: 0.271 idt_B: 0.132 
End of epoch 381 / 400 	 Time Taken: 47 sec
learning rate 0.0000126 -> 0.0000120
(epoch: 382, iters: 352, time: 0.193, data: 0.013) D_A: 0.191 G_A: 0.407 cycle_A: 0.552 idt_A: 0.198 D_B: 0.140 G_B: 0.492 cycle_B: 0.283 idt_B: 0.159 
End of epoch 382 / 400 	 Time Taken: 47 sec
learning rate 0.0000120 -> 0.0000113
(epoch: 383, iters: 544, time: 0.192, data: 0.011) D_A: 0.170 G_A: 0.483 cycle_A: 0.594 idt_A: 0.220 D_B: 0.151 G_B: 0.488 cycle_B: 0.295 idt_B: 0.179 
End of epoch 383 / 400 	 Time Taken: 47 sec
learning rate 0.0000113 -> 0.0000106
End of epoch 384 / 400 	 Time Taken: 42 sec
learning rate 0.0000106 -> 0.0000100
(epoch: 385, iters: 128, time: 0.189, data: 0.011) D_A: 0.158 G_A: 0.480 cycle_A: 0.500 idt_A: 0.227 D_B: 0.139 G_B: 0.492 cycle_B: 0.307 idt_B: 0.172 
saving the model at the end of epoch 385, iters 234080
End of epoch 385 / 400 	 Time Taken: 48 sec
learning rate 0.0000100 -> 0.0000093
(epoch: 386, iters: 320, time: 0.195, data: 0.010) D_A: 0.156 G_A: 0.393 cycle_A: 0.469 idt_A: 0.209 D_B: 0.175 G_B: 0.508 cycle_B: 0.285 idt_B: 0.141 
End of epoch 386 / 400 	 Time Taken: 48 sec
learning rate 0.0000093 -> 0.0000086
(epoch: 387, iters: 512, time: 0.185, data: 0.010) D_A: 0.213 G_A: 0.391 cycle_A: 0.472 idt_A: 0.211 D_B: 0.191 G_B: 0.450 cycle_B: 0.266 idt_B: 0.153 
End of epoch 387 / 400 	 Time Taken: 47 sec
learning rate 0.0000086 -> 0.0000080
End of epoch 388 / 400 	 Time Taken: 44 sec
learning rate 0.0000080 -> 0.0000073
(epoch: 389, iters: 96, time: 0.205, data: 0.013) D_A: 0.155 G_A: 0.453 cycle_A: 0.529 idt_A: 0.183 D_B: 0.154 G_B: 0.498 cycle_B: 0.274 idt_B: 0.159 
End of epoch 389 / 400 	 Time Taken: 49 sec
learning rate 0.0000073 -> 0.0000066
(epoch: 390, iters: 288, time: 0.204, data: 0.010) D_A: 0.177 G_A: 0.405 cycle_A: 0.461 idt_A: 0.201 D_B: 0.139 G_B: 0.529 cycle_B: 0.291 idt_B: 0.126 
saving the model at the end of epoch 390, iters 237120
End of epoch 390 / 400 	 Time Taken: 48 sec
learning rate 0.0000066 -> 0.0000060
(epoch: 391, iters: 480, time: 0.199, data: 0.015) D_A: 0.161 G_A: 0.398 cycle_A: 0.439 idt_A: 0.216 D_B: 0.157 G_B: 0.534 cycle_B: 0.294 idt_B: 0.137 
End of epoch 391 / 400 	 Time Taken: 48 sec
learning rate 0.0000060 -> 0.0000053
End of epoch 392 / 400 	 Time Taken: 42 sec
learning rate 0.0000053 -> 0.0000047
(epoch: 393, iters: 64, time: 0.197, data: 0.014) D_A: 0.176 G_A: 0.492 cycle_A: 0.437 idt_A: 0.238 D_B: 0.161 G_B: 0.444 cycle_B: 0.273 idt_B: 0.126 
End of epoch 393 / 400 	 Time Taken: 47 sec
learning rate 0.0000047 -> 0.0000040
(epoch: 394, iters: 256, time: 0.193, data: 0.012) D_A: 0.184 G_A: 0.362 cycle_A: 0.465 idt_A: 0.220 D_B: 0.160 G_B: 0.481 cycle_B: 0.279 idt_B: 0.151 
End of epoch 394 / 400 	 Time Taken: 47 sec
learning rate 0.0000040 -> 0.0000033
(epoch: 395, iters: 448, time: 0.204, data: 0.011) D_A: 0.198 G_A: 0.406 cycle_A: 0.471 idt_A: 0.214 D_B: 0.166 G_B: 0.481 cycle_B: 0.307 idt_B: 0.152 
saving the model at the end of epoch 395, iters 240160
End of epoch 395 / 400 	 Time Taken: 48 sec
learning rate 0.0000033 -> 0.0000027
End of epoch 396 / 400 	 Time Taken: 44 sec
learning rate 0.0000027 -> 0.0000020
(epoch: 397, iters: 32, time: 0.205, data: 0.016) D_A: 0.175 G_A: 0.487 cycle_A: 0.462 idt_A: 0.210 D_B: 0.134 G_B: 0.448 cycle_B: 0.271 idt_B: 0.136 
End of epoch 397 / 400 	 Time Taken: 48 sec
learning rate 0.0000020 -> 0.0000013
(epoch: 398, iters: 224, time: 0.191, data: 0.011) D_A: 0.174 G_A: 0.478 cycle_A: 0.441 idt_A: 0.194 D_B: 0.146 G_B: 0.494 cycle_B: 0.286 idt_B: 0.134 
End of epoch 398 / 400 	 Time Taken: 47 sec
learning rate 0.0000013 -> 0.0000007
(epoch: 399, iters: 416, time: 0.192, data: 0.011) D_A: 0.167 G_A: 0.423 cycle_A: 0.460 idt_A: 0.205 D_B: 0.159 G_B: 0.468 cycle_B: 0.273 idt_B: 0.146 
End of epoch 399 / 400 	 Time Taken: 48 sec
learning rate 0.0000007 -> 0.0000000
(epoch: 400, iters: 608, time: 0.177, data: 0.016) D_A: 0.177 G_A: 0.482 cycle_A: 0.450 idt_A: 0.229 D_B: 0.142 G_B: 0.468 cycle_B: 0.283 idt_B: 0.130 
saving the model at the end of epoch 400, iters 243200
End of epoch 400 / 400 	 Time Taken: 48 sec
wandb: Waiting for W&B process to finish... (success).
wandb: - 367.463 MB of 367.463 MB uploaded (0.072 MB deduped)wandb: \ 367.463 MB of 367.463 MB uploaded (0.072 MB deduped)wandb: | 367.463 MB of 367.463 MB uploaded (0.072 MB deduped)wandb: / 366.867 MB of 367.561 MB uploaded (0.072 MB deduped)wandb: - 366.867 MB of 367.561 MB uploaded (0.072 MB deduped)wandb: \ 367.489 MB of 367.561 MB uploaded (0.072 MB deduped)wandb: | 367.489 MB of 367.561 MB uploaded (0.072 MB deduped)wandb: / 367.489 MB of 367.561 MB uploaded (0.072 MB deduped)wandb: - 367.561 MB of 367.561 MB uploaded (0.072 MB deduped)wandb: \ 367.561 MB of 367.561 MB uploaded (0.072 MB deduped)wandb: | 367.561 MB of 367.561 MB uploaded (0.072 MB deduped)wandb: / 367.561 MB of 367.561 MB uploaded (0.072 MB deduped)wandb: - 367.561 MB of 367.561 MB uploaded (0.072 MB deduped)wandb: \ 367.561 MB of 367.561 MB uploaded (0.072 MB deduped)wandb: | 367.561 MB of 367.561 MB uploaded (0.072 MB deduped)wandb: / 367.561 MB of 367.561 MB uploaded (0.072 MB deduped)wandb:                                                                                
wandb: 
wandb: Run history:
wandb:     D_A â–„â–ƒâ–ˆâ–ƒâ–ƒâ–‚â–‚â–‚â–‚â–‚â–â–â–ƒâ–‚â–ƒâ–‚â–‚â–†â–ƒâ–ƒâ–ƒâ–ƒâ–‚â–„â–‚â–‚â–‚â–‚â–‚â–‚â–‚â–‚â–‚â–‚â–â–â–â–â–‚â–‚
wandb:     D_B â–‡â–†â–ˆâ–†â–†â–„â–†â–…â–„â–…â–ƒâ–†â–„â–„â–†â–…â–ƒâ–…â–„â–…â–„â–„â–ƒâ–…â–‚â–…â–„â–ƒâ–…â–„â–„â–ƒâ–…â–ƒâ–ƒâ–â–ƒâ–â–‚â–‚
wandb:     G_A â–ƒâ–ƒâ–…â–ƒâ–â–„â–†â–‚â–‚â–‚â–„â–ƒâ–‡â–†â–†â–„â–ƒâ–ˆâ–‚â–â–‚â–â–‚â–„â–‚â–ƒâ–ƒâ–ƒâ–ƒâ–ƒâ–‚â–‚â–‚â–ƒâ–‚â–ƒâ–‚â–„â–ƒâ–„
wandb:     G_B â–‚â–â–„â–â–…â–ƒâ–„â–‚â–…â–‡â–„â–†â–…â–‚â–…â–†â–ƒâ–‚â–ƒâ–â–„â–‚â–†â–â–…â–‚â–…â–‡â–„â–ƒâ–‡â–ˆâ–†â–‚â–„â–…â–†â–…â–…â–„
wandb: cycle_A â–ˆâ–‡â–†â–…â–…â–„â–…â–„â–…â–ƒâ–…â–…â–„â–ƒâ–ƒâ–‚â–ƒâ–ƒâ–‚â–ƒâ–‚â–‚â–‚â–‚â–‚â–â–‚â–‚â–â–â–â–‚â–â–â–â–â–â–â–â–
wandb: cycle_B â–ˆâ–ˆâ–†â–…â–‡â–ƒâ–…â–ƒâ–‚â–ƒâ–‚â–ƒâ–ƒâ–‚â–‚â–‚â–ƒâ–‚â–‚â–ƒâ–‚â–‚â–‚â–‚â–‚â–‚â–‚â–‚â–â–‚â–‚â–â–‚â–â–â–â–â–â–â–
wandb:   idt_A â–ˆâ–‡â–†â–„â–‡â–ƒâ–„â–ƒâ–ƒâ–ƒâ–‚â–‚â–ƒâ–‚â–‚â–‚â–ƒâ–‚â–‚â–‚â–‚â–‚â–‚â–‚â–‚â–‚â–‚â–‚â–â–â–â–â–â–â–â–â–â–â–â–
wandb:   idt_B â–ˆâ–‡â–‡â–†â–…â–ƒâ–„â–ƒâ–ƒâ–ƒâ–…â–„â–„â–ƒâ–ƒâ–‚â–‚â–‚â–‚â–ƒâ–‚â–‚â–‚â–â–‚â–‚â–‚â–‚â–â–‚â–‚â–‚â–‚â–â–â–â–‚â–‚â–â–
wandb: 
wandb: Run summary:
wandb:     D_A 0.17653
wandb:     D_B 0.14203
wandb:     G_A 0.48208
wandb:     G_B 0.4675
wandb: cycle_A 0.44963
wandb: cycle_B 0.28317
wandb:   idt_A 0.22929
wandb:   idt_B 0.13018
wandb: 
wandb: Synced model2_3_eyeq_256_1026_0: https://wandb.ai/z-eun/CycleGAN-and-pix2pix/runs/2zgh1hww
wandb: Synced 6 W&B file(s), 2736 media file(s), 2607 artifact file(s) and 0 other file(s)
wandb: Find logs at: ./wandb/run-20221026_132815-2zgh1hww/logs
